                                 Started job on |	Mar 12 15:33:55
                             Started mapping on |	Mar 12 15:34:52
                                    Finished on |	Mar 12 17:19:33
       Mapping speed, Million of reads per hour |	97.49

                          Number of input reads |	170092166
                      Average input read length |	274
                                    UNIQUE READS:
                   Uniquely mapped reads number |	145825514
                        Uniquely mapped reads % |	85.73%
                          Average mapped length |	276.45
                       Number of splices: Total |	143652082
            Number of splices: Annotated (sjdb) |	142568721
                       Number of splices: GT/AG |	142267861
                       Number of splices: GC/AG |	1076768
                       Number of splices: AT/AC |	143025
               Number of splices: Non-canonical |	164428
                      Mismatch rate per base, % |	0.15%
                         Deletion rate per base |	0.01%
                        Deletion average length |	2.13
                        Insertion rate per base |	0.01%
                       Insertion average length |	1.84
                             MULTI-MAPPING READS:
        Number of reads mapped to multiple loci |	22698402
             % of reads mapped to multiple loci |	13.34%
        Number of reads mapped to too many loci |	288422
             % of reads mapped to too many loci |	0.17%
                                  UNMAPPED READS:
       % of reads unmapped: too many mismatches |	0.00%
                 % of reads unmapped: too short |	0.68%
                     % of reads unmapped: other |	0.07%
                                  CHIMERIC READS:
                       Number of chimeric reads |	0
                            % of chimeric reads |	0.00%
