                                 Started job on |	Mar 13 10:50:24
                             Started mapping on |	Mar 13 10:51:15
                                    Finished on |	Mar 13 12:05:58
       Mapping speed, Million of reads per hour |	107.43

                          Number of input reads |	133778180
                      Average input read length |	272
                                    UNIQUE READS:
                   Uniquely mapped reads number |	119222295
                        Uniquely mapped reads % |	89.12%
                          Average mapped length |	274.44
                       Number of splices: Total |	114629876
            Number of splices: Annotated (sjdb) |	113721564
                       Number of splices: GT/AG |	113522204
                       Number of splices: GC/AG |	865185
                       Number of splices: AT/AC |	113788
               Number of splices: Non-canonical |	128699
                      Mismatch rate per base, % |	0.15%
                         Deletion rate per base |	0.01%
                        Deletion average length |	2.13
                        Insertion rate per base |	0.01%
                       Insertion average length |	1.85
                             MULTI-MAPPING READS:
        Number of reads mapped to multiple loci |	13197043
             % of reads mapped to multiple loci |	9.86%
        Number of reads mapped to too many loci |	231670
             % of reads mapped to too many loci |	0.17%
                                  UNMAPPED READS:
       % of reads unmapped: too many mismatches |	0.00%
                 % of reads unmapped: too short |	0.77%
                     % of reads unmapped: other |	0.07%
                                  CHIMERIC READS:
                       Number of chimeric reads |	0
                            % of chimeric reads |	0.00%
