                                 Started job on |	Mar 13 11:26:06
                             Started mapping on |	Mar 13 11:27:46
                                    Finished on |	Mar 13 12:12:06
       Mapping speed, Million of reads per hour |	177.09

                          Number of input reads |	130851230
                      Average input read length |	275
                                    UNIQUE READS:
                   Uniquely mapped reads number |	116968439
                        Uniquely mapped reads % |	89.39%
                          Average mapped length |	276.95
                       Number of splices: Total |	111983870
            Number of splices: Annotated (sjdb) |	111045530
                       Number of splices: GT/AG |	110900255
                       Number of splices: GC/AG |	843812
                       Number of splices: AT/AC |	110030
               Number of splices: Non-canonical |	129773
                      Mismatch rate per base, % |	0.15%
                         Deletion rate per base |	0.01%
                        Deletion average length |	2.15
                        Insertion rate per base |	0.01%
                       Insertion average length |	1.85
                             MULTI-MAPPING READS:
        Number of reads mapped to multiple loci |	12619841
             % of reads mapped to multiple loci |	9.64%
        Number of reads mapped to too many loci |	193292
             % of reads mapped to too many loci |	0.15%
                                  UNMAPPED READS:
       % of reads unmapped: too many mismatches |	0.00%
                 % of reads unmapped: too short |	0.75%
                     % of reads unmapped: other |	0.07%
                                  CHIMERIC READS:
                       Number of chimeric reads |	0
                            % of chimeric reads |	0.00%
