           Time    Speed        Read     Read   Mapped   Mapped   Mapped   Mapped Unmapped Unmapped Unmapped Unmapped
                    M/hr      number   length   unique   length   MMrate    multi   multi+       MM    short    other
Mar 13 11:28:46    171.8     2863291      275    89.3%    277.1     0.1%     9.7%     0.1%     0.0%     0.8%     0.1%
Mar 13 11:29:46    204.9     6830821      275    89.3%    277.1     0.1%     9.7%     0.1%     0.0%     0.8%     0.1%
Mar 13 11:30:49    210.6    10703829      275    89.3%    277.1     0.1%     9.7%     0.1%     0.0%     0.8%     0.1%
Mar 13 11:31:49    217.2    14661091      275    89.3%    277.1     0.1%     9.7%     0.1%     0.0%     0.8%     0.1%
Mar 13 11:32:49    221.2    18618059      275    89.3%    277.0     0.1%     9.7%     0.1%     0.0%     0.8%     0.1%
Mar 13 11:33:50    220.6    22301742      275    89.3%    276.9     0.2%     9.7%     0.1%     0.0%     0.8%     0.1%
Mar 13 11:34:51    222.4    26257428      275    89.3%    276.9     0.2%     9.7%     0.1%     0.0%     0.8%     0.1%
Mar 13 11:35:53    223.4    30214298      275    89.3%    276.9     0.2%     9.7%     0.1%     0.0%     0.8%     0.1%
Mar 13 11:36:53    222.5    33803804      275    89.3%    276.9     0.2%     9.7%     0.1%     0.0%     0.8%     0.1%
Mar 13 11:37:59    218.0    37117624      275    89.3%    276.9     0.2%     9.7%     0.1%     0.0%     0.8%     0.1%
Mar 13 11:39:00    217.4    40707968      275    89.3%    276.9     0.2%     9.7%     0.1%     0.0%     0.8%     0.1%
Mar 13 11:40:00    216.8    44209163      275    89.3%    276.9     0.2%     9.7%     0.1%     0.0%     0.8%     0.1%
Mar 13 11:41:00    217.6    47986551      275    89.3%    276.9     0.1%     9.7%     0.1%     0.0%     0.8%     0.1%
Mar 13 11:42:00    216.3    51301695      275    89.3%    276.8     0.2%     9.7%     0.1%     0.0%     0.8%     0.1%
Mar 13 11:43:01    213.8    54338837      275    89.3%    276.8     0.2%     9.7%     0.1%     0.0%     0.8%     0.1%
Mar 13 11:44:03    212.1    57561255      275    89.3%    276.8     0.2%     9.7%     0.1%     0.0%     0.8%     0.1%
Mar 13 11:45:06    211.4    61066721      275    89.3%    276.8     0.2%     9.7%     0.1%     0.0%     0.8%     0.1%
Mar 13 11:46:06    208.6    63745088      275    89.3%    276.8     0.2%     9.7%     0.1%     0.0%     0.8%     0.1%
Mar 13 11:47:09    207.0    66876394      275    89.3%    276.7     0.2%     9.7%     0.1%     0.0%     0.8%     0.1%
Mar 13 11:48:09    203.9    69266819      275    89.3%    276.8     0.2%     9.7%     0.1%     0.0%     0.8%     0.1%
Mar 13 11:49:09    204.7    72944263      275    89.3%    276.8     0.2%     9.7%     0.1%     0.0%     0.8%     0.1%
Mar 13 11:50:09    204.7    76347268      275    89.3%    276.8     0.2%     9.7%     0.1%     0.0%     0.8%     0.1%
Mar 13 11:51:09    204.9    79838980      275    89.3%    276.8     0.1%     9.7%     0.1%     0.0%     0.7%     0.1%
Mar 13 11:52:10    205.4    83513960      275    89.4%    276.9     0.1%     9.7%     0.1%     0.0%     0.7%     0.1%
Mar 13 11:53:11    205.6    87097734      275    89.4%    276.9     0.1%     9.7%     0.1%     0.0%     0.7%     0.1%
Mar 13 11:54:13    205.5    90595366      275    89.4%    276.9     0.1%     9.7%     0.1%     0.0%     0.7%     0.1%
Mar 13 11:55:14    205.7    94177549      275    89.4%    276.9     0.1%     9.7%     0.1%     0.0%     0.7%     0.1%
Mar 13 11:56:15    205.7    97667622      275    89.4%    276.9     0.1%     9.7%     0.1%     0.0%     0.7%     0.1%
Mar 13 11:57:15    206.1   101253335      275    89.4%    276.9     0.1%     9.6%     0.1%     0.0%     0.7%     0.1%
Mar 13 11:58:15    206.2   104737384      275    89.4%    276.9     0.1%     9.6%     0.1%     0.0%     0.7%     0.1%
Mar 13 11:59:15    206.1   108129621      275    89.4%    276.9     0.1%     9.6%     0.1%     0.0%     0.7%     0.1%
Mar 13 12:00:16    206.4   111797317      275    89.4%    276.9     0.2%     9.6%     0.1%     0.0%     0.7%     0.1%
Mar 13 12:01:21    206.6   115650865      275    89.4%    276.9     0.1%     9.6%     0.1%     0.0%     0.7%     0.1%
Mar 13 12:02:21    206.7   119133259      275    89.4%    277.0     0.2%     9.6%     0.1%     0.0%     0.7%     0.1%
Mar 13 12:03:27    206.3   122709476      275    89.4%    277.0     0.2%     9.6%     0.1%     0.0%     0.7%     0.1%
Mar 13 12:04:29    206.4   126285248      275    89.4%    277.0     0.2%     9.6%     0.1%     0.0%     0.7%     0.1%
Mar 13 12:05:29    206.7   129954770      275    89.4%    277.0     0.2%     9.6%     0.1%     0.0%     0.8%     0.1%
Mar 13 12:12:06    177.1   130851230      275    89.4%    277.0     0.2%     9.6%     0.1%     0.0%     0.8%     0.1%
ALL DONE!
