                                 Started job on |	Mar 13 11:29:20
                             Started mapping on |	Mar 13 11:31:03
                                    Finished on |	Mar 13 12:44:38
       Mapping speed, Million of reads per hour |	96.56

                          Number of input reads |	118425424
                      Average input read length |	270
                                    UNIQUE READS:
                   Uniquely mapped reads number |	105141215
                        Uniquely mapped reads % |	88.78%
                          Average mapped length |	272.91
                       Number of splices: Total |	100833202
            Number of splices: Annotated (sjdb) |	100035027
                       Number of splices: GT/AG |	99853223
                       Number of splices: GC/AG |	768425
                       Number of splices: AT/AC |	95114
               Number of splices: Non-canonical |	116440
                      Mismatch rate per base, % |	0.15%
                         Deletion rate per base |	0.01%
                        Deletion average length |	2.10
                        Insertion rate per base |	0.01%
                       Insertion average length |	1.85
                             MULTI-MAPPING READS:
        Number of reads mapped to multiple loci |	12300110
             % of reads mapped to multiple loci |	10.39%
        Number of reads mapped to too many loci |	192179
             % of reads mapped to too many loci |	0.16%
                                  UNMAPPED READS:
       % of reads unmapped: too many mismatches |	0.00%
                 % of reads unmapped: too short |	0.60%
                     % of reads unmapped: other |	0.06%
                                  CHIMERIC READS:
                       Number of chimeric reads |	0
                            % of chimeric reads |	0.00%
