           Time    Speed        Read     Read   Mapped   Mapped   Mapped   Mapped Unmapped Unmapped Unmapped Unmapped
                    M/hr      number   length   unique   length   MMrate    multi   multi+       MM    short    other
Mar 13 11:32:03     84.3     1405216      271    88.8%    273.2     0.1%    10.4%     0.2%     0.0%     0.6%     0.1%
Mar 13 11:33:05    104.9     3555379      271    88.8%    273.2     0.1%    10.4%     0.2%     0.0%     0.6%     0.1%
Mar 13 11:34:11    111.0     5798727      271    88.8%    273.2     0.1%    10.4%     0.2%     0.0%     0.6%     0.1%
Mar 13 11:35:14    119.4     8323077      271    88.8%    273.2     0.1%    10.4%     0.2%     0.0%     0.6%     0.1%
Mar 13 11:36:17    123.3    10752411      271    88.7%    273.1     0.1%    10.4%     0.2%     0.0%     0.6%     0.1%
Mar 13 11:37:20    123.2    12898097      271    88.8%    273.1     0.1%    10.4%     0.2%     0.0%     0.6%     0.1%
Mar 13 11:38:22    124.1    15138744      271    88.8%    273.0     0.1%    10.4%     0.2%     0.0%     0.6%     0.1%
Mar 13 11:39:24    124.9    17375764      271    88.8%    273.0     0.1%    10.4%     0.2%     0.0%     0.6%     0.1%
Mar 13 11:40:24    127.1    19800384      271    88.7%    273.0     0.1%    10.4%     0.2%     0.0%     0.6%     0.1%
Mar 13 11:41:24    127.2    21944173      271    88.7%    273.0     0.1%    10.4%     0.2%     0.0%     0.6%     0.1%
Mar 13 11:42:26    127.0    24087361      271    88.7%    273.0     0.2%    10.4%     0.2%     0.0%     0.6%     0.1%
Mar 13 11:43:29    126.6    26231636      271    88.7%    273.0     0.2%    10.4%     0.2%     0.0%     0.6%     0.1%
Mar 13 11:44:34    127.6    28749997      271    88.7%    273.0     0.2%    10.4%     0.2%     0.0%     0.6%     0.1%
Mar 13 11:45:36    128.2    31082897      271    88.7%    272.9     0.1%    10.4%     0.2%     0.0%     0.6%     0.1%
Mar 13 11:46:37    127.7    33136550      270    88.7%    272.9     0.1%    10.4%     0.2%     0.0%     0.6%     0.1%
Mar 13 11:47:37    126.1    34816136      270    88.7%    272.9     0.1%    10.4%     0.2%     0.0%     0.6%     0.1%
Mar 13 11:48:39    125.7    36868497      270    88.7%    272.9     0.1%    10.4%     0.2%     0.0%     0.6%     0.1%
Mar 13 11:49:43    126.0    39202539      270    88.7%    272.9     0.1%    10.4%     0.2%     0.0%     0.6%     0.1%
Mar 13 11:50:46    126.7    41630942      270    88.7%    272.9     0.1%    10.4%     0.2%     0.0%     0.6%     0.1%
Mar 13 11:51:50    126.9    43965239      270    88.7%    272.9     0.1%    10.4%     0.2%     0.0%     0.6%     0.1%
Mar 13 11:52:54    127.4    46391617      270    88.7%    272.8     0.1%    10.4%     0.2%     0.0%     0.6%     0.1%
Mar 13 11:53:54    128.2    48816123      270    88.7%    272.8     0.1%    10.4%     0.2%     0.0%     0.6%     0.1%
Mar 13 11:54:56    128.0    50959933      270    88.7%    272.8     0.1%    10.4%     0.2%     0.0%     0.6%     0.1%
Mar 13 11:55:57    128.4    53295325      270    88.7%    272.8     0.1%    10.4%     0.2%     0.0%     0.6%     0.1%
Mar 13 11:56:58    128.4    55447779      270    88.7%    272.8     0.1%    10.5%     0.2%     0.0%     0.6%     0.1%
Mar 13 11:58:01    128.6    57788302      270    88.7%    272.7     0.1%    10.5%     0.2%     0.0%     0.6%     0.1%
Mar 13 11:59:04    128.6    60029381      270    88.7%    272.7     0.1%    10.5%     0.2%     0.0%     0.6%     0.1%
Mar 13 12:00:04    128.8    62265836      270    88.7%    272.7     0.1%    10.5%     0.2%     0.0%     0.6%     0.1%
Mar 13 12:01:05    129.2    64688409      270    88.7%    272.7     0.1%    10.5%     0.2%     0.0%     0.6%     0.1%
Mar 13 12:02:08    129.4    67019054      270    88.7%    272.8     0.1%    10.4%     0.2%     0.0%     0.6%     0.1%
Mar 13 12:03:09    129.4    69255591      270    88.7%    272.8     0.1%    10.4%     0.2%     0.0%     0.6%     0.1%
Mar 13 12:04:09    129.6    71491989      270    88.7%    272.8     0.1%    10.4%     0.2%     0.0%     0.6%     0.1%
Mar 13 12:05:12    129.7    73819808      270    88.7%    272.8     0.1%    10.4%     0.2%     0.0%     0.6%     0.1%
Mar 13 12:06:12    129.7    75960125      270    88.8%    272.8     0.1%    10.4%     0.2%     0.0%     0.6%     0.1%
Mar 13 12:07:12    129.6    78100706      270    88.8%    272.8     0.1%    10.4%     0.2%     0.0%     0.6%     0.1%
Mar 13 12:08:15    129.9    80524494      270    88.8%    272.8     0.1%    10.4%     0.2%     0.0%     0.6%     0.1%
Mar 13 12:09:16    129.6    82577088      270    88.8%    272.8     0.1%    10.4%     0.2%     0.0%     0.6%     0.1%
Mar 13 12:10:28    129.2    84905712      270    88.8%    272.9     0.1%    10.4%     0.2%     0.0%     0.6%     0.1%
Mar 13 12:11:28    129.2    87046971      270    88.8%    272.9     0.1%    10.4%     0.2%     0.0%     0.6%     0.1%
Mar 13 12:12:29    128.9    89002892      270    88.8%    272.9     0.1%    10.4%     0.2%     0.0%     0.6%     0.1%
Mar 13 12:13:29    128.2    90682140      270    88.8%    272.9     0.1%    10.4%     0.2%     0.0%     0.6%     0.1%
Mar 13 12:14:31    128.0    92733298      270    88.8%    272.9     0.1%    10.4%     0.2%     0.0%     0.6%     0.1%
Mar 13 12:15:31    128.0    94877125      270    88.8%    272.9     0.1%    10.4%     0.2%     0.0%     0.6%     0.1%
Mar 13 12:16:31    127.8    96835325      270    88.8%    272.9     0.1%    10.4%     0.2%     0.0%     0.6%     0.1%
Mar 13 12:17:36    127.2    98697492      270    88.8%    272.9     0.1%    10.4%     0.2%     0.0%     0.6%     0.1%
Mar 13 12:18:38    126.6   100371798      270    88.8%    272.9     0.1%    10.4%     0.2%     0.0%     0.6%     0.1%
Mar 13 12:19:40    126.1   102138609      270    88.8%    272.9     0.1%    10.4%     0.2%     0.0%     0.6%     0.1%
Mar 13 12:20:40    125.5   103813005      270    88.8%    272.9     0.1%    10.4%     0.2%     0.0%     0.6%     0.1%
Mar 13 12:21:41    125.7   106043012      270    88.8%    272.9     0.1%    10.4%     0.2%     0.0%     0.6%     0.1%
Mar 13 12:22:46    125.7   108363630      270    88.8%    272.9     0.1%    10.4%     0.2%     0.0%     0.6%     0.1%
Mar 13 12:23:47    125.4   110221837      270    88.8%    272.9     0.1%    10.4%     0.2%     0.0%     0.6%     0.1%
Mar 13 12:24:47    125.3   112172718      270    88.8%    272.9     0.1%    10.4%     0.2%     0.0%     0.6%     0.1%
Mar 13 12:25:48    125.1   114123322      270    88.8%    272.9     0.1%    10.4%     0.2%     0.0%     0.6%     0.1%
Mar 13 12:26:48    124.7   115887768      271    88.8%    272.9     0.1%    10.4%     0.2%     0.0%     0.6%     0.1%
Mar 13 12:27:48    124.8   118052113      270    88.8%    272.9     0.1%    10.4%     0.2%     0.0%     0.6%     0.1%
Mar 13 12:44:38     96.6   118425424      270    88.8%    272.9     0.1%    10.4%     0.2%     0.0%     0.6%     0.1%
ALL DONE!
