                                 Started job on |	Mar 13 12:07:37
                             Started mapping on |	Mar 13 12:11:31
                                    Finished on |	Mar 13 14:12:16
       Mapping speed, Million of reads per hour |	60.39

                          Number of input reads |	121539160
                      Average input read length |	271
                                    UNIQUE READS:
                   Uniquely mapped reads number |	93519151
                        Uniquely mapped reads % |	76.95%
                          Average mapped length |	272.95
                       Number of splices: Total |	80506376
            Number of splices: Annotated (sjdb) |	79826386
                       Number of splices: GT/AG |	79727702
                       Number of splices: GC/AG |	599243
                       Number of splices: AT/AC |	78255
               Number of splices: Non-canonical |	101176
                      Mismatch rate per base, % |	0.16%
                         Deletion rate per base |	0.01%
                        Deletion average length |	1.94
                        Insertion rate per base |	0.01%
                       Insertion average length |	1.78
                             MULTI-MAPPING READS:
        Number of reads mapped to multiple loci |	25487652
             % of reads mapped to multiple loci |	20.97%
        Number of reads mapped to too many loci |	253095
             % of reads mapped to too many loci |	0.21%
                                  UNMAPPED READS:
       % of reads unmapped: too many mismatches |	0.00%
                 % of reads unmapped: too short |	1.80%
                     % of reads unmapped: other |	0.08%
                                  CHIMERIC READS:
                       Number of chimeric reads |	0
                            % of chimeric reads |	0.00%
