           Time    Speed        Read     Read   Mapped   Mapped   Mapped   Mapped Unmapped Unmapped Unmapped Unmapped
                    M/hr      number   length   unique   length   MMrate    multi   multi+       MM    short    other
Mar 12 16:36:01     45.1      750954      270    76.1%    273.2     0.1%    22.8%     0.2%     0.0%     0.8%     0.1%
Mar 12 16:37:01     73.1     2436855      270    76.1%    273.3     0.1%    22.8%     0.2%     0.0%     0.8%     0.1%
Mar 12 16:38:02     80.1     4027053      271    76.1%    273.4     0.1%    22.8%     0.2%     0.0%     0.8%     0.1%
Mar 12 16:39:03     80.8     5431159      270    76.1%    273.3     0.1%    22.8%     0.2%     0.0%     0.8%     0.1%
Mar 12 16:40:08     86.7     7396248      271    76.1%    273.3     0.1%    22.8%     0.2%     0.0%     0.8%     0.1%
Mar 12 16:41:10     87.7     8987833      270    76.1%    273.3     0.1%    22.8%     0.2%     0.0%     0.8%     0.1%
Mar 12 16:42:12     86.8    10391111      270    76.1%    273.3     0.1%    22.8%     0.2%     0.0%     0.8%     0.1%
Mar 12 16:43:21     87.6    12164338      270    76.1%    273.3     0.1%    22.8%     0.2%     0.0%     0.8%     0.1%
Mar 12 16:44:22     90.6    14124991      270    76.1%    273.3     0.1%    22.9%     0.2%     0.0%     0.8%     0.1%
Mar 12 16:45:29     90.1    15712587      270    76.1%    273.2     0.1%    22.9%     0.2%     0.0%     0.8%     0.1%
Mar 12 16:46:30     90.9    17392713      270    76.1%    273.2     0.1%    22.9%     0.2%     0.0%     0.8%     0.1%
Mar 12 16:47:31     91.1    18980200      270    76.0%    273.2     0.1%    22.9%     0.2%     0.0%     0.8%     0.1%
Mar 12 16:48:37     91.6    20754544      270    76.0%    273.2     0.1%    22.9%     0.2%     0.0%     0.8%     0.1%
Mar 12 16:49:42     90.5    22154813      270    76.0%    273.1     0.2%    22.9%     0.2%     0.0%     0.8%     0.1%
Mar 12 16:50:43     92.2    24113459      270    76.0%    273.2     0.2%    22.9%     0.2%     0.0%     0.8%     0.1%
Mar 12 16:51:47     91.6    25606111      270    76.0%    273.2     0.2%    22.9%     0.2%     0.0%     0.8%     0.1%
Mar 12 16:52:49     92.0    27286638      270    76.0%    273.1     0.2%    22.9%     0.2%     0.0%     0.8%     0.1%
Mar 12 16:53:55     92.0    28967061      270    76.0%    273.1     0.2%    22.9%     0.2%     0.0%     0.8%     0.1%
Mar 12 16:54:56     92.9    30834078      270    76.0%    273.1     0.2%    22.9%     0.2%     0.0%     0.8%     0.1%
Mar 12 16:55:56     92.5    32236081      270    76.0%    273.1     0.1%    22.9%     0.2%     0.0%     0.8%     0.1%
Mar 12 16:57:12     92.2    34102654      270    76.0%    273.1     0.1%    22.9%     0.2%     0.0%     0.8%     0.1%
Mar 12 16:58:12     93.1    35970121      270    76.0%    273.1     0.1%    22.9%     0.2%     0.0%     0.8%     0.1%
Mar 12 16:59:13     92.9    37465541      270    76.0%    273.1     0.1%    22.9%     0.2%     0.0%     0.8%     0.1%
Mar 12 17:00:15     92.9    39054219      270    76.0%    273.1     0.1%    22.9%     0.2%     0.0%     0.8%     0.1%
Mar 12 17:01:15     93.0    40643483      270    76.0%    273.1     0.1%    22.9%     0.2%     0.0%     0.8%     0.1%
Mar 12 17:02:16     93.4    42420775      270    76.0%    273.1     0.1%    23.0%     0.2%     0.0%     0.8%     0.1%
Mar 12 17:03:16     93.5    44009832      270    76.0%    273.0     0.1%    23.0%     0.2%     0.0%     0.8%     0.1%
Mar 12 17:04:17     93.5    45596839      270    76.0%    273.0     0.1%    23.0%     0.2%     0.0%     0.8%     0.1%
Mar 12 17:05:25     93.3    47277614      270    76.0%    273.0     0.1%    23.0%     0.2%     0.0%     0.8%     0.1%
Mar 12 17:06:27     93.5    48957781      270    76.0%    273.0     0.1%    23.0%     0.2%     0.0%     0.8%     0.1%
Mar 12 17:07:28     93.8    50730095      270    76.0%    273.0     0.1%    23.0%     0.2%     0.0%     0.8%     0.1%
Mar 12 17:08:28     93.5    52133528      270    76.0%    273.0     0.1%    23.0%     0.2%     0.0%     0.8%     0.1%
Mar 12 17:09:30     93.6    53818587      270    76.0%    273.0     0.1%    23.0%     0.2%     0.0%     0.8%     0.1%
Mar 12 17:10:34     93.5    55410596      270    75.9%    273.0     0.2%    23.0%     0.2%     0.0%     0.8%     0.1%
Mar 12 17:11:35     93.8    57192087      270    75.9%    272.9     0.2%    23.0%     0.2%     0.0%     0.8%     0.1%
Mar 12 17:12:35     93.7    58691193      270    75.9%    272.9     0.2%    23.0%     0.2%     0.0%     0.8%     0.1%
Mar 12 17:13:35     93.8    60275569      270    75.9%    272.9     0.1%    23.0%     0.2%     0.0%     0.8%     0.1%
Mar 12 17:14:39     93.4    61675249      270    75.9%    272.9     0.1%    23.0%     0.2%     0.0%     0.8%     0.1%
Mar 12 17:15:39     93.8    63539092      270    75.9%    272.9     0.1%    23.0%     0.2%     0.0%     0.8%     0.1%
Mar 12 17:16:42     93.7    65123984      270    76.0%    273.0     0.1%    23.0%     0.2%     0.0%     0.8%     0.1%
Mar 12 17:17:44     94.0    66896818      270    76.0%    273.0     0.1%    23.0%     0.2%     0.0%     0.8%     0.1%
Mar 12 17:18:44     94.1    68575275      270    76.0%    273.0     0.1%    23.0%     0.2%     0.0%     0.8%     0.1%
Mar 12 17:19:46     93.9    70065687      270    76.0%    273.0     0.1%    23.0%     0.2%     0.0%     0.8%     0.1%
Mar 12 17:20:49     93.9    71651259      270    76.0%    273.0     0.1%    23.0%     0.2%     0.0%     0.8%     0.1%
Mar 12 17:21:50     94.0    73328872      270    76.0%    273.0     0.1%    23.0%     0.2%     0.0%     0.8%     0.1%
Mar 12 17:22:50     94.1    75005644      270    76.0%    273.0     0.1%    23.0%     0.2%     0.0%     0.8%     0.1%
Mar 12 17:23:50     94.0    76498197      270    76.0%    273.0     0.1%    23.0%     0.2%     0.0%     0.8%     0.1%
Mar 12 17:24:51     94.1    78172271      270    76.0%    273.1     0.1%    23.0%     0.2%     0.0%     0.8%     0.1%
Mar 12 17:25:56     94.1    79851579      270    76.0%    273.1     0.1%    23.0%     0.2%     0.0%     0.8%     0.1%
Mar 12 17:26:56     94.1    81440441      270    76.0%    273.0     0.1%    23.0%     0.2%     0.0%     0.8%     0.1%
Mar 12 17:28:02     94.0    83022393      270    76.0%    273.1     0.1%    23.0%     0.2%     0.0%     0.8%     0.1%
Mar 12 17:29:04     94.1    84794726      270    76.0%    273.1     0.1%    23.0%     0.2%     0.0%     0.8%     0.1%
Mar 12 17:30:07     94.0    86285445      270    76.0%    273.1     0.1%    22.9%     0.2%     0.0%     0.8%     0.1%
Mar 12 17:31:07     94.2    88053562      270    76.0%    273.1     0.1%    22.9%     0.2%     0.0%     0.8%     0.1%
Mar 12 17:32:18     94.0    89733168      270    76.0%    273.1     0.1%    22.9%     0.2%     0.0%     0.8%     0.1%
Mar 12 17:33:22     94.2    91600809      270    76.0%    273.1     0.1%    22.9%     0.2%     0.0%     0.8%     0.1%
Mar 12 17:34:34     93.9    93185459      270    76.0%    273.1     0.1%    22.9%     0.2%     0.0%     0.8%     0.1%
Mar 12 17:35:44     94.2    95331435      270    76.0%    273.1     0.1%    22.9%     0.2%     0.0%     0.8%     0.1%
Mar 12 17:36:45     94.2    96918159      270    76.0%    273.1     0.1%    22.9%     0.2%     0.0%     0.8%     0.1%
Mar 12 17:37:47     94.0    98316089      270    76.0%    273.1     0.1%    22.9%     0.2%     0.0%     0.8%     0.1%
Mar 12 17:38:49     94.3   100273044      270    76.0%    273.1     0.1%    22.9%     0.2%     0.0%     0.8%     0.1%
Mar 12 17:39:49     94.2   101762103      270    76.0%    273.1     0.1%    22.9%     0.2%     0.0%     0.8%     0.1%
Mar 12 17:40:53     94.1   103251529      270    76.0%    273.1     0.1%    22.9%     0.2%     0.0%     0.8%     0.1%
Mar 12 17:41:55     94.2   105017640      270    76.0%    273.1     0.1%    22.9%     0.2%     0.0%     0.8%     0.1%
Mar 12 17:43:05     94.0   106691966      270    76.0%    273.1     0.1%    22.9%     0.2%     0.0%     0.8%     0.1%
Mar 12 17:44:06     94.4   108736177      270    76.0%    273.1     0.1%    22.9%     0.2%     0.0%     0.8%     0.1%
Mar 12 17:45:18     94.1   110221872      270    76.0%    273.1     0.1%    22.9%     0.2%     0.0%     0.8%     0.1%
Mar 12 17:46:18     94.1   111804012      270    76.0%    273.1     0.1%    22.9%     0.2%     0.0%     0.8%     0.1%
Mar 12 17:47:19     94.2   113477771      270    76.0%    273.1     0.1%    22.9%     0.2%     0.0%     0.8%     0.1%
Mar 12 17:48:27     94.2   115242967      270    76.0%    273.1     0.1%    22.9%     0.2%     0.0%     0.8%     0.1%
Mar 12 17:49:29     94.1   116733406      270    76.0%    273.1     0.2%    22.9%     0.2%     0.0%     0.8%     0.1%
Mar 12 18:05:28     78.3   118107315      270    76.0%    273.1     0.2%    22.9%     0.2%     0.0%     0.8%     0.1%
ALL DONE!
