           Time    Speed        Read     Read   Mapped   Mapped   Mapped   Mapped Unmapped Unmapped Unmapped Unmapped
                    M/hr      number   length   unique   length   MMrate    multi   multi+       MM    short    other
Mar 13 12:43:11     61.3     1022178      273    82.4%    275.5     0.2%    15.7%     0.2%     0.0%     1.6%     0.1%
Mar 13 12:44:13     60.3     2043753      273    82.4%    275.5     0.2%    15.7%     0.2%     0.0%     1.6%     0.1%
Mar 13 12:45:19     65.8     3435828      273    82.4%    275.4     0.1%    15.7%     0.2%     0.0%     1.6%     0.1%
Mar 13 12:46:21     78.9     5476233      273    82.4%    275.5     0.2%    15.8%     0.2%     0.0%     1.6%     0.1%
Mar 13 12:47:28     87.5     7703656      273    82.4%    275.4     0.2%    15.7%     0.2%     0.0%     1.6%     0.1%
Mar 13 12:48:28     93.9     9837793      273    82.4%    275.4     0.2%    15.8%     0.2%     0.0%     1.6%     0.1%
Mar 13 12:49:31     98.7    12058871      273    82.3%    275.4     0.2%    15.8%     0.2%     0.0%     1.6%     0.1%
Mar 13 12:50:31    102.1    14186758      273    82.3%    275.4     0.1%    15.8%     0.2%     0.0%     1.6%     0.1%
Mar 13 12:51:32    104.1    16223456      273    82.3%    275.3     0.1%    15.8%     0.2%     0.0%     1.6%     0.1%
Mar 13 12:52:33    104.6    18074386      273    82.3%    275.3     0.1%    15.8%     0.2%     0.0%     1.6%     0.1%
Mar 13 12:53:34    106.5    20203642      273    82.3%    275.3     0.2%    15.8%     0.2%     0.0%     1.6%     0.1%
Mar 13 12:54:34    108.2    22333100      273    82.3%    275.2     0.2%    15.8%     0.2%     0.0%     1.6%     0.1%
Mar 13 12:55:34    109.2    24368505      273    82.3%    275.2     0.2%    15.8%     0.2%     0.0%     1.6%     0.1%
Mar 13 12:56:37    110.9    26681422      273    82.3%    275.2     0.2%    15.8%     0.2%     0.0%     1.6%     0.1%
Mar 13 12:57:38    113.7    29270807      273    82.3%    275.2     0.2%    15.8%     0.2%     0.0%     1.6%     0.1%
Mar 13 12:58:38    115.5    31676563      273    82.3%    275.2     0.2%    15.8%     0.2%     0.0%     1.6%     0.1%
Mar 13 12:59:38    115.6    33620510      273    82.3%    275.2     0.2%    15.8%     0.2%     0.0%     1.7%     0.1%
Mar 13 13:00:38    116.9    35934182      273    82.3%    275.2     0.2%    15.8%     0.2%     0.0%     1.7%     0.1%
Mar 13 13:01:39    117.3    38062816      273    82.3%    275.2     0.2%    15.8%     0.2%     0.0%     1.7%     0.1%
Mar 13 13:02:39    117.6    40099205      273    82.3%    275.2     0.2%    15.8%     0.2%     0.0%     1.7%     0.1%
Mar 13 13:03:39    118.3    42321586      273    82.3%    275.2     0.2%    15.8%     0.2%     0.0%     1.7%     0.1%
Mar 13 13:04:42    118.7    44544375      273    82.3%    275.2     0.2%    15.8%     0.2%     0.0%     1.7%     0.1%
Mar 13 13:05:44    119.6    46953598      273    82.3%    275.2     0.2%    15.8%     0.2%     0.0%     1.6%     0.1%
Mar 13 13:06:54    121.0    49825699      273    82.3%    275.2     0.2%    15.8%     0.2%     0.0%     1.6%     0.1%
Mar 13 13:07:58    121.8    52323984      273    82.3%    275.2     0.2%    15.8%     0.2%     0.0%     1.6%     0.1%
Mar 13 13:08:59    122.5    54730070      273    82.3%    275.1     0.2%    15.8%     0.2%     0.0%     1.7%     0.1%
Mar 13 13:10:01    123.4    57227721      273    82.3%    275.2     0.2%    15.8%     0.2%     0.0%     1.7%     0.1%
Mar 13 13:11:01    124.5    59821640      273    82.3%    275.1     0.2%    15.8%     0.2%     0.0%     1.7%     0.1%
Mar 13 13:12:07    125.7    62699054      273    82.3%    275.1     0.2%    15.8%     0.2%     0.0%     1.6%     0.1%
Mar 13 13:13:08    126.8    65392391      273    82.3%    275.0     0.2%    15.9%     0.2%     0.0%     1.6%     0.1%
Mar 13 13:14:08    128.0    68170640      273    82.3%    275.0     0.2%    15.9%     0.2%     0.0%     1.6%     0.1%
Mar 13 13:15:10    128.4    70573724      273    82.3%    275.1     0.2%    15.9%     0.2%     0.0%     1.6%     0.1%
Mar 13 13:16:12    129.4    73346022      273    82.3%    275.1     0.2%    15.8%     0.2%     0.0%     1.6%     0.1%
Mar 13 13:17:13    130.0    75934428      273    82.3%    275.1     0.2%    15.8%     0.2%     0.0%     1.6%     0.1%
Mar 13 13:18:18    130.8    78706741      273    82.3%    275.1     0.2%    15.8%     0.2%     0.0%     1.6%     0.1%
Mar 13 13:19:18    131.7    81478235      273    82.3%    275.1     0.2%    15.8%     0.2%     0.0%     1.6%     0.1%
Mar 13 13:20:19    132.1    83973130      273    82.3%    275.2     0.2%    15.8%     0.2%     0.0%     1.7%     0.1%
Mar 13 13:21:22    131.4    85818119      273    82.3%    275.2     0.2%    15.8%     0.2%     0.0%     1.7%     0.1%
Mar 13 13:22:27    131.7    88402557      273    82.3%    275.2     0.2%    15.8%     0.2%     0.0%     1.7%     0.1%
Mar 13 13:23:31    132.0    90899174      273    82.3%    275.2     0.2%    15.8%     0.2%     0.0%     1.7%     0.1%
Mar 13 13:24:32    132.3    93396261      273    82.3%    275.2     0.2%    15.8%     0.2%     0.0%     1.7%     0.1%
Mar 13 13:25:37    130.9    94783270      273    82.3%    275.2     0.2%    15.8%     0.2%     0.0%     1.7%     0.1%
Mar 13 13:26:44    130.8    97088776      273    82.3%    275.2     0.2%    15.8%     0.2%     0.0%     1.7%     0.1%
Mar 13 13:27:48    131.2    99766360      273    82.3%    275.2     0.2%    15.8%     0.2%     0.0%     1.7%     0.1%
Mar 13 13:28:51    131.2   102072249      273    82.3%    275.3     0.2%    15.8%     0.2%     0.0%     1.7%     0.1%
Mar 13 13:29:51    131.5   104470198      273    82.3%    275.3     0.2%    15.8%     0.2%     0.0%     1.7%     0.1%
Mar 13 13:30:52    131.3   106499040      273    82.3%    275.3     0.2%    15.8%     0.2%     0.0%     1.7%     0.1%
Mar 13 13:31:53    131.1   108618893      273    82.3%    275.3     0.2%    15.8%     0.2%     0.0%     1.7%     0.1%
Mar 13 13:32:55    131.6   111291751      273    82.3%    275.3     0.2%    15.8%     0.2%     0.0%     1.7%     0.1%
Mar 13 13:34:00    131.7   113780748      273    82.3%    275.3     0.2%    15.8%     0.2%     0.0%     1.7%     0.1%
Mar 13 13:35:04    131.7   116087261      273    82.3%    275.3     0.2%    15.8%     0.2%     0.0%     1.7%     0.1%
Mar 13 13:36:06    131.9   118484007      273    82.3%    275.3     0.2%    15.8%     0.2%     0.0%     1.7%     0.1%
Mar 13 13:37:06    131.9   120696582      273    82.3%    275.3     0.2%    15.8%     0.2%     0.0%     1.7%     0.1%
Mar 13 13:38:06    131.9   122906162      273    82.3%    275.3     0.2%    15.8%     0.2%     0.0%     1.7%     0.1%
Mar 13 13:39:08    132.0   125302100      273    82.3%    275.3     0.2%    15.8%     0.2%     0.0%     1.7%     0.1%
Mar 13 13:40:08    132.0   127514155      273    82.3%    275.3     0.2%    15.8%     0.2%     0.0%     1.7%     0.1%
Mar 13 13:41:09    132.5   130188000      273    82.3%    275.3     0.2%    15.8%     0.2%     0.0%     1.7%     0.1%
Mar 13 13:42:11    132.3   132311117      273    82.3%    275.3     0.2%    15.8%     0.2%     0.0%     1.7%     0.1%
Mar 13 14:10:52     90.6   133917771      273    82.3%    275.3     0.2%    15.8%     0.2%     0.0%     1.7%     0.1%
ALL DONE!
