                                 Started job on |	Mar 13 12:36:13
                             Started mapping on |	Mar 13 12:42:11
                                    Finished on |	Mar 13 14:10:53
       Mapping speed, Million of reads per hour |	90.59

                          Number of input reads |	133917771
                      Average input read length |	273
                                    UNIQUE READS:
                   Uniquely mapped reads number |	110193475
                        Uniquely mapped reads % |	82.28%
                          Average mapped length |	275.28
                       Number of splices: Total |	100194572
            Number of splices: Annotated (sjdb) |	99321399
                       Number of splices: GT/AG |	99221810
                       Number of splices: GC/AG |	752159
                       Number of splices: AT/AC |	100485
               Number of splices: Non-canonical |	120118
                      Mismatch rate per base, % |	0.16%
                         Deletion rate per base |	0.01%
                        Deletion average length |	1.96
                        Insertion rate per base |	0.01%
                       Insertion average length |	1.78
                             MULTI-MAPPING READS:
        Number of reads mapped to multiple loci |	21153150
             % of reads mapped to multiple loci |	15.80%
        Number of reads mapped to too many loci |	234584
             % of reads mapped to too many loci |	0.18%
                                  UNMAPPED READS:
       % of reads unmapped: too many mismatches |	0.00%
                 % of reads unmapped: too short |	1.67%
                     % of reads unmapped: other |	0.07%
                                  CHIMERIC READS:
                       Number of chimeric reads |	0
                            % of chimeric reads |	0.00%
