                                 Started job on |	Mar 13 12:36:14
                             Started mapping on |	Mar 13 12:42:11
                                    Finished on |	Mar 13 14:25:12
       Mapping speed, Million of reads per hour |	84.00

                          Number of input reads |	144214812
                      Average input read length |	272
                                    UNIQUE READS:
                   Uniquely mapped reads number |	112993491
                        Uniquely mapped reads % |	78.35%
                          Average mapped length |	274.55
                       Number of splices: Total |	99899800
            Number of splices: Annotated (sjdb) |	99047415
                       Number of splices: GT/AG |	98923175
                       Number of splices: GC/AG |	744807
                       Number of splices: AT/AC |	96763
               Number of splices: Non-canonical |	135055
                      Mismatch rate per base, % |	0.15%
                         Deletion rate per base |	0.01%
                        Deletion average length |	1.97
                        Insertion rate per base |	0.01%
                       Insertion average length |	1.80
                             MULTI-MAPPING READS:
        Number of reads mapped to multiple loci |	29169252
             % of reads mapped to multiple loci |	20.23%
        Number of reads mapped to too many loci |	291467
             % of reads mapped to too many loci |	0.20%
                                  UNMAPPED READS:
       % of reads unmapped: too many mismatches |	0.00%
                 % of reads unmapped: too short |	1.14%
                     % of reads unmapped: other |	0.08%
                                  CHIMERIC READS:
                       Number of chimeric reads |	0
                            % of chimeric reads |	0.00%
