                                 Started job on |	Mar 12 15:33:55
                             Started mapping on |	Mar 12 15:34:52
                                    Finished on |	Mar 12 17:13:31
       Mapping speed, Million of reads per hour |	97.83

                          Number of input reads |	160844633
                      Average input read length |	270
                                    UNIQUE READS:
                   Uniquely mapped reads number |	142829142
                        Uniquely mapped reads % |	88.80%
                          Average mapped length |	272.69
                       Number of splices: Total |	127731670
            Number of splices: Annotated (sjdb) |	126641629
                       Number of splices: GT/AG |	126469851
                       Number of splices: GC/AG |	984566
                       Number of splices: AT/AC |	116868
               Number of splices: Non-canonical |	160385
                      Mismatch rate per base, % |	0.16%
                         Deletion rate per base |	0.01%
                        Deletion average length |	2.13
                        Insertion rate per base |	0.01%
                       Insertion average length |	1.86
                             MULTI-MAPPING READS:
        Number of reads mapped to multiple loci |	16613835
             % of reads mapped to multiple loci |	10.33%
        Number of reads mapped to too many loci |	332903
             % of reads mapped to too many loci |	0.21%
                                  UNMAPPED READS:
       % of reads unmapped: too many mismatches |	0.00%
                 % of reads unmapped: too short |	0.58%
                     % of reads unmapped: other |	0.09%
                                  CHIMERIC READS:
                       Number of chimeric reads |	0
                            % of chimeric reads |	0.00%
