                                 Started job on |	Mar 12 15:37:14
                             Started mapping on |	Mar 12 15:38:23
                                    Finished on |	Mar 12 18:16:55
       Mapping speed, Million of reads per hour |	60.87

                          Number of input reads |	160826931
                      Average input read length |	275
                                    UNIQUE READS:
                   Uniquely mapped reads number |	143656035
                        Uniquely mapped reads % |	89.32%
                          Average mapped length |	277.06
                       Number of splices: Total |	126707604
            Number of splices: Annotated (sjdb) |	125619893
                       Number of splices: GT/AG |	125451788
                       Number of splices: GC/AG |	976314
                       Number of splices: AT/AC |	116739
               Number of splices: Non-canonical |	162763
                      Mismatch rate per base, % |	0.16%
                         Deletion rate per base |	0.01%
                        Deletion average length |	2.06
                        Insertion rate per base |	0.01%
                       Insertion average length |	1.88
                             MULTI-MAPPING READS:
        Number of reads mapped to multiple loci |	15798983
             % of reads mapped to multiple loci |	9.82%
        Number of reads mapped to too many loci |	224324
             % of reads mapped to too many loci |	0.14%
                                  UNMAPPED READS:
       % of reads unmapped: too many mismatches |	0.00%
                 % of reads unmapped: too short |	0.64%
                     % of reads unmapped: other |	0.07%
                                  CHIMERIC READS:
                       Number of chimeric reads |	0
                            % of chimeric reads |	0.00%
