                                 Started job on |	Mar 13 10:50:24
                             Started mapping on |	Mar 13 10:51:15
                                    Finished on |	Mar 13 11:51:59
       Mapping speed, Million of reads per hour |	108.21

                          Number of input reads |	109533980
                      Average input read length |	273
                                    UNIQUE READS:
                   Uniquely mapped reads number |	96138614
                        Uniquely mapped reads % |	87.77%
                          Average mapped length |	275.12
                       Number of splices: Total |	94004435
            Number of splices: Annotated (sjdb) |	93250586
                       Number of splices: GT/AG |	93110574
                       Number of splices: GC/AG |	697495
                       Number of splices: AT/AC |	91892
               Number of splices: Non-canonical |	104474
                      Mismatch rate per base, % |	0.16%
                         Deletion rate per base |	0.01%
                        Deletion average length |	2.12
                        Insertion rate per base |	0.01%
                       Insertion average length |	1.91
                             MULTI-MAPPING READS:
        Number of reads mapped to multiple loci |	11423545
             % of reads mapped to multiple loci |	10.43%
        Number of reads mapped to too many loci |	159992
             % of reads mapped to too many loci |	0.15%
                                  UNMAPPED READS:
       % of reads unmapped: too many mismatches |	0.00%
                 % of reads unmapped: too short |	1.58%
                     % of reads unmapped: other |	0.07%
                                  CHIMERIC READS:
                       Number of chimeric reads |	0
                            % of chimeric reads |	0.00%
