           Time    Speed        Read     Read   Mapped   Mapped   Mapped   Mapped Unmapped Unmapped Unmapped Unmapped
                    M/hr      number   length   unique   length   MMrate    multi   multi+       MM    short    other
Mar 13 10:52:15     89.2     1486654      273    87.7%    275.5     0.2%    10.4%     0.1%     0.0%     1.6%     0.1%
Mar 13 10:53:15    114.2     3805128      273    87.8%    275.4     0.2%    10.4%     0.1%     0.0%     1.6%     0.1%
Mar 13 10:54:15    118.8     5938558      273    87.7%    275.4     0.2%    10.4%     0.1%     0.0%     1.6%     0.1%
Mar 13 10:55:17    124.2     8350188      273    87.7%    275.3     0.2%    10.5%     0.1%     0.0%     1.6%     0.1%
Mar 13 10:56:18    126.7    10667416      273    87.7%    275.3     0.2%    10.5%     0.1%     0.0%     1.6%     0.1%
Mar 13 10:57:18    129.7    13073875      273    87.7%    275.3     0.1%    10.5%     0.1%     0.0%     1.6%     0.1%
Mar 13 10:58:18    129.4    15201379      273    87.7%    275.2     0.1%    10.5%     0.1%     0.0%     1.6%     0.1%
Mar 13 10:59:18    129.9    17422591      273    87.7%    275.2     0.2%    10.5%     0.1%     0.0%     1.6%     0.1%
Mar 13 11:00:22    131.1    19921103      273    87.7%    275.2     0.2%    10.5%     0.1%     0.0%     1.6%     0.1%
Mar 13 11:01:23    131.1    22140648      273    87.7%    275.2     0.2%    10.5%     0.1%     0.0%     1.6%     0.1%
Mar 13 11:02:25    131.9    24545669      273    87.7%    275.2     0.2%    10.5%     0.1%     0.0%     1.6%     0.1%
Mar 13 11:03:25    132.5    26859338      273    87.7%    275.1     0.2%    10.5%     0.1%     0.0%     1.6%     0.1%
Mar 13 11:04:29    132.7    29266168      273    87.7%    275.1     0.2%    10.5%     0.1%     0.0%     1.6%     0.1%
Mar 13 11:05:31    132.8    31580081      273    87.7%    275.1     0.2%    10.5%     0.1%     0.0%     1.6%     0.1%
Mar 13 11:06:35    132.6    33893828      273    87.7%    275.1     0.2%    10.5%     0.1%     0.0%     1.6%     0.1%
Mar 13 11:07:35    132.7    36117131      273    87.7%    275.1     0.2%    10.5%     0.1%     0.0%     1.6%     0.1%
Mar 13 11:08:40    132.7    38526255      273    87.7%    275.1     0.2%    10.5%     0.1%     0.0%     1.6%     0.1%
Mar 13 11:09:42    132.8    40842274      273    87.7%    275.1     0.2%    10.5%     0.1%     0.0%     1.6%     0.1%
Mar 13 11:10:42    133.1    43156465      273    87.7%    275.0     0.2%    10.5%     0.1%     0.0%     1.6%     0.1%
Mar 13 11:11:45    133.1    45469492      273    87.7%    275.0     0.2%    10.5%     0.1%     0.0%     1.6%     0.1%
Mar 13 11:12:46    133.2    47783137      273    87.7%    275.0     0.2%    10.5%     0.1%     0.0%     1.6%     0.1%
Mar 13 11:13:53    132.8    50101240      273    87.7%    275.0     0.2%    10.5%     0.1%     0.0%     1.6%     0.1%
Mar 13 11:14:56    133.5    52701559      273    87.7%    274.9     0.2%    10.5%     0.1%     0.0%     1.6%     0.1%
Mar 13 11:15:56    133.7    55019648      273    87.7%    274.9     0.2%    10.5%     0.1%     0.0%     1.6%     0.1%
Mar 13 11:16:57    133.4    57146114      273    87.7%    274.9     0.2%    10.5%     0.1%     0.0%     1.6%     0.1%
Mar 13 11:17:57    133.8    59549619      273    87.7%    274.9     0.2%    10.5%     0.1%     0.0%     1.6%     0.1%
Mar 13 11:18:57    133.6    61676257      273    87.7%    275.0     0.2%    10.5%     0.1%     0.0%     1.6%     0.1%
Mar 13 11:19:58    133.5    63895382      273    87.7%    275.0     0.2%    10.5%     0.1%     0.0%     1.6%     0.1%
Mar 13 11:20:58    133.9    66297988      273    87.7%    275.0     0.2%    10.5%     0.1%     0.0%     1.6%     0.1%
Mar 13 11:21:58    134.0    68608116      273    87.7%    275.0     0.2%    10.5%     0.1%     0.0%     1.6%     0.1%
Mar 13 11:22:58    133.8    70733146      273    87.7%    275.0     0.2%    10.5%     0.1%     0.0%     1.6%     0.1%
Mar 13 11:23:58    134.0    73041733      273    87.7%    275.0     0.2%    10.5%     0.1%     0.0%     1.6%     0.1%
Mar 13 11:24:58    134.1    75355812      273    87.7%    275.0     0.2%    10.5%     0.1%     0.0%     1.6%     0.1%
Mar 13 11:25:58    134.2    77665851      273    87.8%    275.1     0.2%    10.5%     0.1%     0.0%     1.6%     0.1%
Mar 13 11:27:01    134.2    79974817      273    87.8%    275.1     0.2%    10.4%     0.1%     0.0%     1.6%     0.1%
Mar 13 11:28:01    134.1    82191470      273    87.8%    275.1     0.2%    10.4%     0.1%     0.0%     1.6%     0.1%
Mar 13 11:29:03    134.1    84504646      273    87.8%    275.1     0.2%    10.4%     0.1%     0.0%     1.6%     0.1%
Mar 13 11:30:04    134.1    86723790      273    87.8%    275.1     0.2%    10.4%     0.1%     0.0%     1.6%     0.1%
Mar 13 11:31:04    134.2    89036044      273    87.8%    275.1     0.2%    10.4%     0.1%     0.0%     1.6%     0.1%
Mar 13 11:32:09    134.0    91346214      273    87.8%    275.1     0.2%    10.4%     0.1%     0.0%     1.6%     0.1%
Mar 13 11:33:12    134.0    93656992      273    87.8%    275.1     0.2%    10.4%     0.1%     0.0%     1.6%     0.1%
Mar 13 11:34:13    134.0    95970894      273    87.8%    275.1     0.2%    10.4%     0.1%     0.0%     1.6%     0.1%
Mar 13 11:35:18    133.9    98282449      273    87.8%    275.1     0.2%    10.4%     0.1%     0.0%     1.6%     0.1%
Mar 13 11:36:28    133.6   100682814      273    87.8%    275.1     0.2%    10.4%     0.1%     0.0%     1.6%     0.1%
Mar 13 11:37:29    132.5   102064279      273    87.8%    275.1     0.2%    10.4%     0.1%     0.0%     1.6%     0.1%
Mar 13 11:38:30    132.3   104184230      273    87.8%    275.1     0.2%    10.4%     0.1%     0.0%     1.6%     0.1%
Mar 13 11:39:34    131.4   105843978      273    87.8%    275.1     0.2%    10.4%     0.1%     0.0%     1.6%     0.1%
Mar 13 11:40:35    131.5   108149305      273    87.8%    275.1     0.2%    10.4%     0.1%     0.0%     1.6%     0.1%
Mar 13 11:51:59    108.2   109533980      273    87.8%    275.1     0.2%    10.4%     0.1%     0.0%     1.6%     0.1%
ALL DONE!
