           Time    Speed        Read     Read   Mapped   Mapped   Mapped   Mapped Unmapped Unmapped Unmapped Unmapped
                    M/hr      number   length   unique   length   MMrate    multi   multi+       MM    short    other
Mar 13 10:52:17    156.2     2690187      274    88.0%    275.9     0.1%    10.8%     0.1%     0.0%     1.0%     0.1%
Mar 13 10:53:17    175.1     5933557      274    88.0%    275.9     0.1%    10.9%     0.1%     0.0%     1.0%     0.1%
Mar 13 10:54:18    184.2     9362262      274    88.0%    275.9     0.1%    10.9%     0.1%     0.0%     1.0%     0.1%
Mar 13 10:55:19    187.2    12691080      274    88.0%    275.8     0.1%    10.9%     0.1%     0.0%     1.0%     0.1%
Mar 13 10:56:20    192.3    16296045      274    88.0%    275.8     0.1%    10.9%     0.1%     0.0%     1.0%     0.1%
Mar 13 10:57:20    193.6    19623924      273    88.0%    275.8     0.1%    10.9%     0.1%     0.0%     1.0%     0.1%
Mar 13 10:58:20    194.4    22953107      273    88.0%    275.7     0.1%    10.9%     0.1%     0.0%     1.0%     0.1%
Mar 13 10:59:20    196.4    26464839      273    88.0%    275.7     0.2%    10.9%     0.1%     0.0%     1.0%     0.1%
Mar 13 11:00:24    194.7    29698400      273    88.0%    275.7     0.2%    10.9%     0.1%     0.0%     1.0%     0.1%
Mar 13 11:01:25    197.1    33395955      273    88.0%    275.7     0.2%    10.9%     0.1%     0.0%     1.0%     0.1%
Mar 13 11:02:26    197.5    36817568      273    88.0%    275.7     0.2%    10.9%     0.1%     0.0%     1.0%     0.1%
Mar 13 11:03:26    198.6    40330923      273    88.0%    275.7     0.2%    10.9%     0.1%     0.0%     0.9%     0.1%
Mar 13 11:04:27    198.5    43660107      273    88.0%    275.7     0.1%    10.9%     0.1%     0.0%     1.0%     0.1%
Mar 13 11:05:27    198.2    46899187      273    88.0%    275.6     0.1%    10.9%     0.1%     0.0%     1.0%     0.1%
Mar 13 11:06:28    199.2    50508444      273    88.0%    275.6     0.1%    10.9%     0.1%     0.0%     0.9%     0.1%
Mar 13 11:07:30    198.8    53838828      273    88.0%    275.6     0.1%    10.9%     0.1%     0.0%     1.0%     0.1%
Mar 13 11:08:30    198.5    57073892      273    88.0%    275.6     0.2%    10.9%     0.1%     0.0%     1.0%     0.1%
Mar 13 11:09:30    198.6    60403517      273    88.0%    275.6     0.2%    10.9%     0.1%     0.0%     1.0%     0.1%
Mar 13 11:10:31    199.1    63925374      273    87.9%    275.5     0.2%    10.9%     0.1%     0.0%     1.0%     0.1%
Mar 13 11:11:33    199.6    67543249      273    87.9%    275.5     0.2%    10.9%     0.1%     0.0%     0.9%     0.1%
Mar 13 11:12:33    199.4    70776500      273    87.9%    275.5     0.2%    10.9%     0.1%     0.0%     0.9%     0.1%
Mar 13 11:13:33    199.6    74192920      273    88.0%    275.5     0.2%    10.9%     0.1%     0.0%     0.9%     0.1%
Mar 13 11:14:34    199.7    77609795      273    88.0%    275.5     0.1%    10.9%     0.1%     0.0%     0.9%     0.1%
Mar 13 11:15:38    199.4    81025412      273    88.0%    275.6     0.1%    10.9%     0.1%     0.0%     0.9%     0.1%
Mar 13 11:16:41    200.1    84809091      273    88.0%    275.6     0.1%    10.9%     0.1%     0.0%     0.9%     0.1%
Mar 13 11:17:41    200.3    88226812      273    88.0%    275.6     0.1%    10.9%     0.1%     0.0%     0.9%     0.1%
Mar 13 11:18:41    200.2    91548664      273    88.0%    275.6     0.1%    10.9%     0.1%     0.0%     0.9%     0.1%
Mar 13 11:19:44    199.9    94875813      273    88.0%    275.6     0.1%    10.9%     0.1%     0.0%     0.9%     0.1%
Mar 13 11:20:45    200.3    98474066      273    88.0%    275.6     0.1%    10.8%     0.1%     0.0%     0.9%     0.1%
Mar 13 11:21:46    200.7   102065725      273    88.0%    275.7     0.1%    10.8%     0.1%     0.0%     0.9%     0.1%
Mar 13 11:22:48    200.4   105383814      273    88.0%    275.7     0.1%    10.8%     0.1%     0.0%     0.9%     0.1%
Mar 13 11:23:52    200.5   108976192      273    88.0%    275.7     0.1%    10.8%     0.1%     0.0%     0.9%     0.1%
Mar 13 11:24:52    200.7   112475428      273    88.0%    275.7     0.1%    10.8%     0.1%     0.0%     0.9%     0.1%
Mar 13 11:25:53    200.3   115605542      273    88.0%    275.7     0.1%    10.8%     0.1%     0.0%     0.9%     0.1%
Mar 13 11:26:55    200.7   119291938      273    88.0%    275.7     0.1%    10.8%     0.1%     0.0%     0.9%     0.1%
Mar 13 11:27:56    200.4   122516356      273    88.0%    275.7     0.1%    10.8%     0.1%     0.0%     0.9%     0.1%
Mar 13 11:28:57    200.4   125921460      273    88.0%    275.7     0.1%    10.8%     0.1%     0.0%     0.9%     0.1%
Mar 13 11:29:57    200.1   129051952      273    88.0%    275.7     0.2%    10.8%     0.1%     0.0%     0.9%     0.1%
Mar 13 11:30:57    200.3   132549930      273    88.0%    275.7     0.2%    10.8%     0.1%     0.0%     0.9%     0.1%
Mar 13 11:31:57    199.9   135593496      273    88.0%    275.7     0.2%    10.8%     0.1%     0.0%     0.9%     0.1%
Mar 13 11:38:26    173.7   136609591      273    88.0%    275.7     0.2%    10.8%     0.1%     0.0%     0.9%     0.1%
ALL DONE!
