           Time    Speed        Read     Read   Mapped   Mapped   Mapped   Mapped Unmapped Unmapped Unmapped Unmapped
                    M/hr      number   length   unique   length   MMrate    multi   multi+       MM    short    other
Mar 13 11:40:17    178.4     3171910      272    87.8%    274.0     0.1%    11.1%     0.2%     0.0%     0.8%     0.1%
Mar 13 11:41:17    208.4     7178493      272    87.8%    274.0     0.2%    11.2%     0.2%     0.0%     0.8%     0.1%
Mar 13 11:42:17    217.0    11090252      272    87.8%    274.0     0.2%    11.2%     0.2%     0.0%     0.8%     0.1%
Mar 13 11:43:17    219.9    14901442      272    87.8%    274.0     0.1%    11.2%     0.2%     0.0%     0.8%     0.1%
Mar 13 11:44:17    221.6    18712811      272    87.8%    273.9     0.2%    11.2%     0.2%     0.0%     0.8%     0.1%
Mar 13 11:45:19    221.6    22525222      272    87.8%    273.9     0.2%    11.2%     0.2%     0.0%     0.8%     0.1%
Mar 13 11:46:19    221.8    26241630      272    87.8%    273.9     0.2%    11.2%     0.2%     0.0%     0.8%     0.1%
Mar 13 11:47:19    221.9    29959171      272    87.8%    273.9     0.2%    11.2%     0.2%     0.0%     0.8%     0.1%
Mar 13 11:48:20    223.5    33957240      272    87.8%    273.9     0.2%    11.2%     0.2%     0.0%     0.8%     0.1%
Mar 13 11:49:20    223.4    37676051      272    87.8%    273.9     0.2%    11.2%     0.2%     0.0%     0.8%     0.1%
Mar 13 11:50:20    222.9    41304870      272    87.8%    273.8     0.2%    11.2%     0.2%     0.0%     0.8%     0.1%
Mar 13 11:51:23    221.6    44934148      271    87.8%    273.8     0.2%    11.2%     0.2%     0.0%     0.8%     0.1%
Mar 13 11:52:26    221.3    48746581      271    87.8%    273.8     0.2%    11.2%     0.2%     0.0%     0.8%     0.1%
Mar 13 11:53:30    220.4    52464265      271    87.8%    273.8     0.2%    11.2%     0.2%     0.0%     0.8%     0.1%
Mar 13 11:54:33    219.1    56004547      271    87.8%    273.7     0.2%    11.2%     0.2%     0.0%     0.8%     0.1%
Mar 13 11:55:35    219.0    59734493      271    87.7%    273.7     0.2%    11.2%     0.2%     0.0%     0.8%     0.1%
Mar 13 11:56:35    219.5    63543710      271    87.8%    273.7     0.2%    11.2%     0.2%     0.0%     0.8%     0.1%
Mar 13 11:57:37    218.4    66978195      271    87.8%    273.7     0.2%    11.2%     0.2%     0.0%     0.8%     0.1%
Mar 13 11:58:37    218.6    70693689      271    87.8%    273.7     0.2%    11.2%     0.2%     0.0%     0.8%     0.1%
Mar 13 11:59:37    218.0    74126866      271    87.8%    273.8     0.2%    11.2%     0.2%     0.0%     0.8%     0.1%
Mar 13 12:00:37    218.0    77745560      271    87.8%    273.8     0.2%    11.2%     0.2%     0.0%     0.8%     0.1%
Mar 13 12:01:37    217.4    81180207      272    87.8%    273.8     0.2%    11.2%     0.2%     0.0%     0.8%     0.1%
Mar 13 12:02:37    217.4    84802046      272    87.8%    273.8     0.2%    11.2%     0.2%     0.0%     0.8%     0.1%
Mar 13 12:03:37    217.0    88235848      272    87.8%    273.9     0.2%    11.2%     0.2%     0.0%     0.8%     0.1%
Mar 13 12:04:37    217.0    91855479      272    87.8%    273.9     0.2%    11.1%     0.2%     0.0%     0.8%     0.1%
Mar 13 12:05:37    216.8    95385516      272    87.8%    273.9     0.2%    11.1%     0.2%     0.0%     0.8%     0.1%
Mar 13 12:06:37    216.4    98823123      272    87.8%    273.9     0.2%    11.1%     0.2%     0.0%     0.8%     0.1%
Mar 13 12:07:37    216.0   102252587      272    87.8%    273.9     0.2%    11.1%     0.2%     0.0%     0.8%     0.1%
Mar 13 12:08:42    215.1   105681120      272    87.8%    273.9     0.2%    11.1%     0.2%     0.0%     0.8%     0.1%
Mar 13 12:09:42    214.9   109200708      272    87.8%    273.9     0.2%    11.1%     0.2%     0.0%     0.8%     0.1%
Mar 13 12:10:42    214.1   112346795      272    87.8%    273.9     0.2%    11.1%     0.2%     0.0%     0.8%     0.1%
Mar 13 12:11:43    213.2   115494158      272    87.8%    273.9     0.2%    11.1%     0.2%     0.0%     0.8%     0.1%
Mar 13 12:12:43    211.0   117809766      272    87.8%    273.9     0.2%    11.1%     0.2%     0.0%     0.8%     0.1%
Mar 13 12:13:46    208.0   119756457      272    87.8%    273.9     0.2%    11.1%     0.2%     0.0%     0.8%     0.1%
Mar 13 12:42:47    114.4   121191392      272    87.8%    273.9     0.2%    11.1%     0.2%     0.0%     0.8%     0.1%
ALL DONE!
