                                 Started job on |	Mar 13 11:54:50
                             Started mapping on |	Mar 13 11:57:56
                                    Finished on |	Mar 13 14:17:12
       Mapping speed, Million of reads per hour |	54.04

                          Number of input reads |	125440558
                      Average input read length |	267
                                    UNIQUE READS:
                   Uniquely mapped reads number |	103685190
                        Uniquely mapped reads % |	82.66%
                          Average mapped length |	269.61
                       Number of splices: Total |	81054005
            Number of splices: Annotated (sjdb) |	80300841
                       Number of splices: GT/AG |	80253750
                       Number of splices: GC/AG |	610942
                       Number of splices: AT/AC |	75843
               Number of splices: Non-canonical |	113470
                      Mismatch rate per base, % |	0.16%
                         Deletion rate per base |	0.02%
                        Deletion average length |	1.94
                        Insertion rate per base |	0.01%
                       Insertion average length |	1.76
                             MULTI-MAPPING READS:
        Number of reads mapped to multiple loci |	19839040
             % of reads mapped to multiple loci |	15.82%
        Number of reads mapped to too many loci |	253175
             % of reads mapped to too many loci |	0.20%
                                  UNMAPPED READS:
       % of reads unmapped: too many mismatches |	0.00%
                 % of reads unmapped: too short |	1.23%
                     % of reads unmapped: other |	0.10%
                                  CHIMERIC READS:
                       Number of chimeric reads |	0
                            % of chimeric reads |	0.00%
