                                 Started job on |	Mar 13 12:13:59
                             Started mapping on |	Mar 13 12:21:37
                                    Finished on |	Mar 13 14:09:37
       Mapping speed, Million of reads per hour |	72.47

                          Number of input reads |	130444144
                      Average input read length |	271
                                    UNIQUE READS:
                   Uniquely mapped reads number |	94376428
                        Uniquely mapped reads % |	72.35%
                          Average mapped length |	273.79
                       Number of splices: Total |	88972106
            Number of splices: Annotated (sjdb) |	88174212
                       Number of splices: GT/AG |	88114701
                       Number of splices: GC/AG |	659725
                       Number of splices: AT/AC |	89937
               Number of splices: Non-canonical |	107743
                      Mismatch rate per base, % |	0.16%
                         Deletion rate per base |	0.01%
                        Deletion average length |	1.91
                        Insertion rate per base |	0.01%
                       Insertion average length |	1.84
                             MULTI-MAPPING READS:
        Number of reads mapped to multiple loci |	34259193
             % of reads mapped to multiple loci |	26.26%
        Number of reads mapped to too many loci |	249834
             % of reads mapped to too many loci |	0.19%
                                  UNMAPPED READS:
       % of reads unmapped: too many mismatches |	0.00%
                 % of reads unmapped: too short |	1.13%
                     % of reads unmapped: other |	0.06%
                                  CHIMERIC READS:
                       Number of chimeric reads |	0
                            % of chimeric reads |	0.00%
