                                 Started job on |	Mar 13 12:36:13
                             Started mapping on |	Mar 13 12:42:11
                                    Finished on |	Mar 13 14:13:21
       Mapping speed, Million of reads per hour |	87.66

                          Number of input reads |	133197561
                      Average input read length |	268
                                    UNIQUE READS:
                   Uniquely mapped reads number |	108553412
                        Uniquely mapped reads % |	81.50%
                          Average mapped length |	270.04
                       Number of splices: Total |	97946303
            Number of splices: Annotated (sjdb) |	97110940
                       Number of splices: GT/AG |	97004188
                       Number of splices: GC/AG |	722604
                       Number of splices: AT/AC |	97681
               Number of splices: Non-canonical |	121830
                      Mismatch rate per base, % |	0.15%
                         Deletion rate per base |	0.01%
                        Deletion average length |	1.94
                        Insertion rate per base |	0.01%
                       Insertion average length |	1.77
                             MULTI-MAPPING READS:
        Number of reads mapped to multiple loci |	22681324
             % of reads mapped to multiple loci |	17.03%
        Number of reads mapped to too many loci |	270425
             % of reads mapped to too many loci |	0.20%
                                  UNMAPPED READS:
       % of reads unmapped: too many mismatches |	0.00%
                 % of reads unmapped: too short |	1.18%
                     % of reads unmapped: other |	0.09%
                                  CHIMERIC READS:
                       Number of chimeric reads |	0
                            % of chimeric reads |	0.00%
