                                 Started job on |	Mar 13 12:36:16
                             Started mapping on |	Mar 13 12:42:11
                                    Finished on |	Mar 13 14:27:08
       Mapping speed, Million of reads per hour |	75.83

                          Number of input reads |	132642698
                      Average input read length |	271
                                    UNIQUE READS:
                   Uniquely mapped reads number |	103602597
                        Uniquely mapped reads % |	78.11%
                          Average mapped length |	273.07
                       Number of splices: Total |	89810430
            Number of splices: Annotated (sjdb) |	88994611
                       Number of splices: GT/AG |	88940367
                       Number of splices: GC/AG |	661366
                       Number of splices: AT/AC |	88984
               Number of splices: Non-canonical |	119713
                      Mismatch rate per base, % |	0.16%
                         Deletion rate per base |	0.01%
                        Deletion average length |	1.97
                        Insertion rate per base |	0.01%
                       Insertion average length |	1.79
                             MULTI-MAPPING READS:
        Number of reads mapped to multiple loci |	27336470
             % of reads mapped to multiple loci |	20.61%
        Number of reads mapped to too many loci |	269133
             % of reads mapped to too many loci |	0.20%
                                  UNMAPPED READS:
       % of reads unmapped: too many mismatches |	0.00%
                 % of reads unmapped: too short |	1.00%
                     % of reads unmapped: other |	0.09%
                                  CHIMERIC READS:
                       Number of chimeric reads |	0
                            % of chimeric reads |	0.00%
