           Time    Speed        Read     Read   Mapped   Mapped   Mapped   Mapped Unmapped Unmapped Unmapped Unmapped
                    M/hr      number   length   unique   length   MMrate    multi   multi+       MM    short    other
Mar 13 10:59:16    159.3     2699952      273    86.9%    275.1     0.1%    12.2%     0.2%     0.0%     0.6%     0.1%
Mar 13 11:00:19    191.8     6607018      272    86.9%    275.1     0.1%    12.2%     0.2%     0.0%     0.6%     0.1%
Mar 13 11:01:19    203.9    10420266      272    86.9%    275.0     0.1%    12.2%     0.2%     0.0%     0.6%     0.1%
Mar 13 11:02:21    209.5    14316836      272    86.9%    275.0     0.1%    12.2%     0.2%     0.0%     0.6%     0.1%
Mar 13 11:03:24    212.2    18213894      272    86.9%    274.9     0.1%    12.2%     0.2%     0.0%     0.6%     0.1%
Mar 13 11:04:26    216.4    22296951      272    86.9%    274.9     0.1%    12.2%     0.2%     0.0%     0.6%     0.1%
Mar 13 11:05:28    215.5    25915582      272    86.9%    274.9     0.1%    12.2%     0.2%     0.0%     0.6%     0.1%
Mar 13 11:06:29    218.6    29998308      272    86.9%    274.9     0.1%    12.3%     0.2%     0.0%     0.6%     0.1%
Mar 13 11:07:29    218.4    33615636      272    86.9%    274.9     0.1%    12.3%     0.2%     0.0%     0.6%     0.1%
Mar 13 11:08:29    221.0    37699197      272    86.9%    274.9     0.1%    12.3%     0.2%     0.0%     0.6%     0.1%
Mar 13 11:09:30    220.4    41318483      272    86.9%    274.8     0.1%    12.3%     0.2%     0.0%     0.6%     0.1%
Mar 13 11:10:30    221.0    45125312      272    86.9%    274.8     0.1%    12.3%     0.2%     0.0%     0.6%     0.1%
Mar 13 11:11:33    221.2    49023475      272    86.9%    274.8     0.1%    12.3%     0.2%     0.0%     0.6%     0.1%
Mar 13 11:12:35    222.3    53108911      272    86.9%    274.8     0.1%    12.3%     0.2%     0.0%     0.6%     0.1%
Mar 13 11:13:38    222.4    57010574      272    86.9%    274.8     0.1%    12.3%     0.2%     0.0%     0.6%     0.1%
Mar 13 11:14:38    223.1    60912383      272    86.8%    274.8     0.1%    12.3%     0.2%     0.0%     0.6%     0.1%
Mar 13 11:15:38    222.7    64533505      272    86.8%    274.7     0.1%    12.3%     0.2%     0.0%     0.6%     0.1%
Mar 13 11:16:40    223.2    68525019      272    86.8%    274.7     0.1%    12.3%     0.2%     0.0%     0.6%     0.1%
Mar 13 11:17:40    223.5    72330512      272    86.8%    274.7     0.1%    12.3%     0.2%     0.0%     0.6%     0.1%
Mar 13 11:18:40    223.8    76142953      272    86.8%    274.7     0.1%    12.3%     0.2%     0.0%     0.6%     0.1%
Mar 13 11:19:40    224.3    80052959      272    86.8%    274.6     0.1%    12.3%     0.2%     0.0%     0.6%     0.1%
Mar 13 11:20:42    223.6    83676977      272    86.8%    274.6     0.1%    12.3%     0.2%     0.0%     0.6%     0.1%
Mar 13 11:21:42    224.3    87662660      272    86.8%    274.7     0.1%    12.3%     0.2%     0.0%     0.6%     0.1%
Mar 13 11:22:45    224.2    91555781      272    86.8%    274.7     0.1%    12.3%     0.2%     0.0%     0.6%     0.1%
Mar 13 11:23:45    224.6    95449520      272    86.9%    274.7     0.1%    12.3%     0.2%     0.0%     0.6%     0.1%
Mar 13 11:24:48    224.3    99249451      272    86.9%    274.7     0.1%    12.3%     0.2%     0.0%     0.6%     0.1%
Mar 13 11:25:49    224.7   103225944      272    86.9%    274.7     0.1%    12.3%     0.2%     0.0%     0.6%     0.1%
Mar 13 11:26:49    224.4   106829000      272    86.9%    274.7     0.1%    12.3%     0.2%     0.0%     0.6%     0.1%
Mar 13 11:27:50    224.5   110707861      272    86.9%    274.8     0.1%    12.3%     0.2%     0.0%     0.6%     0.1%
Mar 13 11:28:50    224.8   114593669      272    86.9%    274.8     0.1%    12.2%     0.2%     0.0%     0.6%     0.1%
Mar 13 11:29:50    225.2   118564229      272    86.9%    274.8     0.1%    12.2%     0.2%     0.0%     0.6%     0.1%
Mar 13 11:30:52    224.4   121980415      272    86.9%    274.8     0.1%    12.2%     0.2%     0.0%     0.6%     0.1%
Mar 13 11:31:53    225.0   126138790      272    86.9%    274.8     0.1%    12.2%     0.2%     0.0%     0.6%     0.1%
Mar 13 11:32:54    225.0   129930840      272    86.9%    274.8     0.1%    12.2%     0.2%     0.0%     0.6%     0.1%
Mar 13 11:33:55    225.0   133722077      272    86.9%    274.8     0.1%    12.2%     0.2%     0.0%     0.6%     0.1%
Mar 13 11:34:55    225.0   137511331      272    86.9%    274.8     0.1%    12.2%     0.2%     0.0%     0.6%     0.1%
Mar 13 11:36:00    224.1   141023413      272    86.9%    274.8     0.1%    12.2%     0.2%     0.0%     0.6%     0.1%
Mar 13 11:37:02    224.0   144817624      272    86.9%    274.8     0.1%    12.2%     0.2%     0.0%     0.6%     0.1%
Mar 13 11:38:02    223.8   148424039      272    86.9%    274.8     0.1%    12.2%     0.2%     0.0%     0.6%     0.1%
Mar 13 11:39:03    223.6   152026397      272    86.9%    274.8     0.1%    12.2%     0.2%     0.0%     0.6%     0.1%
Mar 13 11:40:03    223.3   155539143      272    86.9%    274.8     0.1%    12.2%     0.2%     0.0%     0.6%     0.1%
Mar 13 11:41:03    223.4   159328254      272    86.9%    274.8     0.1%    12.2%     0.2%     0.0%     0.6%     0.1%
Mar 13 11:42:05    223.3   163119044      272    86.9%    274.8     0.1%    12.2%     0.2%     0.0%     0.6%     0.1%
Mar 13 11:54:07    177.7   165491304      272    86.9%    274.8     0.1%    12.2%     0.2%     0.0%     0.6%     0.1%
ALL DONE!
