                                 Started job on |	Mar 12 15:37:11
                             Started mapping on |	Mar 12 15:38:23
                                    Finished on |	Mar 12 17:45:55
       Mapping speed, Million of reads per hour |	64.04

                          Number of input reads |	136128986
                      Average input read length |	276
                                    UNIQUE READS:
                   Uniquely mapped reads number |	120097462
                        Uniquely mapped reads % |	88.22%
                          Average mapped length |	278.07
                       Number of splices: Total |	113688553
            Number of splices: Annotated (sjdb) |	112837225
                       Number of splices: GT/AG |	112610215
                       Number of splices: GC/AG |	843920
                       Number of splices: AT/AC |	105398
               Number of splices: Non-canonical |	129020
                      Mismatch rate per base, % |	0.16%
                         Deletion rate per base |	0.01%
                        Deletion average length |	2.10
                        Insertion rate per base |	0.01%
                       Insertion average length |	1.93
                             MULTI-MAPPING READS:
        Number of reads mapped to multiple loci |	14851800
             % of reads mapped to multiple loci |	10.91%
        Number of reads mapped to too many loci |	183196
             % of reads mapped to too many loci |	0.13%
                                  UNMAPPED READS:
       % of reads unmapped: too many mismatches |	0.00%
                 % of reads unmapped: too short |	0.67%
                     % of reads unmapped: other |	0.07%
                                  CHIMERIC READS:
                       Number of chimeric reads |	0
                            % of chimeric reads |	0.00%
