           Time    Speed        Read     Read   Mapped   Mapped   Mapped   Mapped Unmapped Unmapped Unmapped Unmapped
                    M/hr      number   length   unique   length   MMrate    multi   multi+       MM    short    other
Mar 13 10:59:17    173.4     2986234      272    91.7%    273.2     0.2%     7.3%     0.1%     0.0%     0.8%     0.1%
Mar 13 11:00:17    189.9     6434957      272    91.7%    273.2     0.2%     7.3%     0.1%     0.0%     0.8%     0.0%
Mar 13 11:01:17    197.3     9976893      272    91.7%    273.2     0.2%     7.3%     0.1%     0.0%     0.8%     0.1%
Mar 13 11:02:20    205.3    13974720      272    91.7%    273.2     0.2%     7.4%     0.1%     0.0%     0.8%     0.0%
Mar 13 11:03:21    207.1    17601917      272    91.7%    273.1     0.2%     7.4%     0.1%     0.0%     0.8%     0.1%
Mar 13 11:04:22    207.3    21134503      272    91.7%    273.1     0.2%     7.4%     0.1%     0.0%     0.8%     0.1%
Mar 13 11:05:24    207.0    24668047      272    91.7%    273.1     0.2%     7.4%     0.1%     0.0%     0.8%     0.0%
Mar 13 11:06:24    207.6    28199753      272    91.7%    273.1     0.2%     7.4%     0.1%     0.0%     0.8%     0.0%
Mar 13 11:07:24    210.5    32103180      272    91.7%    273.1     0.2%     7.4%     0.1%     0.0%     0.8%     0.0%
Mar 13 11:08:24    210.1    35544856      271    91.7%    273.1     0.2%     7.4%     0.1%     0.0%     0.8%     0.0%
Mar 13 11:09:25    211.0    39265327      271    91.7%    273.1     0.2%     7.4%     0.1%     0.0%     0.8%     0.0%
Mar 13 11:10:25    211.5    42892853      271    91.7%    273.1     0.2%     7.4%     0.1%     0.0%     0.8%     0.0%
Mar 13 11:11:25    212.9    46709769      271    91.7%    273.0     0.2%     7.4%     0.1%     0.0%     0.8%     0.0%
Mar 13 11:12:25    212.8    50248018      271    91.6%    273.0     0.2%     7.4%     0.1%     0.0%     0.8%     0.0%
Mar 13 11:13:25    212.0    53595149      271    91.6%    273.0     0.2%     7.4%     0.1%     0.0%     0.8%     0.0%
Mar 13 11:14:25    212.7    57313022      271    91.6%    273.0     0.2%     7.4%     0.1%     0.0%     0.8%     0.0%
Mar 13 11:15:25    213.3    61040130      271    91.6%    272.9     0.2%     7.4%     0.1%     0.0%     0.8%     0.0%
Mar 13 11:16:25    213.0    64492019      271    91.6%    272.9     0.2%     7.4%     0.1%     0.0%     0.8%     0.0%
Mar 13 11:17:26    213.1    68120781      271    91.6%    272.9     0.2%     7.4%     0.1%     0.0%     0.8%     0.0%
Mar 13 11:18:26    213.3    71743333      271    91.6%    272.9     0.2%     7.4%     0.1%     0.0%     0.8%     0.0%
Mar 13 11:19:27    213.3    75365902      271    91.7%    272.9     0.2%     7.4%     0.1%     0.0%     0.8%     0.0%
Mar 13 11:20:27    213.7    79079774      271    91.7%    273.0     0.2%     7.4%     0.1%     0.0%     0.8%     0.0%
Mar 13 11:21:28    214.0    82793137      271    91.7%    273.0     0.2%     7.4%     0.1%     0.0%     0.8%     0.0%
Mar 13 11:22:28    213.9    86322198      271    91.7%    273.0     0.2%     7.4%     0.1%     0.0%     0.8%     0.0%
Mar 13 11:23:30    213.7    89941433      271    91.7%    273.0     0.2%     7.4%     0.1%     0.0%     0.8%     0.0%
Mar 13 11:24:32    214.4    93937300      271    91.7%    273.0     0.2%     7.4%     0.1%     0.0%     0.7%     0.0%
Mar 13 11:25:32    213.9    97279150      271    91.7%    273.1     0.2%     7.4%     0.1%     0.0%     0.7%     0.0%
Mar 13 11:26:33    213.9   100896575      271    91.7%    273.1     0.2%     7.4%     0.1%     0.0%     0.7%     0.0%
Mar 13 11:27:33    214.2   104602316      271    91.7%    273.1     0.2%     7.4%     0.1%     0.0%     0.7%     0.0%
Mar 13 11:28:34    214.5   108402343      271    91.7%    273.1     0.2%     7.4%     0.1%     0.0%     0.7%     0.0%
Mar 13 11:29:34    214.3   111827898      271    91.7%    273.1     0.2%     7.4%     0.1%     0.0%     0.8%     0.0%
Mar 13 11:30:34    214.3   115441627      271    91.7%    273.1     0.2%     7.4%     0.1%     0.0%     0.8%     0.0%
Mar 13 11:31:35    214.5   119148585      271    91.7%    273.1     0.2%     7.4%     0.1%     0.0%     0.8%     0.0%
Mar 13 11:32:37    214.3   122757830      272    91.7%    273.1     0.2%     7.4%     0.1%     0.0%     0.8%     0.0%
Mar 13 11:33:37    214.4   126368637      272    91.7%    273.1     0.2%     7.4%     0.1%     0.0%     0.8%     0.0%
Mar 13 11:34:37    214.5   129980876      272    91.7%    273.1     0.2%     7.4%     0.1%     0.0%     0.8%     0.0%
Mar 13 11:41:34    184.0   132848714      272    91.7%    273.1     0.2%     7.4%     0.1%     0.0%     0.8%     0.0%
ALL DONE!
