                                 Started job on |	Mar 13 10:56:54
                             Started mapping on |	Mar 13 10:58:15
                                    Finished on |	Mar 13 11:41:34
       Mapping speed, Million of reads per hour |	184.02

                          Number of input reads |	132848714
                      Average input read length |	272
                                    UNIQUE READS:
                   Uniquely mapped reads number |	121801022
                        Uniquely mapped reads % |	91.68%
                          Average mapped length |	273.10
                       Number of splices: Total |	120382313
            Number of splices: Annotated (sjdb) |	119435064
                       Number of splices: GT/AG |	119203877
                       Number of splices: GC/AG |	932048
                       Number of splices: AT/AC |	97773
               Number of splices: Non-canonical |	148615
                      Mismatch rate per base, % |	0.17%
                         Deletion rate per base |	0.01%
                        Deletion average length |	1.98
                        Insertion rate per base |	0.01%
                       Insertion average length |	1.65
                             MULTI-MAPPING READS:
        Number of reads mapped to multiple loci |	9800222
             % of reads mapped to multiple loci |	7.38%
        Number of reads mapped to too many loci |	177435
             % of reads mapped to too many loci |	0.13%
                                  UNMAPPED READS:
       % of reads unmapped: too many mismatches |	0.00%
                 % of reads unmapped: too short |	0.76%
                     % of reads unmapped: other |	0.05%
                                  CHIMERIC READS:
                       Number of chimeric reads |	0
                            % of chimeric reads |	0.00%
