           Time    Speed        Read     Read   Mapped   Mapped   Mapped   Mapped Unmapped Unmapped Unmapped Unmapped
                    M/hr      number   length   unique   length   MMrate    multi   multi+       MM    short    other
Mar 13 11:28:46    144.4     2407376      274    90.9%    275.9     0.2%     8.1%     0.1%     0.0%     0.7%     0.1%
Mar 13 11:29:46    183.2     6107260      274    90.9%    275.9     0.2%     8.2%     0.1%     0.0%     0.7%     0.1%
Mar 13 11:30:46    188.7     9437478      274    90.9%    275.8     0.2%     8.2%     0.1%     0.0%     0.7%     0.1%
Mar 13 11:31:46    194.2    12943458      274    90.9%    275.8     0.2%     8.2%     0.1%     0.0%     0.7%     0.1%
Mar 13 11:32:52    193.5    16448676      274    90.9%    275.8     0.2%     8.2%     0.1%     0.0%     0.7%     0.1%
Mar 13 11:33:55    195.6    20047554      274    90.9%    275.8     0.2%     8.2%     0.1%     0.0%     0.7%     0.1%
Mar 13 11:34:55    196.9    23463157      274    90.9%    275.7     0.2%     8.2%     0.1%     0.0%     0.7%     0.1%
Mar 13 11:35:56    198.1    26968303      274    90.9%    275.7     0.2%     8.2%     0.1%     0.0%     0.7%     0.1%
Mar 13 11:36:58    198.1    30382861      274    90.9%    275.7     0.2%     8.2%     0.1%     0.0%     0.7%     0.1%
Mar 13 11:37:59    199.0    33888115      274    90.9%    275.7     0.2%     8.2%     0.1%     0.0%     0.7%     0.1%
Mar 13 11:39:00    199.7    37392309      274    90.9%    275.7     0.2%     8.2%     0.1%     0.0%     0.7%     0.1%
Mar 13 11:40:01    199.4    40713189      274    90.9%    275.7     0.2%     8.2%     0.1%     0.0%     0.7%     0.1%
Mar 13 11:41:04    199.5    44219402      274    90.9%    275.6     0.2%     8.2%     0.1%     0.0%     0.7%     0.1%
Mar 13 11:42:05    200.0    47726791      274    90.9%    275.6     0.2%     8.2%     0.1%     0.0%     0.7%     0.1%
Mar 13 11:43:06    201.2    51417819      274    90.9%    275.6     0.2%     8.2%     0.1%     0.0%     0.7%     0.1%
Mar 13 11:44:08    201.0    54832294      274    90.9%    275.6     0.2%     8.2%     0.1%     0.0%     0.7%     0.1%
Mar 13 11:45:08    201.6    58340767      274    90.9%    275.6     0.2%     8.2%     0.1%     0.0%     0.7%     0.1%
Mar 13 11:46:10    201.4    61758472      274    90.9%    275.6     0.2%     8.2%     0.1%     0.0%     0.7%     0.1%
Mar 13 11:47:11    201.7    65269043      274    90.9%    275.6     0.2%     8.2%     0.1%     0.0%     0.7%     0.1%
Mar 13 11:48:12    202.5    68962246      274    90.9%    275.6     0.2%     8.2%     0.1%     0.0%     0.7%     0.1%
Mar 13 11:49:12    202.4    72284435      274    90.9%    275.6     0.2%     8.2%     0.1%     0.0%     0.7%     0.1%
Mar 13 11:50:13    202.6    75789965      274    90.9%    275.6     0.2%     8.2%     0.1%     0.0%     0.7%     0.1%
Mar 13 11:51:16    202.7    79390637      274    90.8%    275.5     0.2%     8.2%     0.1%     0.0%     0.7%     0.1%
Mar 13 11:52:16    203.0    82905109      274    90.8%    275.5     0.2%     8.3%     0.1%     0.0%     0.7%     0.1%
Mar 13 11:53:16    203.1    86330405      274    90.8%    275.5     0.2%     8.3%     0.1%     0.0%     0.7%     0.1%
Mar 13 11:54:16    203.2    89750539      274    90.8%    275.5     0.2%     8.3%     0.1%     0.0%     0.7%     0.1%
Mar 13 11:55:20    203.0    93254028      274    90.8%    275.5     0.2%     8.3%     0.1%     0.0%     0.7%     0.1%
Mar 13 11:56:20    203.6    96940584      274    90.8%    275.5     0.2%     8.3%     0.1%     0.0%     0.7%     0.1%
Mar 13 11:57:20    203.8   100443511      274    90.8%    275.5     0.2%     8.3%     0.1%     0.0%     0.7%     0.1%
Mar 13 11:58:25    203.5   103935737      274    90.9%    275.5     0.2%     8.3%     0.1%     0.0%     0.7%     0.1%
Mar 13 11:59:25    203.3   107241930      274    90.9%    275.5     0.2%     8.2%     0.1%     0.0%     0.7%     0.1%
Mar 13 12:00:25    203.5   110732432      274    90.9%    275.6     0.2%     8.2%     0.1%     0.0%     0.7%     0.1%
Mar 13 12:01:26    203.9   114407092      274    90.9%    275.6     0.2%     8.2%     0.1%     0.0%     0.7%     0.1%
Mar 13 12:02:26    203.9   117804550      274    90.9%    275.6     0.2%     8.2%     0.1%     0.0%     0.7%     0.1%
Mar 13 12:03:26    204.4   121481719      274    90.9%    275.6     0.2%     8.2%     0.1%     0.0%     0.7%     0.1%
Mar 13 12:04:29    204.1   124883884      274    90.9%    275.6     0.2%     8.2%     0.1%     0.0%     0.7%     0.1%
Mar 13 12:05:35    203.7   128375483      274    90.9%    275.6     0.2%     8.2%     0.1%     0.0%     0.7%     0.1%
Mar 13 12:06:35    203.8   131865271      274    90.9%    275.6     0.2%     8.2%     0.1%     0.0%     0.7%     0.1%
Mar 13 12:07:35    204.0   135357752      274    90.9%    275.6     0.2%     8.2%     0.1%     0.0%     0.7%     0.1%
Mar 13 12:08:36    203.9   138761172      274    90.9%    275.6     0.2%     8.2%     0.1%     0.0%     0.7%     0.1%
Mar 13 12:09:37    204.2   142439450      274    90.9%    275.6     0.2%     8.2%     0.1%     0.0%     0.7%     0.1%
Mar 13 12:10:37    204.2   145842035      274    90.9%    275.6     0.2%     8.2%     0.1%     0.0%     0.7%     0.1%
Mar 13 12:11:37    204.1   149149494      274    90.9%    275.6     0.2%     8.2%     0.1%     0.0%     0.7%     0.1%
Mar 13 12:12:40    203.9   152549746      274    90.9%    275.6     0.2%     8.2%     0.1%     0.0%     0.7%     0.1%
Mar 13 12:13:42    204.2   156322844      274    90.9%    275.6     0.2%     8.2%     0.1%     0.0%     0.7%     0.1%
Mar 13 12:14:42    204.3   159815611      274    90.9%    275.6     0.2%     8.2%     0.1%     0.0%     0.7%     0.1%
Mar 13 12:15:45    204.1   163213392      274    90.9%    275.7     0.2%     8.2%     0.1%     0.0%     0.7%     0.1%
Mar 13 12:16:45    204.1   166613558      274    90.9%    275.7     0.2%     8.2%     0.1%     0.0%     0.7%     0.1%
Mar 13 12:17:45    204.2   170105826      274    90.9%    275.7     0.2%     8.2%     0.1%     0.0%     0.7%     0.1%
Mar 13 12:18:45    204.1   173414761      274    90.9%    275.7     0.2%     8.2%     0.1%     0.0%     0.7%     0.1%
Mar 13 12:19:46    204.0   176819041      274    90.9%    275.7     0.2%     8.2%     0.1%     0.0%     0.7%     0.1%
Mar 13 12:38:22    151.6   178343604      274    90.9%    275.7     0.2%     8.2%     0.1%     0.0%     0.7%     0.1%
ALL DONE!
