           Time    Speed        Read     Read   Mapped   Mapped   Mapped   Mapped Unmapped Unmapped Unmapped Unmapped
                    M/hr      number   length   unique   length   MMrate    multi   multi+       MM    short    other
Mar 13 11:46:57    169.2     2819732      269    90.1%    271.1     0.2%     8.9%     0.2%     0.0%     0.8%     0.1%
Mar 13 11:47:58    187.2     6293115      269    90.1%    271.1     0.2%     8.9%     0.2%     0.0%     0.8%     0.1%
Mar 13 11:48:59    200.6    10141797      269    90.1%    271.1     0.2%     8.9%     0.2%     0.0%     0.8%     0.1%
Mar 13 11:49:59    205.2    13793820      269    90.1%    271.1     0.2%     9.0%     0.2%     0.0%     0.7%     0.1%
Mar 13 11:51:00    207.3    17444733      269    90.1%    271.1     0.2%     9.0%     0.2%     0.0%     0.7%     0.1%
Mar 13 11:52:00    208.3    21005921      269    90.1%    271.0     0.2%     9.0%     0.2%     0.0%     0.7%     0.1%
Mar 13 11:53:00    209.0    24563288      269    90.1%    271.0     0.2%     9.0%     0.2%     0.0%     0.8%     0.1%
Mar 13 11:54:00    211.0    28307857      269    90.1%    271.0     0.2%     9.0%     0.2%     0.0%     0.7%     0.1%
Mar 13 11:55:00    211.9    31960902      269    90.1%    270.9     0.2%     9.0%     0.2%     0.0%     0.7%     0.1%
Mar 13 11:56:00    213.2    35707252      269    90.1%    270.9     0.2%     9.0%     0.2%     0.0%     0.7%     0.1%
Mar 13 11:57:04    212.4    39361506      269    90.1%    270.9     0.2%     9.0%     0.2%     0.0%     0.7%     0.1%
Mar 13 11:58:07    213.1    43205525      269    90.1%    270.9     0.2%     9.0%     0.2%     0.0%     0.7%     0.1%
Mar 13 11:59:07    214.4    47051375      269    90.0%    270.8     0.2%     9.0%     0.2%     0.0%     0.7%     0.1%
Mar 13 12:00:09    213.8    50610034      269    90.0%    270.8     0.2%     9.0%     0.2%     0.0%     0.7%     0.1%
Mar 13 12:01:11    214.1    54356092      269    90.0%    270.8     0.2%     9.0%     0.2%     0.0%     0.7%     0.1%
Mar 13 12:02:13    214.7    58206222      269    90.0%    270.8     0.2%     9.0%     0.2%     0.0%     0.7%     0.1%
Mar 13 12:03:13    215.0    61872782      269    90.0%    270.7     0.2%     9.0%     0.2%     0.0%     0.7%     0.1%
Mar 13 12:04:14    215.3    65616222      269    90.0%    270.7     0.2%     9.0%     0.2%     0.0%     0.7%     0.1%
Mar 13 12:05:15    215.9    69450194      269    90.0%    270.8     0.2%     9.0%     0.2%     0.0%     0.7%     0.1%
Mar 13 12:06:17    216.0    73193396      269    90.0%    270.8     0.2%     9.0%     0.2%     0.0%     0.7%     0.1%
Mar 13 12:07:17    216.4    76931915      269    90.0%    270.8     0.2%     9.0%     0.2%     0.0%     0.7%     0.1%
Mar 13 12:08:18    216.3    80578726      269    90.1%    270.8     0.2%     9.0%     0.2%     0.0%     0.7%     0.1%
Mar 13 12:09:20    216.6    84411802      269    90.1%    270.9     0.2%     9.0%     0.2%     0.0%     0.7%     0.1%
Mar 13 12:10:26    216.3    88248386      269    90.1%    270.9     0.2%     9.0%     0.2%     0.0%     0.7%     0.1%
Mar 13 12:11:26    216.4    91894746      269    90.1%    270.9     0.2%     9.0%     0.2%     0.0%     0.7%     0.1%
Mar 13 12:12:28    216.4    95635212      269    90.1%    270.9     0.2%     9.0%     0.2%     0.0%     0.7%     0.1%
Mar 13 12:13:29    216.0    99099618      269    90.1%    270.9     0.2%     9.0%     0.2%     0.0%     0.7%     0.1%
Mar 13 12:14:29    216.6   103019636      269    90.1%    270.9     0.2%     9.0%     0.2%     0.0%     0.7%     0.1%
Mar 13 12:15:29    216.9   106750223      269    90.1%    270.9     0.2%     9.0%     0.2%     0.0%     0.7%     0.1%
Mar 13 12:16:30    216.8   110391519      269    90.1%    270.9     0.2%     9.0%     0.2%     0.0%     0.7%     0.1%
Mar 13 12:17:31    216.4   113840490      269    90.1%    270.9     0.2%     9.0%     0.2%     0.0%     0.7%     0.1%
Mar 13 12:18:31    216.6   117571933      269    90.1%    271.0     0.2%     9.0%     0.2%     0.0%     0.7%     0.1%
Mar 13 12:19:31    216.7   121208874      269    90.1%    271.0     0.2%     9.0%     0.2%     0.0%     0.7%     0.1%
Mar 13 12:35:21    151.8   124977593      269    90.1%    270.9     0.2%     9.0%     0.2%     0.0%     0.7%     0.1%
ALL DONE!
