           Time    Speed        Read     Read   Mapped   Mapped   Mapped   Mapped Unmapped Unmapped Unmapped Unmapped
                    M/hr      number   length   unique   length   MMrate    multi   multi+       MM    short    other
Mar 13 12:03:35     78.8     1422427      267    81.7%    269.3     0.2%    16.5%     0.2%     0.0%     1.6%     0.1%
Mar 13 12:04:39    105.7     3787374      267    81.7%    269.3     0.2%    16.5%     0.2%     0.0%     1.5%     0.1%
Mar 13 12:05:42    115.3     6150493      267    81.7%    269.4     0.2%    16.5%     0.2%     0.0%     1.5%     0.1%
Mar 13 12:06:42    119.0     8327075      267    81.7%    269.3     0.2%    16.5%     0.2%     0.0%     1.5%     0.1%
Mar 13 12:07:46    122.9    10784154      267    81.7%    269.3     0.2%    16.5%     0.2%     0.0%     1.5%     0.1%
Mar 13 12:08:48    116.2    12199059      267    81.7%    269.3     0.2%    16.5%     0.2%     0.0%     1.5%     0.1%
Mar 13 12:09:58    111.7    13897036      267    81.7%    269.3     0.2%    16.5%     0.2%     0.0%     1.5%     0.1%
Mar 13 12:11:04    107.9    15406280      267    81.7%    269.3     0.2%    16.5%     0.2%     0.0%     1.5%     0.1%
Mar 13 12:12:06    106.3    17010114      267    81.7%    269.3     0.1%    16.5%     0.2%     0.0%     1.5%     0.1%
Mar 13 12:13:14    102.5    18331508      267    81.7%    269.2     0.1%    16.5%     0.2%     0.0%     1.5%     0.1%
Mar 13 12:14:17    101.0    19840287      267    81.7%    269.2     0.2%    16.5%     0.2%     0.0%     1.5%     0.1%
Mar 13 12:15:23     99.4    21349854      267    81.6%    269.2     0.2%    16.5%     0.2%     0.0%     1.5%     0.1%
Mar 13 12:16:23     99.2    22954417      267    81.6%    269.2     0.2%    16.5%     0.2%     0.0%     1.5%     0.1%
Mar 13 12:17:27     96.7    24087291      267    81.6%    269.2     0.2%    16.5%     0.2%     0.0%     1.5%     0.1%
Mar 13 12:18:38     93.4    25125549      267    81.6%    269.2     0.2%    16.6%     0.2%     0.0%     1.5%     0.1%
Mar 13 12:19:38     91.0    25974228      267    81.6%    269.2     0.2%    16.6%     0.2%     0.0%     1.5%     0.1%
Mar 13 12:20:49     89.4    27294783      267    81.6%    269.1     0.2%    16.6%     0.2%     0.0%     1.5%     0.1%
Mar 13 12:21:56     88.1    28520191      267    81.6%    269.2     0.2%    16.6%     0.2%     0.0%     1.5%     0.1%
Mar 13 12:23:05     87.5    30029236      267    81.6%    269.2     0.2%    16.6%     0.2%     0.0%     1.5%     0.1%
Mar 13 12:24:11     84.7    30595077      267    81.6%    269.2     0.2%    16.6%     0.2%     0.0%     1.5%     0.1%
Mar 13 12:25:20     82.6    31443135      267    81.6%    269.2     0.2%    16.6%     0.2%     0.0%     1.5%     0.1%
Mar 13 12:26:21     82.2    32668739      267    81.6%    269.2     0.2%    16.6%     0.2%     0.0%     1.5%     0.1%
Mar 13 12:27:25     80.3    33329310      267    81.6%    269.2     0.2%    16.6%     0.2%     0.0%     1.5%     0.1%
Mar 13 12:28:26     79.1    34177677      267    81.6%    269.2     0.2%    16.6%     0.2%     0.0%     1.5%     0.1%
Mar 13 12:29:37     76.9    34743383      267    81.6%    269.2     0.2%    16.6%     0.2%     0.0%     1.5%     0.1%
Mar 13 12:30:56     75.7    35875837      267    81.6%    269.2     0.2%    16.6%     0.2%     0.0%     1.5%     0.1%
Mar 13 12:31:58     74.4    36536324      267    81.6%    269.2     0.2%    16.6%     0.2%     0.0%     1.5%     0.1%
Mar 13 12:33:00     74.7    37951247      267    81.6%    269.2     0.2%    16.6%     0.2%     0.0%     1.5%     0.1%
Mar 13 12:34:06     73.3    38611878      267    81.6%    269.2     0.2%    16.6%     0.2%     0.0%     1.5%     0.1%
Mar 13 12:35:10     73.0    39745580      267    81.6%    269.1     0.2%    16.6%     0.2%     0.0%     1.5%     0.1%
Mar 13 12:36:18     73.2    41254011      267    81.6%    269.2     0.2%    16.6%     0.2%     0.0%     1.5%     0.1%
Mar 13 12:37:21     72.8    42292637      267    81.6%    269.1     0.2%    16.6%     0.2%     0.0%     1.5%     0.1%
Mar 13 12:38:55     71.2    43236739      267    81.6%    269.1     0.2%    16.6%     0.2%     0.0%     1.5%     0.1%
Mar 13 12:40:05     70.2    43991912      267    81.6%    269.1     0.2%    16.6%     0.2%     0.0%     1.5%     0.1%
Mar 13 12:41:05     70.0    45030145      267    81.6%    269.1     0.2%    16.6%     0.2%     0.0%     1.5%     0.1%
Mar 13 12:42:31     68.8    45879776      267    81.6%    269.1     0.2%    16.6%     0.2%     0.0%     1.5%     0.1%
Mar 13 12:43:34     67.4    46162960      267    81.6%    269.1     0.2%    16.6%     0.2%     0.0%     1.5%     0.1%
Mar 13 12:44:41     66.3    46635012      267    81.6%    269.1     0.2%    16.6%     0.2%     0.0%     1.5%     0.1%
Mar 13 12:46:09     64.5    46918230      267    81.6%    269.1     0.2%    16.6%     0.2%     0.0%     1.5%     0.1%
Mar 13 12:47:13     64.3    47956672      267    81.6%    269.1     0.2%    16.6%     0.2%     0.0%     1.5%     0.1%
Mar 13 12:48:18     63.7    48618399      267    81.6%    269.1     0.2%    16.6%     0.2%     0.0%     1.5%     0.1%
Mar 13 12:49:23     63.9    49941087      267    81.6%    269.1     0.2%    16.6%     0.2%     0.0%     1.5%     0.1%
Mar 13 12:50:29     63.4    50696825      267    81.6%    269.1     0.2%    16.6%     0.2%     0.0%     1.5%     0.1%
Mar 13 12:51:34     63.3    51736956      267    81.6%    269.1     0.2%    16.6%     0.2%     0.0%     1.5%     0.1%
Mar 13 12:52:36     62.3    52020052      267    81.6%    269.1     0.2%    16.6%     0.2%     0.0%     1.5%     0.1%
Mar 13 12:53:36     62.2    52964135      267    81.6%    269.1     0.2%    16.6%     0.2%     0.0%     1.5%     0.1%
Mar 13 12:54:45     62.4    54380320      267    81.6%    269.1     0.2%    16.6%     0.2%     0.0%     1.5%     0.1%
Mar 13 12:56:12     61.6    55136308      267    81.6%    269.1     0.2%    16.6%     0.2%     0.0%     1.5%     0.1%
Mar 13 12:57:16     61.3    55985406      267    81.6%    269.1     0.2%    16.6%     0.2%     0.0%     1.5%     0.1%
Mar 13 12:58:19     61.1    56834712      267    81.6%    269.0     0.2%    16.6%     0.2%     0.0%     1.5%     0.1%
Mar 13 12:59:27     61.1    57966216      267    81.6%    269.1     0.2%    16.6%     0.2%     0.0%     1.5%     0.1%
Mar 13 13:00:49     61.2    59473528      267    81.6%    269.1     0.2%    16.6%     0.2%     0.0%     1.5%     0.1%
Mar 13 13:02:35     60.1    60135127      267    81.6%    269.1     0.2%    16.6%     0.2%     0.0%     1.5%     0.1%
Mar 13 13:03:42     59.7    60889461      267    81.6%    269.1     0.2%    16.6%     0.2%     0.0%     1.5%     0.1%
Mar 13 13:04:46     59.8    62020857      267    81.6%    269.1     0.2%    16.6%     0.2%     0.0%     1.5%     0.1%
Mar 13 13:05:48     59.9    63154674      267    81.6%    269.1     0.2%    16.6%     0.2%     0.0%     1.5%     0.1%
Mar 13 13:06:50     59.8    64099558      267    81.6%    269.0     0.2%    16.6%     0.2%     0.0%     1.5%     0.1%
Mar 13 13:07:55     60.0    65421941      267    81.6%    269.0     0.2%    16.6%     0.2%     0.0%     1.5%     0.1%
Mar 13 13:09:01     59.4    65800590      267    81.6%    269.0     0.2%    16.6%     0.2%     0.0%     1.5%     0.1%
Mar 13 13:10:01     59.1    66558896      267    81.6%    269.0     0.2%    16.6%     0.2%     0.0%     1.5%     0.1%
Mar 13 13:11:02     58.7    67032174      267    81.6%    269.0     0.2%    16.6%     0.2%     0.0%     1.5%     0.1%
Mar 13 13:12:02     59.0    68357115      267    81.6%    269.0     0.2%    16.6%     0.2%     0.0%     1.5%     0.1%
Mar 13 13:13:19     58.5    69021908      267    81.6%    269.0     0.2%    16.6%     0.2%     0.0%     1.5%     0.1%
Mar 13 13:14:19     58.1    69589739      267    81.6%    269.0     0.2%    16.6%     0.2%     0.0%     1.5%     0.1%
Mar 13 13:15:23     58.2    70725817      267    81.6%    268.9     0.2%    16.6%     0.2%     0.0%     1.5%     0.1%
Mar 13 13:16:25     58.3    71862188      267    81.6%    268.9     0.2%    16.6%     0.2%     0.0%     1.5%     0.1%
Mar 13 13:17:32     58.7    73369703      267    81.6%    268.9     0.2%    16.6%     0.2%     0.0%     1.5%     0.1%
Mar 13 13:18:35     58.5    74123340      267    81.6%    268.9     0.2%    16.6%     0.2%     0.0%     1.5%     0.1%
Mar 13 13:19:40     58.4    75160216      267    81.6%    269.0     0.2%    16.6%     0.2%     0.0%     1.5%     0.1%
Mar 13 13:20:42     58.2    75913668      267    81.6%    269.0     0.2%    16.6%     0.2%     0.0%     1.5%     0.1%
Mar 13 13:22:06     57.9    76854617      267    81.6%    269.0     0.2%    16.6%     0.2%     0.0%     1.5%     0.1%
Mar 13 13:23:17     57.6    77513886      267    81.6%    269.0     0.2%    16.6%     0.2%     0.0%     1.5%     0.1%
Mar 13 13:24:17     57.6    78457684      267    81.6%    269.0     0.2%    16.6%     0.2%     0.0%     1.5%     0.1%
Mar 13 13:25:22     57.5    79399181      267    81.6%    269.0     0.2%    16.6%     0.2%     0.0%     1.5%     0.1%
Mar 13 13:26:51     57.3    80529912      267    81.6%    269.0     0.2%    16.6%     0.2%     0.0%     1.5%     0.1%
Mar 13 13:28:09     56.7    81003227      267    81.6%    269.0     0.2%    16.6%     0.2%     0.0%     1.5%     0.1%
Mar 13 13:29:18     56.9    82321091      267    81.6%    269.0     0.2%    16.6%     0.2%     0.0%     1.5%     0.1%
Mar 13 13:30:44     56.2    82697416      267    81.6%    269.0     0.2%    16.6%     0.2%     0.0%     1.5%     0.1%
Mar 13 13:31:53     56.3    83828275      267    81.6%    269.0     0.2%    16.6%     0.2%     0.0%     1.5%     0.1%
Mar 13 13:32:55     56.1    84582435      267    81.6%    269.0     0.2%    16.6%     0.2%     0.0%     1.5%     0.1%
Mar 13 13:34:00     56.1    85523642      267    81.6%    269.0     0.2%    16.6%     0.2%     0.0%     1.5%     0.1%
Mar 13 13:35:07     56.0    86465098      267    81.6%    269.0     0.2%    16.6%     0.2%     0.0%     1.5%     0.1%
Mar 13 13:36:15     56.0    87501799      267    81.6%    269.0     0.2%    16.6%     0.2%     0.0%     1.5%     0.1%
Mar 13 13:37:21     56.2    88818867      267    81.6%    269.1     0.2%    16.6%     0.2%     0.0%     1.5%     0.1%
Mar 13 13:38:22     55.9    89289232      267    81.6%    269.1     0.2%    16.6%     0.2%     0.0%     1.5%     0.1%
Mar 13 13:39:32     55.4    89666032      267    81.6%    269.1     0.2%    16.6%     0.2%     0.0%     1.5%     0.1%
Mar 13 13:40:37     55.6    90892942      267    81.6%    269.1     0.2%    16.6%     0.2%     0.0%     1.5%     0.1%
Mar 13 13:41:54     55.6    92114798      267    81.6%    269.1     0.2%    16.6%     0.2%     0.0%     1.5%     0.1%
Mar 13 13:43:08     55.6    93246605      267    81.6%    269.1     0.2%    16.6%     0.2%     0.0%     1.5%     0.1%
Mar 13 13:44:12     55.7    94375872      267    81.6%    269.1     0.2%    16.6%     0.2%     0.0%     1.5%     0.1%
Mar 13 13:45:18     55.6    95314865      267    81.6%    269.1     0.2%    16.6%     0.2%     0.0%     1.5%     0.1%
Mar 13 13:46:23     55.7    96446062      267    81.6%    269.1     0.2%    16.6%     0.2%     0.0%     1.5%     0.1%
Mar 13 13:47:26     56.2    98235611      267    81.6%    269.1     0.2%    16.6%     0.2%     0.0%     1.5%     0.1%
Mar 13 13:48:37     56.3    99559806      267    81.6%    269.1     0.2%    16.6%     0.2%     0.0%     1.5%     0.1%
Mar 13 13:49:53     56.3   100686051      267    81.6%    269.1     0.2%    16.6%     0.2%     0.0%     1.5%     0.1%
Mar 13 13:50:56     56.5   102188780      267    81.6%    269.1     0.2%    16.6%     0.2%     0.0%     1.5%     0.1%
Mar 13 13:51:56     56.9   103783763      267    81.6%    269.1     0.2%    16.6%     0.2%     0.0%     1.5%     0.1%
Mar 13 13:52:57     57.2   105284577      267    81.6%    269.1     0.2%    16.6%     0.2%     0.0%     1.5%     0.1%
Mar 13 13:54:05     57.3   106598537      267    81.6%    269.1     0.2%    16.6%     0.2%     0.0%     1.5%     0.1%
Mar 13 13:55:09     57.5   108004607      267    81.6%    269.1     0.2%    16.6%     0.2%     0.0%     1.5%     0.1%
Mar 13 13:56:21     57.6   109227583      267    81.6%    269.1     0.2%    16.6%     0.2%     0.0%     1.5%     0.1%
Mar 13 13:57:26     57.8   110636820      267    81.6%    269.2     0.2%    16.6%     0.2%     0.0%     1.5%     0.1%
Mar 13 13:58:26     57.9   111860825      267    81.6%    269.1     0.2%    16.6%     0.2%     0.0%     1.5%     0.1%
Mar 13 13:59:26     58.2   113363022      267    81.6%    269.2     0.2%    16.6%     0.2%     0.0%     1.5%     0.1%
Mar 13 14:00:26     58.6   115244120      267    81.6%    269.2     0.2%    16.6%     0.2%     0.0%     1.5%     0.1%
Mar 13 14:01:28     58.6   116182715      267    81.6%    269.2     0.2%    16.6%     0.2%     0.0%     1.5%     0.1%
Mar 13 14:02:31     59.0   118063850      267    81.6%    269.2     0.2%    16.6%     0.2%     0.0%     1.5%     0.1%
Mar 13 14:03:35     59.3   119659307      267    81.6%    269.2     0.2%    16.6%     0.2%     0.0%     1.5%     0.1%
Mar 13 14:04:36     59.4   120881376      267    81.6%    269.2     0.2%    16.6%     0.2%     0.0%     1.5%     0.1%
Mar 13 14:05:44     59.3   121726711      267    81.6%    269.2     0.2%    16.6%     0.2%     0.0%     1.5%     0.1%
Mar 13 14:07:26     59.5   123794443      267    81.6%    269.2     0.2%    16.6%     0.2%     0.0%     1.5%     0.1%
Mar 13 14:08:26     59.3   124452768      267    81.6%    269.2     0.2%    16.6%     0.2%     0.0%     1.5%     0.1%
Mar 13 14:09:29     59.9   126805698      267    81.6%    269.2     0.2%    16.6%     0.2%     0.0%     1.5%     0.1%
Mar 13 14:10:29     60.5   129058711      267    81.6%    269.2     0.2%    16.6%     0.2%     0.0%     1.5%     0.1%
Mar 13 14:11:30     61.0   131124624      267    81.6%    269.2     0.2%    16.6%     0.2%     0.0%     1.5%     0.1%
Mar 13 14:12:37     61.6   133566264      267    81.6%    269.2     0.2%    16.6%     0.2%     0.0%     1.5%     0.1%
Mar 13 14:13:40     62.2   135915573      267    81.6%    269.2     0.2%    16.6%     0.2%     0.0%     1.5%     0.1%
Mar 13 14:14:42     62.8   138262741      267    81.6%    269.2     0.2%    16.6%     0.2%     0.0%     1.5%     0.1%
Mar 13 14:15:42     63.3   140516940      267    81.6%    269.2     0.2%    16.6%     0.2%     0.0%     1.5%     0.1%
Mar 13 14:16:43     63.7   142587681      267    81.6%    269.2     0.2%    16.6%     0.2%     0.0%     1.5%     0.1%
Mar 13 14:32:13     57.9   144417327      267    81.6%    269.2     0.2%    16.6%     0.2%     0.0%     1.5%     0.1%
ALL DONE!
