                                 Started job on |	Mar 13 12:01:12
                             Started mapping on |	Mar 13 12:02:30
                                    Finished on |	Mar 13 14:32:13
       Mapping speed, Million of reads per hour |	57.88

                          Number of input reads |	144417327
                      Average input read length |	267
                                    UNIQUE READS:
                   Uniquely mapped reads number |	117872614
                        Uniquely mapped reads % |	81.62%
                          Average mapped length |	269.18
                       Number of splices: Total |	101025678
            Number of splices: Annotated (sjdb) |	100220275
                       Number of splices: GT/AG |	100053284
                       Number of splices: GC/AG |	747186
                       Number of splices: AT/AC |	98019
               Number of splices: Non-canonical |	127189
                      Mismatch rate per base, % |	0.16%
                         Deletion rate per base |	0.01%
                        Deletion average length |	1.93
                        Insertion rate per base |	0.01%
                       Insertion average length |	1.78
                             MULTI-MAPPING READS:
        Number of reads mapped to multiple loci |	23921400
             % of reads mapped to multiple loci |	16.56%
        Number of reads mapped to too many loci |	284525
             % of reads mapped to too many loci |	0.20%
                                  UNMAPPED READS:
       % of reads unmapped: too many mismatches |	0.00%
                 % of reads unmapped: too short |	1.53%
                     % of reads unmapped: other |	0.09%
                                  CHIMERIC READS:
                       Number of chimeric reads |	0
                            % of chimeric reads |	0.00%
