                                 Started job on |	Mar 13 12:17:09
                             Started mapping on |	Mar 13 12:21:37
                                    Finished on |	Mar 13 14:46:15
       Mapping speed, Million of reads per hour |	64.46

                          Number of input reads |	155390364
                      Average input read length |	268
                                    UNIQUE READS:
                   Uniquely mapped reads number |	100868261
                        Uniquely mapped reads % |	64.91%
                          Average mapped length |	271.15
                       Number of splices: Total |	85679218
            Number of splices: Annotated (sjdb) |	84948422
                       Number of splices: GT/AG |	84852381
                       Number of splices: GC/AG |	628114
                       Number of splices: AT/AC |	78116
               Number of splices: Non-canonical |	120607
                      Mismatch rate per base, % |	0.15%
                         Deletion rate per base |	0.01%
                        Deletion average length |	1.86
                        Insertion rate per base |	0.01%
                       Insertion average length |	1.79
                             MULTI-MAPPING READS:
        Number of reads mapped to multiple loci |	52206579
             % of reads mapped to multiple loci |	33.60%
        Number of reads mapped to too many loci |	325573
             % of reads mapped to too many loci |	0.21%
                                  UNMAPPED READS:
       % of reads unmapped: too many mismatches |	0.00%
                 % of reads unmapped: too short |	1.21%
                     % of reads unmapped: other |	0.07%
                                  CHIMERIC READS:
                       Number of chimeric reads |	0
                            % of chimeric reads |	0.00%
