           Time    Speed        Read     Read   Mapped   Mapped   Mapped   Mapped Unmapped Unmapped Unmapped Unmapped
                    M/hr      number   length   unique   length   MMrate    multi   multi+       MM    short    other
Mar 13 12:44:59    134.5     2241329      272    81.2%    273.8     0.2%    17.8%     0.2%     0.0%     0.8%     0.1%
Mar 13 12:46:00    166.6     5599000      272    81.1%    273.7     0.2%    17.8%     0.2%     0.0%     0.8%     0.1%
Mar 13 12:47:04    177.9     9143363      272    81.1%    273.7     0.2%    17.8%     0.2%     0.0%     0.8%     0.1%
Mar 13 12:48:05    184.2    12586868      272    81.1%    273.7     0.2%    17.9%     0.2%     0.0%     0.8%     0.1%
Mar 13 12:49:05    186.4    15844527      272    81.1%    273.6     0.2%    17.9%     0.2%     0.0%     0.8%     0.1%
Mar 13 12:50:05    190.6    19379071      272    81.1%    273.6     0.2%    17.9%     0.2%     0.0%     0.8%     0.1%
Mar 13 12:51:05    190.5    22542850      271    81.1%    273.6     0.2%    17.9%     0.2%     0.0%     0.8%     0.1%
Mar 13 12:52:05    189.7    25612649      271    81.0%    273.6     0.2%    17.9%     0.2%     0.0%     0.8%     0.1%
Mar 13 12:53:08    190.5    29052791      271    81.0%    273.6     0.2%    17.9%     0.2%     0.0%     0.8%     0.1%
Mar 13 12:54:09    192.3    32587773      271    81.0%    273.6     0.2%    17.9%     0.2%     0.0%     0.8%     0.1%
Mar 13 12:55:10    192.8    35938173      271    81.0%    273.5     0.2%    18.0%     0.2%     0.0%     0.8%     0.1%
Mar 13 12:56:10    193.5    39289053      271    81.0%    273.5     0.2%    18.0%     0.2%     0.0%     0.8%     0.1%
Mar 13 12:57:11    194.7    42828384      271    81.0%    273.5     0.2%    18.0%     0.2%     0.0%     0.8%     0.1%
Mar 13 12:58:12    195.3    46276575      271    81.0%    273.5     0.2%    18.0%     0.2%     0.0%     0.8%     0.1%
Mar 13 12:59:13    195.1    49531725      271    81.0%    273.5     0.2%    18.0%     0.2%     0.0%     0.8%     0.1%
Mar 13 13:00:13    194.8    52693842      271    81.0%    273.5     0.2%    18.0%     0.2%     0.0%     0.8%     0.1%
Mar 13 13:01:17    195.0    56237417      271    81.0%    273.4     0.2%    18.0%     0.2%     0.0%     0.8%     0.1%
Mar 13 13:02:18    195.8    59784854      271    81.0%    273.3     0.2%    18.0%     0.2%     0.0%     0.8%     0.1%
Mar 13 13:03:18    196.4    63228044      271    81.0%    273.3     0.2%    18.0%     0.2%     0.0%     0.8%     0.1%
Mar 13 13:04:18    196.3    66480450      271    81.0%    273.4     0.2%    18.0%     0.2%     0.0%     0.8%     0.1%
Mar 13 13:05:18    196.5    69825906      271    81.0%    273.4     0.2%    18.0%     0.2%     0.0%     0.8%     0.1%
Mar 13 13:06:19    196.8    73262658      271    81.0%    273.4     0.2%    18.0%     0.2%     0.0%     0.8%     0.1%
Mar 13 13:07:19    197.2    76701057      271    81.0%    273.4     0.2%    18.0%     0.2%     0.0%     0.8%     0.1%
Mar 13 13:08:19    197.6    80136154      271    81.0%    273.5     0.2%    18.0%     0.2%     0.0%     0.8%     0.1%
Mar 13 13:09:19    197.5    83386604      271    81.0%    273.5     0.2%    18.0%     0.2%     0.0%     0.8%     0.1%
Mar 13 13:10:19    197.6    86735252      271    81.0%    273.5     0.2%    18.0%     0.2%     0.0%     0.8%     0.1%
Mar 13 13:11:20    197.6    90076759      271    81.0%    273.5     0.2%    18.0%     0.2%     0.0%     0.8%     0.1%
Mar 13 13:12:20    197.9    93513193      271    81.0%    273.5     0.2%    18.0%     0.2%     0.0%     0.8%     0.1%
Mar 13 13:13:21    197.9    96860971      271    81.0%    273.5     0.2%    18.0%     0.2%     0.0%     0.8%     0.1%
Mar 13 13:14:21    198.2   100300142      271    81.0%    273.5     0.2%    18.0%     0.2%     0.0%     0.8%     0.1%
Mar 13 13:15:22    198.0   103542615      271    81.0%    273.5     0.2%    18.0%     0.2%     0.0%     0.8%     0.1%
Mar 13 13:16:22    198.0   106881545      271    81.0%    273.6     0.2%    18.0%     0.2%     0.0%     0.8%     0.1%
Mar 13 13:17:23    198.0   110217867      271    81.0%    273.6     0.2%    18.0%     0.2%     0.0%     0.8%     0.1%
Mar 13 13:18:25    197.9   113550905      272    81.0%    273.6     0.2%    18.0%     0.2%     0.0%     0.8%     0.1%
Mar 13 13:19:29    198.0   117164938      272    81.0%    273.6     0.2%    18.0%     0.2%     0.0%     0.8%     0.1%
Mar 13 13:20:29    198.2   120596278      272    81.0%    273.6     0.2%    18.0%     0.2%     0.0%     0.8%     0.1%
Mar 13 13:45:16    119.8   122346349      272    81.0%    273.6     0.2%    18.0%     0.2%     0.0%     0.8%     0.1%
ALL DONE!
