                                 Started job on |	Mar 13 11:29:19
                             Started mapping on |	Mar 13 11:31:03
                                    Finished on |	Mar 13 12:55:47
       Mapping speed, Million of reads per hour |	105.10

                          Number of input reads |	148422997
                      Average input read length |	271
                                    UNIQUE READS:
                   Uniquely mapped reads number |	134955325
                        Uniquely mapped reads % |	90.93%
                          Average mapped length |	272.81
                       Number of splices: Total |	126452869
            Number of splices: Annotated (sjdb) |	125355549
                       Number of splices: GT/AG |	125172627
                       Number of splices: GC/AG |	989296
                       Number of splices: AT/AC |	102763
               Number of splices: Non-canonical |	188183
                      Mismatch rate per base, % |	0.17%
                         Deletion rate per base |	0.01%
                        Deletion average length |	2.00
                        Insertion rate per base |	0.01%
                       Insertion average length |	1.63
                             MULTI-MAPPING READS:
        Number of reads mapped to multiple loci |	11983508
             % of reads mapped to multiple loci |	8.07%
        Number of reads mapped to too many loci |	248335
             % of reads mapped to too many loci |	0.17%
                                  UNMAPPED READS:
       % of reads unmapped: too many mismatches |	0.00%
                 % of reads unmapped: too short |	0.77%
                     % of reads unmapped: other |	0.06%
                                  CHIMERIC READS:
                       Number of chimeric reads |	0
                            % of chimeric reads |	0.00%
