           Time    Speed        Read     Read   Mapped   Mapped   Mapped   Mapped Unmapped Unmapped Unmapped Unmapped
                    M/hr      number   length   unique   length   MMrate    multi   multi+       MM    short    other
Mar 12 15:39:24     10.9      185291      275    91.6%    276.5     0.2%     7.4%     0.1%     0.0%     0.8%     0.1%
Mar 12 15:40:30     36.7     1293053      276    91.7%    276.8     0.2%     7.3%     0.1%     0.0%     0.8%     0.1%
Mar 12 15:41:31     45.9     2397867      276    91.7%    276.9     0.2%     7.3%     0.1%     0.0%     0.8%     0.1%
Mar 12 15:42:31     49.5     3412166      275    91.7%    276.7     0.2%     7.3%     0.1%     0.0%     0.8%     0.1%
Mar 12 15:43:33     52.5     4517435      276    91.7%    276.8     0.2%     7.3%     0.1%     0.0%     0.8%     0.1%
Mar 12 15:44:38     54.0     5622540      276    91.7%    276.8     0.2%     7.3%     0.1%     0.0%     0.8%     0.1%
Mar 12 15:45:43     55.1     6728449      276    91.7%    276.8     0.2%     7.3%     0.1%     0.0%     0.8%     0.1%
Mar 12 15:46:47     56.0     7833902      276    91.7%    276.8     0.2%     7.3%     0.1%     0.0%     0.8%     0.1%
Mar 12 15:47:49     56.9     8939397      276    91.7%    276.8     0.2%     7.3%     0.1%     0.0%     0.8%     0.1%
Mar 12 15:48:54     57.3    10045285      276    91.7%    276.7     0.2%     7.3%     0.1%     0.0%     0.8%     0.1%
Mar 12 15:49:57     57.8    11147418      276    91.7%    276.7     0.2%     7.3%     0.1%     0.0%     0.8%     0.1%
Mar 12 15:50:58     58.4    12250169      275    91.7%    276.7     0.2%     7.3%     0.1%     0.0%     0.8%     0.1%
Mar 12 15:52:01     58.8    13352069      276    91.7%    276.7     0.2%     7.3%     0.1%     0.0%     0.8%     0.1%
Mar 12 15:53:03     59.1    14454353      275    91.7%    276.7     0.2%     7.3%     0.1%     0.0%     0.8%     0.1%
Mar 12 15:54:03     59.6    15557673      275    91.7%    276.7     0.2%     7.3%     0.1%     0.0%     0.8%     0.1%
Mar 12 15:55:03     60.0    16659932      275    91.7%    276.7     0.2%     7.3%     0.1%     0.0%     0.8%     0.1%
Mar 12 15:56:05     60.2    17763415      275    91.7%    276.7     0.2%     7.3%     0.1%     0.0%     0.8%     0.1%
Mar 12 15:57:08     60.4    18866656      275    91.7%    276.7     0.2%     7.3%     0.1%     0.0%     0.8%     0.1%
Mar 12 15:58:11     60.5    19967819      275    91.7%    276.7     0.2%     7.3%     0.1%     0.0%     0.8%     0.1%
Mar 12 15:59:22     60.3    21071786      275    91.7%    276.6     0.2%     7.3%     0.1%     0.0%     0.8%     0.1%
Mar 12 16:00:29     60.2    22174759      275    91.7%    276.6     0.2%     7.3%     0.1%     0.0%     0.8%     0.1%
Mar 12 16:01:29     60.5    23277317      275    91.7%    276.6     0.2%     7.3%     0.1%     0.0%     0.8%     0.1%
Mar 12 16:02:32     60.6    24381176      275    91.7%    276.6     0.2%     7.3%     0.1%     0.0%     0.8%     0.1%
Mar 12 16:03:37     60.6    25483398      275    91.7%    276.6     0.2%     7.3%     0.1%     0.0%     0.8%     0.1%
Mar 12 16:04:42     60.6    26586053      275    91.7%    276.6     0.2%     7.3%     0.1%     0.0%     0.8%     0.1%
Mar 12 16:05:45     60.7    27688889      275    91.7%    276.6     0.2%     7.3%     0.1%     0.0%     0.8%     0.1%
Mar 12 16:06:48     60.8    28790425      275    91.7%    276.6     0.2%     7.3%     0.1%     0.0%     0.8%     0.1%
Mar 12 16:07:50     60.9    29893960      275    91.7%    276.6     0.2%     7.3%     0.1%     0.0%     0.8%     0.1%
Mar 12 16:08:52     61.0    30995672      275    91.7%    276.6     0.2%     7.3%     0.1%     0.0%     0.8%     0.1%
Mar 12 16:09:56     61.0    32097812      275    91.7%    276.6     0.2%     7.3%     0.1%     0.0%     0.8%     0.1%
Mar 12 16:10:58     61.1    33201757      275    91.7%    276.6     0.2%     7.3%     0.1%     0.0%     0.8%     0.1%
Mar 12 16:12:02     61.2    34303495      275    91.7%    276.6     0.2%     7.3%     0.1%     0.0%     0.8%     0.1%
Mar 12 16:13:04     61.3    35406475      275    91.7%    276.6     0.2%     7.3%     0.1%     0.0%     0.8%     0.1%
Mar 12 16:14:08     61.3    36509829      275    91.7%    276.6     0.2%     7.3%     0.1%     0.0%     0.8%     0.1%
Mar 12 16:15:08     61.4    37611971      275    91.7%    276.6     0.2%     7.3%     0.1%     0.0%     0.8%     0.1%
Mar 12 16:16:08     61.5    38716221      275    91.7%    276.6     0.2%     7.3%     0.1%     0.0%     0.8%     0.1%
Mar 12 16:17:13     61.5    39819213      275    91.7%    276.6     0.2%     7.3%     0.1%     0.0%     0.8%     0.1%
Mar 12 16:18:15     61.6    40921227      275    91.7%    276.6     0.2%     7.3%     0.1%     0.0%     0.8%     0.1%
Mar 12 16:19:18     61.6    42024717      275    91.7%    276.6     0.2%     7.3%     0.1%     0.0%     0.8%     0.1%
Mar 12 16:20:21     61.7    43127710      275    91.7%    276.6     0.2%     7.3%     0.1%     0.0%     0.8%     0.1%
Mar 12 16:21:27     61.6    44229718      275    91.7%    276.6     0.2%     7.3%     0.1%     0.0%     0.8%     0.1%
Mar 12 16:22:28     61.7    45333921      275    91.7%    276.6     0.2%     7.3%     0.1%     0.0%     0.8%     0.1%
Mar 12 16:23:30     61.8    46437172      275    91.7%    276.6     0.2%     7.3%     0.1%     0.0%     0.8%     0.1%
Mar 12 16:24:34     61.8    47540895      275    91.7%    276.6     0.2%     7.3%     0.1%     0.0%     0.8%     0.1%
Mar 12 16:25:36     61.8    48645293      275    91.7%    276.6     0.2%     7.3%     0.1%     0.0%     0.8%     0.1%
Mar 12 16:26:36     61.9    49748784      275    91.7%    276.6     0.2%     7.3%     0.1%     0.0%     0.8%     0.1%
Mar 12 16:27:41     61.9    50853875      275    91.7%    276.5     0.2%     7.4%     0.1%     0.0%     0.8%     0.1%
Mar 12 16:28:45     61.9    51957388      275    91.7%    276.5     0.2%     7.4%     0.1%     0.0%     0.8%     0.1%
Mar 12 16:29:50     62.0    53152463      275    91.7%    276.5     0.2%     7.4%     0.1%     0.0%     0.8%     0.1%
Mar 12 16:30:52     62.0    54257978      275    91.7%    276.5     0.2%     7.4%     0.1%     0.0%     0.8%     0.1%
Mar 12 16:31:54     62.1    55359710      275    91.7%    276.5     0.2%     7.4%     0.1%     0.0%     0.8%     0.1%
Mar 12 16:32:54     62.0    56370737      275    91.7%    276.5     0.2%     7.4%     0.1%     0.0%     0.8%     0.1%
Mar 12 16:33:56     62.1    57474249      275    91.7%    276.5     0.2%     7.4%     0.1%     0.0%     0.8%     0.1%
Mar 12 16:35:02     62.0    58576048      275    91.7%    276.5     0.2%     7.4%     0.1%     0.0%     0.8%     0.1%
Mar 12 16:36:07     62.0    59679671      275    91.7%    276.5     0.2%     7.4%     0.1%     0.0%     0.8%     0.1%
Mar 12 16:37:11     62.0    60781951      275    91.7%    276.5     0.2%     7.4%     0.1%     0.0%     0.8%     0.1%
Mar 12 16:38:12     62.1    61883576      275    91.7%    276.5     0.2%     7.4%     0.1%     0.0%     0.8%     0.1%
Mar 12 16:39:15     62.1    62989225      275    91.7%    276.5     0.2%     7.4%     0.1%     0.0%     0.8%     0.1%
Mar 12 16:40:18     62.1    64092797      275    91.7%    276.5     0.2%     7.4%     0.1%     0.0%     0.8%     0.1%
Mar 12 16:41:18     62.2    65197998      275    91.7%    276.5     0.2%     7.4%     0.1%     0.0%     0.8%     0.1%
Mar 12 16:42:21     62.2    66304379      275    91.7%    276.5     0.2%     7.4%     0.1%     0.0%     0.8%     0.1%
Mar 12 16:43:25     62.2    67409907      275    91.7%    276.4     0.2%     7.4%     0.1%     0.0%     0.8%     0.1%
Mar 12 16:44:29     62.2    68517960      275    91.7%    276.4     0.2%     7.4%     0.1%     0.0%     0.8%     0.1%
Mar 12 16:45:30     62.2    69623245      275    91.7%    276.4     0.2%     7.4%     0.1%     0.0%     0.8%     0.1%
Mar 12 16:46:32     62.3    70728657      275    91.7%    276.4     0.2%     7.4%     0.1%     0.0%     0.8%     0.1%
Mar 12 16:47:43     62.2    71833951      275    91.7%    276.4     0.2%     7.4%     0.1%     0.0%     0.8%     0.1%
Mar 12 16:48:44     62.2    72934931      275    91.7%    276.4     0.2%     7.4%     0.1%     0.0%     0.8%     0.1%
Mar 12 16:49:44     62.3    74036502      275    91.7%    276.4     0.2%     7.4%     0.1%     0.0%     0.8%     0.1%
Mar 12 16:50:48     62.3    75138562      275    91.7%    276.4     0.2%     7.4%     0.1%     0.0%     0.8%     0.1%
Mar 12 16:51:53     62.2    76238893      275    91.7%    276.4     0.2%     7.4%     0.1%     0.0%     0.8%     0.1%
Mar 12 16:52:55     62.3    77341147      275    91.7%    276.4     0.2%     7.4%     0.1%     0.0%     0.8%     0.1%
Mar 12 16:54:02     62.2    78442579      275    91.7%    276.4     0.2%     7.4%     0.1%     0.0%     0.8%     0.1%
Mar 12 16:55:03     62.3    79543714      275    91.7%    276.5     0.2%     7.4%     0.1%     0.0%     0.8%     0.1%
Mar 12 16:56:03     62.3    80647322      275    91.7%    276.5     0.2%     7.4%     0.1%     0.0%     0.8%     0.1%
Mar 12 16:57:05     62.3    81747835      275    91.7%    276.5     0.2%     7.4%     0.1%     0.0%     0.8%     0.1%
Mar 12 16:58:06     62.4    82848675      275    91.7%    276.5     0.2%     7.4%     0.1%     0.0%     0.8%     0.1%
Mar 12 16:59:09     62.4    83951509      275    91.7%    276.5     0.2%     7.4%     0.1%     0.0%     0.8%     0.1%
Mar 12 17:00:11     62.4    85051775      275    91.7%    276.5     0.2%     7.4%     0.1%     0.0%     0.8%     0.1%
Mar 12 17:01:13     62.4    86152469      275    91.7%    276.5     0.2%     7.4%     0.1%     0.0%     0.8%     0.1%
Mar 12 17:02:16     62.4    87254855      275    91.7%    276.5     0.2%     7.4%     0.1%     0.0%     0.8%     0.1%
Mar 12 17:03:19     62.4    88354777      275    91.7%    276.5     0.2%     7.4%     0.1%     0.0%     0.8%     0.1%
Mar 12 17:04:21     62.4    89456251      275    91.7%    276.5     0.2%     7.4%     0.1%     0.0%     0.8%     0.1%
Mar 12 17:05:22     62.5    90558989      275    91.7%    276.5     0.2%     7.4%     0.1%     0.0%     0.8%     0.1%
Mar 12 17:06:24     62.5    91658487      275    91.7%    276.5     0.2%     7.4%     0.1%     0.0%     0.8%     0.1%
Mar 12 17:07:24     62.5    92761055      275    91.7%    276.5     0.2%     7.4%     0.1%     0.0%     0.8%     0.1%
Mar 12 17:08:28     62.5    93861906      275    91.7%    276.5     0.2%     7.3%     0.1%     0.0%     0.8%     0.1%
Mar 12 17:09:34     62.5    94960399      275    91.7%    276.5     0.2%     7.3%     0.1%     0.0%     0.8%     0.1%
Mar 12 17:10:36     62.5    96063760      275    91.7%    276.5     0.2%     7.3%     0.1%     0.0%     0.8%     0.1%
Mar 12 17:11:40     62.5    97165176      275    91.7%    276.5     0.2%     7.3%     0.1%     0.0%     0.8%     0.1%
Mar 12 17:12:40     62.5    98266918      275    91.7%    276.6     0.2%     7.3%     0.1%     0.0%     0.8%     0.1%
Mar 12 17:13:42     62.6    99372451      275    91.7%    276.5     0.2%     7.3%     0.1%     0.0%     0.8%     0.1%
Mar 12 17:14:43     62.6   100470622      275    91.7%    276.6     0.2%     7.3%     0.1%     0.0%     0.8%     0.1%
Mar 12 17:15:43     62.6   101568485      275    91.7%    276.6     0.2%     7.3%     0.1%     0.0%     0.8%     0.1%
Mar 12 17:16:44     62.6   102668336      275    91.7%    276.6     0.2%     7.3%     0.1%     0.0%     0.8%     0.1%
Mar 12 17:17:46     62.6   103764046      275    91.7%    276.6     0.2%     7.3%     0.1%     0.0%     0.8%     0.1%
Mar 12 17:18:48     62.7   104862215      275    91.7%    276.6     0.2%     7.3%     0.1%     0.0%     0.8%     0.1%
Mar 12 17:19:53     62.6   105960384      275    91.7%    276.6     0.2%     7.3%     0.1%     0.0%     0.8%     0.1%
Mar 12 17:20:55     62.6   107056417      275    91.7%    276.6     0.2%     7.3%     0.1%     0.0%     0.8%     0.1%
Mar 12 17:21:57     62.6   108064333      275    91.7%    276.6     0.2%     7.3%     0.1%     0.0%     0.8%     0.1%
Mar 12 17:22:59     62.6   109162853      275    91.7%    276.6     0.2%     7.3%     0.1%     0.0%     0.8%     0.1%
Mar 12 17:24:04     62.6   110261410      275    91.7%    276.6     0.2%     7.3%     0.1%     0.0%     0.8%     0.1%
Mar 12 17:25:07     62.6   111361902      275    91.7%    276.6     0.2%     7.3%     0.1%     0.0%     0.8%     0.1%
Mar 12 17:26:12     62.6   112459535      275    91.7%    276.6     0.2%     7.3%     0.1%     0.0%     0.8%     0.1%
Mar 12 17:27:15     62.6   113557802      275    91.7%    276.6     0.2%     7.3%     0.1%     0.0%     0.8%     0.1%
Mar 12 17:28:16     62.6   114657959      275    91.7%    276.6     0.2%     7.3%     0.1%     0.0%     0.8%     0.1%
Mar 12 17:29:19     62.6   115755852      275    91.7%    276.6     0.2%     7.3%     0.1%     0.0%     0.8%     0.1%
Mar 12 17:30:20     62.6   116855071      275    91.7%    276.6     0.2%     7.3%     0.1%     0.0%     0.8%     0.1%
Mar 12 17:31:20     62.7   117954215      275    91.7%    276.6     0.2%     7.3%     0.1%     0.0%     0.8%     0.1%
Mar 12 17:32:23     62.7   119051613      275    91.7%    276.6     0.2%     7.3%     0.1%     0.0%     0.8%     0.1%
Mar 12 17:33:28     62.6   120150823      275    91.7%    276.6     0.2%     7.3%     0.1%     0.0%     0.8%     0.1%
Mar 12 17:34:28     62.7   121249255      275    91.7%    276.6     0.2%     7.3%     0.1%     0.0%     0.8%     0.1%
Mar 12 17:35:28     62.7   122347163      275    91.7%    276.6     0.2%     7.3%     0.1%     0.0%     0.8%     0.1%
Mar 12 17:36:31     62.7   123446887      275    91.7%    276.6     0.2%     7.3%     0.1%     0.0%     0.8%     0.1%
Mar 12 17:37:35     62.7   124545970      275    91.7%    276.6     0.2%     7.3%     0.1%     0.0%     0.8%     0.1%
Mar 12 17:38:42     62.7   125737157      275    91.7%    276.6     0.2%     7.3%     0.1%     0.0%     0.8%     0.1%
Mar 12 17:39:44     62.7   126837026      275    91.7%    276.6     0.2%     7.3%     0.1%     0.0%     0.8%     0.1%
Mar 12 17:40:48     62.7   127934465      275    91.7%    276.6     0.2%     7.3%     0.1%     0.0%     0.8%     0.1%
Mar 12 17:41:50     62.7   129034391      275    91.7%    276.6     0.2%     7.3%     0.1%     0.0%     0.8%     0.1%
Mar 12 17:42:52     62.7   130132424      275    91.7%    276.6     0.2%     7.3%     0.1%     0.0%     0.8%     0.1%
Mar 12 17:43:55     62.7   131228940      275    91.7%    276.6     0.2%     7.3%     0.1%     0.0%     0.8%     0.1%
Mar 12 17:44:57     62.7   132328737      275    91.7%    276.6     0.2%     7.3%     0.1%     0.0%     0.8%     0.1%
Mar 12 17:45:58     62.7   133426521      275    91.7%    276.6     0.2%     7.3%     0.1%     0.0%     0.8%     0.1%
Mar 12 17:47:00     62.8   134524559      275    91.7%    276.6     0.2%     7.3%     0.1%     0.0%     0.8%     0.1%
Mar 12 17:48:00     62.7   135533741      275    91.7%    276.6     0.2%     7.3%     0.1%     0.0%     0.8%     0.1%
Mar 12 17:49:00     62.7   136539676      275    91.7%    276.6     0.2%     7.3%     0.1%     0.0%     0.8%     0.1%
Mar 12 17:50:01     62.7   137546176      275    91.7%    276.6     0.2%     7.3%     0.1%     0.0%     0.8%     0.1%
Mar 12 17:51:06     62.6   138554717      275    91.7%    276.6     0.2%     7.3%     0.1%     0.0%     0.8%     0.1%
Mar 12 17:52:08     62.6   139652093      275    91.7%    276.6     0.2%     7.3%     0.1%     0.0%     0.8%     0.1%
Mar 12 17:53:08     62.7   140750819      275    91.7%    276.6     0.2%     7.3%     0.1%     0.0%     0.8%     0.1%
Mar 12 17:54:11     62.7   141851791      275    91.7%    276.6     0.2%     7.3%     0.1%     0.0%     0.8%     0.1%
Mar 12 17:55:13     62.7   142951412      275    91.7%    276.6     0.2%     7.3%     0.1%     0.0%     0.8%     0.1%
Mar 12 18:07:10     58.0   143861627      275    91.7%    276.6     0.2%     7.3%     0.1%     0.0%     0.8%     0.1%
ALL DONE!
