                                 Started job on |	Mar 12 15:37:11
                             Started mapping on |	Mar 12 15:38:23
                                    Finished on |	Mar 12 18:07:10
       Mapping speed, Million of reads per hour |	58.02

                          Number of input reads |	143861627
                      Average input read length |	275
                                    UNIQUE READS:
                   Uniquely mapped reads number |	131957938
                        Uniquely mapped reads % |	91.73%
                          Average mapped length |	276.61
                       Number of splices: Total |	125139379
            Number of splices: Annotated (sjdb) |	124061584
                       Number of splices: GT/AG |	123870035
                       Number of splices: GC/AG |	979052
                       Number of splices: AT/AC |	102542
               Number of splices: Non-canonical |	187750
                      Mismatch rate per base, % |	0.17%
                         Deletion rate per base |	0.01%
                        Deletion average length |	1.99
                        Insertion rate per base |	0.01%
                       Insertion average length |	1.64
                             MULTI-MAPPING READS:
        Number of reads mapped to multiple loci |	10545797
             % of reads mapped to multiple loci |	7.33%
        Number of reads mapped to too many loci |	170611
             % of reads mapped to too many loci |	0.12%
                                  UNMAPPED READS:
       % of reads unmapped: too many mismatches |	0.00%
                 % of reads unmapped: too short |	0.77%
                     % of reads unmapped: other |	0.05%
                                  CHIMERIC READS:
                       Number of chimeric reads |	0
                            % of chimeric reads |	0.00%
