                                 Started job on |	Mar 13 10:50:40
                             Started mapping on |	Mar 13 10:52:21
                                    Finished on |	Mar 13 13:12:41
       Mapping speed, Million of reads per hour |	52.64

                          Number of input reads |	123126481
                      Average input read length |	274
                                    UNIQUE READS:
                   Uniquely mapped reads number |	110831237
                        Uniquely mapped reads % |	90.01%
                          Average mapped length |	275.97
                       Number of splices: Total |	102735018
            Number of splices: Annotated (sjdb) |	101852510
                       Number of splices: GT/AG |	101723028
                       Number of splices: GC/AG |	783389
                       Number of splices: AT/AC |	78383
               Number of splices: Non-canonical |	150218
                      Mismatch rate per base, % |	0.18%
                         Deletion rate per base |	0.01%
                        Deletion average length |	2.01
                        Insertion rate per base |	0.01%
                       Insertion average length |	1.67
                             MULTI-MAPPING READS:
        Number of reads mapped to multiple loci |	11050424
             % of reads mapped to multiple loci |	8.97%
        Number of reads mapped to too many loci |	168652
             % of reads mapped to too many loci |	0.14%
                                  UNMAPPED READS:
       % of reads unmapped: too many mismatches |	0.00%
                 % of reads unmapped: too short |	0.81%
                     % of reads unmapped: other |	0.06%
                                  CHIMERIC READS:
                       Number of chimeric reads |	0
                            % of chimeric reads |	0.00%
