           Time    Speed        Read     Read   Mapped   Mapped   Mapped   Mapped Unmapped Unmapped Unmapped Unmapped
                    M/hr      number   length   unique   length   MMrate    multi   multi+       MM    short    other
Mar 13 10:59:15    151.0     2516335      272    91.2%    273.7     0.2%     7.8%     0.1%     0.0%     0.9%     0.1%
Mar 13 11:00:15    178.8     5961155      272    91.1%    273.7     0.2%     7.8%     0.1%     0.0%     0.8%     0.1%
Mar 13 11:01:15    190.0     9500179      272    91.1%    273.6     0.2%     7.9%     0.1%     0.0%     0.9%     0.1%
Mar 13 11:02:15    196.8    13122726      272    91.1%    273.6     0.2%     7.9%     0.1%     0.0%     0.9%     0.1%
Mar 13 11:03:19    198.3    16743897      272    91.1%    273.6     0.2%     7.9%     0.1%     0.0%     0.8%     0.1%
Mar 13 11:04:23    200.1    20458461      272    91.1%    273.6     0.2%     7.9%     0.1%     0.0%     0.8%     0.1%
Mar 13 11:05:23    201.8    23988697      272    91.1%    273.5     0.2%     7.9%     0.1%     0.0%     0.8%     0.1%
Mar 13 11:06:26    201.1    27425361      272    91.1%    273.5     0.2%     7.9%     0.1%     0.0%     0.8%     0.1%
Mar 13 11:07:27    203.1    31139472      272    91.1%    273.5     0.2%     7.9%     0.1%     0.0%     0.8%     0.1%
Mar 13 11:08:27    203.9    34667257      272    91.1%    273.5     0.2%     7.9%     0.1%     0.0%     0.8%     0.1%
Mar 13 11:09:27    204.1    38103302      272    91.1%    273.5     0.2%     7.9%     0.1%     0.0%     0.8%     0.1%
Mar 13 11:10:27    204.8    41632765      272    91.1%    273.5     0.2%     7.9%     0.1%     0.0%     0.8%     0.1%
Mar 13 11:11:30    204.1    45069360      272    91.1%    273.5     0.2%     7.9%     0.1%     0.0%     0.8%     0.1%
Mar 13 11:12:30    205.0    48693516      272    91.1%    273.5     0.2%     7.9%     0.1%     0.0%     0.8%     0.1%
Mar 13 11:13:31    206.0    52413893      272    91.1%    273.4     0.2%     7.9%     0.1%     0.0%     0.8%     0.1%
Mar 13 11:14:31    205.7    55761681      272    91.1%    273.4     0.2%     7.9%     0.1%     0.0%     0.8%     0.1%
Mar 13 11:15:31    206.0    59291300      272    91.1%    273.4     0.2%     7.9%     0.1%     0.0%     0.8%     0.1%
Mar 13 11:16:31    206.0    62726368      272    91.1%    273.4     0.2%     7.9%     0.1%     0.0%     0.8%     0.1%
Mar 13 11:17:31    206.0    66164627      272    91.1%    273.4     0.2%     7.9%     0.1%     0.0%     0.8%     0.1%
Mar 13 11:18:32    206.2    69703202      272    91.1%    273.3     0.2%     7.9%     0.1%     0.0%     0.8%     0.1%
Mar 13 11:19:32    206.5    73244458      272    91.1%    273.3     0.2%     7.9%     0.1%     0.0%     0.8%     0.1%
Mar 13 11:20:32    206.7    76773652      272    91.1%    273.3     0.2%     7.9%     0.1%     0.0%     0.8%     0.1%
Mar 13 11:21:33    206.8    80299210      272    91.1%    273.3     0.2%     7.9%     0.1%     0.0%     0.8%     0.1%
Mar 13 11:22:36    206.6    83825638      272    91.1%    273.3     0.2%     7.9%     0.1%     0.0%     0.8%     0.1%
Mar 13 11:23:38    206.9    87535032      272    91.1%    273.4     0.2%     7.9%     0.1%     0.0%     0.8%     0.1%
Mar 13 11:24:38    206.9    90965954      272    91.1%    273.4     0.2%     7.9%     0.1%     0.0%     0.8%     0.1%
Mar 13 11:25:38    207.2    94582374      272    91.1%    273.4     0.2%     7.9%     0.1%     0.0%     0.8%     0.1%
Mar 13 11:26:38    207.6    98196006      272    91.1%    273.4     0.2%     7.9%     0.1%     0.0%     0.8%     0.1%
Mar 13 11:27:41    207.5   101809210      272    91.1%    273.4     0.2%     7.9%     0.1%     0.0%     0.8%     0.1%
Mar 13 11:28:42    207.4   105231949      272    91.1%    273.4     0.2%     7.9%     0.1%     0.0%     0.8%     0.1%
Mar 13 11:29:44    207.2   108744586      272    91.1%    273.5     0.2%     7.9%     0.1%     0.0%     0.8%     0.1%
Mar 13 11:30:44    207.2   112164361      272    91.1%    273.5     0.2%     7.9%     0.1%     0.0%     0.8%     0.1%
Mar 13 11:31:45    207.0   115589149      272    91.1%    273.5     0.2%     7.9%     0.1%     0.0%     0.8%     0.1%
Mar 13 11:32:46    207.4   119289716      272    91.1%    273.5     0.2%     7.9%     0.1%     0.0%     0.8%     0.1%
Mar 13 11:33:47    207.4   122805183      272    91.1%    273.5     0.2%     7.9%     0.1%     0.0%     0.8%     0.1%
Mar 13 11:34:47    207.3   126227283      272    91.1%    273.5     0.2%     7.9%     0.1%     0.0%     0.8%     0.1%
Mar 13 11:35:48    207.2   129652111      272    91.1%    273.5     0.2%     7.9%     0.1%     0.0%     0.8%     0.1%
Mar 13 11:36:48    207.0   132982698      272    91.1%    273.5     0.2%     7.9%     0.1%     0.0%     0.8%     0.1%
Mar 13 11:37:48    206.9   136403372      272    91.1%    273.5     0.2%     7.9%     0.1%     0.0%     0.8%     0.1%
Mar 13 11:38:51    206.4   139640705      272    91.1%    273.5     0.2%     7.9%     0.1%     0.0%     0.8%     0.1%
Mar 13 11:39:51    206.2   142972075      272    91.1%    273.5     0.2%     7.9%     0.1%     0.0%     0.8%     0.1%
Mar 13 11:40:52    205.8   146210351      272    91.1%    273.5     0.2%     7.9%     0.1%     0.0%     0.8%     0.1%
Mar 13 11:51:23    168.5   149189014      272    91.1%    273.5     0.2%     7.9%     0.1%     0.0%     0.8%     0.1%
ALL DONE!
