                                 Started job on |	Mar 13 10:56:56
                             Started mapping on |	Mar 13 10:58:15
                                    Finished on |	Mar 13 11:51:23
       Mapping speed, Million of reads per hour |	168.47

                          Number of input reads |	149189014
                      Average input read length |	272
                                    UNIQUE READS:
                   Uniquely mapped reads number |	135945459
                        Uniquely mapped reads % |	91.12%
                          Average mapped length |	273.51
                       Number of splices: Total |	130259320
            Number of splices: Annotated (sjdb) |	129148528
                       Number of splices: GT/AG |	129010948
                       Number of splices: GC/AG |	965675
                       Number of splices: AT/AC |	98213
               Number of splices: Non-canonical |	184484
                      Mismatch rate per base, % |	0.17%
                         Deletion rate per base |	0.01%
                        Deletion average length |	2.01
                        Insertion rate per base |	0.01%
                       Insertion average length |	1.65
                             MULTI-MAPPING READS:
        Number of reads mapped to multiple loci |	11769379
             % of reads mapped to multiple loci |	7.89%
        Number of reads mapped to too many loci |	167520
             % of reads mapped to too many loci |	0.11%
                                  UNMAPPED READS:
       % of reads unmapped: too many mismatches |	0.00%
                 % of reads unmapped: too short |	0.82%
                     % of reads unmapped: other |	0.06%
                                  CHIMERIC READS:
                       Number of chimeric reads |	0
                            % of chimeric reads |	0.00%
