                                 Started job on |	Mar 13 11:26:12
                             Started mapping on |	Mar 13 11:27:46
                                    Finished on |	Mar 13 12:39:24
       Mapping speed, Million of reads per hour |	99.07

                          Number of input reads |	118284013
                      Average input read length |	273
                                    UNIQUE READS:
                   Uniquely mapped reads number |	107935805
                        Uniquely mapped reads % |	91.25%
                          Average mapped length |	274.98
                       Number of splices: Total |	99625647
            Number of splices: Annotated (sjdb) |	98759379
                       Number of splices: GT/AG |	98666879
                       Number of splices: GC/AG |	737392
                       Number of splices: AT/AC |	75515
               Number of splices: Non-canonical |	145861
                      Mismatch rate per base, % |	0.17%
                         Deletion rate per base |	0.01%
                        Deletion average length |	2.00
                        Insertion rate per base |	0.01%
                       Insertion average length |	1.65
                             MULTI-MAPPING READS:
        Number of reads mapped to multiple loci |	9306650
             % of reads mapped to multiple loci |	7.87%
        Number of reads mapped to too many loci |	127101
             % of reads mapped to too many loci |	0.11%
                                  UNMAPPED READS:
       % of reads unmapped: too many mismatches |	0.00%
                 % of reads unmapped: too short |	0.72%
                     % of reads unmapped: other |	0.06%
                                  CHIMERIC READS:
                       Number of chimeric reads |	0
                            % of chimeric reads |	0.00%
