           Time    Speed        Read     Read   Mapped   Mapped   Mapped   Mapped Unmapped Unmapped Unmapped Unmapped
                    M/hr      number   length   unique   length   MMrate    multi   multi+       MM    short    other
Mar 13 11:28:46     78.0     1300701      274    91.2%    275.2     0.2%     7.8%     0.1%     0.0%     0.8%     0.1%
Mar 13 11:29:47    102.1     3432941      274    91.2%    275.1     0.2%     7.9%     0.1%     0.0%     0.7%     0.1%
Mar 13 11:30:53    108.9     5657298      274    91.2%    275.1     0.2%     7.9%     0.1%     0.0%     0.7%     0.1%
Mar 13 11:31:55    114.0     7881628      274    91.2%    275.1     0.2%     7.9%     0.1%     0.0%     0.7%     0.1%
Mar 13 11:32:55    115.6     9920993      274    91.2%    275.1     0.2%     7.9%     0.1%     0.0%     0.7%     0.1%
Mar 13 11:33:59    114.5    11861722      274    91.2%    275.1     0.2%     7.9%     0.1%     0.0%     0.7%     0.1%
Mar 13 11:35:00    117.6    14173373      273    91.2%    275.1     0.2%     7.9%     0.1%     0.0%     0.7%     0.1%
Mar 13 11:36:01    118.5    16299137      273    91.2%    275.1     0.2%     7.9%     0.1%     0.0%     0.7%     0.1%
Mar 13 11:37:01    117.1    18057083      273    91.2%    275.0     0.2%     7.9%     0.1%     0.0%     0.7%     0.1%
Mar 13 11:38:02    118.0    20184434      273    91.2%    275.0     0.2%     7.9%     0.1%     0.0%     0.7%     0.1%
Mar 13 11:39:03    118.6    22310672      273    91.2%    275.0     0.2%     7.9%     0.1%     0.0%     0.7%     0.1%
Mar 13 11:40:04    118.3    24250585      273    91.2%    275.0     0.2%     7.9%     0.1%     0.0%     0.7%     0.1%
Mar 13 11:41:06    118.7    26375777      273    91.2%    275.0     0.2%     7.9%     0.1%     0.0%     0.7%     0.1%
Mar 13 11:42:06    118.1    28224688      273    91.2%    275.0     0.2%     7.9%     0.1%     0.0%     0.7%     0.1%
Mar 13 11:43:07    118.6    30352181      273    91.2%    275.0     0.2%     7.9%     0.1%     0.0%     0.7%     0.1%
Mar 13 11:44:10    119.2    32572308      273    91.2%    275.0     0.2%     7.9%     0.1%     0.0%     0.7%     0.1%
Mar 13 11:45:14    119.5    34791543      273    91.2%    275.0     0.2%     7.9%     0.1%     0.0%     0.7%     0.1%
Mar 13 11:46:14    119.7    36826252      273    91.2%    275.0     0.2%     7.9%     0.1%     0.0%     0.7%     0.1%
Mar 13 11:47:14    119.8    38861986      273    91.2%    274.9     0.2%     7.9%     0.1%     0.0%     0.7%     0.1%
Mar 13 11:48:15    119.8    40898831      273    91.2%    274.9     0.2%     7.9%     0.1%     0.0%     0.7%     0.1%
Mar 13 11:49:15    119.7    42843367      273    91.2%    274.9     0.2%     7.9%     0.1%     0.0%     0.7%     0.1%
Mar 13 11:50:20    119.6    44971664      273    91.2%    274.9     0.2%     7.9%     0.1%     0.0%     0.7%     0.1%
Mar 13 11:51:23    119.7    47098752      273    91.2%    274.9     0.2%     7.9%     0.1%     0.0%     0.7%     0.1%
Mar 13 11:52:25    119.8    49225014      273    91.2%    274.9     0.2%     7.9%     0.1%     0.0%     0.7%     0.1%
Mar 13 11:53:26    119.6    51165630      273    91.2%    274.9     0.2%     7.9%     0.1%     0.0%     0.7%     0.1%
Mar 13 11:54:26    120.1    53388526      273    91.2%    274.9     0.2%     7.9%     0.1%     0.0%     0.7%     0.1%
Mar 13 11:55:26    120.2    55429356      273    91.2%    274.8     0.2%     7.9%     0.1%     0.0%     0.7%     0.1%
Mar 13 11:56:29    119.7    57285623      273    91.2%    274.8     0.2%     7.9%     0.1%     0.0%     0.7%     0.1%
Mar 13 11:57:31    119.8    59415922      273    91.2%    274.8     0.2%     7.9%     0.1%     0.0%     0.7%     0.1%
Mar 13 11:58:32    120.0    61540749      273    91.2%    274.8     0.2%     7.9%     0.1%     0.0%     0.7%     0.1%
Mar 13 11:59:33    120.2    63664437      273    91.2%    274.8     0.2%     7.9%     0.1%     0.0%     0.7%     0.1%
Mar 13 12:00:34    120.2    65695402      273    91.2%    274.8     0.2%     7.9%     0.1%     0.0%     0.7%     0.1%
Mar 13 12:01:38    120.2    67820194      273    91.2%    274.8     0.2%     7.9%     0.1%     0.0%     0.7%     0.1%
Mar 13 12:02:40    120.2    69944241      273    91.2%    274.8     0.2%     7.9%     0.1%     0.0%     0.7%     0.1%
Mar 13 12:03:41    120.2    71975879      273    91.2%    274.9     0.2%     7.9%     0.1%     0.0%     0.7%     0.1%
Mar 13 12:04:44    120.3    74099851      273    91.2%    274.9     0.2%     7.9%     0.1%     0.0%     0.7%     0.1%
Mar 13 12:05:45    120.4    76222068      273    91.2%    274.9     0.2%     7.9%     0.1%     0.0%     0.7%     0.1%
Mar 13 12:06:45    120.4    78250433      273    91.2%    274.9     0.2%     7.9%     0.1%     0.0%     0.7%     0.1%
Mar 13 12:07:46    120.1    80099342      273    91.2%    274.9     0.2%     7.9%     0.1%     0.0%     0.7%     0.1%
Mar 13 12:08:50    120.3    82318787      273    91.2%    274.9     0.2%     7.9%     0.1%     0.0%     0.7%     0.1%
Mar 13 12:09:51    120.3    84350958      273    91.2%    274.9     0.2%     7.9%     0.1%     0.0%     0.7%     0.1%
Mar 13 12:10:53    120.3    86472806      273    91.2%    274.9     0.2%     7.9%     0.1%     0.0%     0.7%     0.1%
Mar 13 12:11:53    120.2    88408793      273    91.2%    274.9     0.2%     7.9%     0.1%     0.0%     0.7%     0.1%
Mar 13 12:12:55    120.4    90626943      273    91.2%    275.0     0.2%     7.9%     0.1%     0.0%     0.7%     0.1%
Mar 13 12:13:57    120.3    92567803      273    91.2%    275.0     0.2%     7.9%     0.1%     0.0%     0.7%     0.1%
Mar 13 12:14:58    120.3    94601148      273    91.3%    275.0     0.2%     7.9%     0.1%     0.0%     0.7%     0.1%
Mar 13 12:16:00    120.3    96726690      273    91.3%    275.0     0.2%     7.9%     0.1%     0.0%     0.7%     0.1%
Mar 13 12:17:00    120.4    98758018      273    91.3%    275.0     0.2%     7.9%     0.1%     0.0%     0.7%     0.1%
Mar 13 12:18:01    120.5   100879464      273    91.3%    275.0     0.2%     7.9%     0.1%     0.0%     0.7%     0.1%
Mar 13 12:19:04    120.5   102999619      273    91.3%    275.0     0.2%     7.9%     0.1%     0.0%     0.7%     0.1%
Mar 13 12:20:08    120.3   105026307      273    91.3%    275.0     0.2%     7.9%     0.1%     0.0%     0.7%     0.1%
Mar 13 12:21:13    120.4   107236541      273    91.3%    275.0     0.2%     7.9%     0.1%     0.0%     0.7%     0.1%
Mar 13 12:22:13    120.3   109169968      273    91.3%    275.0     0.2%     7.9%     0.1%     0.0%     0.7%     0.1%
Mar 13 12:23:13    120.4   111288805      273    91.3%    275.0     0.2%     7.9%     0.1%     0.0%     0.7%     0.1%
Mar 13 12:24:13    120.4   113314034      273    91.3%    275.0     0.2%     7.9%     0.1%     0.0%     0.7%     0.1%
Mar 13 12:25:13    120.2   115063363      273    91.3%    275.0     0.2%     7.9%     0.1%     0.0%     0.7%     0.1%
Mar 13 12:26:17    120.1   117092019      273    91.3%    275.0     0.2%     7.9%     0.1%     0.0%     0.7%     0.1%
Mar 13 12:39:24     99.1   118284013      273    91.3%    275.0     0.2%     7.9%     0.1%     0.0%     0.7%     0.1%
ALL DONE!
