           Time    Speed        Read     Read   Mapped   Mapped   Mapped   Mapped Unmapped Unmapped Unmapped Unmapped
                    M/hr      number   length   unique   length   MMrate    multi   multi+       MM    short    other
Mar 13 11:46:58    138.6     2348636      270    91.9%    271.1     0.2%     7.2%     0.1%     0.0%     0.8%     0.0%
Mar 13 11:48:01    171.7     5914475      270    91.9%    271.0     0.2%     7.2%     0.1%     0.0%     0.8%     0.0%
Mar 13 11:49:04    178.9     9292060      270    91.9%    271.0     0.2%     7.2%     0.1%     0.0%     0.8%     0.0%
Mar 13 11:50:04    187.3    12850424      269    91.9%    271.0     0.2%     7.2%     0.1%     0.0%     0.8%     0.0%
Mar 13 11:51:06    190.1    16312991      269    91.9%    271.0     0.2%     7.2%     0.1%     0.0%     0.8%     0.0%
Mar 13 11:52:08    190.1    19588950      269    91.8%    270.9     0.2%     7.2%     0.1%     0.0%     0.8%     0.0%
Mar 13 11:53:13    190.3    23051818      269    91.8%    270.9     0.2%     7.2%     0.1%     0.0%     0.8%     0.0%
Mar 13 11:54:15    191.0    26418231      269    91.8%    270.9     0.2%     7.2%     0.1%     0.0%     0.8%     0.0%
Mar 13 11:55:15    192.2    29788185      269    91.8%    270.9     0.2%     7.2%     0.1%     0.0%     0.8%     0.0%
Mar 13 11:56:18    192.8    33252759      269    91.9%    270.9     0.2%     7.2%     0.1%     0.0%     0.8%     0.0%
Mar 13 11:57:18    195.6    36996524      269    91.9%    270.9     0.2%     7.2%     0.1%     0.0%     0.8%     0.0%
Mar 13 11:58:18    196.1    40369449      269    91.9%    270.9     0.2%     7.2%     0.1%     0.0%     0.8%     0.0%
Mar 13 11:59:18    195.8    43554800      269    91.8%    270.8     0.2%     7.2%     0.1%     0.0%     0.8%     0.0%
Mar 13 12:00:19    196.4    47019129      269    91.8%    270.8     0.2%     7.2%     0.1%     0.0%     0.8%     0.0%
Mar 13 12:01:19    196.4    50294731      269    91.8%    270.8     0.2%     7.2%     0.1%     0.0%     0.8%     0.0%
Mar 13 12:02:21    196.0    53572202      269    91.8%    270.8     0.2%     7.2%     0.1%     0.0%     0.8%     0.0%
Mar 13 12:03:21    196.4    56951150      269    91.8%    270.8     0.2%     7.2%     0.1%     0.0%     0.8%     0.0%
Mar 13 12:04:22    196.9    60422590      269    91.8%    270.7     0.2%     7.2%     0.1%     0.0%     0.8%     0.0%
Mar 13 12:05:22    196.8    63693444      269    91.8%    270.7     0.2%     7.2%     0.1%     0.0%     0.8%     0.0%
Mar 13 12:06:23    196.6    66965582      269    91.9%    270.8     0.2%     7.2%     0.1%     0.0%     0.8%     0.0%
Mar 13 12:07:25    196.8    70424844      269    91.9%    270.8     0.2%     7.2%     0.1%     0.0%     0.8%     0.0%
Mar 13 12:08:25    197.1    73787926      269    91.9%    270.8     0.2%     7.2%     0.1%     0.0%     0.8%     0.0%
Mar 13 12:09:29    196.7    77150843      269    91.9%    270.8     0.2%     7.2%     0.1%     0.0%     0.8%     0.0%
Mar 13 12:10:29    197.1    80608749      269    91.9%    270.9     0.2%     7.2%     0.1%     0.0%     0.8%     0.0%
Mar 13 12:11:30    197.6    84160334      269    91.9%    270.9     0.2%     7.2%     0.1%     0.0%     0.8%     0.0%
Mar 13 12:12:36    197.1    87524437      269    91.9%    270.9     0.2%     7.2%     0.1%     0.0%     0.8%     0.0%
Mar 13 12:13:36    197.2    90888276      269    91.9%    270.9     0.2%     7.2%     0.1%     0.0%     0.8%     0.0%
Mar 13 12:14:39    197.0    94255128      269    91.9%    270.9     0.2%     7.2%     0.1%     0.0%     0.8%     0.0%
Mar 13 12:15:45    197.1    97904235      269    91.9%    270.9     0.2%     7.2%     0.1%     0.0%     0.8%     0.0%
Mar 13 12:16:45    197.5   101357918      269    91.9%    270.9     0.2%     7.2%     0.1%     0.0%     0.8%     0.0%
Mar 13 12:17:45    197.4   104622821      269    91.9%    270.9     0.2%     7.2%     0.1%     0.0%     0.8%     0.0%
Mar 13 12:18:45    197.0   107699921      269    91.9%    270.9     0.2%     7.2%     0.1%     0.0%     0.8%     0.0%
Mar 13 12:19:46    196.7   110867765      269    91.9%    270.9     0.2%     7.2%     0.1%     0.0%     0.8%     0.0%
Mar 13 12:20:48    196.7   114221662      269    91.9%    271.0     0.2%     7.1%     0.1%     0.0%     0.8%     0.0%
Mar 13 12:21:48    196.6   117485435      269    91.9%    271.0     0.2%     7.2%     0.1%     0.0%     0.8%     0.0%
Mar 13 12:34:15    149.0   119965687      269    91.9%    270.9     0.2%     7.2%     0.1%     0.0%     0.8%     0.0%
ALL DONE!
