                                 Started job on |	Mar 13 11:42:06
                             Started mapping on |	Mar 13 11:45:57
                                    Finished on |	Mar 13 12:34:16
       Mapping speed, Million of reads per hour |	148.97

                          Number of input reads |	119965687
                      Average input read length |	269
                                    UNIQUE READS:
                   Uniquely mapped reads number |	110237517
                        Uniquely mapped reads % |	91.89%
                          Average mapped length |	270.95
                       Number of splices: Total |	113249845
            Number of splices: Annotated (sjdb) |	112415399
                       Number of splices: GT/AG |	112147702
                       Number of splices: GC/AG |	879266
                       Number of splices: AT/AC |	92499
               Number of splices: Non-canonical |	130378
                      Mismatch rate per base, % |	0.16%
                         Deletion rate per base |	0.01%
                        Deletion average length |	1.94
                        Insertion rate per base |	0.01%
                       Insertion average length |	1.64
                             MULTI-MAPPING READS:
        Number of reads mapped to multiple loci |	8581023
             % of reads mapped to multiple loci |	7.15%
        Number of reads mapped to too many loci |	142048
             % of reads mapped to too many loci |	0.12%
                                  UNMAPPED READS:
       % of reads unmapped: too many mismatches |	0.00%
                 % of reads unmapped: too short |	0.80%
                     % of reads unmapped: other |	0.04%
                                  CHIMERIC READS:
                       Number of chimeric reads |	0
                            % of chimeric reads |	0.00%
