                                 Started job on |	Mar 13 12:04:28
                             Started mapping on |	Mar 13 12:10:33
                                    Finished on |	Mar 13 14:07:14
       Mapping speed, Million of reads per hour |	60.17

                          Number of input reads |	117019447
                      Average input read length |	270
                                    UNIQUE READS:
                   Uniquely mapped reads number |	96433167
                        Uniquely mapped reads % |	82.41%
                          Average mapped length |	271.57
                       Number of splices: Total |	84129834
            Number of splices: Annotated (sjdb) |	83363808
                       Number of splices: GT/AG |	83284606
                       Number of splices: GC/AG |	640343
                       Number of splices: AT/AC |	68595
               Number of splices: Non-canonical |	136290
                      Mismatch rate per base, % |	0.18%
                         Deletion rate per base |	0.01%
                        Deletion average length |	1.90
                        Insertion rate per base |	0.01%
                       Insertion average length |	1.61
                             MULTI-MAPPING READS:
        Number of reads mapped to multiple loci |	17577529
             % of reads mapped to multiple loci |	15.02%
        Number of reads mapped to too many loci |	209990
             % of reads mapped to too many loci |	0.18%
                                  UNMAPPED READS:
       % of reads unmapped: too many mismatches |	0.00%
                 % of reads unmapped: too short |	2.33%
                     % of reads unmapped: other |	0.07%
                                  CHIMERIC READS:
                       Number of chimeric reads |	0
                            % of chimeric reads |	0.00%
