                                 Started job on |	Mar 13 12:10:49
                             Started mapping on |	Mar 13 12:14:35
                                    Finished on |	Mar 13 14:15:37
       Mapping speed, Million of reads per hour |	66.65

                          Number of input reads |	134454432
                      Average input read length |	272
                                    UNIQUE READS:
                   Uniquely mapped reads number |	107918700
                        Uniquely mapped reads % |	80.26%
                          Average mapped length |	274.17
                       Number of splices: Total |	95194585
            Number of splices: Annotated (sjdb) |	94365570
                       Number of splices: GT/AG |	94276455
                       Number of splices: GC/AG |	704905
                       Number of splices: AT/AC |	71210
               Number of splices: Non-canonical |	142015
                      Mismatch rate per base, % |	0.18%
                         Deletion rate per base |	0.01%
                        Deletion average length |	1.90
                        Insertion rate per base |	0.01%
                       Insertion average length |	1.64
                             MULTI-MAPPING READS:
        Number of reads mapped to multiple loci |	24212154
             % of reads mapped to multiple loci |	18.01%
        Number of reads mapped to too many loci |	213757
             % of reads mapped to too many loci |	0.16%
                                  UNMAPPED READS:
       % of reads unmapped: too many mismatches |	0.00%
                 % of reads unmapped: too short |	1.51%
                     % of reads unmapped: other |	0.06%
                                  CHIMERIC READS:
                       Number of chimeric reads |	0
                            % of chimeric reads |	0.00%
