                                 Started job on |	Mar 13 12:17:09
                             Started mapping on |	Mar 13 12:21:37
                                    Finished on |	Mar 13 14:35:50
       Mapping speed, Million of reads per hour |	56.92

                          Number of input reads |	127326579
                      Average input read length |	271
                                    UNIQUE READS:
                   Uniquely mapped reads number |	90171896
                        Uniquely mapped reads % |	70.82%
                          Average mapped length |	272.89
                       Number of splices: Total |	81253854
            Number of splices: Annotated (sjdb) |	80542946
                       Number of splices: GT/AG |	80459659
                       Number of splices: GC/AG |	607128
                       Number of splices: AT/AC |	62841
               Number of splices: Non-canonical |	124226
                      Mismatch rate per base, % |	0.18%
                         Deletion rate per base |	0.01%
                        Deletion average length |	1.84
                        Insertion rate per base |	0.01%
                       Insertion average length |	1.63
                             MULTI-MAPPING READS:
        Number of reads mapped to multiple loci |	34558911
             % of reads mapped to multiple loci |	27.14%
        Number of reads mapped to too many loci |	211394
             % of reads mapped to too many loci |	0.17%
                                  UNMAPPED READS:
       % of reads unmapped: too many mismatches |	0.00%
                 % of reads unmapped: too short |	1.83%
                     % of reads unmapped: other |	0.05%
                                  CHIMERIC READS:
                       Number of chimeric reads |	0
                            % of chimeric reads |	0.00%
