           Time    Speed        Read     Read   Mapped   Mapped   Mapped   Mapped Unmapped Unmapped Unmapped Unmapped
                    M/hr      number   length   unique   length   MMrate    multi   multi+       MM    short    other
Mar 13 12:22:55     21.7      469093      271    70.9%    272.8     0.2%    27.1%     0.2%     0.0%     1.8%     0.0%
Mar 13 12:23:59     33.2     1310451      271    71.0%    273.0     0.2%    27.0%     0.2%     0.0%     1.8%     0.0%
Mar 13 12:25:05     35.6     2057781      271    71.0%    273.1     0.2%    27.0%     0.2%     0.0%     1.8%     0.0%
Mar 13 12:26:13     36.6     2805473      271    70.9%    273.0     0.2%    27.0%     0.2%     0.0%     1.8%     0.0%
Mar 13 12:27:24     35.9     3459175      271    71.0%    273.0     0.2%    27.0%     0.2%     0.0%     1.8%     0.0%
Mar 13 12:28:29     37.6     4299541      271    71.0%    273.0     0.2%    27.0%     0.2%     0.0%     1.8%     0.0%
Mar 13 12:29:40     37.6     5046518      271    71.0%    273.0     0.2%    27.0%     0.2%     0.0%     1.8%     0.0%
Mar 13 12:30:40     39.7     5981011      271    71.0%    273.0     0.2%    27.0%     0.2%     0.0%     1.8%     0.0%
Mar 13 12:32:00     38.3     6634889      271    71.0%    273.0     0.2%    27.0%     0.2%     0.0%     1.8%     0.0%
Mar 13 12:33:05     39.6     7568890      271    71.0%    273.0     0.2%    27.0%     0.2%     0.0%     1.8%     0.0%
Mar 13 12:34:14     40.4     8502861      271    71.0%    273.0     0.2%    27.0%     0.2%     0.0%     1.8%     0.0%
Mar 13 12:35:23     41.9     9624128      271    71.0%    273.0     0.2%    27.0%     0.2%     0.0%     1.8%     0.0%
Mar 13 12:36:32     42.8    10649962      271    71.0%    273.0     0.2%    27.0%     0.2%     0.0%     1.8%     0.0%
Mar 13 12:37:47     43.0    11581029      271    71.0%    273.0     0.2%    27.0%     0.2%     0.0%     1.8%     0.0%
Mar 13 12:38:58     43.3    12512298      271    71.0%    273.0     0.2%    27.0%     0.2%     0.0%     1.8%     0.0%
Mar 13 12:40:22     41.8    13071237      271    71.0%    273.0     0.2%    27.0%     0.2%     0.0%     1.8%     0.0%
Mar 13 12:41:39     41.7    13909990      271    70.9%    273.0     0.2%    27.0%     0.2%     0.0%     1.8%     0.0%
Mar 13 12:42:56     41.3    14655565      271    70.9%    273.0     0.2%    27.0%     0.2%     0.0%     1.8%     0.0%
Mar 13 12:43:58     40.8    15214723      271    70.9%    273.0     0.2%    27.0%     0.2%     0.0%     1.8%     0.0%
Mar 13 12:45:13     39.9    15681352      271    70.9%    272.9     0.2%    27.0%     0.2%     0.0%     1.8%     0.0%
Mar 13 12:46:33     38.9    16147449      271    70.9%    272.9     0.2%    27.0%     0.2%     0.0%     1.8%     0.0%
Mar 13 12:47:52     39.0    17078842      271    70.9%    272.9     0.2%    27.1%     0.2%     0.0%     1.8%     0.0%
Mar 13 12:49:04     39.0    17824193      271    70.9%    272.9     0.2%    27.1%     0.2%     0.0%     1.8%     0.0%
Mar 13 12:50:13     39.0    18570064      271    70.9%    272.9     0.2%    27.1%     0.2%     0.0%     1.8%     0.0%
Mar 13 12:51:26     38.9    19316363      271    70.9%    272.9     0.2%    27.1%     0.2%     0.0%     1.8%     0.0%
Mar 13 12:52:31     38.8    19968866      271    70.9%    272.9     0.2%    27.1%     0.2%     0.0%     1.8%     0.0%
Mar 13 12:53:34     38.9    20714994      271    70.9%    272.9     0.2%    27.1%     0.2%     0.0%     1.8%     0.0%
Mar 13 12:54:36     38.9    21368101      271    70.9%    272.9     0.2%    27.1%     0.2%     0.0%     1.8%     0.0%
Mar 13 12:55:37     38.9    22020602      271    70.9%    272.9     0.2%    27.1%     0.2%     0.0%     1.8%     0.0%
Mar 13 12:56:41     39.1    22859237      271    70.9%    272.9     0.2%    27.1%     0.2%     0.0%     1.8%     0.0%
Mar 13 12:57:48     39.3    23698499      271    70.9%    272.9     0.2%    27.1%     0.2%     0.0%     1.8%     0.0%
Mar 13 12:58:58     39.4    24536890      271    70.9%    272.9     0.2%    27.1%     0.2%     0.0%     1.8%     0.0%
Mar 13 13:00:17     39.5    25468120      271    70.9%    272.9     0.2%    27.1%     0.2%     0.0%     1.8%     0.0%
Mar 13 13:01:17     39.8    26306847      271    70.9%    272.9     0.2%    27.1%     0.2%     0.0%     1.8%     0.0%
Mar 13 13:02:33     39.5    26958888      271    70.9%    272.9     0.2%    27.1%     0.2%     0.0%     1.8%     0.0%
Mar 13 13:03:33     40.0    27982596      271    70.9%    272.9     0.2%    27.1%     0.2%     0.0%     1.8%     0.0%
Mar 13 13:04:51     39.6    28542212      271    70.9%    272.9     0.2%    27.1%     0.2%     0.0%     1.8%     0.0%
Mar 13 13:05:59     40.0    29567350      271    70.9%    272.9     0.2%    27.1%     0.2%     0.0%     1.8%     0.0%
Mar 13 13:07:01     40.3    30497921      271    70.9%    272.9     0.2%    27.1%     0.2%     0.0%     1.8%     0.0%
Mar 13 13:08:09     40.3    31243557      271    70.9%    272.9     0.2%    27.1%     0.2%     0.0%     1.8%     0.0%
Mar 13 13:09:31     40.4    32269021      271    70.9%    272.9     0.2%    27.1%     0.2%     0.0%     1.8%     0.0%
Mar 13 13:10:31     41.0    33386564      271    70.9%    272.9     0.2%    27.1%     0.2%     0.0%     1.8%     0.0%
Mar 13 13:11:39     41.2    34319029      271    70.9%    272.9     0.2%    27.1%     0.2%     0.0%     1.8%     0.0%
Mar 13 13:12:53     41.4    35343971      271    70.9%    272.9     0.2%    27.1%     0.2%     0.0%     1.8%     0.0%
Mar 13 13:13:54     41.6    36275596      271    70.9%    272.9     0.2%    27.1%     0.2%     0.0%     1.8%     0.0%
Mar 13 13:14:55     42.1    37393753      271    70.8%    272.9     0.2%    27.1%     0.2%     0.0%     1.8%     0.0%
Mar 13 13:15:58     42.3    38325490      271    70.9%    272.9     0.2%    27.1%     0.2%     0.0%     1.8%     0.0%
Mar 13 13:17:03     42.4    39163832      271    70.8%    272.9     0.2%    27.1%     0.2%     0.0%     1.8%     0.0%
Mar 13 13:18:08     42.6    40096632      271    70.8%    272.8     0.2%    27.1%     0.2%     0.0%     1.8%     0.0%
Mar 13 13:19:15     42.6    40936002      271    70.8%    272.8     0.2%    27.1%     0.2%     0.0%     1.8%     0.0%
Mar 13 13:20:15     42.7    41775311      271    70.8%    272.8     0.2%    27.1%     0.2%     0.0%     1.8%     0.0%
Mar 13 13:21:19     42.8    42615246      271    70.8%    272.8     0.2%    27.1%     0.2%     0.0%     1.8%     0.0%
Mar 13 13:22:22     42.9    43454812      271    70.8%    272.8     0.2%    27.1%     0.2%     0.0%     1.8%     0.0%
Mar 13 13:23:31     42.9    44294379      271    70.8%    272.8     0.2%    27.2%     0.2%     0.0%     1.8%     0.0%
Mar 13 13:24:35     43.1    45228245      271    70.8%    272.8     0.2%    27.2%     0.2%     0.0%     1.8%     0.0%
Mar 13 13:25:41     42.8    45694652      271    70.8%    272.8     0.2%    27.2%     0.2%     0.0%     1.8%     0.0%
Mar 13 13:26:45     43.0    46626594      271    70.8%    272.8     0.2%    27.2%     0.2%     0.0%     1.8%     0.0%
Mar 13 13:27:47     43.0    47467237      271    70.8%    272.8     0.2%    27.2%     0.2%     0.0%     1.8%     0.0%
Mar 13 13:29:00     42.9    48213085      271    70.8%    272.8     0.2%    27.2%     0.2%     0.0%     1.8%     0.0%
Mar 13 13:30:04     43.0    49050498      271    70.8%    272.8     0.2%    27.2%     0.2%     0.0%     1.8%     0.0%
Mar 13 13:31:04     43.0    49796670      271    70.8%    272.8     0.2%    27.2%     0.2%     0.0%     1.8%     0.0%
Mar 13 13:32:07     43.3    50822246      271    70.8%    272.8     0.2%    27.2%     0.2%     0.0%     1.8%     0.0%
Mar 13 13:33:11     43.3    51660125      271    70.8%    272.8     0.2%    27.2%     0.2%     0.0%     1.8%     0.0%
Mar 13 13:34:17     43.5    52685728      271    70.8%    272.8     0.2%    27.2%     0.2%     0.0%     1.8%     0.0%
Mar 13 13:35:23     43.5    53524289      271    70.8%    272.8     0.2%    27.2%     0.2%     0.0%     1.8%     0.0%
Mar 13 13:36:41     43.5    54362182      271    70.8%    272.8     0.2%    27.2%     0.2%     0.0%     1.8%     0.0%
Mar 13 13:37:47     43.6    55295469      271    70.8%    272.8     0.2%    27.2%     0.2%     0.0%     1.8%     0.0%
Mar 13 13:38:58     43.7    56322288      271    70.8%    272.7     0.2%    27.2%     0.2%     0.0%     1.8%     0.0%
Mar 13 13:40:03     43.7    57069061      271    70.8%    272.7     0.2%    27.2%     0.2%     0.0%     1.8%     0.0%
Mar 13 13:41:04     43.7    57910914      271    70.8%    272.7     0.2%    27.2%     0.2%     0.0%     1.8%     0.0%
Mar 13 13:42:21     43.7    58846032      271    70.8%    272.7     0.2%    27.2%     0.2%     0.0%     1.8%     0.0%
Mar 13 13:43:23     43.9    59875483      271    70.8%    272.7     0.2%    27.2%     0.2%     0.0%     1.8%     0.0%
Mar 13 13:44:27     44.0    60810907      271    70.8%    272.7     0.2%    27.2%     0.2%     0.0%     1.8%     0.0%
Mar 13 13:45:41     44.3    62026859      271    70.8%    272.6     0.2%    27.2%     0.2%     0.0%     1.8%     0.0%
Mar 13 13:46:49     44.5    63149780      271    70.8%    272.6     0.2%    27.2%     0.2%     0.0%     1.8%     0.0%
Mar 13 13:47:50     44.9    64544700      271    70.8%    272.6     0.2%    27.2%     0.2%     0.0%     1.8%     0.0%
Mar 13 13:48:54     44.9    65289046      271    70.8%    272.6     0.2%    27.2%     0.2%     0.0%     1.8%     0.0%
Mar 13 13:49:56     45.0    66220016      271    70.8%    272.7     0.2%    27.2%     0.2%     0.0%     1.8%     0.0%
Mar 13 13:51:00     45.1    67241975      271    70.8%    272.7     0.2%    27.2%     0.2%     0.0%     1.8%     0.0%
Mar 13 13:52:10     45.5    68731159      271    70.8%    272.7     0.2%    27.2%     0.2%     0.0%     1.8%     0.0%
Mar 13 13:53:11     45.8    69939806      271    70.8%    272.7     0.2%    27.2%     0.2%     0.0%     1.8%     0.0%
Mar 13 13:54:26     46.1    71337052      271    70.8%    272.7     0.2%    27.2%     0.2%     0.0%     1.8%     0.0%
Mar 13 13:55:37     46.2    72452913      271    70.8%    272.7     0.2%    27.2%     0.2%     0.0%     1.8%     0.0%
Mar 13 13:56:37     46.8    74034798      271    70.8%    272.7     0.2%    27.2%     0.2%     0.0%     1.8%     0.0%
Mar 13 13:57:40     47.1    75335705      271    70.8%    272.7     0.2%    27.2%     0.2%     0.0%     1.8%     0.0%
Mar 13 13:58:40     47.5    76824543      271    70.8%    272.7     0.2%    27.2%     0.2%     0.0%     1.8%     0.0%
Mar 13 13:59:44     48.3    79055048      271    70.8%    272.8     0.2%    27.2%     0.2%     0.0%     1.8%     0.0%
Mar 13 14:00:44     48.8    80636652      271    70.8%    272.8     0.2%    27.2%     0.2%     0.0%     1.8%     0.0%
Mar 13 14:01:50     49.2    82218876      271    70.8%    272.8     0.2%    27.2%     0.2%     0.0%     1.8%     0.0%
Mar 13 14:02:57     49.8    84168098      271    70.8%    272.8     0.2%    27.2%     0.2%     0.0%     1.8%     0.0%
Mar 13 14:03:58     50.5    86123264      271    70.8%    272.8     0.2%    27.2%     0.2%     0.0%     1.8%     0.0%
Mar 13 14:04:58     51.0    87802222      271    70.8%    272.8     0.2%    27.2%     0.2%     0.0%     1.8%     0.0%
Mar 13 14:06:02     51.4    89473558      271    70.8%    272.8     0.2%    27.2%     0.2%     0.0%     1.8%     0.0%
Mar 13 14:07:02     52.0    91427324      271    70.8%    272.8     0.2%    27.2%     0.2%     0.0%     1.8%     0.0%
Mar 13 14:08:04     52.6    93286698      271    70.8%    272.8     0.2%    27.2%     0.2%     0.0%     1.8%     0.0%
Mar 13 14:09:06     53.3    95423283      271    70.8%    272.9     0.2%    27.2%     0.2%     0.0%     1.8%     0.0%
Mar 13 14:10:06     53.9    97470970      271    70.8%    272.9     0.2%    27.2%     0.2%     0.0%     1.8%     0.0%
Mar 13 14:11:08     54.7    99891603      271    70.8%    272.9     0.2%    27.2%     0.2%     0.0%     1.8%     0.0%
Mar 13 14:12:08     55.8   102861968      271    70.8%    272.9     0.2%    27.1%     0.2%     0.0%     1.8%     0.0%
Mar 13 14:13:08     57.0   105923907      271    70.8%    272.9     0.2%    27.1%     0.2%     0.0%     1.8%     0.0%
Mar 13 14:14:08     58.0   108801232      271    70.8%    272.9     0.2%    27.1%     0.2%     0.0%     1.8%     0.0%
Mar 13 14:15:10     58.9   111496218      271    70.8%    272.9     0.2%    27.1%     0.2%     0.0%     1.8%     0.0%
Mar 13 14:16:10     60.0   114465624      271    70.8%    272.9     0.2%    27.1%     0.2%     0.0%     1.8%     0.0%
Mar 13 14:17:10     60.8   117060763      271    70.8%    272.9     0.2%    27.1%     0.2%     0.0%     1.8%     0.0%
Mar 13 14:18:10     61.7   119938014      271    70.8%    272.9     0.2%    27.1%     0.2%     0.0%     1.8%     0.0%
Mar 13 14:19:13     62.5   122536197      271    70.8%    272.9     0.2%    27.1%     0.2%     0.0%     1.8%     0.0%
Mar 13 14:20:13     63.4   125414865      271    70.8%    272.9     0.2%    27.1%     0.2%     0.0%     1.8%     0.0%
Mar 13 14:35:50     56.9   127326579      271    70.8%    272.9     0.2%    27.1%     0.2%     0.0%     1.8%     0.0%
ALL DONE!
