           Time    Speed        Read     Read   Mapped   Mapped   Mapped   Mapped Unmapped Unmapped Unmapped Unmapped
                    M/hr      number   length   unique   length   MMrate    multi   multi+       MM    short    other
Mar 13 12:32:34    119.4     2056954      271    80.6%    273.4     0.2%    18.3%     0.2%     0.0%     0.9%     0.1%
Mar 13 12:33:37    153.3     5324397      271    80.6%    273.4     0.2%    18.3%     0.2%     0.0%     0.9%     0.1%
Mar 13 12:34:39    160.0     8312460      271    80.6%    273.4     0.2%    18.3%     0.2%     0.0%     0.9%     0.1%
Mar 13 12:35:42    166.7    11575821      271    80.6%    273.4     0.2%    18.3%     0.2%     0.0%     0.9%     0.1%
Mar 13 12:36:42    172.3    14834616      271    80.5%    273.3     0.2%    18.3%     0.2%     0.0%     0.9%     0.1%
Mar 13 12:37:42    174.3    17909449      271    80.5%    273.3     0.2%    18.4%     0.2%     0.0%     0.9%     0.1%
Mar 13 12:38:43    170.6    20422658      271    80.5%    273.3     0.2%    18.4%     0.2%     0.0%     0.9%     0.1%
Mar 13 12:39:47    168.2    23124066      271    80.5%    273.2     0.2%    18.4%     0.2%     0.0%     0.9%     0.1%
Mar 13 12:40:48    164.8    25453018      271    80.5%    273.2     0.2%    18.4%     0.2%     0.0%     0.9%     0.1%
Mar 13 12:41:53    161.6    27873861      271    80.5%    273.2     0.2%    18.4%     0.2%     0.0%     0.9%     0.1%
Mar 13 12:42:56    160.9    30573012      271    80.5%    273.2     0.2%    18.4%     0.2%     0.0%     0.9%     0.1%
Mar 13 12:43:56    156.0    32247306      271    80.5%    273.2     0.2%    18.4%     0.2%     0.0%     0.9%     0.1%
Mar 13 12:45:03    151.0    34018017      271    80.5%    273.2     0.2%    18.4%     0.2%     0.0%     0.9%     0.1%
Mar 13 12:46:06    148.2    35973272      271    80.5%    273.2     0.2%    18.4%     0.2%     0.0%     0.9%     0.1%
Mar 13 12:47:06    149.4    38768860      271    80.5%    273.2     0.2%    18.4%     0.2%     0.0%     0.9%     0.1%
Mar 13 12:48:07    151.1    41749473      271    80.5%    273.2     0.2%    18.4%     0.2%     0.0%     0.9%     0.1%
Mar 13 12:49:07    152.6    44730553      271    80.5%    273.2     0.2%    18.4%     0.2%     0.0%     0.9%     0.1%
Mar 13 12:50:08    153.3    47526757      271    80.4%    273.2     0.2%    18.4%     0.2%     0.0%     0.9%     0.1%
Mar 13 12:51:10    153.8    50324000      271    80.4%    273.1     0.2%    18.4%     0.2%     0.0%     0.9%     0.1%
Mar 13 12:52:10    153.9    52934993      271    80.4%    273.1     0.2%    18.4%     0.2%     0.0%     0.9%     0.1%
Mar 13 12:53:11    154.5    55731353      271    80.4%    273.1     0.2%    18.4%     0.2%     0.0%     0.9%     0.1%
Mar 13 12:54:11    155.5    58711358      271    80.4%    273.1     0.2%    18.4%     0.2%     0.0%     0.9%     0.1%
Mar 13 12:55:13    155.8    61504860      271    80.4%    273.1     0.2%    18.4%     0.2%     0.0%     0.9%     0.1%
Mar 13 12:56:14    156.4    64393216      271    80.4%    273.1     0.2%    18.5%     0.2%     0.0%     0.9%     0.1%
Mar 13 12:57:18    156.9    67380033      271    80.4%    273.0     0.2%    18.5%     0.2%     0.0%     0.9%     0.1%
Mar 13 12:58:18    157.1    70090311      271    80.4%    273.0     0.2%    18.5%     0.2%     0.0%     0.9%     0.1%
Mar 13 12:59:19    158.4    73355369      271    80.4%    273.0     0.2%    18.5%     0.2%     0.0%     0.9%     0.1%
Mar 13 13:00:23    158.6    76239798      271    80.4%    273.0     0.2%    18.5%     0.2%     0.0%     0.9%     0.1%
Mar 13 13:01:23    159.0    79123146      271    80.4%    273.0     0.2%    18.5%     0.2%     0.0%     0.9%     0.1%
Mar 13 13:02:23    159.7    82101300      271    80.4%    273.0     0.2%    18.5%     0.2%     0.0%     0.9%     0.1%
Mar 13 13:03:27    160.1    85171001      271    80.4%    273.0     0.2%    18.5%     0.2%     0.0%     0.9%     0.1%
Mar 13 13:04:31    160.7    88333280      271    80.4%    273.1     0.2%    18.5%     0.2%     0.0%     0.9%     0.1%
Mar 13 13:05:33    160.7    91123560      271    80.4%    273.1     0.2%    18.5%     0.2%     0.0%     0.9%     0.1%
Mar 13 13:06:33    161.4    94192728      271    80.4%    273.1     0.2%    18.5%     0.2%     0.0%     0.9%     0.1%
Mar 13 13:07:35    161.7    97165386      271    80.4%    273.1     0.2%    18.5%     0.2%     0.0%     0.9%     0.1%
Mar 13 13:08:36    162.6   100424231      271    80.4%    273.1     0.2%    18.5%     0.2%     0.0%     0.9%     0.1%
Mar 13 13:09:36    163.4   103668876      271    80.4%    273.1     0.2%    18.5%     0.2%     0.0%     0.9%     0.1%
Mar 13 13:10:36    163.9   106726579      271    80.4%    273.1     0.2%    18.5%     0.2%     0.0%     0.9%     0.1%
Mar 13 13:11:36    164.4   109785203      271    80.4%    273.2     0.2%    18.5%     0.2%     0.0%     0.9%     0.1%
Mar 13 13:12:37    164.8   112848767      271    80.4%    273.2     0.2%    18.4%     0.2%     0.0%     0.9%     0.1%
Mar 13 13:13:37    165.3   115911167      271    80.4%    273.2     0.2%    18.4%     0.2%     0.0%     0.9%     0.1%
Mar 13 13:14:40    165.8   119158682      271    80.4%    273.2     0.2%    18.4%     0.2%     0.0%     0.9%     0.1%
Mar 13 13:15:40    166.4   122403934      271    80.4%    273.2     0.2%    18.4%     0.2%     0.0%     0.9%     0.1%
Mar 13 13:16:40    166.7   125373251      271    80.4%    273.2     0.2%    18.4%     0.2%     0.0%     0.9%     0.1%
Mar 13 13:17:42    167.0   128529890      271    80.4%    273.2     0.2%    18.4%     0.2%     0.0%     0.9%     0.1%
Mar 13 13:18:44    167.4   131683470      271    80.4%    273.2     0.2%    18.4%     0.2%     0.0%     0.9%     0.1%
Mar 13 13:19:44    167.7   134742704      271    80.4%    273.2     0.2%    18.4%     0.2%     0.0%     0.9%     0.1%
Mar 13 13:20:44    167.7   137525884      271    80.4%    273.2     0.2%    18.4%     0.2%     0.0%     0.9%     0.1%
Mar 13 13:21:44    167.9   140493815      271    80.4%    273.2     0.2%    18.4%     0.2%     0.0%     0.9%     0.1%
Mar 13 13:22:44    167.9   143277548      271    80.4%    273.2     0.2%    18.4%     0.2%     0.0%     0.9%     0.1%
Mar 13 13:56:43    102.6   145596490      271    80.4%    273.2     0.2%    18.4%     0.2%     0.0%     0.9%     0.1%
ALL DONE!
