                                 Started job on |	Mar 13 12:23:34
                             Started mapping on |	Mar 13 12:31:32
                                    Finished on |	Mar 13 13:56:44
       Mapping speed, Million of reads per hour |	102.53

                          Number of input reads |	145596490
                      Average input read length |	271
                                    UNIQUE READS:
                   Uniquely mapped reads number |	117126699
                        Uniquely mapped reads % |	80.45%
                          Average mapped length |	273.19
                       Number of splices: Total |	104952001
            Number of splices: Annotated (sjdb) |	104026222
                       Number of splices: GT/AG |	103960062
                       Number of splices: GC/AG |	755076
                       Number of splices: AT/AC |	79449
               Number of splices: Non-canonical |	157414
                      Mismatch rate per base, % |	0.17%
                         Deletion rate per base |	0.01%
                        Deletion average length |	1.89
                        Insertion rate per base |	0.01%
                       Insertion average length |	1.62
                             MULTI-MAPPING READS:
        Number of reads mapped to multiple loci |	26846563
             % of reads mapped to multiple loci |	18.44%
        Number of reads mapped to too many loci |	239053
             % of reads mapped to too many loci |	0.16%
                                  UNMAPPED READS:
       % of reads unmapped: too many mismatches |	0.00%
                 % of reads unmapped: too short |	0.89%
                     % of reads unmapped: other |	0.06%
                                  CHIMERIC READS:
                       Number of chimeric reads |	0
                            % of chimeric reads |	0.00%
