                                 Started job on |	Mar 12 15:37:11
                             Started mapping on |	Mar 12 15:38:23
                                    Finished on |	Mar 12 18:10:30
       Mapping speed, Million of reads per hour |	57.91

                          Number of input reads |	146811252
                      Average input read length |	272
                                    UNIQUE READS:
                   Uniquely mapped reads number |	133703974
                        Uniquely mapped reads % |	91.07%
                          Average mapped length |	273.52
                       Number of splices: Total |	137618010
            Number of splices: Annotated (sjdb) |	136579285
                       Number of splices: GT/AG |	136283645
                       Number of splices: GC/AG |	1061814
                       Number of splices: AT/AC |	114010
               Number of splices: Non-canonical |	158541
                      Mismatch rate per base, % |	0.17%
                         Deletion rate per base |	0.01%
                        Deletion average length |	1.96
                        Insertion rate per base |	0.01%
                       Insertion average length |	1.63
                             MULTI-MAPPING READS:
        Number of reads mapped to multiple loci |	11762056
             % of reads mapped to multiple loci |	8.01%
        Number of reads mapped to too many loci |	202938
             % of reads mapped to too many loci |	0.14%
                                  UNMAPPED READS:
       % of reads unmapped: too many mismatches |	0.00%
                 % of reads unmapped: too short |	0.73%
                     % of reads unmapped: other |	0.05%
                                  CHIMERIC READS:
                       Number of chimeric reads |	0
                            % of chimeric reads |	0.00%
