                                 Started job on |	Mar 12 15:37:11
                             Started mapping on |	Mar 12 15:38:23
                                    Finished on |	Mar 12 18:09:18
       Mapping speed, Million of reads per hour |	59.11

                          Number of input reads |	148686552
                      Average input read length |	275
                                    UNIQUE READS:
                   Uniquely mapped reads number |	136475343
                        Uniquely mapped reads % |	91.79%
                          Average mapped length |	276.00
                       Number of splices: Total |	138989840
            Number of splices: Annotated (sjdb) |	137924683
                       Number of splices: GT/AG |	137627757
                       Number of splices: GC/AG |	1082089
                       Number of splices: AT/AC |	114833
               Number of splices: Non-canonical |	165161
                      Mismatch rate per base, % |	0.16%
                         Deletion rate per base |	0.01%
                        Deletion average length |	1.97
                        Insertion rate per base |	0.01%
                       Insertion average length |	1.64
                             MULTI-MAPPING READS:
        Number of reads mapped to multiple loci |	10949642
             % of reads mapped to multiple loci |	7.36%
        Number of reads mapped to too many loci |	153580
             % of reads mapped to too many loci |	0.10%
                                  UNMAPPED READS:
       % of reads unmapped: too many mismatches |	0.00%
                 % of reads unmapped: too short |	0.70%
                     % of reads unmapped: other |	0.04%
                                  CHIMERIC READS:
                       Number of chimeric reads |	0
                            % of chimeric reads |	0.00%
