                                 Started job on |	Mar 12 15:47:04
                             Started mapping on |	Mar 12 15:48:21
                                    Finished on |	Mar 12 16:57:53
       Mapping speed, Million of reads per hour |	87.08

                          Number of input reads |	100920272
                      Average input read length |	272
                                    UNIQUE READS:
                   Uniquely mapped reads number |	92044201
                        Uniquely mapped reads % |	91.20%
                          Average mapped length |	273.56
                       Number of splices: Total |	86825436
            Number of splices: Annotated (sjdb) |	86111650
                       Number of splices: GT/AG |	85908346
                       Number of splices: GC/AG |	719182
                       Number of splices: AT/AC |	71403
               Number of splices: Non-canonical |	126505
                      Mismatch rate per base, % |	0.17%
                         Deletion rate per base |	0.01%
                        Deletion average length |	1.99
                        Insertion rate per base |	0.01%
                       Insertion average length |	1.63
                             MULTI-MAPPING READS:
        Number of reads mapped to multiple loci |	6791154
             % of reads mapped to multiple loci |	6.73%
        Number of reads mapped to too many loci |	114222
             % of reads mapped to too many loci |	0.11%
                                  UNMAPPED READS:
       % of reads unmapped: too many mismatches |	0.00%
                 % of reads unmapped: too short |	1.90%
                     % of reads unmapped: other |	0.06%
                                  CHIMERIC READS:
                       Number of chimeric reads |	0
                            % of chimeric reads |	0.00%
