                                 Started job on |	Mar 13 11:29:19
                             Started mapping on |	Mar 13 11:31:03
                                    Finished on |	Mar 13 12:41:05
       Mapping speed, Million of reads per hour |	131.55

                          Number of input reads |	153549876
                      Average input read length |	274
                                    UNIQUE READS:
                   Uniquely mapped reads number |	141040724
                        Uniquely mapped reads % |	91.85%
                          Average mapped length |	275.79
                       Number of splices: Total |	132999251
            Number of splices: Annotated (sjdb) |	131873692
                       Number of splices: GT/AG |	131587556
                       Number of splices: GC/AG |	1114995
                       Number of splices: AT/AC |	107009
               Number of splices: Non-canonical |	189691
                      Mismatch rate per base, % |	0.17%
                         Deletion rate per base |	0.01%
                        Deletion average length |	1.99
                        Insertion rate per base |	0.01%
                       Insertion average length |	1.65
                             MULTI-MAPPING READS:
        Number of reads mapped to multiple loci |	10831417
             % of reads mapped to multiple loci |	7.05%
        Number of reads mapped to too many loci |	136475
             % of reads mapped to too many loci |	0.09%
                                  UNMAPPED READS:
       % of reads unmapped: too many mismatches |	0.00%
                 % of reads unmapped: too short |	0.96%
                     % of reads unmapped: other |	0.05%
                                  CHIMERIC READS:
                       Number of chimeric reads |	0
                            % of chimeric reads |	0.00%
