           Time    Speed        Read     Read   Mapped   Mapped   Mapped   Mapped Unmapped Unmapped Unmapped Unmapped
                    M/hr      number   length   unique   length   MMrate    multi   multi+       MM    short    other
Mar 13 11:32:03    161.0     2682587      275    91.9%    276.0     0.2%     7.0%     0.1%     0.0%     1.0%     0.0%
Mar 13 11:33:10    191.3     6748933      275    91.9%    275.9     0.2%     7.0%     0.1%     0.0%     1.0%     0.0%
Mar 13 11:34:10    201.1    10444634      274    91.8%    275.9     0.2%     7.0%     0.1%     0.0%     1.0%     0.0%
Mar 13 11:35:13    208.8    14498615      274    91.8%    275.9     0.2%     7.0%     0.1%     0.0%     1.0%     0.0%
Mar 13 11:36:15    209.8    18185197      274    91.8%    275.9     0.2%     7.0%     0.1%     0.0%     1.0%     0.0%
Mar 13 11:37:15    207.2    21410824      274    91.9%    275.8     0.2%     7.0%     0.1%     0.0%     1.0%     0.0%
Mar 13 11:38:16    206.4    24823137      274    91.8%    275.8     0.2%     7.1%     0.1%     0.0%     1.0%     0.0%
Mar 13 11:39:16    206.8    28326202      274    91.8%    275.8     0.2%     7.1%     0.1%     0.0%     1.0%     0.0%
Mar 13 11:40:16    207.8    31920805      274    91.8%    275.8     0.2%     7.1%     0.1%     0.0%     1.0%     0.0%
Mar 13 11:41:17    208.2    35514619      274    91.8%    275.8     0.2%     7.1%     0.1%     0.0%     1.0%     0.0%
Mar 13 11:42:17    210.4    39385663      274    91.8%    275.8     0.2%     7.1%     0.1%     0.0%     1.0%     0.0%
Mar 13 11:43:24    205.2    42243909      274    91.8%    275.7     0.2%     7.1%     0.1%     0.0%     1.0%     0.0%
Mar 13 11:44:25    205.8    45838896      274    91.8%    275.7     0.2%     7.1%     0.1%     0.0%     1.0%     0.0%
Mar 13 11:45:25    206.1    49342927      274    91.8%    275.7     0.2%     7.1%     0.1%     0.0%     1.0%     0.0%
Mar 13 11:46:30    203.1    52295880      274    91.8%    275.7     0.2%     7.1%     0.1%     0.0%     1.0%     0.0%
Mar 13 11:47:38    201.6    55710855      274    91.8%    275.7     0.2%     7.1%     0.1%     0.0%     1.0%     0.0%
Mar 13 11:48:38    201.1    58939268      274    91.8%    275.7     0.2%     7.1%     0.1%     0.0%     1.0%     0.0%
Mar 13 11:49:38    201.9    62533317      274    91.8%    275.7     0.2%     7.1%     0.1%     0.0%     1.0%     0.0%
Mar 13 11:50:38    203.2    66311689      274    91.8%    275.7     0.2%     7.1%     0.1%     0.0%     1.0%     0.0%
Mar 13 11:51:39    203.9    70007249      274    91.8%    275.6     0.2%     7.1%     0.1%     0.0%     1.0%     0.0%
Mar 13 11:52:39    204.7    73706847      274    91.8%    275.6     0.2%     7.1%     0.1%     0.0%     1.0%     0.0%
Mar 13 11:53:41    205.7    77584074      274    91.8%    275.6     0.2%     7.1%     0.1%     0.0%     1.0%     0.0%
Mar 13 11:54:42    205.7    81082627      274    91.8%    275.6     0.2%     7.1%     0.1%     0.0%     1.0%     0.0%
Mar 13 11:55:43    206.0    84673223      274    91.8%    275.6     0.2%     7.1%     0.1%     0.0%     1.0%     0.0%
Mar 13 11:56:43    207.0    88540782      274    91.8%    275.6     0.2%     7.1%     0.1%     0.0%     1.0%     0.0%
Mar 13 11:57:43    207.5    92223484      274    91.8%    275.7     0.2%     7.1%     0.1%     0.0%     1.0%     0.0%
Mar 13 11:58:44    207.3    95628874      274    91.8%    275.7     0.2%     7.1%     0.1%     0.0%     1.0%     0.0%
Mar 13 11:59:44    207.4    99127422      274    91.8%    275.7     0.2%     7.1%     0.1%     0.0%     1.0%     0.0%
Mar 13 12:00:44    207.2   102523451      274    91.8%    275.7     0.2%     7.1%     0.1%     0.0%     1.0%     0.0%
Mar 13 12:01:45    207.7   106290791      274    91.8%    275.7     0.2%     7.1%     0.1%     0.0%     0.9%     0.0%
Mar 13 12:02:49    207.7   109960338      274    91.9%    275.7     0.2%     7.1%     0.1%     0.0%     0.9%     0.0%
Mar 13 12:03:49    208.2   113719835      274    91.9%    275.8     0.2%     7.1%     0.1%     0.0%     0.9%     0.0%
Mar 13 12:04:51    208.6   117484036      274    91.9%    275.8     0.2%     7.1%     0.1%     0.0%     0.9%     0.0%
Mar 13 12:05:51    208.3   120790154      274    91.9%    275.8     0.2%     7.1%     0.1%     0.0%     0.9%     0.0%
Mar 13 12:06:51    208.6   124464071      274    91.9%    275.8     0.2%     7.1%     0.1%     0.0%     0.9%     0.0%
Mar 13 12:07:52    209.0   128228723      274    91.9%    275.8     0.2%     7.1%     0.1%     0.0%     0.9%     0.0%
Mar 13 12:08:52    208.8   131626684      274    91.9%    275.8     0.2%     7.1%     0.1%     0.0%     1.0%     0.0%
Mar 13 12:09:52    208.6   134936012      274    91.9%    275.8     0.2%     7.1%     0.1%     0.0%     1.0%     0.0%
Mar 13 12:10:54    207.6   137873736      274    91.9%    275.8     0.2%     7.1%     0.1%     0.0%     1.0%     0.0%
Mar 13 12:12:02    205.5   140349870      274    91.9%    275.8     0.2%     7.1%     0.1%     0.0%     1.0%     0.0%
Mar 13 12:13:06    203.5   142644961      274    91.9%    275.8     0.2%     7.1%     0.1%     0.0%     1.0%     0.0%
Mar 13 12:14:09    202.5   145492762      274    91.9%    275.8     0.2%     7.1%     0.1%     0.0%     1.0%     0.0%
Mar 13 12:15:09    201.3   147972470      274    91.9%    275.8     0.2%     7.1%     0.1%     0.0%     1.0%     0.0%
Mar 13 12:16:09    201.0   151095402      274    91.9%    275.8     0.2%     7.1%     0.1%     0.0%     1.0%     0.0%
Mar 13 12:41:05    131.6   153549876      274    91.9%    275.8     0.2%     7.1%     0.1%     0.0%     1.0%     0.0%
ALL DONE!
