           Time    Speed        Read     Read   Mapped   Mapped   Mapped   Mapped Unmapped Unmapped Unmapped Unmapped
                    M/hr      number   length   unique   length   MMrate    multi   multi+       MM    short    other
Mar 13 11:50:13    168.4     2852676      266    89.9%    267.7     0.2%     8.9%     0.1%     0.0%     1.0%     0.0%
Mar 13 11:51:13    189.5     6368379      265    89.9%    267.6     0.2%     8.9%     0.1%     0.0%     1.0%     0.0%
Mar 13 11:52:13    200.3    10072689      265    89.9%    267.6     0.2%     8.9%     0.1%     0.0%     1.0%     0.0%
Mar 13 11:53:14    206.2    13861195      265    89.9%    267.6     0.2%     8.9%     0.1%     0.0%     1.0%     0.0%
Mar 13 11:54:16    206.8    17461032      265    89.9%    267.6     0.2%     8.9%     0.1%     0.0%     1.0%     0.0%
Mar 13 11:55:17    207.7    21062153      265    89.9%    267.5     0.2%     8.9%     0.1%     0.0%     1.0%     0.0%
Mar 13 11:56:19    207.9    24663479      265    89.9%    267.5     0.2%     9.0%     0.1%     0.0%     1.0%     0.0%
Mar 13 11:57:20    209.2    28354930      265    89.9%    267.5     0.2%     9.0%     0.1%     0.0%     1.0%     0.0%
Mar 13 11:58:22    211.0    32239433      265    89.9%    267.5     0.2%     9.0%     0.1%     0.0%     1.0%     0.0%
Mar 13 11:59:23    210.6    35745381      265    89.9%    267.5     0.2%     9.0%     0.1%     0.0%     1.0%     0.0%
Mar 13 12:00:27    211.9    39724949      265    89.9%    267.5     0.2%     9.0%     0.1%     0.0%     1.0%     0.0%
Mar 13 12:01:28    211.9    43329896      265    89.9%    267.5     0.2%     9.0%     0.1%     0.0%     1.0%     0.0%
Mar 13 12:02:29    212.4    47030697      265    89.9%    267.4     0.2%     9.0%     0.1%     0.0%     1.0%     0.0%
Mar 13 12:03:29    212.7    50631975      265    89.9%    267.4     0.2%     9.0%     0.1%     0.0%     1.0%     0.0%
Mar 13 12:04:30    212.7    54231514      265    89.9%    267.4     0.2%     9.0%     0.1%     0.0%     1.0%     0.0%
Mar 13 12:05:31    213.7    58120164      265    89.9%    267.4     0.2%     9.0%     0.1%     0.0%     1.0%     0.0%
Mar 13 12:06:31    213.9    61735557      265    89.9%    267.3     0.2%     9.0%     0.1%     0.0%     1.0%     0.0%
Mar 13 12:07:31    214.3    65435308      265    89.9%    267.3     0.2%     9.0%     0.1%     0.0%     1.0%     0.0%
Mar 13 12:08:33    214.0    69029673      265    89.9%    267.3     0.2%     9.0%     0.1%     0.0%     1.0%     0.0%
Mar 13 12:09:33    213.6    72436460      265    89.9%    267.4     0.2%     9.0%     0.1%     0.0%     1.0%     0.0%
Mar 13 12:10:35    212.5    75746412      265    89.9%    267.4     0.2%     9.0%     0.1%     0.0%     1.0%     0.0%
Mar 13 12:11:37    211.6    79055018      265    89.9%    267.4     0.2%     9.0%     0.1%     0.0%     1.0%     0.0%
Mar 13 12:12:37    208.4    81325294      265    89.9%    267.4     0.2%     9.0%     0.1%     0.0%     1.0%     0.0%
Mar 13 12:13:41    204.4    83405078      265    89.9%    267.5     0.2%     9.0%     0.1%     0.0%     1.0%     0.0%
Mar 13 12:14:45    201.6    85862152      265    89.9%    267.5     0.2%     9.0%     0.1%     0.0%     1.0%     0.0%
Mar 13 12:15:45    201.5    89176324      265    89.9%    267.5     0.2%     9.0%     0.1%     0.0%     1.0%     0.0%
Mar 13 12:16:46    201.3    92483497      265    89.9%    267.5     0.2%     8.9%     0.1%     0.0%     1.0%     0.0%
Mar 13 12:17:46    199.8    95129155      265    89.9%    267.5     0.2%     8.9%     0.1%     0.0%     1.0%     0.0%
Mar 13 12:18:46    197.1    97115610      265    89.9%    267.5     0.2%     8.9%     0.1%     0.0%     1.0%     0.0%
Mar 13 12:19:46    195.1    99388479      265    89.9%    267.5     0.2%     8.9%     0.1%     0.0%     1.0%     0.0%
Mar 13 12:20:47    192.6   101370426      265    89.9%    267.6     0.2%     8.9%     0.1%     0.0%     1.0%     0.0%
Mar 13 12:21:51    190.8   103824598      265    89.9%    267.6     0.2%     8.9%     0.1%     0.0%     1.0%     0.0%
Mar 13 12:22:51    189.7   106371635      265    89.9%    267.6     0.2%     8.9%     0.1%     0.0%     1.0%     0.0%
Mar 13 12:23:55    188.1   108824873      265    89.9%    267.6     0.2%     8.9%     0.1%     0.0%     1.0%     0.0%
Mar 13 12:24:55    186.1   110807948      265    89.9%    267.6     0.2%     8.9%     0.1%     0.0%     1.0%     0.0%
Mar 13 12:25:56    183.9   112603038      265    89.9%    267.6     0.2%     8.9%     0.1%     0.0%     1.0%     0.0%
Mar 13 12:26:58    182.2   114677551      265    89.9%    267.6     0.2%     8.9%     0.1%     0.0%     1.0%     0.0%
Mar 13 12:28:01    181.0   117128471      265    90.0%    267.6     0.2%     8.9%     0.1%     0.0%     1.0%     0.0%
Mar 13 12:29:02    179.7   119297557      265    90.0%    267.6     0.2%     8.9%     0.1%     0.0%     1.0%     0.0%
Mar 13 12:30:07    178.5   121750487      265    90.0%    267.6     0.2%     8.9%     0.1%     0.0%     1.0%     0.0%
Mar 13 12:31:09    177.5   124109878      265    90.0%    267.6     0.2%     8.9%     0.1%     0.0%     1.0%     0.0%
Mar 13 12:32:12    176.3   126376456      265    89.9%    267.6     0.2%     8.9%     0.1%     0.0%     1.0%     0.0%
Mar 13 12:54:06    118.6   128307867      265    89.9%    267.6     0.2%     8.9%     0.1%     0.0%     1.0%     0.0%
ALL DONE!
