                                 Started job on |	Mar 13 12:29:53
                             Started mapping on |	Mar 13 12:38:27
                                    Finished on |	Mar 13 13:59:42
       Mapping speed, Million of reads per hour |	100.95

                          Number of input reads |	136700408
                      Average input read length |	271
                                    UNIQUE READS:
                   Uniquely mapped reads number |	108698317
                        Uniquely mapped reads % |	79.52%
                          Average mapped length |	273.14
                       Number of splices: Total |	98098966
            Number of splices: Annotated (sjdb) |	97260629
                       Number of splices: GT/AG |	97054029
                       Number of splices: GC/AG |	813169
                       Number of splices: AT/AC |	78797
               Number of splices: Non-canonical |	152971
                      Mismatch rate per base, % |	0.17%
                         Deletion rate per base |	0.01%
                        Deletion average length |	1.88
                        Insertion rate per base |	0.01%
                       Insertion average length |	1.64
                             MULTI-MAPPING READS:
        Number of reads mapped to multiple loci |	25838948
             % of reads mapped to multiple loci |	18.90%
        Number of reads mapped to too many loci |	120174
             % of reads mapped to too many loci |	0.09%
                                  UNMAPPED READS:
       % of reads unmapped: too many mismatches |	0.00%
                 % of reads unmapped: too short |	1.46%
                     % of reads unmapped: other |	0.04%
                                  CHIMERIC READS:
                       Number of chimeric reads |	0
                            % of chimeric reads |	0.00%
