           Time    Speed        Read     Read   Mapped   Mapped   Mapped   Mapped Unmapped Unmapped Unmapped Unmapped
                    M/hr      number   length   unique   length   MMrate    multi   multi+       MM    short    other
Mar 13 13:05:38     73.7     1228624      268    86.5%    269.9     0.2%    12.3%     0.1%     0.0%     1.0%     0.1%
Mar 13 13:06:41     74.6     2550417      268    86.4%    269.8     0.2%    12.4%     0.1%     0.0%     1.0%     0.1%
Mar 13 13:07:47     79.1     4154201      268    86.4%    269.8     0.2%    12.4%     0.1%     0.0%     1.0%     0.1%
Mar 13 13:08:47     88.7     6135046      268    86.4%    269.8     0.2%    12.4%     0.1%     0.0%     1.0%     0.1%
Mar 13 13:09:48     92.1     7928108      268    86.4%    269.8     0.2%    12.4%     0.1%     0.0%     1.0%     0.1%
Mar 13 13:10:48     96.4     9909436      268    86.4%    269.7     0.2%    12.4%     0.1%     0.0%     1.0%     0.1%
Mar 13 13:11:53     99.1    11980018      268    86.4%    269.7     0.2%    12.4%     0.1%     0.0%     1.0%     0.1%
Mar 13 13:12:54    102.0    14050746      268    86.4%    269.7     0.2%    12.4%     0.1%     0.0%     1.0%     0.1%
Mar 13 13:13:55    103.6    16027234      268    86.4%    269.6     0.2%    12.4%     0.1%     0.0%     1.0%     0.1%
Mar 13 13:14:55    105.0    18003393      268    86.4%    269.6     0.2%    12.4%     0.1%     0.0%     1.0%     0.1%
Mar 13 13:15:57    106.9    20168718      268    86.4%    269.6     0.2%    12.4%     0.1%     0.0%     1.0%     0.1%
Mar 13 13:16:59    111.2    22897540      268    86.4%    269.6     0.2%    12.4%     0.1%     0.0%     1.0%     0.1%
Mar 13 13:18:04    110.3    24683897      268    86.4%    269.6     0.2%    12.4%     0.1%     0.0%     1.0%     0.1%
Mar 13 13:19:04    104.6    25154950      268    86.4%    269.6     0.2%    12.4%     0.1%     0.0%     1.0%     0.1%
Mar 13 13:20:17    107.6    28072073      268    86.4%    269.6     0.2%    12.4%     0.1%     0.0%     1.0%     0.1%
Mar 13 13:21:26    104.6    29293953      268    86.4%    269.6     0.2%    12.4%     0.1%     0.0%     1.0%     0.1%
Mar 13 13:22:37    104.0    31177717      268    86.4%    269.6     0.2%    12.4%     0.1%     0.0%     1.0%     0.1%
Mar 13 13:23:38    105.0    33249826      268    86.4%    269.5     0.2%    12.4%     0.1%     0.0%     1.0%     0.1%
Mar 13 13:24:41    102.3    34190410      268    86.4%    269.5     0.2%    12.4%     0.1%     0.0%     1.0%     0.1%
Mar 13 13:25:41    105.0    36826455      268    86.4%    269.5     0.2%    12.4%     0.1%     0.0%     1.0%     0.1%
Mar 13 13:27:21     98.3    37202754      268    86.4%    269.5     0.2%    12.4%     0.1%     0.0%     1.0%     0.1%
Mar 13 13:28:21     99.4    39275439      268    86.4%    269.5     0.2%    12.4%     0.1%     0.0%     1.0%     0.1%
Mar 13 13:29:34     95.4    39652214      268    86.4%    269.5     0.2%    12.4%     0.1%     0.0%     1.0%     0.1%
Mar 13 13:30:41     93.7    40689422      268    86.4%    269.5     0.2%    12.4%     0.1%     0.0%     1.0%     0.1%
Mar 13 13:31:41     92.8    41820071      268    86.4%    269.5     0.2%    12.5%     0.1%     0.0%     1.0%     0.1%
Mar 13 13:32:43     95.2    44553261      268    86.3%    269.5     0.2%    12.5%     0.1%     0.0%     1.0%     0.1%
Mar 13 13:33:50     95.8    46625300      268    86.3%    269.4     0.2%    12.5%     0.1%     0.0%     1.0%     0.1%
Mar 13 13:34:51     97.8    49259976      268    86.3%    269.4     0.2%    12.5%     0.1%     0.0%     1.0%     0.1%
Mar 13 13:35:52     98.8    51424787      268    86.3%    269.4     0.2%    12.5%     0.1%     0.0%     1.0%     0.1%
Mar 13 13:36:57    100.0    53873939      268    86.3%    269.4     0.2%    12.5%     0.1%     0.0%     1.0%     0.1%
Mar 13 13:37:57    101.3    56234504      267    86.3%    269.4     0.2%    12.5%     0.1%     0.0%     1.0%     0.1%
Mar 13 13:39:02    102.9    58974827      267    86.3%    269.3     0.2%    12.5%     0.1%     0.0%     1.0%     0.1%
Mar 13 13:40:07    102.0    60297845      267    86.3%    269.3     0.2%    12.5%     0.1%     0.0%     1.0%     0.1%
Mar 13 13:41:09    101.5    61800874      267    86.3%    269.3     0.2%    12.5%     0.1%     0.0%     1.0%     0.1%
Mar 13 13:42:09    104.6    65373551      267    86.3%    269.3     0.2%    12.5%     0.1%     0.0%     1.0%     0.1%
Mar 13 13:43:09    107.4    68946119      267    86.3%    269.4     0.2%    12.5%     0.1%     0.0%     1.0%     0.1%
Mar 13 13:44:43    103.6    69227717      267    86.3%    269.4     0.2%    12.5%     0.1%     0.0%     1.0%     0.1%
Mar 13 13:45:43    101.2    69321565      267    86.3%    269.4     0.2%    12.5%     0.1%     0.0%     1.0%     0.1%
Mar 13 13:46:44    101.3    71108308      268    86.3%    269.4     0.2%    12.5%     0.1%     0.0%     1.0%     0.1%
Mar 13 13:47:44    104.1    74771316      268    86.3%    269.4     0.2%    12.5%     0.1%     0.0%     1.0%     0.1%
Mar 13 13:49:00    106.6    78813564      268    86.4%    269.4     0.2%    12.5%     0.1%     0.0%     1.0%     0.1%
Mar 13 13:50:00    107.7    81442674      268    86.4%    269.5     0.2%    12.5%     0.1%     0.0%     1.0%     0.1%
Mar 13 13:51:01    109.7    84827306      268    86.4%    269.5     0.2%    12.5%     0.1%     0.0%     1.0%     0.1%
Mar 13 13:52:04    111.8    88397017      268    86.4%    269.5     0.2%    12.5%     0.1%     0.0%     1.0%     0.1%
Mar 13 13:53:04    114.0    92061333      268    86.4%    269.5     0.2%    12.4%     0.1%     0.0%     1.0%     0.1%
Mar 13 13:54:05    116.4    95917711      268    86.4%    269.5     0.2%    12.4%     0.1%     0.0%     1.0%     0.1%
Mar 13 13:55:05    117.0    98363270      268    86.4%    269.5     0.2%    12.4%     0.1%     0.0%     1.0%     0.1%
Mar 13 13:56:05    119.1   102117045      268    86.4%    269.5     0.2%    12.4%     0.1%     0.0%     1.0%     0.1%
Mar 13 13:57:08    121.4   106245496      268    86.4%    269.5     0.2%    12.4%     0.1%     0.0%     1.0%     0.1%
Mar 13 13:58:08    123.4   109992526      268    86.4%    269.6     0.2%    12.4%     0.1%     0.0%     1.0%     0.1%
Mar 13 13:59:11    125.1   113740589      268    86.4%    269.6     0.2%    12.4%     0.1%     0.0%     1.0%     0.1%
Mar 13 14:00:11    126.9   117489318      268    86.4%    269.6     0.2%    12.4%     0.1%     0.0%     1.0%     0.1%
Mar 13 14:15:15    103.0   121201144      268    86.4%    269.6     0.2%    12.4%     0.1%     0.0%     1.0%     0.1%
ALL DONE!
