           Time    Speed        Read     Read   Mapped   Mapped   Mapped   Mapped Unmapped Unmapped Unmapped Unmapped
                    M/hr      number   length   unique   length   MMrate    multi   multi+       MM    short    other
Mar 13 13:06:30    108.8     1873262      271    85.8%    272.6     0.2%    13.1%     0.1%     0.0%     1.0%     0.0%
Mar 13 13:07:30    107.7     3650464      271    85.8%    272.6     0.2%    13.1%     0.1%     0.0%     1.0%     0.0%
Mar 13 13:08:43    103.7     5615035      271    85.8%    272.6     0.2%    13.1%     0.1%     0.0%     1.0%     0.0%
Mar 13 13:09:43    109.6     7766125      271    85.8%    272.6     0.2%    13.1%     0.1%     0.0%     1.0%     0.0%
Mar 13 13:10:43    105.9     9263161      271    85.7%    272.5     0.2%    13.1%     0.1%     0.0%     1.0%     0.0%
Mar 13 13:11:45    108.1    11317926      271    85.7%    272.5     0.2%    13.2%     0.1%     0.0%     1.0%     0.0%
Mar 13 13:12:48    110.2    13464409      271    85.7%    272.5     0.2%    13.2%     0.1%     0.0%     1.0%     0.0%
Mar 13 13:13:52    108.8    15237449      271    85.7%    272.4     0.2%    13.2%     0.1%     0.0%     1.0%     0.0%
Mar 13 13:14:57    110.0    17384284      271    85.7%    272.4     0.2%    13.2%     0.1%     0.0%     1.0%     0.0%
Mar 13 13:16:01    111.1    19529688      271    85.7%    272.4     0.2%    13.2%     0.1%     0.0%     1.0%     0.0%
Mar 13 13:17:08    110.0    21394410      271    85.7%    272.4     0.2%    13.2%     0.1%     0.0%     1.0%     0.0%
Mar 13 13:18:09    110.5    23353313      271    85.7%    272.4     0.2%    13.2%     0.1%     0.0%     1.0%     0.0%
Mar 13 13:19:13    111.7    25592658      271    85.7%    272.4     0.2%    13.2%     0.1%     0.0%     1.0%     0.0%
Mar 13 13:20:15    111.8    27552178      271    85.7%    272.4     0.2%    13.2%     0.1%     0.0%     0.9%     0.0%
Mar 13 13:21:16    112.8    29698621      271    85.7%    272.4     0.2%    13.2%     0.1%     0.0%     0.9%     0.0%
Mar 13 13:22:19    112.1    31471294      271    85.7%    272.4     0.2%    13.2%     0.1%     0.0%     0.9%     0.0%
Mar 13 13:23:19    113.3    33713161      270    85.7%    272.3     0.2%    13.2%     0.1%     0.0%     0.9%     0.0%
Mar 13 13:24:20    112.0    35207794      270    85.7%    272.3     0.2%    13.2%     0.1%     0.0%     0.9%     0.0%
Mar 13 13:25:24    111.3    36983326      270    85.7%    272.3     0.2%    13.2%     0.1%     0.0%     0.9%     0.0%
Mar 13 13:26:25    111.5    38944387      270    85.7%    272.3     0.2%    13.2%     0.1%     0.0%     0.9%     0.0%
Mar 13 13:27:29    111.5    40903435      270    85.7%    272.3     0.2%    13.2%     0.1%     0.0%     0.9%     0.0%
Mar 13 13:28:31    111.1    42676192      270    85.7%    272.3     0.2%    13.2%     0.1%     0.0%     0.9%     0.0%
Mar 13 13:29:37    112.1    45104142      270    85.7%    272.3     0.2%    13.2%     0.1%     0.0%     0.9%     0.0%
Mar 13 13:30:37    112.3    47069216      270    85.7%    272.2     0.2%    13.3%     0.1%     0.0%     0.9%     0.0%
Mar 13 13:31:37    112.3    48942809      270    85.7%    272.2     0.2%    13.3%     0.1%     0.0%     0.9%     0.0%
Mar 13 13:32:42    112.4    51000229      270    85.6%    272.1     0.2%    13.3%     0.1%     0.0%     0.9%     0.0%
Mar 13 13:33:42    113.9    53608843      270    85.7%    272.2     0.2%    13.3%     0.1%     0.0%     0.9%     0.0%
Mar 13 13:34:59    112.6    55379284      270    85.7%    272.2     0.2%    13.3%     0.1%     0.0%     0.9%     0.0%
Mar 13 13:36:00    115.0    58547178      270    85.7%    272.2     0.2%    13.2%     0.1%     0.0%     0.9%     0.0%
Mar 13 13:37:02    115.0    60503717      270    85.7%    272.3     0.2%    13.2%     0.1%     0.0%     0.9%     0.0%
Mar 13 13:38:03    118.4    64323150      270    85.7%    272.3     0.2%    13.2%     0.1%     0.0%     0.9%     0.0%
Mar 13 13:39:04    116.9    65441230      270    85.7%    272.3     0.2%    13.2%     0.1%     0.0%     0.9%     0.0%
Mar 13 13:40:05    119.4    68887093      270    85.7%    272.3     0.2%    13.2%     0.1%     0.0%     0.9%     0.0%
Mar 13 13:41:05    117.9    70008999      270    85.7%    272.3     0.2%    13.2%     0.1%     0.0%     0.9%     0.0%
Mar 13 13:42:08    120.0    73360260      270    85.7%    272.3     0.2%    13.2%     0.1%     0.0%     0.9%     0.0%
Mar 13 13:43:08    122.2    76713546      271    85.7%    272.4     0.2%    13.2%     0.1%     0.0%     0.9%     0.0%
Mar 13 13:44:08    123.2    79417852      271    85.7%    272.4     0.2%    13.2%     0.1%     0.0%     0.9%     0.0%
Mar 13 13:45:08    124.6    82402055      271    85.7%    272.4     0.2%    13.2%     0.1%     0.0%     0.9%     0.0%
Mar 13 13:46:08    125.3    84918801      271    85.7%    272.4     0.2%    13.2%     0.1%     0.0%     0.9%     0.0%
Mar 13 13:47:08    125.6    87249395      271    85.7%    272.4     0.2%    13.2%     0.1%     0.0%     0.9%     0.0%
Mar 13 13:48:08    127.0    90326088      271    85.7%    272.4     0.2%    13.2%     0.1%     0.0%     0.9%     0.0%
Mar 13 13:49:09    128.0    93215469      271    85.7%    272.4     0.2%    13.2%     0.1%     0.0%     0.9%     0.0%
Mar 13 13:50:11    129.5    96476820      271    85.7%    272.4     0.2%    13.2%     0.1%     0.0%     0.9%     0.0%
Mar 13 13:51:11    130.8    99647928      271    85.7%    272.4     0.2%    13.2%     0.1%     0.0%     0.9%     0.0%
Mar 13 14:10:12     94.0   101433800      271    85.7%    272.4     0.2%    13.2%     0.1%     0.0%     0.9%     0.0%
ALL DONE!
