                                 Started job on |	Mar 12 15:37:11
                             Started mapping on |	Mar 12 15:38:23
                                    Finished on |	Mar 12 17:39:43
       Mapping speed, Million of reads per hour |	66.70

                          Number of input reads |	134885311
                      Average input read length |	271
                                    UNIQUE READS:
                   Uniquely mapped reads number |	120166837
                        Uniquely mapped reads % |	89.09%
                          Average mapped length |	273.60
                       Number of splices: Total |	92408066
            Number of splices: Annotated (sjdb) |	91414515
                       Number of splices: GT/AG |	91510298
                       Number of splices: GC/AG |	675252
                       Number of splices: AT/AC |	93054
               Number of splices: Non-canonical |	129462
                      Mismatch rate per base, % |	0.16%
                         Deletion rate per base |	0.01%
                        Deletion average length |	2.05
                        Insertion rate per base |	0.01%
                       Insertion average length |	1.68
                             MULTI-MAPPING READS:
        Number of reads mapped to multiple loci |	13582121
             % of reads mapped to multiple loci |	10.07%
        Number of reads mapped to too many loci |	180077
             % of reads mapped to too many loci |	0.13%
                                  UNMAPPED READS:
       % of reads unmapped: too many mismatches |	0.00%
                 % of reads unmapped: too short |	0.64%
                     % of reads unmapped: other |	0.07%
                                  CHIMERIC READS:
                       Number of chimeric reads |	0
                            % of chimeric reads |	0.00%
