                                 Started job on |	Mar 12 15:37:11
                             Started mapping on |	Mar 12 15:38:23
                                    Finished on |	Mar 12 17:39:37
       Mapping speed, Million of reads per hour |	65.87

                          Number of input reads |	133102510
                      Average input read length |	274
                                    UNIQUE READS:
                   Uniquely mapped reads number |	120852508
                        Uniquely mapped reads % |	90.80%
                          Average mapped length |	276.08
                       Number of splices: Total |	101737515
            Number of splices: Annotated (sjdb) |	100709465
                       Number of splices: GT/AG |	100775129
                       Number of splices: GC/AG |	731806
                       Number of splices: AT/AC |	104000
               Number of splices: Non-canonical |	126580
                      Mismatch rate per base, % |	0.15%
                         Deletion rate per base |	0.01%
                        Deletion average length |	2.04
                        Insertion rate per base |	0.01%
                       Insertion average length |	1.71
                             MULTI-MAPPING READS:
        Number of reads mapped to multiple loci |	11335053
             % of reads mapped to multiple loci |	8.52%
        Number of reads mapped to too many loci |	120517
             % of reads mapped to too many loci |	0.09%
                                  UNMAPPED READS:
       % of reads unmapped: too many mismatches |	0.00%
                 % of reads unmapped: too short |	0.54%
                     % of reads unmapped: other |	0.05%
                                  CHIMERIC READS:
                       Number of chimeric reads |	0
                            % of chimeric reads |	0.00%
