           Time    Speed        Read     Read   Mapped   Mapped   Mapped   Mapped Unmapped Unmapped Unmapped Unmapped
                    M/hr      number   length   unique   length   MMrate    multi   multi+       MM    short    other
Mar 12 15:39:23     39.0      649977      274    90.7%    276.1     0.1%     8.5%     0.1%     0.0%     0.6%     0.1%
Mar 12 15:40:27     53.8     1852117      274    90.8%    276.3     0.1%     8.5%     0.1%     0.0%     0.6%     0.1%
Mar 12 15:41:27     61.6     3147165      274    90.8%    276.2     0.1%     8.5%     0.1%     0.0%     0.6%     0.1%
Mar 12 15:42:54     60.2     4533511      274    90.8%    276.3     0.1%     8.5%     0.1%     0.0%     0.6%     0.1%
Mar 12 15:43:56     64.0     5920468      274    90.8%    276.2     0.1%     8.5%     0.1%     0.0%     0.6%     0.1%
Mar 12 15:44:58     66.6     7307135      274    90.8%    276.2     0.1%     8.5%     0.1%     0.0%     0.6%     0.1%
Mar 12 15:45:58     67.3     8508834      274    90.8%    276.2     0.1%     8.5%     0.1%     0.0%     0.6%     0.1%
Mar 12 15:46:58     67.9     9710717      274    90.8%    276.2     0.1%     8.5%     0.1%     0.0%     0.6%     0.1%
Mar 12 15:47:59     67.6    10817753      274    90.8%    276.2     0.1%     8.5%     0.1%     0.0%     0.6%     0.1%
Mar 12 15:49:09     68.0    12201144      274    90.7%    276.2     0.1%     8.5%     0.1%     0.0%     0.6%     0.1%
Mar 12 15:50:10     68.2    13399364      274    90.8%    276.2     0.1%     8.5%     0.1%     0.0%     0.6%     0.1%
Mar 12 15:51:10     69.0    14691243      274    90.8%    276.2     0.1%     8.5%     0.1%     0.0%     0.6%     0.1%
Mar 12 15:52:14     69.6    16074428      274    90.8%    276.2     0.1%     8.5%     0.1%     0.0%     0.6%     0.1%
Mar 12 15:53:15     70.1    17366865      274    90.8%    276.1     0.1%     8.5%     0.1%     0.0%     0.6%     0.1%
Mar 12 15:54:25     69.5    18564062      274    90.8%    276.2     0.1%     8.5%     0.1%     0.0%     0.6%     0.1%
Mar 12 15:55:26     69.9    19856635      274    90.8%    276.1     0.1%     8.5%     0.1%     0.0%     0.6%     0.1%
Mar 12 15:56:28     69.9    21054974      274    90.8%    276.1     0.1%     8.5%     0.1%     0.0%     0.6%     0.1%
Mar 12 15:57:29     69.9    22254730      274    90.8%    276.1     0.1%     8.5%     0.1%     0.0%     0.6%     0.1%
Mar 12 15:58:35     69.7    23453358      274    90.7%    276.1     0.1%     8.5%     0.1%     0.0%     0.6%     0.1%
Mar 12 15:59:37     69.7    24651680      274    90.7%    276.1     0.1%     8.5%     0.1%     0.0%     0.6%     0.1%
Mar 12 16:00:40     69.9    25942427      274    90.7%    276.1     0.2%     8.5%     0.1%     0.0%     0.6%     0.1%
Mar 12 16:01:43     70.0    27232221      274    90.7%    276.1     0.2%     8.5%     0.1%     0.0%     0.6%     0.1%
Mar 12 16:02:45     70.0    28431366      274    90.7%    276.1     0.2%     8.5%     0.1%     0.0%     0.6%     0.1%
Mar 12 16:03:45     69.9    29536806      274    90.8%    276.1     0.2%     8.5%     0.1%     0.0%     0.6%     0.1%
Mar 12 16:04:54     69.5    30736996      274    90.8%    276.1     0.2%     8.5%     0.1%     0.0%     0.6%     0.1%
Mar 12 16:05:57     69.5    31934896      274    90.8%    276.1     0.2%     8.5%     0.1%     0.0%     0.6%     0.1%
Mar 12 16:07:03     69.7    33319243      274    90.8%    276.1     0.2%     8.5%     0.1%     0.0%     0.6%     0.1%
Mar 12 16:08:04     69.8    34518032      274    90.8%    276.1     0.1%     8.5%     0.1%     0.0%     0.6%     0.1%
Mar 12 16:09:12     69.7    35810080      274    90.8%    276.1     0.1%     8.5%     0.1%     0.0%     0.6%     0.1%
Mar 12 16:10:13     69.8    37009420      274    90.8%    276.1     0.1%     8.5%     0.1%     0.0%     0.6%     0.1%
Mar 12 16:11:15     70.1    38392212      274    90.8%    276.1     0.1%     8.5%     0.1%     0.0%     0.6%     0.1%
Mar 12 16:12:24     69.8    39591983      274    90.8%    276.1     0.1%     8.5%     0.1%     0.0%     0.6%     0.1%
Mar 12 16:13:26     69.8    40790348      274    90.8%    276.1     0.1%     8.5%     0.1%     0.0%     0.6%     0.1%
Mar 12 16:14:26     69.9    41990666      274    90.8%    276.1     0.1%     8.5%     0.1%     0.0%     0.6%     0.1%
Mar 12 16:15:33     69.9    43282420      274    90.8%    276.1     0.1%     8.5%     0.1%     0.0%     0.6%     0.1%
Mar 12 16:16:40     70.0    44667753      274    90.8%    276.0     0.1%     8.5%     0.1%     0.0%     0.6%     0.1%
Mar 12 16:17:41     70.0    45867733      274    90.8%    276.0     0.1%     8.6%     0.1%     0.0%     0.6%     0.1%
Mar 12 16:18:41     70.1    47068369      274    90.8%    276.0     0.1%     8.6%     0.1%     0.0%     0.6%     0.1%
Mar 12 16:19:42     70.2    48360653      274    90.7%    276.0     0.1%     8.6%     0.1%     0.0%     0.6%     0.1%
Mar 12 16:20:43     70.4    49652943      274    90.7%    276.0     0.1%     8.6%     0.1%     0.0%     0.6%     0.1%
Mar 12 16:21:50     70.2    50852727      274    90.7%    276.0     0.1%     8.6%     0.1%     0.0%     0.6%     0.1%
Mar 12 16:22:57     70.2    52143432      274    90.7%    276.0     0.1%     8.6%     0.1%     0.0%     0.6%     0.1%
Mar 12 16:23:57     70.2    53343395      274    90.7%    276.0     0.1%     8.6%     0.1%     0.0%     0.6%     0.1%
Mar 12 16:25:00     70.4    54725768      274    90.7%    276.0     0.1%     8.6%     0.1%     0.0%     0.6%     0.1%
Mar 12 16:26:04     70.4    55925644      274    90.7%    276.0     0.1%     8.6%     0.1%     0.0%     0.6%     0.1%
Mar 12 16:27:06     70.6    57307681      274    90.7%    276.0     0.1%     8.6%     0.1%     0.0%     0.6%     0.1%
Mar 12 16:28:15     70.5    58601169      274    90.7%    276.0     0.1%     8.6%     0.1%     0.0%     0.6%     0.1%
Mar 12 16:29:22     70.5    59893423      274    90.7%    276.0     0.1%     8.6%     0.1%     0.0%     0.6%     0.1%
Mar 12 16:30:23     70.5    61096699      274    90.7%    275.9     0.1%     8.6%     0.1%     0.0%     0.6%     0.1%
Mar 12 16:31:23     70.5    62298558      274    90.7%    275.9     0.1%     8.6%     0.1%     0.0%     0.6%     0.1%
Mar 12 16:32:23     70.6    63502525      274    90.7%    275.9     0.1%     8.6%     0.1%     0.0%     0.6%     0.1%
Mar 12 16:33:25     70.6    64796808      274    90.7%    275.9     0.1%     8.6%     0.1%     0.0%     0.6%     0.1%
Mar 12 16:34:28     70.7    66092735      274    90.7%    275.9     0.1%     8.6%     0.1%     0.0%     0.6%     0.1%
Mar 12 16:35:30     70.6    67198402      274    90.7%    275.9     0.1%     8.6%     0.1%     0.0%     0.6%     0.1%
Mar 12 16:36:33     70.7    68579608      274    90.7%    275.9     0.1%     8.6%     0.1%     0.0%     0.5%     0.1%
Mar 12 16:37:35     70.8    69870009      274    90.7%    275.9     0.1%     8.6%     0.1%     0.0%     0.5%     0.1%
Mar 12 16:38:38     70.8    71066368      274    90.7%    275.9     0.1%     8.6%     0.1%     0.0%     0.5%     0.1%
Mar 12 16:39:42     70.7    72265555      274    90.7%    275.9     0.1%     8.6%     0.1%     0.0%     0.5%     0.1%
Mar 12 16:40:43     70.8    73554398      274    90.7%    275.9     0.1%     8.6%     0.1%     0.0%     0.5%     0.1%
Mar 12 16:41:50     70.9    74938263      274    90.7%    275.9     0.1%     8.6%     0.1%     0.0%     0.5%     0.1%
Mar 12 16:42:50     70.9    76134873      274    90.8%    275.9     0.1%     8.6%     0.1%     0.0%     0.5%     0.1%
Mar 12 16:43:54     71.0    77517892      274    90.8%    275.9     0.1%     8.6%     0.1%     0.0%     0.5%     0.1%
Mar 12 16:44:58     70.9    78714068      274    90.8%    276.0     0.1%     8.6%     0.1%     0.0%     0.5%     0.1%
Mar 12 16:46:03     70.9    80003550      274    90.8%    276.0     0.1%     8.6%     0.1%     0.0%     0.5%     0.1%
Mar 12 16:47:03     71.0    81201211      274    90.8%    276.0     0.1%     8.5%     0.1%     0.0%     0.5%     0.1%
Mar 12 16:48:04     71.0    82489540      274    90.8%    276.0     0.1%     8.5%     0.1%     0.0%     0.5%     0.1%
Mar 12 16:49:08     71.1    83780863      274    90.8%    276.0     0.1%     8.5%     0.1%     0.0%     0.5%     0.1%
Mar 12 16:50:16     71.0    85068072      274    90.8%    276.0     0.1%     8.5%     0.1%     0.0%     0.5%     0.1%
Mar 12 16:51:16     71.1    86359840      274    90.8%    276.0     0.1%     8.5%     0.1%     0.0%     0.5%     0.1%
Mar 12 16:52:20     71.0    87554527      274    90.8%    276.0     0.1%     8.5%     0.1%     0.0%     0.5%     0.1%
Mar 12 16:53:23     71.1    88845113      274    90.8%    276.0     0.1%     8.5%     0.1%     0.0%     0.5%     0.1%
Mar 12 16:54:30     71.0    90134583      274    90.8%    276.0     0.1%     8.5%     0.1%     0.0%     0.5%     0.1%
Mar 12 16:55:31     71.1    91427154      274    90.8%    276.0     0.1%     8.5%     0.1%     0.0%     0.5%     0.1%
Mar 12 16:56:33     71.1    92624821      274    90.8%    276.0     0.1%     8.5%     0.1%     0.0%     0.5%     0.1%
Mar 12 16:57:41     71.0    93820631      274    90.8%    276.0     0.1%     8.5%     0.1%     0.0%     0.5%     0.1%
Mar 12 16:58:41     71.1    95203790      274    90.8%    276.0     0.1%     8.5%     0.1%     0.0%     0.5%     0.1%
Mar 12 16:59:42     71.2    96490764      274    90.8%    276.0     0.1%     8.5%     0.1%     0.0%     0.5%     0.1%
Mar 12 17:00:42     71.2    97689780      274    90.8%    276.0     0.1%     8.5%     0.1%     0.0%     0.5%     0.1%
Mar 12 17:01:44     71.2    98976962      274    90.8%    276.0     0.1%     8.5%     0.1%     0.0%     0.5%     0.1%
Mar 12 17:02:44     71.3   100175468      274    90.8%    276.0     0.1%     8.5%     0.1%     0.0%     0.5%     0.1%
Mar 12 17:03:48     71.2   101369256      274    90.8%    276.0     0.1%     8.5%     0.1%     0.0%     0.5%     0.1%
Mar 12 17:04:51     71.2   102564875      274    90.8%    276.0     0.1%     8.5%     0.1%     0.0%     0.5%     0.1%
Mar 12 17:05:52     71.2   103758792      274    90.8%    276.1     0.1%     8.5%     0.1%     0.0%     0.5%     0.1%
Mar 12 17:06:54     71.1   104952815      274    90.8%    276.1     0.1%     8.5%     0.1%     0.0%     0.5%     0.1%
Mar 12 17:07:55     71.1   106148715      274    90.8%    276.1     0.1%     8.5%     0.1%     0.0%     0.5%     0.1%
Mar 12 17:08:55     71.3   107526173      274    90.8%    276.1     0.1%     8.5%     0.1%     0.0%     0.5%     0.1%
Mar 12 17:09:56     71.3   108722001      274    90.8%    276.1     0.1%     8.5%     0.1%     0.0%     0.5%     0.1%
Mar 12 17:11:03     71.2   110006701      274    90.8%    276.1     0.1%     8.5%     0.1%     0.0%     0.5%     0.1%
Mar 12 17:12:06     71.2   111201578      274    90.8%    276.1     0.1%     8.5%     0.1%     0.0%     0.5%     0.1%
Mar 12 17:13:06     71.2   112395405      274    90.8%    276.1     0.1%     8.5%     0.1%     0.0%     0.5%     0.1%
Mar 12 17:14:08     71.2   113589651      274    90.8%    276.1     0.1%     8.5%     0.1%     0.0%     0.5%     0.1%
Mar 12 17:15:09     71.2   114877034      274    90.8%    276.1     0.1%     8.5%     0.1%     0.0%     0.5%     0.1%
Mar 12 17:16:13     71.2   116164280      274    90.8%    276.1     0.1%     8.5%     0.1%     0.0%     0.5%     0.1%
Mar 12 17:17:15     71.4   117635547      274    90.8%    276.1     0.1%     8.5%     0.1%     0.0%     0.5%     0.1%
Mar 12 17:18:21     71.3   118829122      274    90.8%    276.1     0.1%     8.5%     0.1%     0.0%     0.5%     0.1%
Mar 12 17:19:25     71.3   120025067      274    90.8%    276.1     0.1%     8.5%     0.1%     0.0%     0.5%     0.1%
Mar 12 17:20:26     71.3   121217220      274    90.8%    276.1     0.1%     8.5%     0.1%     0.0%     0.5%     0.1%
Mar 12 17:21:26     71.3   122412281      274    90.8%    276.1     0.1%     8.5%     0.1%     0.0%     0.5%     0.1%
Mar 12 17:22:29     71.3   123697340      274    90.8%    276.1     0.1%     8.5%     0.1%     0.0%     0.5%     0.1%
Mar 12 17:23:43     71.2   124984920      274    90.8%    276.1     0.1%     8.5%     0.1%     0.0%     0.5%     0.1%
Mar 12 17:24:45     71.2   126178562      274    90.8%    276.1     0.1%     8.5%     0.1%     0.0%     0.5%     0.1%
Mar 12 17:25:47     71.3   127556826      274    90.8%    276.1     0.1%     8.5%     0.1%     0.0%     0.5%     0.1%
Mar 12 17:26:48     71.3   128842911      274    90.8%    276.1     0.1%     8.5%     0.1%     0.0%     0.5%     0.1%
Mar 12 17:27:52     71.3   130036550      274    90.8%    276.1     0.1%     8.5%     0.1%     0.0%     0.5%     0.1%
Mar 12 17:28:58     71.3   131417000      274    90.8%    276.1     0.1%     8.5%     0.1%     0.0%     0.5%     0.1%
Mar 12 17:29:58     71.4   132733356      274    90.8%    276.1     0.1%     8.5%     0.1%     0.0%     0.5%     0.1%
Mar 12 17:39:37     65.9   133102510      274    90.8%    276.1     0.1%     8.5%     0.1%     0.0%     0.5%     0.1%
ALL DONE!
