                                 Started job on |	Mar 13 10:50:24
                             Started mapping on |	Mar 13 10:51:15
                                    Finished on |	Mar 13 11:51:55
       Mapping speed, Million of reads per hour |	111.71

                          Number of input reads |	112953903
                      Average input read length |	275
                                    UNIQUE READS:
                   Uniquely mapped reads number |	102535135
                        Uniquely mapped reads % |	90.78%
                          Average mapped length |	276.61
                       Number of splices: Total |	83180837
            Number of splices: Annotated (sjdb) |	82305749
                       Number of splices: GT/AG |	82378530
                       Number of splices: GC/AG |	608940
                       Number of splices: AT/AC |	84192
               Number of splices: Non-canonical |	109175
                      Mismatch rate per base, % |	0.15%
                         Deletion rate per base |	0.01%
                        Deletion average length |	2.04
                        Insertion rate per base |	0.01%
                       Insertion average length |	1.71
                             MULTI-MAPPING READS:
        Number of reads mapped to multiple loci |	9618539
             % of reads mapped to multiple loci |	8.52%
        Number of reads mapped to too many loci |	100470
             % of reads mapped to too many loci |	0.09%
                                  UNMAPPED READS:
       % of reads unmapped: too many mismatches |	0.00%
                 % of reads unmapped: too short |	0.56%
                     % of reads unmapped: other |	0.06%
                                  CHIMERIC READS:
                       Number of chimeric reads |	0
                            % of chimeric reads |	0.00%
