           Time    Speed        Read     Read   Mapped   Mapped   Mapped   Mapped Unmapped Unmapped Unmapped Unmapped
                    M/hr      number   length   unique   length   MMrate    multi   multi+       MM    short    other
Mar 13 10:52:16     87.3     1478945      275    90.7%    276.9     0.2%     8.5%     0.1%     0.0%     0.6%     0.1%
Mar 13 10:53:19    112.6     3877165      275    90.8%    276.8     0.1%     8.5%     0.1%     0.0%     0.6%     0.1%
Mar 13 10:54:19    126.4     6459927      275    90.8%    276.8     0.1%     8.5%     0.1%     0.0%     0.6%     0.1%
Mar 13 10:55:19    129.3     8766395      275    90.8%    276.8     0.1%     8.5%     0.1%     0.0%     0.6%     0.1%
Mar 13 10:56:23    130.5    11161741      275    90.8%    276.8     0.1%     8.5%     0.1%     0.0%     0.6%     0.1%
Mar 13 10:57:26    131.5    13554142      275    90.8%    276.7     0.1%     8.5%     0.1%     0.0%     0.6%     0.1%
Mar 13 10:58:28    131.8    15853971      275    90.8%    276.7     0.1%     8.5%     0.1%     0.0%     0.6%     0.1%
Mar 13 10:59:28    132.6    18155447      275    90.7%    276.6     0.2%     8.5%     0.1%     0.0%     0.6%     0.1%
Mar 13 11:00:29    133.5    20547909      275    90.7%    276.6     0.2%     8.5%     0.1%     0.0%     0.6%     0.1%
Mar 13 11:01:35    133.7    23032008      275    90.7%    276.6     0.2%     8.5%     0.1%     0.0%     0.6%     0.1%
Mar 13 11:02:35    134.1    25331484      275    90.7%    276.6     0.2%     8.5%     0.1%     0.0%     0.6%     0.1%
Mar 13 11:03:37    135.4    27908369      275    90.7%    276.6     0.2%     8.5%     0.1%     0.0%     0.6%     0.1%
Mar 13 11:04:41    134.9    30209297      275    90.7%    276.6     0.2%     8.5%     0.1%     0.0%     0.6%     0.1%
Mar 13 11:05:42    135.0    32509429      275    90.7%    276.6     0.2%     8.5%     0.1%     0.0%     0.6%     0.1%
Mar 13 11:06:45    134.7    34810208      275    90.7%    276.6     0.2%     8.5%     0.1%     0.0%     0.6%     0.1%
Mar 13 11:07:47    135.4    37297472      275    90.7%    276.6     0.2%     8.5%     0.1%     0.0%     0.6%     0.1%
Mar 13 11:08:47    136.5    39877360      275    90.7%    276.5     0.2%     8.6%     0.1%     0.0%     0.6%     0.1%
Mar 13 11:09:49    136.0    42088030      275    90.7%    276.5     0.2%     8.6%     0.1%     0.0%     0.6%     0.1%
Mar 13 11:10:51    136.2    44481218      275    90.7%    276.5     0.2%     8.6%     0.1%     0.0%     0.6%     0.1%
Mar 13 11:11:51    136.0    46689097      275    90.7%    276.5     0.2%     8.6%     0.1%     0.0%     0.6%     0.1%
Mar 13 11:12:52    135.7    48897467      275    90.7%    276.5     0.2%     8.6%     0.1%     0.0%     0.6%     0.1%
Mar 13 11:13:54    135.9    51294876      275    90.7%    276.5     0.2%     8.6%     0.1%     0.0%     0.6%     0.1%
Mar 13 11:14:56    136.3    53788310      275    90.7%    276.4     0.2%     8.6%     0.1%     0.0%     0.6%     0.1%
Mar 13 11:15:57    136.7    56279251      275    90.7%    276.4     0.2%     8.6%     0.1%     0.0%     0.6%     0.1%
Mar 13 11:16:57    136.8    58577676      275    90.7%    276.4     0.2%     8.6%     0.1%     0.0%     0.6%     0.1%
Mar 13 11:18:02    136.6    60967378      275    90.7%    276.4     0.2%     8.6%     0.1%     0.0%     0.6%     0.1%
Mar 13 11:19:02    136.6    63266322      275    90.7%    276.4     0.2%     8.6%     0.1%     0.0%     0.6%     0.1%
Mar 13 11:20:04    136.7    65656366      275    90.7%    276.5     0.2%     8.6%     0.1%     0.0%     0.6%     0.1%
Mar 13 11:21:07    136.5    67953196      275    90.7%    276.5     0.2%     8.6%     0.1%     0.0%     0.6%     0.1%
Mar 13 11:22:08    136.8    70433848      275    90.7%    276.5     0.2%     8.5%     0.1%     0.0%     0.6%     0.1%
Mar 13 11:23:12    136.9    72915211      275    90.8%    276.5     0.2%     8.5%     0.1%     0.0%     0.6%     0.1%
Mar 13 11:24:12    137.0    75210560      275    90.8%    276.5     0.2%     8.5%     0.1%     0.0%     0.6%     0.1%
Mar 13 11:25:12    137.0    77510817      275    90.8%    276.5     0.2%     8.5%     0.1%     0.0%     0.6%     0.1%
Mar 13 11:26:16    136.9    79900571      275    90.8%    276.5     0.2%     8.5%     0.1%     0.0%     0.6%     0.1%
Mar 13 11:27:16    137.1    82288686      275    90.8%    276.6     0.2%     8.5%     0.1%     0.0%     0.6%     0.1%
Mar 13 11:28:16    137.0    84492833      275    90.8%    276.6     0.2%     8.5%     0.1%     0.0%     0.6%     0.1%
Mar 13 11:29:17    136.9    86792188      275    90.8%    276.6     0.2%     8.5%     0.1%     0.0%     0.6%     0.1%
Mar 13 11:30:17    136.9    89091445      275    90.8%    276.6     0.2%     8.5%     0.1%     0.0%     0.6%     0.1%
Mar 13 11:31:19    136.9    91390695      275    90.8%    276.6     0.2%     8.5%     0.1%     0.0%     0.6%     0.1%
Mar 13 11:32:20    137.1    93872781      275    90.8%    276.6     0.2%     8.5%     0.1%     0.0%     0.6%     0.1%
Mar 13 11:33:21    136.9    96079099      275    90.8%    276.6     0.2%     8.5%     0.1%     0.0%     0.6%     0.1%
Mar 13 11:34:25    137.0    98563408      275    90.8%    276.6     0.2%     8.5%     0.1%     0.0%     0.6%     0.1%
Mar 13 11:35:26    137.1   100951393      275    90.8%    276.6     0.2%     8.5%     0.1%     0.0%     0.6%     0.1%
Mar 13 11:36:26    137.1   103241682      275    90.8%    276.6     0.2%     8.5%     0.1%     0.0%     0.6%     0.1%
Mar 13 11:37:28    136.3   104983540      275    90.8%    276.6     0.2%     8.5%     0.1%     0.0%     0.6%     0.1%
Mar 13 11:38:28    135.5   106634667      275    90.8%    276.6     0.2%     8.5%     0.1%     0.0%     0.6%     0.1%
Mar 13 11:39:29    135.2   108651721      275    90.8%    276.6     0.2%     8.5%     0.1%     0.0%     0.6%     0.1%
Mar 13 11:40:29    135.0   110759983      275    90.8%    276.6     0.2%     8.5%     0.1%     0.0%     0.6%     0.1%
Mar 13 11:51:54    111.7   112953903      275    90.8%    276.6     0.2%     8.5%     0.1%     0.0%     0.6%     0.1%
ALL DONE!
