           Time    Speed        Read     Read   Mapped   Mapped   Mapped   Mapped Unmapped Unmapped Unmapped Unmapped
                    M/hr      number   length   unique   length   MMrate    multi   multi+       MM    short    other
Mar 13 10:52:15    196.0     3266863      272    89.8%    273.4     0.2%     9.4%     0.1%     0.0%     0.6%     0.1%
Mar 13 10:53:15    209.9     6995796      272    89.8%    273.5     0.2%     9.4%     0.1%     0.0%     0.6%     0.1%
Mar 13 10:54:18    216.5    11002972      272    89.8%    273.4     0.2%     9.4%     0.1%     0.0%     0.7%     0.1%
Mar 13 10:55:20    219.1    14909084      271    89.8%    273.4     0.2%     9.4%     0.1%     0.0%     0.6%     0.1%
Mar 13 10:56:21    221.4    18815226      271    89.8%    273.3     0.2%     9.4%     0.1%     0.0%     0.6%     0.1%
Mar 13 10:57:23    220.4    22534580      271    89.8%    273.3     0.2%     9.4%     0.1%     0.0%     0.6%     0.1%
Mar 13 10:58:24    220.3    26253699      271    89.8%    273.3     0.2%     9.4%     0.1%     0.0%     0.6%     0.1%
Mar 13 10:59:25    222.9    30345772      271    89.8%    273.3     0.2%     9.4%     0.1%     0.0%     0.6%     0.1%
Mar 13 11:00:27    222.8    34160048      271    89.8%    273.3     0.2%     9.4%     0.1%     0.0%     0.6%     0.1%
Mar 13 11:01:28    224.7    38253244      271    89.8%    273.3     0.2%     9.4%     0.1%     0.0%     0.6%     0.1%
Mar 13 11:02:29    225.2    42164315      271    89.8%    273.2     0.2%     9.4%     0.1%     0.0%     0.6%     0.1%
Mar 13 11:03:29    225.5    45983457      271    89.8%    273.2     0.2%     9.4%     0.1%     0.0%     0.6%     0.1%
Mar 13 11:04:31    225.6    49889405      271    89.8%    273.2     0.2%     9.4%     0.1%     0.0%     0.6%     0.1%
Mar 13 11:05:31    225.5    53610429      271    89.8%    273.2     0.2%     9.4%     0.1%     0.0%     0.6%     0.1%
Mar 13 11:06:31    226.1    57527171      271    89.8%    273.1     0.2%     9.4%     0.1%     0.0%     0.6%     0.1%
Mar 13 11:07:31    226.3    61354051      271    89.8%    273.0     0.2%     9.5%     0.1%     0.0%     0.6%     0.1%
Mar 13 11:08:33    226.6    65347674      271    89.8%    273.1     0.2%     9.4%     0.1%     0.0%     0.6%     0.1%
Mar 13 11:09:34    226.5    69159261      271    89.8%    273.1     0.2%     9.4%     0.1%     0.0%     0.6%     0.1%
Mar 13 11:10:34    227.2    73152195      271    89.8%    273.1     0.2%     9.4%     0.1%     0.0%     0.6%     0.1%
Mar 13 11:11:38    227.4    77240076      271    89.8%    273.2     0.2%     9.4%     0.1%     0.0%     0.6%     0.1%
Mar 13 11:12:38    227.7    81136560      271    89.8%    273.2     0.2%     9.4%     0.1%     0.0%     0.6%     0.1%
Mar 13 11:13:39    227.5    84950820      271    89.8%    273.2     0.2%     9.4%     0.1%     0.0%     0.6%     0.1%
Mar 13 11:14:42    227.6    88941077      271    89.8%    273.2     0.2%     9.4%     0.1%     0.0%     0.6%     0.1%
Mar 13 11:15:42    228.1    92935092      271    89.8%    273.3     0.2%     9.4%     0.1%     0.0%     0.6%     0.1%
Mar 13 11:16:44    227.6    96652979      271    89.8%    273.3     0.2%     9.4%     0.1%     0.0%     0.6%     0.1%
Mar 13 11:17:46    228.0   100741530      271    89.8%    273.3     0.2%     9.4%     0.1%     0.0%     0.6%     0.1%
Mar 13 11:18:51    227.5   104631064      271    89.8%    273.3     0.2%     9.4%     0.1%     0.0%     0.6%     0.1%
Mar 13 11:19:54    227.7   108709867      271    89.8%    273.3     0.2%     9.4%     0.1%     0.0%     0.6%     0.1%
Mar 13 11:20:54    227.7   112506198      271    89.8%    273.3     0.2%     9.4%     0.1%     0.0%     0.6%     0.1%
Mar 13 11:21:56    227.6   116398037      271    89.8%    273.3     0.2%     9.4%     0.1%     0.0%     0.6%     0.1%
Mar 13 11:22:59    227.4   120287885      271    89.8%    273.3     0.2%     9.4%     0.1%     0.0%     0.6%     0.1%
Mar 13 11:28:35    197.4   122811415      271    89.8%    273.3     0.2%     9.4%     0.1%     0.0%     0.6%     0.1%
ALL DONE!
