           Time    Speed        Read     Read   Mapped   Mapped   Mapped   Mapped Unmapped Unmapped Unmapped Unmapped
                    M/hr      number   length   unique   length   MMrate    multi   multi+       MM    short    other
Mar 13 11:32:05    187.9     3235483      275    90.1%    276.6     0.1%     9.1%     0.1%     0.0%     0.7%     0.1%
Mar 13 11:33:06    208.2     7113971      275    90.0%    276.6     0.1%     9.1%     0.1%     0.0%     0.7%     0.1%
Mar 13 11:34:07    218.6    11174332      275    90.0%    276.6     0.1%     9.1%     0.1%     0.0%     0.7%     0.1%
Mar 13 11:35:07    226.0    15319041      275    90.0%    276.6     0.1%     9.1%     0.1%     0.0%     0.7%     0.1%
Mar 13 11:36:07    229.4    19372982      275    90.0%    276.5     0.1%     9.1%     0.1%     0.0%     0.7%     0.1%
Mar 13 11:37:08    226.5    22966567      275    90.0%    276.5     0.2%     9.2%     0.1%     0.0%     0.7%     0.1%
Mar 13 11:38:11    227.3    27018112      275    90.0%    276.5     0.2%     9.2%     0.1%     0.0%     0.7%     0.1%
Mar 13 11:39:11    226.5    30702632      275    90.0%    276.4     0.2%     9.2%     0.1%     0.0%     0.7%     0.1%
Mar 13 11:40:13    227.5    34755480      275    90.0%    276.4     0.2%     9.2%     0.1%     0.0%     0.7%     0.1%
Mar 13 11:41:14    228.7    38810681      275    90.0%    276.4     0.2%     9.2%     0.1%     0.0%     0.7%     0.1%
Mar 13 11:42:16    229.3    42866092      275    90.0%    276.4     0.2%     9.2%     0.1%     0.0%     0.7%     0.1%
Mar 13 11:43:16    225.9    46001927      275    90.0%    276.4     0.2%     9.2%     0.1%     0.0%     0.7%     0.1%
Mar 13 11:44:18    225.9    49876767      274    90.0%    276.3     0.2%     9.2%     0.1%     0.0%     0.7%     0.1%
Mar 13 11:45:18    226.7    53836730      274    90.0%    276.3     0.2%     9.2%     0.1%     0.0%     0.7%     0.1%
Mar 13 11:46:18    224.1    56968159      274    90.0%    276.3     0.2%     9.2%     0.1%     0.0%     0.7%     0.1%
Mar 13 11:47:19    224.4    60846094      274    90.0%    276.3     0.2%     9.2%     0.1%     0.0%     0.7%     0.1%
Mar 13 11:48:20    222.8    64173518      274    90.0%    276.3     0.2%     9.2%     0.1%     0.0%     0.7%     0.1%
Mar 13 11:49:20    223.9    68229351      274    90.0%    276.2     0.2%     9.2%     0.1%     0.0%     0.7%     0.1%
Mar 13 11:50:22    224.5    72278765      274    90.0%    276.3     0.2%     9.2%     0.1%     0.0%     0.7%     0.1%
Mar 13 11:51:22    226.0    76511809      274    90.0%    276.3     0.2%     9.2%     0.1%     0.0%     0.7%     0.1%
Mar 13 11:52:22    226.8    80560484      274    90.0%    276.3     0.2%     9.2%     0.1%     0.0%     0.7%     0.1%
Mar 13 11:53:25    227.0    84606945      274    90.0%    276.4     0.1%     9.2%     0.1%     0.0%     0.7%     0.1%
Mar 13 11:54:26    226.8    88379693      275    90.1%    276.4     0.2%     9.2%     0.1%     0.0%     0.6%     0.1%
Mar 13 11:55:27    227.5    92522613      275    90.1%    276.4     0.2%     9.1%     0.1%     0.0%     0.6%     0.1%
Mar 13 11:56:30    227.5    96478110      275    90.1%    276.4     0.2%     9.1%     0.1%     0.0%     0.6%     0.1%
Mar 13 11:57:31    227.7   100432871      275    90.1%    276.4     0.2%     9.1%     0.1%     0.0%     0.6%     0.1%
Mar 13 11:58:34    227.8   104472213      275    90.1%    276.4     0.2%     9.1%     0.1%     0.0%     0.6%     0.1%
Mar 13 11:59:35    228.4   108603769      275    90.1%    276.4     0.2%     9.1%     0.1%     0.0%     0.6%     0.1%
Mar 13 12:00:35    228.7   112549030      275    90.1%    276.4     0.2%     9.1%     0.1%     0.0%     0.6%     0.1%
Mar 13 12:01:35    228.6   116315514      275    90.1%    276.4     0.2%     9.1%     0.1%     0.0%     0.6%     0.1%
Mar 13 12:02:35    228.8   120259658      275    90.1%    276.4     0.2%     9.1%     0.1%     0.0%     0.6%     0.1%
Mar 13 12:03:35    228.9   124114340      275    90.1%    276.4     0.2%     9.1%     0.1%     0.0%     0.6%     0.1%
Mar 13 12:04:40    228.7   128152023      275    90.1%    276.4     0.2%     9.1%     0.1%     0.0%     0.7%     0.1%
Mar 13 12:13:09    188.5   132299046      275    90.1%    276.4     0.2%     9.1%     0.1%     0.0%     0.7%     0.1%
ALL DONE!
