                                 Started job on |	Mar 13 11:29:19
                             Started mapping on |	Mar 13 11:31:03
                                    Finished on |	Mar 13 12:13:09
       Mapping speed, Million of reads per hour |	188.55

                          Number of input reads |	132299046
                      Average input read length |	275
                                    UNIQUE READS:
                   Uniquely mapped reads number |	119175448
                        Uniquely mapped reads % |	90.08%
                          Average mapped length |	276.44
                       Number of splices: Total |	100783230
            Number of splices: Annotated (sjdb) |	99755543
                       Number of splices: GT/AG |	99823965
                       Number of splices: GC/AG |	730172
                       Number of splices: AT/AC |	103816
               Number of splices: Non-canonical |	125277
                      Mismatch rate per base, % |	0.15%
                         Deletion rate per base |	0.01%
                        Deletion average length |	2.05
                        Insertion rate per base |	0.01%
                       Insertion average length |	1.72
                             MULTI-MAPPING READS:
        Number of reads mapped to multiple loci |	12071069
             % of reads mapped to multiple loci |	9.12%
        Number of reads mapped to too many loci |	117364
             % of reads mapped to too many loci |	0.09%
                                  UNMAPPED READS:
       % of reads unmapped: too many mismatches |	0.00%
                 % of reads unmapped: too short |	0.65%
                     % of reads unmapped: other |	0.05%
                                  CHIMERIC READS:
                       Number of chimeric reads |	0
                            % of chimeric reads |	0.00%
