           Time    Speed        Read     Read   Mapped   Mapped   Mapped   Mapped Unmapped Unmapped Unmapped Unmapped
                    M/hr      number   length   unique   length   MMrate    multi   multi+       MM    short    other
Mar 13 11:50:12    181.8     3029849      267    88.4%    269.3     0.1%    10.8%     0.1%     0.0%     0.6%     0.1%
Mar 13 11:51:13    197.1     6623402      267    88.4%    269.3     0.2%    10.8%     0.1%     0.0%     0.6%     0.1%
Mar 13 11:52:13    207.0    10405224      267    88.4%    269.3     0.2%    10.8%     0.1%     0.0%     0.6%     0.1%
Mar 13 11:53:15    210.1    14179474      267    88.4%    269.3     0.2%    10.8%     0.1%     0.0%     0.6%     0.1%
Mar 13 11:54:16    217.1    18329632      267    88.4%    269.2     0.2%    10.8%     0.1%     0.0%     0.6%     0.1%
Mar 13 11:55:16    215.8    21822350      267    88.4%    269.2     0.2%    10.8%     0.1%     0.0%     0.6%     0.1%
Mar 13 11:56:17    216.0    25499251      267    88.4%    269.2     0.2%    10.8%     0.1%     0.0%     0.6%     0.1%
Mar 13 11:57:17    218.7    29461620      267    88.4%    269.1     0.2%    10.8%     0.1%     0.0%     0.6%     0.1%
Mar 13 11:58:18    219.1    33235184      267    88.4%    269.1     0.2%    10.8%     0.1%     0.0%     0.6%     0.1%
Mar 13 11:59:18    221.0    37198997      267    88.4%    269.1     0.2%    10.8%     0.1%     0.0%     0.6%     0.1%
Mar 13 12:00:18    221.5    40974934      267    88.4%    269.1     0.2%    10.8%     0.1%     0.0%     0.6%     0.1%
Mar 13 12:01:20    222.2    44943031      267    88.4%    269.1     0.2%    10.8%     0.1%     0.0%     0.6%     0.1%
Mar 13 12:02:22    222.0    48722203      267    88.4%    269.0     0.2%    10.9%     0.1%     0.0%     0.6%     0.1%
Mar 13 12:03:22    222.7    52588020      267    88.4%    269.0     0.2%    10.9%     0.1%     0.0%     0.6%     0.1%
Mar 13 12:04:23    222.7    56364010      267    88.4%    269.0     0.2%    10.9%     0.1%     0.0%     0.6%     0.1%
Mar 13 12:05:23    222.7    60053736      267    88.4%    269.0     0.2%    10.9%     0.1%     0.0%     0.6%     0.1%
Mar 13 12:06:23    222.6    63749493      266    88.4%    268.9     0.2%    10.9%     0.1%     0.0%     0.6%     0.1%
Mar 13 12:07:24    223.5    67800927      267    88.4%    268.9     0.2%    10.9%     0.1%     0.0%     0.6%     0.1%
Mar 13 12:08:24    223.7    71569727      267    88.4%    269.0     0.2%    10.9%     0.1%     0.0%     0.6%     0.1%
Mar 13 12:09:26    223.7    75433962      267    88.4%    269.0     0.2%    10.9%     0.1%     0.0%     0.6%     0.1%
Mar 13 12:10:28    224.0    79388920      267    88.4%    269.0     0.2%    10.8%     0.1%     0.0%     0.6%     0.1%
Mar 13 12:11:30    224.0    83252840      267    88.4%    269.0     0.2%    10.8%     0.1%     0.0%     0.6%     0.1%
Mar 13 12:12:32    223.5    86924235      267    88.4%    269.1     0.2%    10.8%     0.1%     0.0%     0.6%     0.1%
Mar 13 12:13:32    223.6    90694378      267    88.4%    269.1     0.2%    10.8%     0.1%     0.0%     0.6%     0.1%
Mar 13 12:14:32    223.7    94462234      267    88.4%    269.1     0.2%    10.8%     0.1%     0.0%     0.6%     0.1%
Mar 13 12:15:36    223.2    98229900      267    88.4%    269.1     0.2%    10.8%     0.1%     0.0%     0.6%     0.1%
Mar 13 12:16:38    223.3   102091354      267    88.4%    269.1     0.2%    10.8%     0.1%     0.0%     0.6%     0.1%
Mar 13 12:17:39    223.4   105943267      267    88.4%    269.1     0.2%    10.8%     0.1%     0.0%     0.6%     0.1%
Mar 13 12:18:39    222.0   108949271      267    88.4%    269.1     0.2%    10.8%     0.1%     0.0%     0.6%     0.1%
Mar 13 12:19:40    220.9   112146108      267    88.4%    269.1     0.2%    10.8%     0.1%     0.0%     0.6%     0.1%
Mar 13 12:20:42    219.7   115342497      267    88.4%    269.1     0.2%    10.8%     0.1%     0.0%     0.6%     0.1%
Mar 13 12:21:43    220.1   119285186      267    88.4%    269.2     0.2%    10.8%     0.1%     0.0%     0.6%     0.1%
Mar 13 12:22:43    220.1   122949063      267    88.4%    269.2     0.2%    10.8%     0.1%     0.0%     0.6%     0.1%
Mar 13 12:23:43    219.4   126238822      267    88.4%    269.2     0.2%    10.8%     0.1%     0.0%     0.6%     0.1%
Mar 13 12:24:52    216.2   128533689      267    88.4%    269.2     0.2%    10.8%     0.1%     0.0%     0.6%     0.1%
Mar 13 12:41:06    148.6   128533689      267    88.4%    269.2     0.2%    10.8%     0.1%     0.0%     0.6%     0.1%
ALL DONE!
