                                 Started job on |	Mar 13 12:10:49
                             Started mapping on |	Mar 13 12:14:46
                                    Finished on |	Mar 13 14:30:00
       Mapping speed, Million of reads per hour |	58.22

                          Number of input reads |	131213578
                      Average input read length |	271
                                    UNIQUE READS:
                   Uniquely mapped reads number |	105662622
                        Uniquely mapped reads % |	80.53%
                          Average mapped length |	272.60
                       Number of splices: Total |	81206799
            Number of splices: Annotated (sjdb) |	80340454
                       Number of splices: GT/AG |	80430713
                       Number of splices: GC/AG |	580754
                       Number of splices: AT/AC |	84031
               Number of splices: Non-canonical |	111301
                      Mismatch rate per base, % |	0.16%
                         Deletion rate per base |	0.01%
                        Deletion average length |	1.93
                        Insertion rate per base |	0.01%
                       Insertion average length |	1.66
                             MULTI-MAPPING READS:
        Number of reads mapped to multiple loci |	22528458
             % of reads mapped to multiple loci |	17.17%
        Number of reads mapped to too many loci |	176644
             % of reads mapped to too many loci |	0.13%
                                  UNMAPPED READS:
       % of reads unmapped: too many mismatches |	0.00%
                 % of reads unmapped: too short |	2.10%
                     % of reads unmapped: other |	0.07%
                                  CHIMERIC READS:
                       Number of chimeric reads |	0
                            % of chimeric reads |	0.00%
