                                 Started job on |	Mar 13 12:17:09
                             Started mapping on |	Mar 13 12:21:37
                                    Finished on |	Mar 13 14:30:03
       Mapping speed, Million of reads per hour |	62.57

                          Number of input reads |	133936216
                      Average input read length |	270
                                    UNIQUE READS:
                   Uniquely mapped reads number |	107186372
                        Uniquely mapped reads % |	80.03%
                          Average mapped length |	271.09
                       Number of splices: Total |	82649180
            Number of splices: Annotated (sjdb) |	81748264
                       Number of splices: GT/AG |	81856678
                       Number of splices: GC/AG |	593528
                       Number of splices: AT/AC |	85402
               Number of splices: Non-canonical |	113572
                      Mismatch rate per base, % |	0.16%
                         Deletion rate per base |	0.01%
                        Deletion average length |	1.94
                        Insertion rate per base |	0.01%
                       Insertion average length |	1.66
                             MULTI-MAPPING READS:
        Number of reads mapped to multiple loci |	23829858
             % of reads mapped to multiple loci |	17.79%
        Number of reads mapped to too many loci |	168794
             % of reads mapped to too many loci |	0.13%
                                  UNMAPPED READS:
       % of reads unmapped: too many mismatches |	0.00%
                 % of reads unmapped: too short |	1.99%
                     % of reads unmapped: other |	0.06%
                                  CHIMERIC READS:
                       Number of chimeric reads |	0
                            % of chimeric reads |	0.00%
