           Time    Speed        Read     Read   Mapped   Mapped   Mapped   Mapped Unmapped Unmapped Unmapped Unmapped
                    M/hr      number   length   unique   length   MMrate    multi   multi+       MM    short    other
Mar 13 12:39:36     53.9     1032680      270    82.3%    272.4     0.2%    16.5%     0.1%     0.0%     1.0%     0.1%
Mar 13 12:40:38     64.4     2342987      271    82.3%    272.4     0.2%    16.4%     0.1%     0.0%     1.0%     0.1%
Mar 13 12:41:38     72.4     3841093      270    82.4%    272.4     0.2%    16.4%     0.1%     0.0%     1.0%     0.1%
Mar 13 12:42:41     74.3     5244450      270    82.4%    272.4     0.2%    16.4%     0.1%     0.0%     1.0%     0.1%
Mar 13 12:43:49     76.4     6835962      270    82.4%    272.4     0.2%    16.4%     0.1%     0.0%     1.0%     0.1%
Mar 13 12:44:51     78.1     8333380      270    82.4%    272.4     0.2%    16.4%     0.1%     0.0%     1.0%     0.1%
Mar 13 12:45:52     78.0     9644153      270    82.4%    272.4     0.2%    16.4%     0.1%     0.0%     1.0%     0.1%
Mar 13 12:46:52     83.4    11698893      270    82.4%    272.4     0.2%    16.4%     0.1%     0.0%     1.0%     0.1%
Mar 13 12:47:53     89.8    14126159      270    82.4%    272.3     0.2%    16.4%     0.1%     0.0%     1.0%     0.1%
Mar 13 12:48:58     94.4    16554449      270    82.4%    272.3     0.1%    16.4%     0.1%     0.0%     1.0%     0.1%
Mar 13 12:49:58     96.9    18606465      270    82.4%    272.3     0.2%    16.4%     0.1%     0.0%     1.0%     0.1%
Mar 13 12:50:58     99.5    20755535      270    82.3%    272.3     0.2%    16.5%     0.1%     0.0%     1.0%     0.1%
Mar 13 12:52:02    100.3    22717370      270    82.3%    272.2     0.2%    16.5%     0.1%     0.0%     1.0%     0.1%
Mar 13 12:53:03    101.8    24770662      270    82.3%    272.2     0.2%    16.5%     0.1%     0.0%     1.0%     0.1%
Mar 13 12:54:05    103.3    26916321      270    82.3%    272.2     0.2%    16.5%     0.1%     0.0%     1.0%     0.1%
Mar 13 12:55:05    104.8    29062597      270    82.3%    272.2     0.2%    16.5%     0.1%     0.0%     1.0%     0.1%
Mar 13 12:56:11    106.2    31396486      270    82.3%    272.2     0.2%    16.5%     0.1%     0.0%     1.0%     0.1%
Mar 13 12:57:16    108.2    33918302      270    82.3%    272.2     0.2%    16.5%     0.1%     0.0%     1.0%     0.1%
Mar 13 12:58:16    109.8    36253774      270    82.3%    272.2     0.2%    16.5%     0.1%     0.0%     1.0%     0.1%
Mar 13 12:59:16    111.0    38494227      270    82.3%    272.2     0.2%    16.5%     0.1%     0.0%     1.0%     0.1%
Mar 13 13:00:16    111.8    40641821      270    82.3%    272.2     0.2%    16.5%     0.1%     0.0%     1.0%     0.1%
Mar 13 13:01:16    112.5    42791734      270    82.3%    272.2     0.2%    16.5%     0.1%     0.0%     1.0%     0.1%
Mar 13 13:02:19    113.7    45222443      270    82.3%    272.2     0.2%    16.5%     0.1%     0.0%     1.0%     0.1%
Mar 13 13:03:25    113.8    47373704      270    82.3%    272.1     0.2%    16.5%     0.1%     0.0%     1.0%     0.1%
Mar 13 13:04:28    114.0    49429971      270    82.3%    272.1     0.2%    16.5%     0.1%     0.0%     1.0%     0.1%
Mar 13 13:05:28    114.8    51671127      270    82.3%    272.1     0.2%    16.5%     0.1%     0.0%     1.0%     0.1%
Mar 13 13:06:29    116.0    54191336      270    82.3%    272.1     0.2%    16.5%     0.1%     0.0%     1.0%     0.1%
Mar 13 13:07:33    116.9    56711601      270    82.3%    272.1     0.2%    16.5%     0.1%     0.0%     1.0%     0.1%
Mar 13 13:08:33    117.9    59142728      270    82.3%    272.1     0.2%    16.5%     0.1%     0.0%     1.0%     0.1%
Mar 13 13:09:33    119.0    61671551      270    82.3%    272.1     0.2%    16.5%     0.1%     0.0%     1.0%     0.1%
Mar 13 13:10:43    119.2    64108580      270    82.3%    272.0     0.2%    16.5%     0.1%     0.0%     1.0%     0.1%
Mar 13 13:11:48    120.2    66820613      270    82.3%    272.0     0.2%    16.5%     0.1%     0.0%     1.0%     0.1%
Mar 13 13:12:49    121.1    69338670      270    82.3%    272.0     0.2%    16.5%     0.1%     0.0%     1.0%     0.1%
Mar 13 13:13:49    122.1    71949812      270    82.3%    272.0     0.2%    16.5%     0.1%     0.0%     1.0%     0.1%
Mar 13 13:14:51    122.1    74095552      270    82.3%    272.0     0.2%    16.5%     0.1%     0.0%     1.0%     0.1%
Mar 13 13:15:52    123.2    76799791      270    82.3%    272.1     0.2%    16.5%     0.1%     0.0%     1.0%     0.1%
Mar 13 13:16:53    123.8    79315715      270    82.3%    272.1     0.2%    16.5%     0.1%     0.0%     1.0%     0.1%
Mar 13 13:17:53    124.4    81738284      270    82.3%    272.1     0.2%    16.5%     0.1%     0.0%     1.0%     0.1%
Mar 13 13:18:55    124.8    84162480      270    82.3%    272.1     0.2%    16.5%     0.1%     0.0%     1.0%     0.1%
Mar 13 13:19:55    125.3    86586078      270    82.3%    272.1     0.2%    16.5%     0.1%     0.0%     1.0%     0.1%
Mar 13 13:20:58    125.6    89009374      270    82.3%    272.2     0.2%    16.5%     0.1%     0.0%     1.0%     0.1%
Mar 13 13:21:59    126.0    91437610      270    82.3%    272.1     0.2%    16.5%     0.1%     0.0%     1.0%     0.1%
Mar 13 13:23:02    126.7    94140775      270    82.3%    272.2     0.2%    16.5%     0.1%     0.0%     1.0%     0.1%
Mar 13 13:24:02    126.9    96374400      270    82.3%    272.2     0.2%    16.5%     0.1%     0.0%     1.0%     0.1%
Mar 13 13:25:03    127.4    98982628      270    82.3%    272.2     0.2%    16.5%     0.1%     0.0%     1.0%     0.1%
Mar 13 13:26:06    127.6   101311663      270    82.3%    272.2     0.2%    16.5%     0.1%     0.0%     1.0%     0.1%
Mar 13 13:27:08    128.0   103823977      270    82.3%    272.2     0.2%    16.5%     0.1%     0.0%     1.0%     0.1%
Mar 13 13:28:08    128.3   106243035      270    82.3%    272.2     0.2%    16.5%     0.1%     0.0%     1.0%     0.1%
Mar 13 13:29:14    128.6   108848047      270    82.3%    272.2     0.2%    16.5%     0.1%     0.0%     1.0%     0.1%
Mar 13 13:30:18    128.8   111265530      270    82.3%    272.2     0.2%    16.5%     0.1%     0.0%     1.0%     0.1%
Mar 13 13:31:20    129.1   113777058      270    82.3%    272.2     0.2%    16.5%     0.1%     0.0%     1.0%     0.1%
Mar 13 13:32:20    129.5   116291514      270    82.3%    272.2     0.2%    16.5%     0.1%     0.0%     1.0%     0.1%
Mar 13 13:33:20    129.7   118615136      270    82.3%    272.2     0.2%    16.5%     0.1%     0.0%     1.0%     0.1%
Mar 13 13:34:21    129.8   120937439      270    82.3%    272.2     0.2%    16.5%     0.1%     0.0%     1.0%     0.1%
Mar 13 13:35:22    129.6   122983030      270    82.3%    272.2     0.2%    16.5%     0.1%     0.0%     1.0%     0.1%
Mar 13 13:36:22    129.9   125401809      270    82.3%    272.2     0.2%    16.5%     0.1%     0.0%     1.0%     0.1%
Mar 13 13:37:23    129.9   127633709      270    82.3%    272.2     0.2%    16.5%     0.1%     0.0%     1.0%     0.1%
Mar 13 13:38:24    130.0   129865576      270    82.3%    272.2     0.2%    16.5%     0.1%     0.0%     1.0%     0.1%
Mar 13 13:39:24    130.3   132315519      270    82.3%    272.2     0.2%    16.5%     0.1%     0.0%     1.0%     0.1%
Mar 13 13:51:53    108.2   132409171      270    82.3%    272.2     0.2%    16.5%     0.1%     0.0%     1.0%     0.1%
ALL DONE!
