                                 Started job on |	Mar 13 12:29:53
                             Started mapping on |	Mar 13 12:38:27
                                    Finished on |	Mar 13 13:51:53
       Mapping speed, Million of reads per hour |	108.19

                          Number of input reads |	132409171
                      Average input read length |	270
                                    UNIQUE READS:
                   Uniquely mapped reads number |	108995658
                        Uniquely mapped reads % |	82.32%
                          Average mapped length |	272.23
                       Number of splices: Total |	81392326
            Number of splices: Annotated (sjdb) |	80494745
                       Number of splices: GT/AG |	80613348
                       Number of splices: GC/AG |	581184
                       Number of splices: AT/AC |	83558
               Number of splices: Non-canonical |	114236
                      Mismatch rate per base, % |	0.16%
                         Deletion rate per base |	0.01%
                        Deletion average length |	1.93
                        Insertion rate per base |	0.01%
                       Insertion average length |	1.66
                             MULTI-MAPPING READS:
        Number of reads mapped to multiple loci |	21826851
             % of reads mapped to multiple loci |	16.48%
        Number of reads mapped to too many loci |	165177
             % of reads mapped to too many loci |	0.12%
                                  UNMAPPED READS:
       % of reads unmapped: too many mismatches |	0.00%
                 % of reads unmapped: too short |	1.00%
                     % of reads unmapped: other |	0.07%
                                  CHIMERIC READS:
                       Number of chimeric reads |	0
                            % of chimeric reads |	0.00%
