           Time    Speed        Read     Read   Mapped   Mapped   Mapped   Mapped Unmapped Unmapped Unmapped Unmapped
                    M/hr      number   length   unique   length   MMrate    multi   multi+       MM    short    other
Mar 13 12:43:11    113.6     1893059      267    85.5%    269.8     0.2%    13.2%     0.1%     0.0%     1.1%     0.1%
Mar 13 12:44:11     88.0     2932999      267    85.4%    269.8     0.2%    13.3%     0.1%     0.0%     1.1%     0.1%
Mar 13 12:45:19     86.9     4539154      267    85.5%    269.8     0.2%    13.3%     0.1%     0.0%     1.1%     0.1%
Mar 13 12:46:21     91.2     6336001      267    85.4%    269.7     0.2%    13.3%     0.1%     0.0%     1.1%     0.1%
Mar 13 12:47:21    108.7     9361236      267    85.4%    269.7     0.2%    13.3%     0.1%     0.0%     1.1%     0.1%
Mar 13 12:48:24    123.1    12756822      267    85.4%    269.7     0.1%    13.3%     0.1%     0.0%     1.1%     0.1%
Mar 13 12:49:24    130.4    15681760      267    85.4%    269.6     0.1%    13.3%     0.1%     0.0%     1.1%     0.1%
Mar 13 12:50:24    134.5    18415665      267    85.4%    269.6     0.2%    13.3%     0.1%     0.0%     1.1%     0.1%
Mar 13 12:51:24    138.3    21245599      267    85.4%    269.5     0.2%    13.3%     0.1%     0.0%     1.1%     0.1%
Mar 13 12:52:25    141.7    24167509      267    85.4%    269.5     0.2%    13.3%     0.1%     0.0%     1.1%     0.1%
Mar 13 12:53:26    142.5    26711702      267    85.4%    269.5     0.2%    13.4%     0.1%     0.0%     1.1%     0.1%
Mar 13 12:54:26    149.3    30483560      267    85.4%    269.5     0.2%    13.4%     0.1%     0.0%     1.1%     0.1%
Mar 13 12:55:26    150.4    33219268      267    85.4%    269.5     0.2%    13.4%     0.1%     0.0%     1.1%     0.1%
Mar 13 12:56:27    154.4    36707809      267    85.4%    269.5     0.2%    13.4%     0.1%     0.0%     1.1%     0.1%
Mar 13 12:57:27    157.2    40009930      267    85.4%    269.5     0.2%    13.4%     0.1%     0.0%     1.1%     0.1%
Mar 13 12:58:27    157.7    42748712      267    85.4%    269.5     0.2%    13.4%     0.1%     0.0%     1.1%     0.1%
Mar 13 12:59:29    159.4    45960503      267    85.4%    269.4     0.2%    13.4%     0.1%     0.0%     1.1%     0.1%
Mar 13 13:00:29    160.9    49072434      267    85.4%    269.4     0.2%    13.4%     0.1%     0.0%     1.1%     0.1%
Mar 13 13:01:29    162.2    52183800      267    85.4%    269.4     0.2%    13.4%     0.1%     0.0%     1.1%     0.1%
Mar 13 13:02:30    163.9    55488865      267    85.4%    269.4     0.2%    13.4%     0.1%     0.0%     1.1%     0.1%
Mar 13 13:03:31    165.1    58709556      267    85.3%    269.3     0.2%    13.4%     0.1%     0.0%     1.1%     0.1%
Mar 13 13:04:32    165.5    61641449      267    85.3%    269.3     0.2%    13.4%     0.1%     0.0%     1.1%     0.1%
Mar 13 13:05:35    167.5    65312466      267    85.3%    269.3     0.2%    13.4%     0.1%     0.0%     1.1%     0.1%
Mar 13 13:06:37    169.6    69081517      267    85.4%    269.3     0.2%    13.4%     0.1%     0.0%     1.1%     0.1%
Mar 13 13:07:38    171.1    72563943      267    85.4%    269.4     0.2%    13.4%     0.1%     0.0%     1.1%     0.1%
Mar 13 13:08:38    171.9    75762851      267    85.4%    269.4     0.2%    13.4%     0.1%     0.0%     1.1%     0.1%
Mar 13 13:09:38    173.4    79339756      267    85.4%    269.4     0.2%    13.4%     0.1%     0.0%     1.1%     0.1%
Mar 13 13:10:43    175.3    83386553      267    85.4%    269.5     0.2%    13.4%     0.1%     0.0%     1.1%     0.1%
Mar 13 13:11:43    176.9    87062398      267    85.4%    269.5     0.2%    13.4%     0.1%     0.0%     1.1%     0.1%
Mar 13 13:12:44    177.8    90542043      267    85.4%    269.5     0.2%    13.4%     0.1%     0.0%     1.1%     0.1%
Mar 13 13:13:44    178.8    94024422      267    85.4%    269.5     0.2%    13.3%     0.1%     0.0%     1.1%     0.1%
Mar 13 13:14:48    179.6    97606171      267    85.4%    269.5     0.2%    13.3%     0.1%     0.0%     1.1%     0.1%
Mar 13 13:15:48    180.4   101088555      267    85.4%    269.5     0.2%    13.3%     0.1%     0.0%     1.1%     0.1%
Mar 13 13:16:48    181.4   104655907      267    85.4%    269.5     0.2%    13.3%     0.1%     0.0%     1.1%     0.1%
Mar 13 13:17:48    182.5   108322494      267    85.4%    269.5     0.2%    13.3%     0.1%     0.0%     1.1%     0.1%
Mar 13 13:18:48    182.9   111607300      267    85.4%    269.5     0.2%    13.3%     0.1%     0.0%     1.1%     0.1%
Mar 13 13:19:48    184.2   115456000      267    85.4%    269.5     0.2%    13.3%     0.1%     0.0%     1.1%     0.1%
Mar 13 13:20:49    184.6   118837270      267    85.4%    269.5     0.2%    13.3%     0.1%     0.0%     1.1%     0.1%
Mar 13 13:21:50    184.4   121844693      267    85.4%    269.5     0.2%    13.3%     0.1%     0.0%     1.1%     0.1%
Mar 13 13:51:30    106.5   123087653      267    85.4%    269.5     0.2%    13.3%     0.1%     0.0%     1.1%     0.1%
ALL DONE!
