           Time    Speed        Read     Read   Mapped   Mapped   Mapped   Mapped Unmapped Unmapped Unmapped Unmapped
                    M/hr      number   length   unique   length   MMrate    multi   multi+       MM    short    other
Mar 13 12:47:05     81.5     1404136      271    84.5%    273.0     0.2%    14.2%     0.1%     0.0%     1.2%     0.1%
Mar 13 12:48:05    110.3     3739096      271    84.5%    273.0     0.2%    14.2%     0.1%     0.0%     1.2%     0.1%
Mar 13 12:49:05    118.3     5980647      271    84.5%    273.0     0.2%    14.2%     0.1%     0.0%     1.2%     0.1%
Mar 13 12:50:06    121.8     8222343      271    84.4%    272.9     0.2%    14.2%     0.1%     0.0%     1.2%     0.1%
Mar 13 12:51:15    121.8    10555990      271    84.4%    272.9     0.2%    14.2%     0.1%     0.0%     1.2%     0.1%
Mar 13 12:52:15    123.8    12790906      271    84.4%    272.9     0.2%    14.2%     0.1%     0.0%     1.2%     0.1%
Mar 13 12:53:15    125.2    15026599      271    84.4%    272.9     0.2%    14.2%     0.1%     0.0%     1.2%     0.1%
Mar 13 12:54:19    125.3    17263750      271    84.4%    272.9     0.2%    14.2%     0.1%     0.0%     1.2%     0.1%
Mar 13 12:55:20    126.0    19502520      271    84.4%    272.8     0.2%    14.2%     0.1%     0.0%     1.2%     0.1%
Mar 13 12:56:22    126.4    21741086      271    84.4%    272.8     0.2%    14.2%     0.1%     0.0%     1.2%     0.1%
Mar 13 12:57:24    126.8    23978728      271    84.4%    272.8     0.2%    14.2%     0.1%     0.0%     1.2%     0.1%
Mar 13 12:58:27    127.3    26308050      271    84.4%    272.8     0.2%    14.2%     0.1%     0.0%     1.2%     0.1%
Mar 13 12:59:27    127.8    28544802      271    84.4%    272.8     0.2%    14.2%     0.1%     0.0%     1.2%     0.1%
Mar 13 13:00:27    128.3    30780540      271    84.4%    272.8     0.2%    14.2%     0.1%     0.0%     1.2%     0.1%
Mar 13 13:01:27    128.6    33016386      271    84.4%    272.8     0.2%    14.2%     0.1%     0.0%     1.2%     0.1%
Mar 13 13:02:27    128.6    35159871      271    84.4%    272.8     0.2%    14.2%     0.1%     0.0%     1.2%     0.1%
Mar 13 13:03:27    129.0    37396028      271    84.4%    272.8     0.2%    14.2%     0.1%     0.0%     1.2%     0.1%
Mar 13 13:04:30    128.9    39633451      271    84.4%    272.7     0.2%    14.2%     0.1%     0.0%     1.2%     0.1%
Mar 13 13:05:31    129.1    41871879      271    84.4%    272.7     0.2%    14.3%     0.1%     0.0%     1.2%     0.1%
Mar 13 13:06:31    129.3    44111391      271    84.4%    272.7     0.2%    14.3%     0.1%     0.0%     1.2%     0.1%
Mar 13 13:07:36    129.3    46443164      271    84.4%    272.7     0.2%    14.3%     0.1%     0.0%     1.2%     0.1%
Mar 13 13:08:37    129.4    48680647      271    84.4%    272.7     0.2%    14.3%     0.1%     0.0%     1.2%     0.1%
Mar 13 13:09:37    129.6    50917865      271    84.4%    272.7     0.2%    14.3%     0.1%     0.0%     1.2%     0.1%
Mar 13 13:10:43    129.3    53155183      271    84.4%    272.7     0.2%    14.3%     0.1%     0.0%     1.2%     0.1%
Mar 13 13:11:44    129.6    55487805      271    84.4%    272.6     0.2%    14.3%     0.1%     0.0%     1.2%     0.1%
Mar 13 13:12:46    129.7    57731954      271    84.4%    272.6     0.2%    14.3%     0.1%     0.0%     1.2%     0.1%
Mar 13 13:13:48    129.9    60071820      271    84.3%    272.6     0.2%    14.3%     0.1%     0.0%     1.2%     0.1%
Mar 13 13:14:48    130.2    62408209      271    84.3%    272.5     0.2%    14.3%     0.1%     0.0%     1.2%     0.1%
Mar 13 13:15:48    130.4    64641251      271    84.3%    272.5     0.2%    14.3%     0.1%     0.0%     1.2%     0.1%
Mar 13 13:16:49    130.6    66965483      271    84.4%    272.6     0.2%    14.3%     0.1%     0.0%     1.2%     0.1%
Mar 13 13:17:50    130.8    69291297      271    84.4%    272.6     0.2%    14.3%     0.1%     0.0%     1.2%     0.1%
Mar 13 13:18:51    130.8    71524537      271    84.4%    272.6     0.2%    14.3%     0.1%     0.0%     1.2%     0.1%
Mar 13 13:19:52    131.0    73850105      271    84.4%    272.6     0.2%    14.3%     0.1%     0.0%     1.2%     0.1%
Mar 13 13:20:53    130.9    75989242      271    84.4%    272.7     0.2%    14.3%     0.1%     0.0%     1.2%     0.1%
Mar 13 13:21:53    130.7    78034869      271    84.4%    272.7     0.2%    14.3%     0.1%     0.0%     1.2%     0.1%
Mar 13 13:22:53    130.7    80265923      271    84.4%    272.7     0.2%    14.2%     0.1%     0.0%     1.2%     0.1%
Mar 13 13:23:54    130.8    82497212      271    84.4%    272.7     0.2%    14.2%     0.1%     0.0%     1.2%     0.1%
Mar 13 13:24:55    130.8    84731823      271    84.4%    272.7     0.2%    14.2%     0.1%     0.0%     1.2%     0.1%
Mar 13 13:25:57    130.8    86968621      271    84.4%    272.7     0.2%    14.2%     0.1%     0.0%     1.2%     0.1%
Mar 13 13:26:58    130.8    89201593      271    84.4%    272.7     0.2%    14.2%     0.1%     0.0%     1.2%     0.1%
Mar 13 13:28:01    130.7    91432060      271    84.4%    272.7     0.2%    14.2%     0.1%     0.0%     1.2%     0.1%
Mar 13 13:29:01    130.8    93661382      271    84.4%    272.8     0.2%    14.2%     0.1%     0.0%     1.2%     0.1%
Mar 13 13:30:01    131.0    95988606      271    84.4%    272.8     0.2%    14.2%     0.1%     0.0%     1.2%     0.1%
Mar 13 13:31:01    130.9    98129930      271    84.4%    272.8     0.2%    14.2%     0.1%     0.0%     1.2%     0.1%
Mar 13 13:32:01    131.0   100363484      271    84.4%    272.8     0.2%    14.2%     0.1%     0.0%     1.2%     0.1%
Mar 13 13:33:01    131.1   102591808      271    84.4%    272.8     0.2%    14.2%     0.1%     0.0%     1.2%     0.1%
Mar 13 13:34:02    131.1   104818723      271    84.4%    272.8     0.2%    14.2%     0.1%     0.0%     1.2%     0.1%
Mar 13 13:35:10    131.0   107232045      271    84.4%    272.8     0.2%    14.2%     0.1%     0.0%     1.2%     0.1%
Mar 13 13:36:10    131.0   109461988      271    84.4%    272.8     0.2%    14.2%     0.1%     0.0%     1.2%     0.1%
Mar 13 13:37:14    131.0   111781412      271    84.4%    272.8     0.2%    14.2%     0.1%     0.0%     1.2%     0.1%
Mar 13 13:38:16    131.0   114006975      271    84.4%    272.8     0.2%    14.2%     0.1%     0.0%     1.2%     0.1%
Mar 13 13:39:18    131.2   116419446      271    84.4%    272.8     0.2%    14.2%     0.1%     0.0%     1.2%     0.1%
Mar 13 13:40:22    131.1   118647916      271    84.4%    272.8     0.2%    14.2%     0.1%     0.0%     1.2%     0.1%
Mar 13 13:41:25    131.2   121062222      271    84.4%    272.8     0.2%    14.2%     0.1%     0.0%     1.2%     0.1%
Mar 13 13:42:25    131.1   123199511      271    84.4%    272.8     0.2%    14.2%     0.1%     0.0%     1.2%     0.1%
Mar 13 13:57:41    104.8   125086554      271    84.4%    272.8     0.2%    14.2%     0.1%     0.0%     1.2%     0.1%
ALL DONE!
