                                 Started job on |	Mar 12 15:37:11
                             Started mapping on |	Mar 12 15:38:23
                                    Finished on |	Mar 12 17:46:27
       Mapping speed, Million of reads per hour |	62.53

                          Number of input reads |	133456528
                      Average input read length |	269
                                    UNIQUE READS:
                   Uniquely mapped reads number |	117364907
                        Uniquely mapped reads % |	87.94%
                          Average mapped length |	271.99
                       Number of splices: Total |	95128463
            Number of splices: Annotated (sjdb) |	94076330
                       Number of splices: GT/AG |	94230442
                       Number of splices: GC/AG |	684164
                       Number of splices: AT/AC |	89933
               Number of splices: Non-canonical |	123924
                      Mismatch rate per base, % |	0.16%
                         Deletion rate per base |	0.01%
                        Deletion average length |	2.06
                        Insertion rate per base |	0.01%
                       Insertion average length |	1.73
                             MULTI-MAPPING READS:
        Number of reads mapped to multiple loci |	15007154
             % of reads mapped to multiple loci |	11.24%
        Number of reads mapped to too many loci |	161607
             % of reads mapped to too many loci |	0.12%
                                  UNMAPPED READS:
       % of reads unmapped: too many mismatches |	0.00%
                 % of reads unmapped: too short |	0.62%
                     % of reads unmapped: other |	0.07%
                                  CHIMERIC READS:
                       Number of chimeric reads |	0
                            % of chimeric reads |	0.00%
