                                 Started job on |	Mar 12 15:40:36
                             Started mapping on |	Mar 12 15:41:44
                                    Finished on |	Mar 12 16:47:34
       Mapping speed, Million of reads per hour |	106.89

                          Number of input reads |	117281515
                      Average input read length |	274
                                    UNIQUE READS:
                   Uniquely mapped reads number |	104789446
                        Uniquely mapped reads % |	89.35%
                          Average mapped length |	275.87
                       Number of splices: Total |	87078427
            Number of splices: Annotated (sjdb) |	86113724
                       Number of splices: GT/AG |	86249175
                       Number of splices: GC/AG |	632012
                       Number of splices: AT/AC |	83018
               Number of splices: Non-canonical |	114222
                      Mismatch rate per base, % |	0.16%
                         Deletion rate per base |	0.01%
                        Deletion average length |	2.04
                        Insertion rate per base |	0.01%
                       Insertion average length |	1.75
                             MULTI-MAPPING READS:
        Number of reads mapped to multiple loci |	11443356
             % of reads mapped to multiple loci |	9.76%
        Number of reads mapped to too many loci |	103017
             % of reads mapped to too many loci |	0.09%
                                  UNMAPPED READS:
       % of reads unmapped: too many mismatches |	0.00%
                 % of reads unmapped: too short |	0.75%
                     % of reads unmapped: other |	0.06%
                                  CHIMERIC READS:
                       Number of chimeric reads |	0
                            % of chimeric reads |	0.00%
