           Time    Speed        Read     Read   Mapped   Mapped   Mapped   Mapped Unmapped Unmapped Unmapped Unmapped
                    M/hr      number   length   unique   length   MMrate    multi   multi+       MM    short    other
Mar 12 15:42:44     72.4     1206493      274    89.3%    276.1     0.2%     9.8%     0.1%     0.0%     0.8%     0.1%
Mar 12 15:43:44     91.7     3057876      274    89.3%    276.0     0.2%     9.8%     0.1%     0.0%     0.8%     0.1%
Mar 12 15:44:45     92.1     4630556      274    89.3%    276.1     0.2%     9.8%     0.1%     0.0%     0.8%     0.1%
Mar 12 15:45:57     96.2     6759232      274    89.3%    276.0     0.2%     9.8%     0.1%     0.0%     0.8%     0.1%
Mar 12 15:47:10     99.2     8980778      274    89.3%    276.0     0.2%     9.8%     0.1%     0.0%     0.8%     0.1%
Mar 12 15:48:24    100.8    11198974      274    89.3%    276.0     0.2%     9.8%     0.1%     0.0%     0.8%     0.1%
Mar 12 15:49:36    102.3    13415576      274    89.3%    276.0     0.2%     9.8%     0.1%     0.0%     0.8%     0.1%
Mar 12 15:50:49    103.3    15631604      274    89.3%    275.9     0.2%     9.8%     0.1%     0.0%     0.8%     0.1%
Mar 12 15:52:03    103.8    17847449      274    89.3%    275.9     0.2%     9.8%     0.1%     0.0%     0.8%     0.1%
Mar 12 15:53:03    105.4    19878950      274    89.3%    275.9     0.2%     9.8%     0.1%     0.0%     0.8%     0.1%
Mar 12 15:54:03    104.5    21447429      274    89.3%    275.9     0.2%     9.8%     0.1%     0.0%     0.8%     0.1%
Mar 12 15:55:05    105.1    23385203      274    89.3%    275.9     0.2%     9.8%     0.1%     0.0%     0.8%     0.1%
Mar 12 15:56:06    105.0    25138977      274    89.3%    275.9     0.2%     9.8%     0.1%     0.0%     0.8%     0.1%
Mar 12 15:57:06    106.1    27170374      274    89.3%    275.9     0.2%     9.8%     0.1%     0.0%     0.8%     0.1%
Mar 12 15:58:09    105.7    28924652      274    89.3%    275.9     0.2%     9.8%     0.1%     0.0%     0.8%     0.1%
Mar 12 15:59:09    106.0    30771473      274    89.3%    275.9     0.2%     9.8%     0.1%     0.0%     0.8%     0.1%
Mar 12 16:00:09    106.3    32619288      274    89.3%    275.8     0.2%     9.8%     0.1%     0.0%     0.8%     0.1%
Mar 12 16:01:09    106.8    34558556      274    89.3%    275.8     0.2%     9.8%     0.1%     0.0%     0.8%     0.1%
Mar 12 16:02:13    107.7    36775099      274    89.3%    275.8     0.2%     9.8%     0.1%     0.0%     0.8%     0.1%
Mar 12 16:03:13    108.9    38992759      274    89.3%    275.8     0.2%     9.8%     0.1%     0.0%     0.8%     0.1%
Mar 12 16:04:20    109.4    41211402      274    89.3%    275.8     0.2%     9.8%     0.1%     0.0%     0.8%     0.1%
Mar 12 16:05:24    110.1    43428731      274    89.3%    275.8     0.2%     9.8%     0.1%     0.0%     0.8%     0.1%
Mar 12 16:06:28    110.7    45645310      274    89.3%    275.8     0.2%     9.8%     0.1%     0.0%     0.8%     0.1%
Mar 12 16:07:34    111.2    47860787      274    89.3%    275.8     0.2%     9.8%     0.1%     0.0%     0.8%     0.1%
Mar 12 16:08:40    111.6    50076508      274    89.3%    275.8     0.2%     9.8%     0.1%     0.0%     0.8%     0.1%
Mar 12 16:09:43    112.1    52294613      274    89.3%    275.8     0.2%     9.8%     0.1%     0.0%     0.8%     0.1%
Mar 12 16:10:43    112.5    54330903      274    89.3%    275.7     0.2%     9.8%     0.1%     0.0%     0.8%     0.1%
Mar 12 16:11:45    112.7    56368942      274    89.3%    275.7     0.2%     9.8%     0.1%     0.0%     0.8%     0.1%
Mar 12 16:12:47    113.2    58589323      274    89.3%    275.7     0.2%     9.8%     0.1%     0.0%     0.8%     0.1%
Mar 12 16:13:48    113.6    60711244      274    89.3%    275.7     0.2%     9.8%     0.1%     0.0%     0.8%     0.1%
Mar 12 16:14:49    113.8    62738689      274    89.3%    275.7     0.2%     9.8%     0.1%     0.0%     0.8%     0.1%
Mar 12 16:15:49    114.3    64952897      274    89.3%    275.7     0.2%     9.8%     0.1%     0.0%     0.8%     0.1%
Mar 12 16:16:49    114.6    66982769      274    89.3%    275.7     0.2%     9.8%     0.1%     0.0%     0.8%     0.1%
Mar 12 16:17:49    114.6    68919876      274    89.3%    275.7     0.2%     9.8%     0.1%     0.0%     0.7%     0.1%
Mar 12 16:18:52    114.8    71041285      274    89.3%    275.7     0.2%     9.8%     0.1%     0.0%     0.7%     0.1%
Mar 12 16:19:52    115.0    73069827      274    89.3%    275.8     0.2%     9.8%     0.1%     0.0%     0.7%     0.1%
Mar 12 16:20:52    115.1    75096597      274    89.3%    275.8     0.2%     9.8%     0.1%     0.0%     0.7%     0.1%
Mar 12 16:21:55    115.3    77216391      274    89.3%    275.8     0.2%     9.8%     0.1%     0.0%     0.7%     0.1%
Mar 12 16:22:56    115.5    79338561      274    89.3%    275.8     0.2%     9.8%     0.1%     0.0%     0.7%     0.1%
Mar 12 16:23:56    115.7    81370328      274    89.3%    275.8     0.2%     9.8%     0.1%     0.0%     0.7%     0.1%
Mar 12 16:24:59    115.7    83399644      274    89.3%    275.8     0.2%     9.8%     0.1%     0.0%     0.7%     0.1%
Mar 12 16:25:59    116.0    85518372      274    89.3%    275.8     0.2%     9.8%     0.1%     0.0%     0.7%     0.1%
Mar 12 16:27:01    116.1    87637534      274    89.3%    275.8     0.2%     9.8%     0.1%     0.0%     0.7%     0.1%
Mar 12 16:28:02    116.2    89668346      274    89.3%    275.8     0.2%     9.8%     0.1%     0.0%     0.7%     0.1%
Mar 12 16:29:02    116.3    91699169      274    89.4%    275.8     0.2%     9.8%     0.1%     0.0%     0.7%     0.1%
Mar 12 16:30:02    116.2    93545292      274    89.4%    275.8     0.2%     9.8%     0.1%     0.0%     0.7%     0.1%
Mar 12 16:31:04    116.1    95483668      274    89.4%    275.8     0.2%     9.8%     0.1%     0.0%     0.7%     0.1%
Mar 12 16:32:06    115.9    97326775      274    89.4%    275.8     0.2%     9.8%     0.1%     0.0%     0.7%     0.1%
Mar 12 16:33:06    115.6    98987533      274    89.4%    275.9     0.2%     9.8%     0.1%     0.0%     0.7%     0.1%
Mar 12 16:34:07    115.8   101106617      274    89.4%    275.9     0.2%     9.8%     0.1%     0.0%     0.7%     0.1%
Mar 12 16:35:07    115.9   103132304      274    89.3%    275.9     0.2%     9.8%     0.1%     0.0%     0.7%     0.1%
Mar 12 16:36:08    115.9   105063870      274    89.4%    275.9     0.2%     9.8%     0.1%     0.0%     0.7%     0.1%
Mar 12 16:37:09    115.7   106901139      274    89.4%    275.9     0.2%     9.8%     0.1%     0.0%     0.7%     0.1%
Mar 12 16:38:12    115.6   108832478      274    89.4%    275.9     0.2%     9.8%     0.1%     0.0%     0.7%     0.1%
Mar 12 16:39:13    115.6   110764757      274    89.4%    275.9     0.2%     9.8%     0.1%     0.0%     0.7%     0.1%
Mar 12 16:40:13    115.7   112788018      274    89.4%    275.9     0.2%     9.8%     0.1%     0.0%     0.7%     0.1%
Mar 12 16:41:14    115.6   114625766      274    89.4%    275.9     0.2%     9.8%     0.1%     0.0%     0.7%     0.1%
Mar 12 16:42:16    115.9   116927707      274    89.3%    275.9     0.2%     9.8%     0.1%     0.0%     0.7%     0.1%
Mar 12 16:47:34    106.9   117281515      274    89.3%    275.9     0.2%     9.8%     0.1%     0.0%     0.7%     0.1%
ALL DONE!
