           Time    Speed        Read     Read   Mapped   Mapped   Mapped   Mapped Unmapped Unmapped Unmapped Unmapped
                    M/hr      number   length   unique   length   MMrate    multi   multi+       MM    short    other
Mar 13 10:52:15     89.2     1486191      274    88.5%    275.8     0.2%    10.8%     0.1%     0.0%     0.6%     0.1%
Mar 13 10:53:15    116.9     3895947      274    88.5%    275.8     0.2%    10.8%     0.1%     0.0%     0.6%     0.1%
Mar 13 10:54:15    122.4     6119993      274    88.5%    275.8     0.2%    10.8%     0.1%     0.0%     0.6%     0.1%
Mar 13 10:55:15    128.0     8530007      274    88.5%    275.8     0.2%    10.8%     0.1%     0.0%     0.6%     0.1%
Mar 13 10:56:19    128.4    10845103      274    88.5%    275.8     0.2%    10.8%     0.1%     0.0%     0.6%     0.1%
Mar 13 10:57:19    131.9    13340663      274    88.5%    275.8     0.2%    10.8%     0.1%     0.0%     0.6%     0.1%
Mar 13 10:58:19    132.1    15560291      273    88.5%    275.7     0.1%    10.8%     0.1%     0.0%     0.6%     0.1%
Mar 13 10:59:20    132.7    17872507      273    88.5%    275.7     0.2%    10.8%     0.1%     0.0%     0.6%     0.1%
Mar 13 11:00:27    132.2    20276629      273    88.5%    275.7     0.2%    10.8%     0.1%     0.0%     0.6%     0.1%
Mar 13 11:01:27    132.9    22588917      273    88.5%    275.6     0.2%    10.8%     0.1%     0.0%     0.6%     0.1%
Mar 13 11:02:28    133.2    24899705      273    88.5%    275.6     0.2%    10.8%     0.1%     0.0%     0.6%     0.1%
Mar 13 11:03:29    133.0    27116735      273    88.5%    275.6     0.2%    10.8%     0.1%     0.0%     0.6%     0.1%
Mar 13 11:04:34    132.6    29427147      273    88.5%    275.6     0.2%    10.8%     0.1%     0.0%     0.6%     0.1%
Mar 13 11:05:34    133.0    31738914      273    88.5%    275.6     0.2%    10.8%     0.1%     0.0%     0.6%     0.1%
Mar 13 11:06:34    134.1    34236250      273    88.5%    275.6     0.2%    10.8%     0.1%     0.0%     0.6%     0.1%
Mar 13 11:07:34    135.1    36734100      273    88.5%    275.6     0.2%    10.8%     0.1%     0.0%     0.6%     0.1%
Mar 13 11:08:36    135.0    39045962      273    88.5%    275.6     0.2%    10.8%     0.1%     0.0%     0.6%     0.1%
Mar 13 11:09:36    134.6    41172343      273    88.5%    275.6     0.2%    10.8%     0.1%     0.0%     0.6%     0.1%
Mar 13 11:10:37    135.0    43577908      273    88.5%    275.6     0.2%    10.8%     0.1%     0.0%     0.6%     0.1%
Mar 13 11:11:40    135.1    45985073      273    88.4%    275.6     0.2%    10.8%     0.1%     0.0%     0.6%     0.1%
Mar 13 11:12:40    135.1    48207409      273    88.4%    275.5     0.2%    10.8%     0.1%     0.0%     0.6%     0.1%
Mar 13 11:13:40    135.0    50429239      273    88.4%    275.5     0.2%    10.8%     0.1%     0.0%     0.6%     0.1%
Mar 13 11:14:40    135.1    52740990      273    88.4%    275.5     0.2%    10.8%     0.1%     0.0%     0.6%     0.1%
Mar 13 11:15:40    135.3    55051433      273    88.4%    275.5     0.2%    10.8%     0.1%     0.0%     0.6%     0.1%
Mar 13 11:16:40    135.2    57269794      273    88.4%    275.5     0.2%    10.8%     0.1%     0.0%     0.6%     0.1%
Mar 13 11:17:42    135.6    59769473      273    88.4%    275.5     0.2%    10.8%     0.1%     0.0%     0.6%     0.1%
Mar 13 11:18:44    135.5    62087884      273    88.4%    275.5     0.2%    10.8%     0.1%     0.0%     0.6%     0.1%
Mar 13 11:19:45    135.4    64314685      273    88.4%    275.4     0.2%    10.8%     0.1%     0.0%     0.6%     0.1%
Mar 13 11:20:47    135.6    66724277      273    88.4%    275.4     0.2%    10.8%     0.1%     0.0%     0.6%     0.1%
Mar 13 11:21:49    135.5    69033868      273    88.4%    275.4     0.2%    10.8%     0.1%     0.0%     0.6%     0.1%
Mar 13 11:22:51    135.6    71433660      273    88.4%    275.4     0.2%    10.8%     0.1%     0.0%     0.6%     0.1%
Mar 13 11:23:57    135.8    74020575      273    88.4%    275.5     0.2%    10.8%     0.1%     0.0%     0.6%     0.1%
Mar 13 11:24:57    135.7    76238036      273    88.4%    275.5     0.2%    10.8%     0.1%     0.0%     0.6%     0.1%
Mar 13 11:25:59    136.0    78731748      273    88.5%    275.5     0.2%    10.8%     0.1%     0.0%     0.6%     0.1%
Mar 13 11:26:59    136.1    81040603      273    88.5%    275.5     0.2%    10.8%     0.1%     0.0%     0.6%     0.1%
Mar 13 11:28:00    135.9    83257163      273    88.5%    275.5     0.2%    10.8%     0.1%     0.0%     0.6%     0.1%
Mar 13 11:29:00    136.1    85655973      273    88.5%    275.5     0.2%    10.8%     0.1%     0.0%     0.6%     0.1%
Mar 13 11:30:00    136.2    87962145      273    88.5%    275.5     0.2%    10.8%     0.1%     0.0%     0.6%     0.1%
Mar 13 11:31:00    136.0    90087798      273    88.5%    275.5     0.2%    10.8%     0.1%     0.0%     0.6%     0.1%
Mar 13 11:32:00    136.3    92584210      273    88.5%    275.5     0.2%    10.8%     0.1%     0.0%     0.6%     0.1%
Mar 13 11:33:04    136.2    94893724      273    88.5%    275.6     0.2%    10.8%     0.1%     0.0%     0.6%     0.1%
Mar 13 11:34:08    136.0    97200699      273    88.5%    275.6     0.2%    10.8%     0.1%     0.0%     0.6%     0.1%
Mar 13 11:35:13    136.0    99691980      273    88.5%    275.6     0.2%    10.8%     0.1%     0.0%     0.6%     0.1%
Mar 13 11:36:13    136.2   102088395      273    88.5%    275.6     0.2%    10.8%     0.1%     0.0%     0.6%     0.1%
Mar 13 11:37:13    136.1   104300242      273    88.5%    275.6     0.2%    10.8%     0.1%     0.0%     0.6%     0.1%
Mar 13 11:38:13    135.6   106143540      273    88.5%    275.6     0.2%    10.8%     0.1%     0.0%     0.6%     0.1%
Mar 13 11:39:13    135.4   108262068      273    88.5%    275.6     0.2%    10.8%     0.1%     0.0%     0.6%     0.1%
Mar 13 11:40:14    135.4   110563692      273    88.5%    275.6     0.2%    10.8%     0.1%     0.0%     0.6%     0.1%
Mar 13 11:41:15    135.4   112865970      273    88.5%    275.6     0.2%    10.8%     0.1%     0.0%     0.6%     0.1%
Mar 13 11:42:18    135.3   115078097      273    88.5%    275.6     0.2%    10.8%     0.1%     0.0%     0.6%     0.1%
Mar 13 11:43:19    135.3   117382209      273    88.5%    275.6     0.2%    10.8%     0.1%     0.0%     0.6%     0.1%
Mar 13 11:44:22    135.1   119593906      273    88.5%    275.6     0.2%    10.8%     0.1%     0.0%     0.6%     0.1%
Mar 13 11:45:30    135.1   122170983      273    88.5%    275.6     0.2%    10.8%     0.1%     0.0%     0.6%     0.1%
Mar 13 11:46:34    134.9   124381984      273    88.5%    275.6     0.2%    10.8%     0.1%     0.0%     0.6%     0.1%
Mar 13 11:47:35    134.7   126499587      273    88.5%    275.6     0.2%    10.8%     0.1%     0.0%     0.6%     0.1%
Mar 13 11:48:38    134.4   128526013      273    88.5%    275.6     0.2%    10.8%     0.1%     0.0%     0.6%     0.1%
Mar 13 11:49:38    134.5   130829309      273    88.5%    275.6     0.2%    10.8%     0.1%     0.0%     0.6%     0.1%
Mar 13 12:02:21    112.2   132995767      273    88.5%    275.6     0.2%    10.8%     0.1%     0.0%     0.6%     0.1%
ALL DONE!
