           Time    Speed        Read     Read   Mapped   Mapped   Mapped   Mapped Unmapped Unmapped Unmapped Unmapped
                    M/hr      number   length   unique   length   MMrate    multi   multi+       MM    short    other
Mar 13 11:09:18    204.0     3570126      269    87.6%    271.5     0.2%    11.6%     0.1%     0.0%     0.6%     0.1%
Mar 13 11:10:18    233.6     7982752      269    87.5%    271.4     0.2%    11.7%     0.1%     0.0%     0.6%     0.1%
Mar 13 11:11:21    236.2    12202856      269    87.5%    271.4     0.1%    11.7%     0.1%     0.0%     0.6%     0.1%
Mar 13 11:12:21    238.9    16323611      269    87.5%    271.3     0.2%    11.7%     0.1%     0.0%     0.6%     0.1%
Mar 13 11:13:21    241.6    20536487      269    87.5%    271.3     0.2%    11.7%     0.1%     0.0%     0.6%     0.1%
Mar 13 11:14:21    244.4    24843370      269    87.5%    271.2     0.2%    11.7%     0.1%     0.0%     0.6%     0.1%
Mar 13 11:15:21    244.0    28872134      269    87.5%    271.2     0.2%    11.7%     0.1%     0.0%     0.6%     0.1%
Mar 13 11:16:21    245.1    33088035      269    87.5%    271.2     0.2%    11.7%     0.1%     0.0%     0.6%     0.1%
Mar 13 11:17:21    245.4    37214042      269    87.5%    271.2     0.2%    11.7%     0.1%     0.0%     0.6%     0.1%
Mar 13 11:18:21    246.7    41523733      269    87.5%    271.1     0.2%    11.8%     0.1%     0.0%     0.6%     0.1%
Mar 13 11:19:22    246.4    45644383      269    87.5%    271.1     0.2%    11.8%     0.1%     0.0%     0.6%     0.1%
Mar 13 11:20:22    246.0    49683076      269    87.5%    271.0     0.2%    11.8%     0.1%     0.0%     0.6%     0.1%
Mar 13 11:21:22    247.9    54183843      269    87.5%    271.0     0.2%    11.8%     0.1%     0.0%     0.6%     0.1%
Mar 13 11:22:22    247.8    58299492      269    87.5%    271.1     0.2%    11.8%     0.1%     0.0%     0.6%     0.1%
Mar 13 11:23:22    248.8    62695508      269    87.5%    271.1     0.2%    11.7%     0.1%     0.0%     0.6%     0.1%
Mar 13 11:24:22    248.0    66621981      269    87.5%    271.1     0.2%    11.7%     0.1%     0.0%     0.6%     0.1%
Mar 13 11:25:27    246.4    70643632      269    87.5%    271.2     0.2%    11.7%     0.1%     0.0%     0.6%     0.1%
Mar 13 11:26:28    245.6    74574485      269    87.5%    271.2     0.2%    11.7%     0.1%     0.0%     0.6%     0.1%
Mar 13 11:27:33    244.0    78500415      269    87.5%    271.2     0.2%    11.7%     0.1%     0.0%     0.6%     0.1%
Mar 13 11:28:34    244.3    82712791      269    87.5%    271.2     0.2%    11.7%     0.1%     0.0%     0.6%     0.1%
Mar 13 11:29:34    243.3    86454219      269    87.5%    271.2     0.2%    11.7%     0.1%     0.0%     0.6%     0.1%
Mar 13 11:30:35    243.1    90478531      269    87.5%    271.2     0.2%    11.7%     0.1%     0.0%     0.6%     0.1%
Mar 13 11:31:41    241.7    94409152      269    87.5%    271.2     0.2%    11.7%     0.1%     0.0%     0.6%     0.1%
Mar 13 11:32:41    242.2    98618314      269    87.5%    271.2     0.2%    11.7%     0.1%     0.0%     0.6%     0.1%
Mar 13 11:33:42    241.1   102260712      269    87.5%    271.2     0.2%    11.7%     0.1%     0.0%     0.6%     0.1%
Mar 13 11:39:34    199.6   104200147      269    87.5%    271.2     0.2%    11.7%     0.1%     0.0%     0.6%     0.1%
ALL DONE!
