                                 Started job on |	Mar 13 11:29:20
                             Started mapping on |	Mar 13 11:31:03
                                    Finished on |	Mar 13 12:08:10
       Mapping speed, Million of reads per hour |	190.53

                          Number of input reads |	117864572
                      Average input read length |	269
                                    UNIQUE READS:
                   Uniquely mapped reads number |	105208614
                        Uniquely mapped reads % |	89.26%
                          Average mapped length |	270.46
                       Number of splices: Total |	82959875
            Number of splices: Annotated (sjdb) |	82064961
                       Number of splices: GT/AG |	82159671
                       Number of splices: GC/AG |	605482
                       Number of splices: AT/AC |	84440
               Number of splices: Non-canonical |	110282
                      Mismatch rate per base, % |	0.15%
                         Deletion rate per base |	0.01%
                        Deletion average length |	2.02
                        Insertion rate per base |	0.01%
                       Insertion average length |	1.75
                             MULTI-MAPPING READS:
        Number of reads mapped to multiple loci |	11851225
             % of reads mapped to multiple loci |	10.05%
        Number of reads mapped to too many loci |	111863
             % of reads mapped to too many loci |	0.09%
                                  UNMAPPED READS:
       % of reads unmapped: too many mismatches |	0.00%
                 % of reads unmapped: too short |	0.53%
                     % of reads unmapped: other |	0.06%
                                  CHIMERIC READS:
                       Number of chimeric reads |	0
                            % of chimeric reads |	0.00%
