           Time    Speed        Read     Read   Mapped   Mapped   Mapped   Mapped Unmapped Unmapped Unmapped Unmapped
                    M/hr      number   length   unique   length   MMrate    multi   multi+       MM    short    other
Mar 13 11:32:03    186.3     3105316      269    89.3%    270.7     0.1%    10.0%     0.1%     0.0%     0.5%     0.1%
Mar 13 11:33:07    204.8     7052781      269    89.3%    270.7     0.2%    10.0%     0.1%     0.0%     0.6%     0.1%
Mar 13 11:34:07    220.7    11280053      269    89.2%    270.6     0.1%    10.1%     0.1%     0.0%     0.6%     0.1%
Mar 13 11:35:08    219.5    14939005      269    89.3%    270.5     0.1%    10.1%     0.1%     0.0%     0.5%     0.1%
Mar 13 11:36:08    223.9    18969423      269    89.2%    270.5     0.2%    10.1%     0.1%     0.0%     0.5%     0.1%
Mar 13 11:37:08    225.0    22813916      269    89.2%    270.5     0.2%    10.1%     0.1%     0.0%     0.5%     0.1%
Mar 13 11:38:09    222.9    26374434      269    89.2%    270.5     0.2%    10.1%     0.1%     0.0%     0.5%     0.1%
Mar 13 11:39:09    225.2    30408029      269    89.2%    270.5     0.2%    10.1%     0.1%     0.0%     0.5%     0.1%
Mar 13 11:40:10    226.7    34441681      269    89.2%    270.4     0.2%    10.1%     0.1%     0.0%     0.5%     0.1%
Mar 13 11:41:13    226.5    38381790      269    89.2%    270.4     0.2%    10.1%     0.1%     0.0%     0.5%     0.1%
Mar 13 11:42:13    227.9    42420951      269    89.2%    270.4     0.2%    10.1%     0.1%     0.0%     0.5%     0.1%
Mar 13 11:43:13    228.6    46361893      269    89.2%    270.3     0.2%    10.1%     0.1%     0.0%     0.5%     0.1%
Mar 13 11:44:13    228.4    50112088      269    89.2%    270.3     0.2%    10.1%     0.1%     0.0%     0.5%     0.1%
Mar 13 11:45:17    227.5    53963469      269    89.2%    270.3     0.2%    10.1%     0.1%     0.0%     0.5%     0.1%
Mar 13 11:46:17    228.9    58103619      268    89.2%    270.2     0.2%    10.1%     0.1%     0.0%     0.5%     0.1%
Mar 13 11:47:17    229.3    62040935      268    89.2%    270.2     0.2%    10.1%     0.1%     0.0%     0.5%     0.1%
Mar 13 11:48:17    229.0    65787352      269    89.2%    270.3     0.2%    10.1%     0.1%     0.0%     0.5%     0.1%
Mar 13 11:49:17    229.4    69722015      269    89.2%    270.3     0.2%    10.1%     0.1%     0.0%     0.5%     0.1%
Mar 13 11:50:19    229.1    73561425      269    89.2%    270.3     0.2%    10.1%     0.1%     0.0%     0.5%     0.1%
Mar 13 11:51:23    228.9    77585481      269    89.2%    270.4     0.2%    10.1%     0.1%     0.0%     0.5%     0.1%
Mar 13 11:52:24    229.4    81617008      269    89.2%    270.4     0.2%    10.1%     0.1%     0.0%     0.5%     0.1%
Mar 13 11:53:28    229.5    85733236      269    89.3%    270.4     0.2%    10.1%     0.1%     0.0%     0.5%     0.1%
Mar 13 11:54:29    229.8    89759996      269    89.3%    270.4     0.2%    10.1%     0.1%     0.0%     0.5%     0.1%
Mar 13 11:55:31    229.8    93697761      269    89.3%    270.4     0.2%    10.1%     0.1%     0.0%     0.5%     0.1%
Mar 13 11:56:33    229.9    97725366      269    89.3%    270.4     0.2%    10.1%     0.1%     0.0%     0.5%     0.1%
Mar 13 11:57:35    229.9   101655823      269    89.3%    270.4     0.2%    10.1%     0.1%     0.0%     0.5%     0.1%
Mar 13 11:58:39    229.9   105768925      269    89.3%    270.4     0.2%    10.1%     0.1%     0.0%     0.5%     0.1%
Mar 13 11:59:39    229.9   109595008      269    89.3%    270.5     0.2%    10.1%     0.1%     0.0%     0.5%     0.1%
Mar 13 12:00:40    230.2   113611887      269    89.3%    270.5     0.2%    10.1%     0.1%     0.0%     0.5%     0.1%
Mar 13 12:01:40    230.4   117582973      269    89.3%    270.5     0.2%    10.1%     0.1%     0.0%     0.5%     0.1%
Mar 13 12:08:10    190.5   117864572      269    89.3%    270.5     0.2%    10.1%     0.1%     0.0%     0.5%     0.1%
ALL DONE!
