           Time    Speed        Read     Read   Mapped   Mapped   Mapped   Mapped Unmapped Unmapped Unmapped Unmapped
                    M/hr      number   length   unique   length   MMrate    multi   multi+       MM    short    other
Mar 13 11:56:04    190.1     3221622      267    88.4%    269.2     0.1%    10.9%     0.1%     0.0%     0.5%     0.1%
Mar 13 11:57:07    208.9     7196855      267    88.4%    269.2     0.2%    10.9%     0.1%     0.0%     0.5%     0.1%
Mar 13 11:58:09    214.3    11074237      267    88.4%    269.2     0.2%    10.9%     0.1%     0.0%     0.5%     0.1%
Mar 13 11:59:10    217.8    14944300      267    88.3%    269.1     0.1%    10.9%     0.1%     0.0%     0.5%     0.1%
Mar 13 12:00:10    219.5    18719898      267    88.3%    269.1     0.1%    11.0%     0.1%     0.0%     0.5%     0.1%
Mar 13 12:01:10    220.7    22499232      267    88.3%    269.0     0.2%    11.0%     0.1%     0.0%     0.5%     0.1%
Mar 13 12:02:10    223.9    26556812      267    88.3%    269.0     0.2%    11.0%     0.1%     0.0%     0.5%     0.1%
Mar 13 12:03:12    222.6    30238092      267    88.3%    269.0     0.2%    11.0%     0.1%     0.0%     0.5%     0.1%
Mar 13 12:04:13    223.3    34108662      267    88.3%    269.0     0.2%    11.0%     0.1%     0.0%     0.5%     0.1%
Mar 13 12:05:14    223.2    37885226      267    88.3%    269.0     0.2%    11.0%     0.1%     0.0%     0.5%     0.1%
Mar 13 12:06:17    223.5    41852720      266    88.3%    269.0     0.2%    11.0%     0.1%     0.0%     0.5%     0.1%
Mar 13 12:07:18    223.5    45634418      266    88.3%    268.9     0.2%    11.0%     0.1%     0.0%     0.5%     0.1%
Mar 13 12:08:19    224.3    49606021      266    88.3%    268.9     0.2%    11.0%     0.1%     0.0%     0.5%     0.1%
Mar 13 12:09:19    224.9    53477202      266    88.3%    268.9     0.2%    11.0%     0.1%     0.0%     0.5%     0.1%
Mar 13 12:10:19    225.0    57252382      266    88.3%    268.9     0.2%    11.0%     0.1%     0.0%     0.5%     0.1%
Mar 13 12:11:20    224.2    60849147      266    88.3%    268.8     0.2%    11.0%     0.1%     0.0%     0.5%     0.1%
Mar 13 12:12:20    223.4    64357162      266    88.3%    268.8     0.2%    11.0%     0.1%     0.0%     0.5%     0.1%
Mar 13 12:13:21    223.1    68042212      266    88.3%    268.8     0.2%    11.0%     0.1%     0.0%     0.5%     0.1%
Mar 13 12:14:21    223.5    71908497      266    88.3%    268.8     0.2%    11.0%     0.1%     0.0%     0.5%     0.1%
Mar 13 12:15:23    223.0    75585781      266    88.3%    268.8     0.2%    11.0%     0.1%     0.0%     0.5%     0.1%
Mar 13 12:16:24    223.3    79449414      266    88.3%    268.9     0.2%    11.0%     0.1%     0.0%     0.5%     0.1%
Mar 13 12:17:24    223.7    83315140      266    88.3%    268.9     0.2%    11.0%     0.1%     0.0%     0.5%     0.1%
Mar 13 12:18:25    222.6    86706603      266    88.3%    268.9     0.2%    11.0%     0.1%     0.0%     0.5%     0.1%
Mar 13 12:19:25    220.9    89721591      266    88.3%    268.9     0.2%    11.0%     0.1%     0.0%     0.5%     0.1%
Mar 13 12:20:28    220.0    93211331      266    88.3%    268.9     0.2%    11.0%     0.1%     0.0%     0.5%     0.1%
Mar 13 12:21:29    220.3    97075861      266    88.3%    269.0     0.2%    11.0%     0.1%     0.0%     0.5%     0.1%
Mar 13 12:22:29    220.1   100653679      266    88.3%    269.0     0.2%    11.0%     0.1%     0.0%     0.5%     0.1%
Mar 13 12:23:29    220.1   104320887      267    88.3%    269.0     0.2%    11.0%     0.1%     0.0%     0.5%     0.1%
Mar 13 12:24:29    219.4   107613562      267    88.3%    269.0     0.2%    11.0%     0.1%     0.0%     0.5%     0.1%
Mar 13 12:25:29    218.7   110904569      267    88.3%    269.0     0.2%    11.0%     0.1%     0.0%     0.5%     0.1%
Mar 13 12:26:31    217.6   114101514      267    88.3%    269.0     0.2%    11.0%     0.1%     0.0%     0.5%     0.1%
Mar 13 12:27:34    216.8   117488266      267    88.3%    269.0     0.2%    11.0%     0.1%     0.0%     0.5%     0.1%
Mar 13 12:28:35    215.6   120495485      267    88.3%    269.0     0.2%    11.0%     0.1%     0.0%     0.5%     0.1%
Mar 13 12:29:37    215.4   124066655      267    88.3%    269.0     0.2%    11.0%     0.1%     0.0%     0.5%     0.1%
Mar 13 12:30:37    215.3   127640506      267    88.3%    269.0     0.2%    11.0%     0.1%     0.0%     0.5%     0.1%
Mar 13 12:31:43    215.0   131404098      267    88.3%    269.0     0.2%    11.0%     0.1%     0.0%     0.5%     0.1%
Mar 13 12:43:23    164.7   132703261      267    88.3%    269.0     0.2%    11.0%     0.1%     0.0%     0.5%     0.1%
ALL DONE!
