                                 Started job on |	Mar 13 11:51:39
                             Started mapping on |	Mar 13 11:55:03
                                    Finished on |	Mar 13 12:43:23
       Mapping speed, Million of reads per hour |	164.74

                          Number of input reads |	132703261
                      Average input read length |	267
                                    UNIQUE READS:
                   Uniquely mapped reads number |	117227590
                        Uniquely mapped reads % |	88.34%
                          Average mapped length |	269.02
                       Number of splices: Total |	94143938
            Number of splices: Annotated (sjdb) |	93148900
                       Number of splices: GT/AG |	93239195
                       Number of splices: GC/AG |	686451
                       Number of splices: AT/AC |	96136
               Number of splices: Non-canonical |	122156
                      Mismatch rate per base, % |	0.16%
                         Deletion rate per base |	0.01%
                        Deletion average length |	2.04
                        Insertion rate per base |	0.01%
                       Insertion average length |	1.70
                             MULTI-MAPPING READS:
        Number of reads mapped to multiple loci |	14551472
             % of reads mapped to multiple loci |	10.97%
        Number of reads mapped to too many loci |	159070
             % of reads mapped to too many loci |	0.12%
                                  UNMAPPED READS:
       % of reads unmapped: too many mismatches |	0.00%
                 % of reads unmapped: too short |	0.51%
                     % of reads unmapped: other |	0.07%
                                  CHIMERIC READS:
                       Number of chimeric reads |	0
                            % of chimeric reads |	0.00%
