                                 Started job on |	Mar 13 12:04:28
                             Started mapping on |	Mar 13 12:07:09
                                    Finished on |	Mar 13 14:32:11
       Mapping speed, Million of reads per hour |	50.71

                          Number of input reads |	122584519
                      Average input read length |	269
                                    UNIQUE READS:
                   Uniquely mapped reads number |	100599974
                        Uniquely mapped reads % |	82.07%
                          Average mapped length |	271.02
                       Number of splices: Total |	74560354
            Number of splices: Annotated (sjdb) |	73688407
                       Number of splices: GT/AG |	73853290
                       Number of splices: GC/AG |	528796
                       Number of splices: AT/AC |	71090
               Number of splices: Non-canonical |	107178
                      Mismatch rate per base, % |	0.16%
                         Deletion rate per base |	0.01%
                        Deletion average length |	1.96
                        Insertion rate per base |	0.01%
                       Insertion average length |	1.67
                             MULTI-MAPPING READS:
        Number of reads mapped to multiple loci |	20548650
             % of reads mapped to multiple loci |	16.76%
        Number of reads mapped to too many loci |	174596
             % of reads mapped to too many loci |	0.14%
                                  UNMAPPED READS:
       % of reads unmapped: too many mismatches |	0.00%
                 % of reads unmapped: too short |	0.94%
                     % of reads unmapped: other |	0.08%
                                  CHIMERIC READS:
                       Number of chimeric reads |	0
                            % of chimeric reads |	0.00%
