                                 Started job on |	Mar 12 16:23:23
                             Started mapping on |	Mar 12 16:24:52
                                    Finished on |	Mar 12 17:46:05
       Mapping speed, Million of reads per hour |	88.75

                          Number of input reads |	120129916
                      Average input read length |	272
                                    UNIQUE READS:
                   Uniquely mapped reads number |	94724148
                        Uniquely mapped reads % |	78.85%
                          Average mapped length |	273.26
                       Number of splices: Total |	63200293
            Number of splices: Annotated (sjdb) |	62421887
                       Number of splices: GT/AG |	62579164
                       Number of splices: GC/AG |	456744
                       Number of splices: AT/AC |	58110
               Number of splices: Non-canonical |	106275
                      Mismatch rate per base, % |	0.17%
                         Deletion rate per base |	0.01%
                        Deletion average length |	1.91
                        Insertion rate per base |	0.01%
                       Insertion average length |	1.68
                             MULTI-MAPPING READS:
        Number of reads mapped to multiple loci |	23339397
             % of reads mapped to multiple loci |	19.43%
        Number of reads mapped to too many loci |	162060
             % of reads mapped to too many loci |	0.13%
                                  UNMAPPED READS:
       % of reads unmapped: too many mismatches |	0.00%
                 % of reads unmapped: too short |	1.51%
                     % of reads unmapped: other |	0.08%
                                  CHIMERIC READS:
                       Number of chimeric reads |	0
                            % of chimeric reads |	0.00%
