           Time    Speed        Read     Read   Mapped   Mapped   Mapped   Mapped Unmapped Unmapped Unmapped Unmapped
                    M/hr      number   length   unique   length   MMrate    multi   multi+       MM    short    other
Mar 13 12:43:12    132.3     2242079      272    80.2%    273.5     0.2%    18.7%     0.1%     0.0%     0.9%     0.1%
Mar 13 12:44:14    147.5     5040811      272    80.2%    273.5     0.2%    18.7%     0.1%     0.0%     0.9%     0.1%
Mar 13 12:45:19    146.6     7654105      271    80.2%    273.4     0.2%    18.7%     0.1%     0.0%     0.9%     0.1%
Mar 13 12:46:20    156.5    10824969      271    80.2%    273.4     0.2%    18.7%     0.1%     0.0%     0.9%     0.1%
Mar 13 12:47:24    166.2    14453351      271    80.2%    273.3     0.2%    18.7%     0.1%     0.0%     0.9%     0.1%
Mar 13 12:48:25    174.1    18082167      271    80.2%    273.3     0.2%    18.7%     0.1%     0.0%     0.9%     0.1%
Mar 13 12:49:25    177.8    21433659      271    80.2%    273.3     0.2%    18.7%     0.1%     0.0%     0.9%     0.1%
Mar 13 12:50:26    180.2    24784214      271    80.2%    273.2     0.2%    18.7%     0.1%     0.0%     0.9%     0.1%
Mar 13 12:51:28    181.2    28039461      271    80.2%    273.2     0.2%    18.7%     0.1%     0.0%     0.9%     0.1%
Mar 13 12:52:30    183.1    31480889      271    80.2%    273.2     0.2%    18.7%     0.1%     0.0%     0.9%     0.1%
Mar 13 12:53:34    183.1    34739042      271    80.2%    273.2     0.2%    18.7%     0.1%     0.0%     0.9%     0.1%
Mar 13 12:54:35    185.7    38369704      271    80.2%    273.2     0.2%    18.7%     0.1%     0.0%     0.9%     0.1%
Mar 13 12:55:41    185.8    41814754      271    80.1%    273.2     0.2%    18.7%     0.1%     0.0%     0.9%     0.1%
Mar 13 12:56:42    187.5    45354642      271    80.1%    273.2     0.2%    18.8%     0.1%     0.0%     0.9%     0.1%
Mar 13 12:57:42    189.1    48895100      271    80.1%    273.1     0.2%    18.8%     0.1%     0.0%     0.9%     0.1%
Mar 13 12:58:43    189.6    52246062      271    80.1%    273.1     0.2%    18.8%     0.1%     0.0%     0.9%     0.1%
Mar 13 12:59:43    190.6    55687490      271    80.1%    273.1     0.2%    18.8%     0.1%     0.0%     0.9%     0.1%
Mar 13 13:00:45    191.1    59133080      271    80.1%    273.1     0.2%    18.8%     0.1%     0.0%     0.9%     0.1%
Mar 13 13:01:45    190.2    62026451      271    80.1%    273.1     0.2%    18.8%     0.1%     0.0%     0.9%     0.1%
Mar 13 13:02:46    190.6    65386881      271    80.1%    273.0     0.2%    18.8%     0.1%     0.0%     0.9%     0.1%
Mar 13 13:03:49    191.4    69011744      271    80.1%    273.1     0.2%    18.8%     0.1%     0.0%     0.9%     0.1%
Mar 13 13:04:49    191.8    72357161      271    80.1%    273.1     0.2%    18.8%     0.1%     0.0%     0.9%     0.1%
Mar 13 13:05:49    192.0    75610167      271    80.1%    273.1     0.2%    18.8%     0.1%     0.0%     0.9%     0.1%
Mar 13 13:06:50    192.0    78862809      271    80.1%    273.1     0.2%    18.8%     0.1%     0.0%     0.9%     0.1%
Mar 13 13:07:50    192.3    82208372      271    80.1%    273.1     0.2%    18.8%     0.1%     0.0%     0.9%     0.1%
Mar 13 13:08:50    193.0    85737537      271    80.1%    273.2     0.2%    18.8%     0.1%     0.0%     0.9%     0.1%
Mar 13 13:09:50    193.9    89359077      271    80.2%    273.2     0.2%    18.8%     0.1%     0.0%     0.9%     0.1%
Mar 13 13:10:50    194.0    92613041      271    80.2%    273.2     0.2%    18.7%     0.1%     0.0%     0.9%     0.1%
Mar 13 13:11:50    194.2    95957617      271    80.2%    273.2     0.2%    18.7%     0.1%     0.0%     0.9%     0.1%
Mar 13 13:12:50    194.9    99579954      271    80.2%    273.2     0.2%    18.7%     0.1%     0.0%     0.9%     0.1%
Mar 13 13:13:51    195.5   103196718      271    80.2%    273.2     0.2%    18.7%     0.1%     0.0%     0.9%     0.1%
Mar 13 13:14:51    196.2   106813621      271    80.2%    273.2     0.2%    18.7%     0.1%     0.0%     0.9%     0.1%
Mar 13 13:15:51    196.8   110427408      271    80.2%    273.3     0.2%    18.7%     0.1%     0.0%     0.9%     0.1%
Mar 13 13:16:52    196.8   113766043      271    80.2%    273.3     0.2%    18.7%     0.1%     0.0%     0.9%     0.1%
Mar 13 13:17:52    196.9   117103037      271    80.2%    273.3     0.2%    18.7%     0.1%     0.0%     0.9%     0.1%
Mar 13 13:18:53    197.2   120623927      271    80.2%    273.3     0.2%    18.7%     0.1%     0.0%     0.9%     0.1%
Mar 13 13:19:57    196.8   123867481      271    80.2%    273.3     0.2%    18.7%     0.1%     0.0%     0.9%     0.1%
Mar 13 13:20:58    196.6   127110211      271    80.2%    273.3     0.2%    18.7%     0.1%     0.0%     0.9%     0.1%
Mar 13 13:21:59    196.2   130171315      271    80.2%    273.3     0.2%    18.7%     0.1%     0.0%     0.9%     0.1%
Mar 13 13:56:14    106.4   131327848      271    80.2%    273.3     0.2%    18.7%     0.1%     0.0%     0.9%     0.1%
ALL DONE!
