           Time    Speed        Read     Read   Mapped   Mapped   Mapped   Mapped Unmapped Unmapped Unmapped Unmapped
                    M/hr      number   length   unique   length   MMrate    multi   multi+       MM    short    other
Mar 13 12:43:12    149.8     2539005      269    83.5%    271.3     0.2%    14.3%     0.1%     0.0%     2.0%     0.1%
Mar 13 12:44:15    169.2     5827257      269    83.5%    271.2     0.2%    14.2%     0.1%     0.0%     2.0%     0.1%
Mar 13 12:45:17    181.9     9397109      269    83.5%    271.2     0.2%    14.2%     0.1%     0.0%     2.0%     0.1%
Mar 13 12:46:17    186.9    12771072      269    83.5%    271.2     0.2%    14.3%     0.1%     0.0%     2.0%     0.1%
Mar 13 12:47:17    195.5    16614401      269    83.5%    271.1     0.2%    14.3%     0.1%     0.0%     2.0%     0.1%
Mar 13 12:48:18    200.7    20458011      269    83.5%    271.1     0.2%    14.3%     0.1%     0.0%     2.0%     0.1%
Mar 13 12:49:18    204.1    24207943      269    83.5%    271.1     0.2%    14.3%     0.1%     0.0%     2.0%     0.1%
Mar 13 12:50:19    204.2    27675870      269    83.5%    271.0     0.2%    14.3%     0.1%     0.0%     2.0%     0.1%
Mar 13 12:51:19    207.0    31517242      269    83.4%    271.0     0.2%    14.3%     0.1%     0.0%     2.0%     0.1%
Mar 13 12:52:20    209.0    35360156      269    83.4%    271.0     0.2%    14.3%     0.1%     0.0%     2.0%     0.1%
Mar 13 12:53:20    210.0    39016449      269    83.4%    271.0     0.2%    14.3%     0.1%     0.0%     2.0%     0.1%
Mar 13 12:54:20    211.2    42766801      269    83.4%    271.0     0.2%    14.3%     0.1%     0.0%     2.0%     0.1%
Mar 13 12:55:23    211.9    46614043      269    83.4%    271.0     0.2%    14.3%     0.1%     0.0%     2.0%     0.1%
Mar 13 12:56:23    212.8    50368786      269    83.4%    270.9     0.2%    14.3%     0.1%     0.0%     2.0%     0.1%
Mar 13 12:57:25    213.5    54210472      269    83.4%    270.9     0.2%    14.3%     0.1%     0.0%     2.0%     0.1%
Mar 13 12:58:27    213.8    57960928      269    83.4%    270.9     0.2%    14.3%     0.1%     0.0%     2.0%     0.1%
Mar 13 12:59:29    214.7    61909017      269    83.4%    270.9     0.2%    14.3%     0.1%     0.0%     2.0%     0.1%
Mar 13 13:00:31    215.5    65862138      269    83.4%    270.8     0.2%    14.4%     0.1%     0.0%     2.0%     0.1%
Mar 13 13:01:31    216.3    69701663      269    83.4%    270.8     0.2%    14.4%     0.1%     0.0%     2.0%     0.1%
Mar 13 13:02:32    216.3    73350021      269    83.4%    270.8     0.2%    14.3%     0.1%     0.0%     2.0%     0.1%
Mar 13 13:03:32    216.9    77187189      269    83.4%    270.9     0.2%    14.3%     0.1%     0.0%     2.0%     0.1%
Mar 13 13:04:33    217.3    81023062      269    83.4%    270.9     0.2%    14.3%     0.1%     0.0%     2.0%     0.1%
Mar 13 13:05:34    217.3    84670367      269    83.4%    270.9     0.2%    14.3%     0.1%     0.0%     2.0%     0.1%
Mar 13 13:06:34    218.0    88598149      269    83.4%    271.0     0.2%    14.3%     0.1%     0.0%     2.1%     0.1%
Mar 13 13:07:34    218.5    92440050      269    83.4%    271.0     0.2%    14.3%     0.1%     0.0%     2.1%     0.1%
Mar 13 13:08:34    218.7    96178683      269    83.4%    271.0     0.2%    14.3%     0.1%     0.0%     2.1%     0.1%
Mar 13 13:09:37    218.3    99825622      269    83.4%    271.0     0.2%    14.3%     0.1%     0.0%     2.1%     0.1%
Mar 13 13:10:38    219.2   103935096      269    83.4%    271.0     0.2%    14.3%     0.1%     0.0%     2.1%     0.1%
Mar 13 13:11:39    219.2   107668782      269    83.4%    271.0     0.2%    14.3%     0.1%     0.0%     2.1%     0.1%
Mar 13 13:12:40    219.5   111495900      269    83.4%    271.0     0.2%    14.3%     0.1%     0.0%     2.1%     0.1%
Mar 13 13:13:41    219.8   115417505      269    83.4%    271.0     0.2%    14.3%     0.1%     0.0%     2.1%     0.1%
Mar 13 13:14:41    220.5   119433585      269    83.4%    271.0     0.2%    14.3%     0.1%     0.0%     2.1%     0.1%
Mar 13 13:15:44    220.1   123071515      269    83.4%    271.0     0.2%    14.3%     0.1%     0.0%     2.1%     0.1%
Mar 13 13:16:46    219.8   126711064      269    83.4%    271.1     0.2%    14.3%     0.1%     0.0%     2.1%     0.1%
Mar 13 13:17:47    220.2   130631898      269    83.4%    271.1     0.2%    14.3%     0.1%     0.0%     2.1%     0.1%
Mar 13 13:30:58    164.1   133411639      269    83.4%    271.0     0.2%    14.3%     0.1%     0.0%     2.1%     0.1%
ALL DONE!
