                                 Started job on |	Mar 12 15:37:12
                             Started mapping on |	Mar 12 15:38:23
                                    Finished on |	Mar 12 17:34:18
       Mapping speed, Million of reads per hour |	67.20

                          Number of input reads |	129823935
                      Average input read length |	273
                                    UNIQUE READS:
                   Uniquely mapped reads number |	116348961
                        Uniquely mapped reads % |	89.62%
                          Average mapped length |	274.72
                       Number of splices: Total |	93414816
            Number of splices: Annotated (sjdb) |	92427895
                       Number of splices: GT/AG |	92513065
                       Number of splices: GC/AG |	683331
                       Number of splices: AT/AC |	93852
               Number of splices: Non-canonical |	124568
                      Mismatch rate per base, % |	0.16%
                         Deletion rate per base |	0.01%
                        Deletion average length |	2.03
                        Insertion rate per base |	0.01%
                       Insertion average length |	1.70
                             MULTI-MAPPING READS:
        Number of reads mapped to multiple loci |	12566331
             % of reads mapped to multiple loci |	9.68%
        Number of reads mapped to too many loci |	142616
             % of reads mapped to too many loci |	0.11%
                                  UNMAPPED READS:
       % of reads unmapped: too many mismatches |	0.00%
                 % of reads unmapped: too short |	0.52%
                     % of reads unmapped: other |	0.07%
                                  CHIMERIC READS:
                       Number of chimeric reads |	0
                            % of chimeric reads |	0.00%
