                                 Started job on |	Mar 12 15:43:55
                             Started mapping on |	Mar 12 15:45:17
                                    Finished on |	Mar 12 18:06:28
       Mapping speed, Million of reads per hour |	57.78

                          Number of input reads |	135956810
                      Average input read length |	273
                                    UNIQUE READS:
                   Uniquely mapped reads number |	121897047
                        Uniquely mapped reads % |	89.66%
                          Average mapped length |	275.10
                       Number of splices: Total |	96648569
            Number of splices: Annotated (sjdb) |	95488328
                       Number of splices: GT/AG |	95705468
                       Number of splices: GC/AG |	713584
                       Number of splices: AT/AC |	97470
               Number of splices: Non-canonical |	132047
                      Mismatch rate per base, % |	0.19%
                         Deletion rate per base |	0.01%
                        Deletion average length |	2.02
                        Insertion rate per base |	0.01%
                       Insertion average length |	1.69
                             MULTI-MAPPING READS:
        Number of reads mapped to multiple loci |	12962659
             % of reads mapped to multiple loci |	9.53%
        Number of reads mapped to too many loci |	121988
             % of reads mapped to too many loci |	0.09%
                                  UNMAPPED READS:
       % of reads unmapped: too many mismatches |	0.00%
                 % of reads unmapped: too short |	0.65%
                     % of reads unmapped: other |	0.06%
                                  CHIMERIC READS:
                       Number of chimeric reads |	0
                            % of chimeric reads |	0.00%
