           Time    Speed        Read     Read   Mapped   Mapped   Mapped   Mapped Unmapped Unmapped Unmapped Unmapped
                    M/hr      number   length   unique   length   MMrate    multi   multi+       MM    short    other
Mar 12 15:46:17     11.2      186348      273    89.4%    275.0     0.2%     9.7%     0.1%     0.0%     0.7%     0.1%
Mar 12 15:47:18     35.9     1207423      274    89.6%    275.3     0.2%     9.5%     0.1%     0.0%     0.7%     0.1%
Mar 12 15:48:19     45.9     2318457      274    89.6%    275.4     0.2%     9.5%     0.1%     0.0%     0.7%     0.1%
Mar 12 15:49:21     50.6     3431187      274    89.6%    275.2     0.2%     9.5%     0.1%     0.0%     0.7%     0.1%
Mar 12 15:50:22     53.6     4542100      274    89.6%    275.3     0.2%     9.5%     0.1%     0.0%     0.7%     0.1%
Mar 12 15:51:24     55.5     5653635      274    89.6%    275.3     0.2%     9.5%     0.1%     0.0%     0.7%     0.1%
Mar 12 15:52:24     57.0     6765908      274    89.6%    275.3     0.2%     9.5%     0.1%     0.0%     0.7%     0.1%
Mar 12 15:53:25     58.1     7877051      274    89.6%    275.3     0.2%     9.5%     0.1%     0.0%     0.7%     0.1%
Mar 12 15:54:26     58.9     8989319      274    89.6%    275.3     0.2%     9.5%     0.1%     0.0%     0.7%     0.1%
Mar 12 15:55:26     60.3    10192735      274    89.6%    275.3     0.2%     9.5%     0.1%     0.0%     0.7%     0.1%
Mar 12 15:56:28     60.6    11301670      274    89.6%    275.3     0.2%     9.5%     0.1%     0.0%     0.7%     0.1%
Mar 12 15:57:30     60.9    12410094      274    89.6%    275.3     0.2%     9.5%     0.1%     0.0%     0.7%     0.1%
Mar 12 15:58:31     62.1    13702995      274    89.6%    275.3     0.2%     9.5%     0.1%     0.0%     0.7%     0.1%
Mar 12 15:59:31     62.8    14905002      274    89.6%    275.2     0.2%     9.5%     0.1%     0.0%     0.7%     0.1%
Mar 12 16:00:31     63.1    16013488      274    89.6%    275.2     0.2%     9.5%     0.1%     0.0%     0.7%     0.1%
Mar 12 16:01:34     63.1    17123931      273    89.6%    275.2     0.2%     9.5%     0.1%     0.0%     0.7%     0.1%
Mar 12 16:02:36     63.2    18231592      273    89.6%    275.2     0.2%     9.5%     0.1%     0.0%     0.7%     0.1%
Mar 12 16:03:36     63.7    19431926      273    89.6%    275.2     0.2%     9.5%     0.1%     0.0%     0.7%     0.1%
Mar 12 16:04:36     62.9    20265307      273    89.6%    275.1     0.2%     9.5%     0.1%     0.0%     0.7%     0.1%
Mar 12 16:05:39     62.7    21281354      273    89.6%    275.1     0.2%     9.5%     0.1%     0.0%     0.7%     0.1%
Mar 12 16:06:39     62.9    22390790      273    89.6%    275.1     0.2%     9.6%     0.1%     0.0%     0.7%     0.1%
Mar 12 16:07:41     62.9    23500075      273    89.6%    275.1     0.2%     9.6%     0.1%     0.0%     0.7%     0.1%
Mar 12 16:08:41     63.1    24608061      273    89.6%    275.1     0.2%     9.6%     0.1%     0.0%     0.7%     0.1%
Mar 12 16:09:43     62.9    25625124      273    89.6%    275.1     0.2%     9.6%     0.1%     0.0%     0.7%     0.1%
Mar 12 16:10:46     62.9    26732730      273    89.6%    275.1     0.2%     9.6%     0.1%     0.0%     0.7%     0.1%
Mar 12 16:11:55     62.9    27933555      273    89.6%    275.1     0.2%     9.6%     0.1%     0.0%     0.7%     0.1%
Mar 12 16:12:57     63.0    29042230      273    89.6%    275.1     0.2%     9.6%     0.1%     0.0%     0.7%     0.1%
Mar 12 16:13:57     63.1    30150292      273    89.6%    275.1     0.2%     9.6%     0.1%     0.0%     0.7%     0.1%
Mar 12 16:15:01     63.1    31260330      273    89.6%    275.1     0.2%     9.6%     0.1%     0.0%     0.7%     0.1%
Mar 12 16:16:02     63.3    32460643      273    89.6%    275.1     0.2%     9.6%     0.1%     0.0%     0.7%     0.1%
Mar 12 16:17:03     63.6    33662717      273    89.6%    275.1     0.2%     9.6%     0.1%     0.0%     0.7%     0.1%
Mar 12 16:18:03     63.8    34864307      273    89.6%    275.1     0.2%     9.6%     0.1%     0.0%     0.7%     0.1%
Mar 12 16:19:11     64.0    36158027      273    89.6%    275.1     0.2%     9.6%     0.1%     0.0%     0.7%     0.1%
Mar 12 16:20:17     63.9    37268127      273    89.6%    275.1     0.2%     9.6%     0.1%     0.0%     0.7%     0.1%
Mar 12 16:21:18     63.9    38376259      273    89.6%    275.1     0.2%     9.6%     0.1%     0.0%     0.7%     0.1%
Mar 12 16:22:20     63.9    39485730      273    89.6%    275.1     0.2%     9.6%     0.1%     0.0%     0.7%     0.1%
Mar 12 16:23:22     64.1    40687221      273    89.6%    275.1     0.2%     9.6%     0.1%     0.0%     0.7%     0.1%
Mar 12 16:24:25     64.1    41795779      273    89.6%    275.1     0.2%     9.6%     0.1%     0.0%     0.7%     0.1%
Mar 12 16:25:26     64.1    42906189      273    89.6%    275.1     0.2%     9.6%     0.1%     0.0%     0.7%     0.1%
Mar 12 16:26:28     64.3    44108196      273    89.6%    275.1     0.2%     9.6%     0.1%     0.0%     0.7%     0.1%
Mar 12 16:27:28     64.3    45218683      273    89.6%    275.1     0.2%     9.6%     0.1%     0.0%     0.7%     0.1%
Mar 12 16:28:30     64.2    46236494      273    89.6%    275.1     0.2%     9.6%     0.1%     0.0%     0.7%     0.1%
Mar 12 16:29:30     64.4    47438970      273    89.6%    275.0     0.2%     9.6%     0.1%     0.0%     0.7%     0.1%
Mar 12 16:30:30     64.5    48642846      273    89.6%    275.0     0.2%     9.6%     0.1%     0.0%     0.7%     0.1%
Mar 12 16:31:31     64.4    49659834      273    89.6%    275.0     0.2%     9.6%     0.1%     0.0%     0.7%     0.1%
Mar 12 16:32:34     64.3    50678297      273    89.6%    275.0     0.2%     9.6%     0.1%     0.0%     0.7%     0.1%
Mar 12 16:33:37     64.3    51787458      273    89.6%    275.0     0.2%     9.6%     0.1%     0.0%     0.7%     0.1%
Mar 12 16:34:38     64.4    52987953      273    89.6%    275.0     0.2%     9.6%     0.1%     0.0%     0.7%     0.1%
Mar 12 16:35:40     64.4    54097943      273    89.6%    275.0     0.2%     9.6%     0.1%     0.0%     0.7%     0.1%
Mar 12 16:36:40     64.5    55205587      273    89.6%    275.0     0.2%     9.6%     0.1%     0.0%     0.7%     0.1%
Mar 12 16:37:40     64.4    56222689      273    89.6%    275.0     0.2%     9.6%     0.1%     0.0%     0.7%     0.1%
Mar 12 16:38:41     64.4    57331468      273    89.6%    275.0     0.2%     9.6%     0.1%     0.0%     0.7%     0.1%
Mar 12 16:39:43     64.5    58531666      273    89.6%    275.0     0.2%     9.6%     0.1%     0.0%     0.7%     0.1%
Mar 12 16:40:44     64.4    59550768      273    89.6%    275.0     0.2%     9.6%     0.1%     0.0%     0.7%     0.1%
Mar 12 16:41:46     64.4    60660404      273    89.6%    275.0     0.2%     9.6%     0.1%     0.0%     0.7%     0.1%
Mar 12 16:42:46     64.5    61772521      273    89.6%    275.0     0.2%     9.6%     0.1%     0.0%     0.7%     0.1%
Mar 12 16:43:48     64.5    62884757      273    89.6%    274.9     0.2%     9.6%     0.1%     0.0%     0.7%     0.1%
Mar 12 16:44:52     64.5    64089352      273    89.6%    274.9     0.2%     9.6%     0.1%     0.0%     0.7%     0.1%
Mar 12 16:45:53     64.6    65203672      273    89.6%    274.9     0.2%     9.6%     0.1%     0.0%     0.7%     0.1%
Mar 12 16:46:54     64.6    66314938      273    89.6%    274.9     0.2%     9.6%     0.1%     0.0%     0.7%     0.1%
Mar 12 16:48:00     64.5    67428176      273    89.6%    274.9     0.2%     9.6%     0.1%     0.0%     0.7%     0.1%
Mar 12 16:49:02     64.6    68627628      273    89.6%    274.9     0.2%     9.6%     0.1%     0.0%     0.7%     0.1%
Mar 12 16:50:06     64.7    69919562      273    89.6%    274.9     0.2%     9.6%     0.1%     0.0%     0.7%     0.1%
Mar 12 16:51:08     64.7    71028129      273    89.6%    274.9     0.2%     9.6%     0.1%     0.0%     0.7%     0.1%
Mar 12 16:52:09     64.6    72042600      273    89.6%    274.9     0.2%     9.6%     0.1%     0.0%     0.7%     0.1%
Mar 12 16:53:17     64.6    73243566      273    89.6%    274.9     0.2%     9.6%     0.1%     0.0%     0.7%     0.1%
Mar 12 16:54:19     64.6    74350542      273    89.6%    274.9     0.2%     9.6%     0.1%     0.0%     0.7%     0.1%
Mar 12 16:55:19     64.7    75550586      273    89.6%    274.9     0.2%     9.6%     0.1%     0.0%     0.7%     0.1%
Mar 12 16:56:23     64.7    76659951      273    89.6%    274.9     0.2%     9.6%     0.1%     0.0%     0.7%     0.1%
Mar 12 16:57:25     64.8    77951150      273    89.6%    275.0     0.2%     9.6%     0.1%     0.0%     0.7%     0.1%
Mar 12 16:58:25     65.0    79244769      273    89.6%    275.0     0.2%     9.6%     0.1%     0.0%     0.7%     0.1%
Mar 12 16:59:25     64.9    80166681      273    89.6%    275.0     0.2%     9.6%     0.1%     0.0%     0.7%     0.1%
Mar 12 17:00:28     65.0    81458353      273    89.6%    275.0     0.2%     9.6%     0.1%     0.0%     0.7%     0.1%
Mar 12 17:01:43     64.9    82658962      273    89.6%    275.0     0.2%     9.6%     0.1%     0.0%     0.7%     0.1%
Mar 12 17:02:54     64.8    83856917      273    89.6%    275.0     0.2%     9.6%     0.1%     0.0%     0.7%     0.1%
Mar 12 17:03:58     64.8    84966128      273    89.6%    275.0     0.2%     9.6%     0.1%     0.0%     0.7%     0.1%
Mar 12 17:04:59     64.9    86165020      273    89.6%    275.0     0.2%     9.6%     0.1%     0.0%     0.7%     0.1%
Mar 12 17:06:02     64.9    87363658      273    89.6%    275.0     0.2%     9.6%     0.1%     0.0%     0.7%     0.1%
Mar 12 17:07:02     64.9    88380760      273    89.6%    275.0     0.2%     9.6%     0.1%     0.0%     0.7%     0.1%
Mar 12 17:08:02     64.8    89393317      273    89.6%    275.0     0.2%     9.6%     0.1%     0.0%     0.7%     0.1%
Mar 12 17:09:07     64.8    90593560      273    89.6%    275.0     0.2%     9.6%     0.1%     0.0%     0.6%     0.1%
Mar 12 17:10:08     64.8    91701578      273    89.6%    275.0     0.2%     9.6%     0.1%     0.0%     0.6%     0.1%
Mar 12 17:11:12     64.8    92809157      273    89.6%    275.0     0.2%     9.6%     0.1%     0.0%     0.6%     0.1%
Mar 12 17:12:15     64.8    93920646      273    89.6%    275.0     0.2%     9.6%     0.1%     0.0%     0.6%     0.1%
Mar 12 17:13:16     64.8    95026121      273    89.6%    275.0     0.2%     9.6%     0.1%     0.0%     0.6%     0.1%
Mar 12 17:14:19     64.9    96319774      273    89.7%    275.0     0.2%     9.6%     0.1%     0.0%     0.6%     0.1%
Mar 12 17:15:19     64.9    97334103      273    89.7%    275.1     0.2%     9.6%     0.1%     0.0%     0.6%     0.1%
Mar 12 17:16:20     64.9    98439104      273    89.7%    275.1     0.2%     9.5%     0.1%     0.0%     0.6%     0.1%
Mar 12 17:17:25     64.8    99456147      273    89.7%    275.1     0.2%     9.5%     0.1%     0.0%     0.6%     0.1%
Mar 12 17:18:27     64.8   100560139      273    89.7%    275.1     0.2%     9.5%     0.1%     0.0%     0.6%     0.1%
Mar 12 17:19:27     64.8   101755276      273    89.7%    275.1     0.2%     9.5%     0.1%     0.0%     0.6%     0.1%
Mar 12 17:20:30     64.9   102952875      273    89.7%    275.1     0.2%     9.5%     0.1%     0.0%     0.6%     0.1%
Mar 12 17:21:30     64.9   104149596      273    89.7%    275.1     0.2%     9.5%     0.1%     0.0%     0.6%     0.1%
Mar 12 17:22:31     64.9   105164593      273    89.7%    275.1     0.2%     9.5%     0.1%     0.0%     0.6%     0.1%
Mar 12 17:23:32     64.9   106268579      273    89.7%    275.1     0.2%     9.5%     0.1%     0.0%     0.6%     0.1%
Mar 12 17:24:32     65.0   107465357      273    89.7%    275.1     0.2%     9.5%     0.1%     0.0%     0.6%     0.1%
Mar 12 17:25:32     65.0   108571115      273    89.7%    275.1     0.2%     9.5%     0.1%     0.0%     0.6%     0.1%
Mar 12 17:26:35     65.0   109674885      273    89.7%    275.1     0.2%     9.5%     0.1%     0.0%     0.6%     0.1%
Mar 12 17:27:38     64.9   110781264      273    89.7%    275.1     0.2%     9.5%     0.1%     0.0%     0.6%     0.1%
Mar 12 17:28:38     65.0   111884904      273    89.7%    275.1     0.2%     9.5%     0.1%     0.0%     0.6%     0.1%
Mar 12 17:29:41     65.0   113080673      273    89.7%    275.1     0.2%     9.5%     0.1%     0.0%     0.6%     0.1%
Mar 12 17:30:50     64.9   114185842      273    89.7%    275.1     0.2%     9.5%     0.1%     0.0%     0.6%     0.1%
Mar 12 17:31:55     64.9   115381708      273    89.7%    275.1     0.2%     9.5%     0.1%     0.0%     0.6%     0.1%
Mar 12 17:33:00     64.9   116579528      273    89.7%    275.1     0.2%     9.5%     0.1%     0.0%     0.6%     0.1%
Mar 12 17:34:01     64.9   117684865      273    89.7%    275.1     0.2%     9.5%     0.1%     0.0%     0.6%     0.1%
Mar 12 17:35:01     65.0   118790568      273    89.7%    275.1     0.2%     9.5%     0.1%     0.0%     0.6%     0.1%
Mar 12 17:36:01     65.0   119896216      273    89.7%    275.1     0.2%     9.5%     0.1%     0.0%     0.6%     0.1%
Mar 12 17:37:03     65.0   121091669      273    89.7%    275.1     0.2%     9.5%     0.1%     0.0%     0.6%     0.1%
Mar 12 17:38:03     64.9   122013913      273    89.7%    275.1     0.2%     9.5%     0.1%     0.0%     0.6%     0.1%
Mar 12 17:39:05     64.9   123117291      273    89.7%    275.1     0.2%     9.5%     0.1%     0.0%     0.6%     0.1%
Mar 12 17:40:06     64.9   124219732      273    89.7%    275.1     0.2%     9.5%     0.1%     0.0%     0.6%     0.1%
Mar 12 17:41:08     64.9   125325734      273    89.7%    275.1     0.2%     9.5%     0.1%     0.0%     0.6%     0.1%
Mar 12 17:42:08     64.9   126337089      273    89.7%    275.1     0.2%     9.5%     0.1%     0.0%     0.6%     0.1%
Mar 12 17:43:08     65.0   127626947      273    89.7%    275.1     0.2%     9.5%     0.1%     0.0%     0.6%     0.1%
Mar 12 17:44:08     64.9   128639513      273    89.7%    275.1     0.2%     9.5%     0.1%     0.0%     0.6%     0.1%
Mar 12 17:45:09     64.9   129742828      273    89.7%    275.1     0.2%     9.5%     0.1%     0.0%     0.6%     0.1%
Mar 12 17:46:10     64.9   130757309      273    89.7%    275.1     0.2%     9.5%     0.1%     0.0%     0.6%     0.1%
Mar 12 17:47:11     64.9   131860951      273    89.7%    275.1     0.2%     9.5%     0.1%     0.0%     0.7%     0.1%
Mar 12 17:48:15     64.9   133057708      273    89.7%    275.1     0.2%     9.5%     0.1%     0.0%     0.7%     0.1%
Mar 12 17:49:18     64.9   134164538      273    89.7%    275.1     0.2%     9.5%     0.1%     0.0%     0.7%     0.1%
Mar 12 17:50:18     64.9   135270239      273    89.7%    275.1     0.2%     9.5%     0.1%     0.0%     0.7%     0.1%
Mar 12 18:06:28     57.8   135956810      273    89.7%    275.1     0.2%     9.5%     0.1%     0.0%     0.7%     0.1%
ALL DONE!
