           Time    Speed        Read     Read   Mapped   Mapped   Mapped   Mapped Unmapped Unmapped Unmapped Unmapped
                    M/hr      number   length   unique   length   MMrate    multi   multi+       MM    short    other
Mar 13 10:52:16     93.1     1578257      274    90.3%    275.5     0.2%     8.8%     0.1%     0.0%     0.7%     0.1%
Mar 13 10:53:16    113.1     3802434      274    90.3%    275.5     0.2%     8.8%     0.1%     0.0%     0.7%     0.1%
Mar 13 10:54:18    120.4     6119057      274    90.3%    275.5     0.2%     8.8%     0.1%     0.0%     0.7%     0.1%
Mar 13 10:55:19    127.2     8620823      274    90.3%    275.5     0.2%     8.8%     0.1%     0.0%     0.7%     0.1%
Mar 13 10:56:19    130.6    11027735      274    90.3%    275.4     0.2%     8.8%     0.1%     0.0%     0.7%     0.1%
Mar 13 10:57:20    132.5    13430726      274    90.3%    275.4     0.2%     8.8%     0.1%     0.0%     0.7%     0.1%
Mar 13 10:58:21    133.0    15742456      274    90.3%    275.4     0.1%     8.8%     0.1%     0.0%     0.7%     0.1%
Mar 13 10:59:23    133.2    18052020      274    90.3%    275.4     0.2%     8.8%     0.1%     0.0%     0.7%     0.1%
Mar 13 11:00:32    131.6    20364222      273    90.3%    275.3     0.2%     8.9%     0.1%     0.0%     0.7%     0.1%
Mar 13 11:01:33    132.1    22676113      273    90.3%    275.3     0.2%     8.9%     0.1%     0.0%     0.7%     0.1%
Mar 13 11:02:34    132.0    24894316      273    90.3%    275.3     0.2%     8.9%     0.1%     0.0%     0.7%     0.1%
Mar 13 11:03:34    132.5    27204707      273    90.3%    275.3     0.2%     8.9%     0.1%     0.0%     0.7%     0.1%
Mar 13 11:04:34    133.0    29515569      273    90.3%    275.3     0.2%     8.9%     0.1%     0.0%     0.7%     0.1%
Mar 13 11:05:34    133.4    31825773      273    90.3%    275.3     0.2%     8.9%     0.1%     0.0%     0.7%     0.1%
Mar 13 11:06:34    134.8    34415157      273    90.3%    275.3     0.2%     8.9%     0.1%     0.0%     0.7%     0.1%
Mar 13 11:07:34    135.1    36726869      273    90.3%    275.2     0.2%     8.9%     0.1%     0.0%     0.7%     0.1%
Mar 13 11:08:35    135.1    39038714      273    90.3%    275.2     0.2%     8.9%     0.1%     0.0%     0.7%     0.1%
Mar 13 11:09:35    135.3    41351294      273    90.3%    275.2     0.2%     8.9%     0.1%     0.0%     0.7%     0.1%
Mar 13 11:10:46    134.2    43664798      273    90.3%    275.2     0.2%     8.9%     0.1%     0.0%     0.7%     0.1%
Mar 13 11:11:47    134.6    46071647      273    90.3%    275.2     0.2%     8.9%     0.1%     0.0%     0.7%     0.1%
Mar 13 11:12:48    134.5    48292985      273    90.3%    275.2     0.2%     8.9%     0.1%     0.0%     0.7%     0.1%
Mar 13 11:13:48    134.4    50511682      273    90.3%    275.2     0.2%     8.9%     0.1%     0.0%     0.7%     0.1%
Mar 13 11:14:48    134.8    52914715      273    90.3%    275.2     0.2%     8.9%     0.1%     0.0%     0.7%     0.1%
Mar 13 11:15:48    135.2    55318418      273    90.3%    275.2     0.2%     8.9%     0.1%     0.0%     0.7%     0.1%
Mar 13 11:16:48    135.1    57540267      273    90.3%    275.1     0.2%     8.9%     0.1%     0.0%     0.7%     0.1%
Mar 13 11:17:48    134.9    59672751      273    90.3%    275.1     0.2%     8.9%     0.1%     0.0%     0.7%     0.1%
Mar 13 11:18:48    135.8    62363228      273    90.3%    275.1     0.2%     8.9%     0.1%     0.0%     0.7%     0.1%
Mar 13 11:19:50    135.6    64587979      273    90.3%    275.0     0.2%     8.9%     0.1%     0.0%     0.7%     0.1%
Mar 13 11:20:51    135.8    66989494      273    90.3%    275.1     0.2%     8.9%     0.1%     0.0%     0.7%     0.1%
Mar 13 11:21:59    135.5    69388858      273    90.3%    275.1     0.2%     8.9%     0.1%     0.0%     0.7%     0.1%
Mar 13 11:23:00    135.7    71789997      273    90.3%    275.1     0.2%     8.9%     0.1%     0.0%     0.7%     0.1%
Mar 13 11:24:01    135.9    74191500      273    90.3%    275.1     0.2%     8.9%     0.1%     0.0%     0.7%     0.1%
Mar 13 11:25:04    135.7    76500119      273    90.3%    275.1     0.2%     8.9%     0.1%     0.0%     0.7%     0.1%
Mar 13 11:26:04    136.0    78900699      273    90.3%    275.1     0.2%     8.9%     0.1%     0.0%     0.7%     0.1%
Mar 13 11:27:05    136.3    81394359      273    90.3%    275.1     0.2%     8.9%     0.1%     0.0%     0.7%     0.1%
Mar 13 11:28:06    136.1    83609889      273    90.3%    275.2     0.2%     8.9%     0.1%     0.0%     0.7%     0.1%
Mar 13 11:29:07    136.1    85914276      273    90.3%    275.2     0.2%     8.9%     0.1%     0.0%     0.7%     0.1%
Mar 13 11:30:08    136.0    88131825      273    90.3%    275.2     0.2%     8.9%     0.1%     0.0%     0.7%     0.1%
Mar 13 11:31:11    135.9    90443059      273    90.3%    275.2     0.2%     8.9%     0.1%     0.0%     0.6%     0.1%
Mar 13 11:32:12    135.9    92751703      273    90.3%    275.2     0.2%     8.9%     0.1%     0.0%     0.6%     0.1%
Mar 13 11:33:12    136.1    95150971      273    90.3%    275.2     0.2%     8.9%     0.1%     0.0%     0.6%     0.1%
Mar 13 11:34:13    136.0    97365847      273    90.3%    275.2     0.2%     8.9%     0.1%     0.0%     0.6%     0.1%
Mar 13 11:35:15    136.0    99768588      273    90.4%    275.2     0.2%     8.9%     0.1%     0.0%     0.6%     0.1%
Mar 13 11:36:16    135.9   101978939      273    90.4%    275.2     0.2%     8.9%     0.1%     0.0%     0.6%     0.1%
Mar 13 11:37:17    134.5   103177351      273    90.4%    275.2     0.2%     8.9%     0.1%     0.0%     0.6%     0.1%
Mar 13 11:38:17    133.6   104742529      273    90.4%    275.2     0.2%     8.9%     0.1%     0.0%     0.6%     0.1%
Mar 13 11:39:18    133.1   106584749      273    90.4%    275.2     0.2%     8.9%     0.1%     0.0%     0.6%     0.1%
Mar 13 11:40:19    133.1   108886319      273    90.4%    275.2     0.2%     8.9%     0.1%     0.0%     0.7%     0.1%
Mar 13 11:41:19    133.1   111096753      273    90.4%    275.2     0.2%     8.9%     0.1%     0.0%     0.7%     0.1%
Mar 13 11:42:19    133.3   113494005      273    90.4%    275.2     0.2%     8.9%     0.1%     0.0%     0.7%     0.1%
Mar 13 11:43:20    132.4   114966275      273    90.4%    275.2     0.2%     8.9%     0.1%     0.0%     0.7%     0.1%
Mar 13 11:44:26    132.1   117084916      273    90.4%    275.2     0.2%     8.8%     0.1%     0.0%     0.7%     0.1%
Mar 13 11:45:30    132.2   119570187      273    90.4%    275.3     0.2%     8.8%     0.1%     0.0%     0.7%     0.1%
Mar 13 11:46:31    131.2   120857944      273    90.4%    275.3     0.2%     8.8%     0.1%     0.0%     0.7%     0.1%
Mar 13 11:47:31    130.5   122424472      273    90.4%    275.3     0.2%     8.8%     0.1%     0.0%     0.7%     0.1%
Mar 13 11:48:31    129.8   123897411      273    90.4%    275.3     0.2%     8.8%     0.1%     0.0%     0.7%     0.1%
Mar 13 11:49:32    129.9   126198590      273    90.4%    275.3     0.2%     8.8%     0.1%     0.0%     0.7%     0.1%
Mar 13 11:50:32    130.2   128596306      273    90.4%    275.3     0.2%     8.8%     0.1%     0.0%     0.7%     0.1%
Mar 13 11:58:40    115.2   129471927      273    90.4%    275.3     0.2%     8.8%     0.1%     0.0%     0.7%     0.1%
ALL DONE!
