           Time    Speed        Read     Read   Mapped   Mapped   Mapped   Mapped Unmapped Unmapped Unmapped Unmapped
                    M/hr      number   length   unique   length   MMrate    multi   multi+       MM    short    other
Mar 13 11:28:47    174.1     2949192      276    89.1%    277.9     0.1%    10.1%     0.1%     0.0%     0.7%     0.1%
Mar 13 11:29:47    205.5     6908048      276    89.1%    277.9     0.2%    10.0%     0.1%     0.0%     0.7%     0.1%
Mar 13 11:30:47    212.5    10681642      276    89.1%    277.9     0.1%    10.0%     0.1%     0.0%     0.7%     0.1%
Mar 13 11:31:47    213.1    14263523      276    89.1%    277.8     0.2%    10.1%     0.1%     0.0%     0.7%     0.1%
Mar 13 11:32:49    215.3    18120437      276    89.0%    277.7     0.2%    10.1%     0.1%     0.0%     0.7%     0.1%
Mar 13 11:33:49    216.1    21792644      276    89.0%    277.7     0.2%    10.1%     0.1%     0.0%     0.7%     0.1%
Mar 13 11:34:52    215.2    25466447      276    89.1%    277.7     0.2%    10.1%     0.1%     0.0%     0.7%     0.1%
Mar 13 11:35:52    215.2    29048649      276    89.1%    277.7     0.2%    10.1%     0.1%     0.0%     0.7%     0.1%
Mar 13 11:36:53    211.7    32173887      276    89.0%    277.7     0.2%    10.1%     0.1%     0.0%     0.7%     0.1%
Mar 13 11:37:53    207.7    35023937      276    89.0%    277.7     0.2%    10.1%     0.1%     0.0%     0.7%     0.1%
Mar 13 11:38:54    205.6    38146358      276    89.0%    277.6     0.2%    10.1%     0.1%     0.0%     0.7%     0.1%
Mar 13 11:39:54    204.1    41270363      276    89.0%    277.6     0.2%    10.1%     0.1%     0.0%     0.7%     0.1%
Mar 13 11:40:54    203.3    44493606      275    89.0%    277.6     0.2%    10.1%     0.1%     0.0%     0.7%     0.1%
Mar 13 11:41:54    203.3    47892884      275    89.0%    277.6     0.2%    10.1%     0.1%     0.0%     0.7%     0.1%
Mar 13 11:42:55    200.9    50735620      275    89.0%    277.6     0.2%    10.1%     0.1%     0.0%     0.7%     0.1%
Mar 13 11:44:02    198.6    53855495      276    89.0%    277.6     0.2%    10.1%     0.1%     0.0%     0.7%     0.1%
Mar 13 11:45:02    197.7    56880785      276    89.1%    277.7     0.2%    10.1%     0.1%     0.0%     0.7%     0.1%
Mar 13 11:46:03    195.1    59449900      276    89.1%    277.7     0.2%    10.1%     0.1%     0.0%     0.7%     0.1%
Mar 13 11:47:03    193.8    62292146      276    89.1%    277.7     0.2%    10.1%     0.1%     0.0%     0.7%     0.1%
Mar 13 11:48:08    189.7    64403173      276    89.1%    277.7     0.2%    10.1%     0.1%     0.0%     0.7%     0.1%
Mar 13 11:49:08    190.1    67704750      276    89.1%    277.7     0.2%    10.0%     0.1%     0.0%     0.7%     0.1%
Mar 13 11:50:10    190.2    71007476      276    89.1%    277.7     0.2%    10.0%     0.1%     0.0%     0.7%     0.1%
Mar 13 11:51:10    190.1    74127273      276    89.1%    277.7     0.2%    10.0%     0.1%     0.0%     0.7%     0.1%
Mar 13 11:52:10    190.2    77339148      276    89.1%    277.7     0.2%    10.0%     0.1%     0.0%     0.7%     0.1%
Mar 13 11:53:11    190.2    80552451      276    89.1%    277.7     0.2%    10.0%     0.1%     0.0%     0.7%     0.1%
Mar 13 11:54:11    190.0    83671701      276    89.1%    277.7     0.2%    10.0%     0.1%     0.0%     0.7%     0.1%
Mar 13 11:55:11    189.7    86699801      276    89.1%    277.8     0.2%    10.0%     0.1%     0.0%     0.7%     0.1%
Mar 13 11:56:11    189.8    89910548      276    89.1%    277.8     0.2%    10.0%     0.1%     0.0%     0.7%     0.1%
Mar 13 12:02:25    159.5    92123978      276    89.1%    277.7     0.2%    10.0%     0.1%     0.0%     0.7%     0.1%
ALL DONE!
