                                 Started job on |	Mar 13 11:26:07
                             Started mapping on |	Mar 13 11:27:46
                                    Finished on |	Mar 13 12:02:25
       Mapping speed, Million of reads per hour |	159.52

                          Number of input reads |	92123978
                      Average input read length |	276
                                    UNIQUE READS:
                   Uniquely mapped reads number |	82073497
                        Uniquely mapped reads % |	89.09%
                          Average mapped length |	277.75
                       Number of splices: Total |	65397546
            Number of splices: Annotated (sjdb) |	64662923
                       Number of splices: GT/AG |	64768317
                       Number of splices: GC/AG |	470617
                       Number of splices: AT/AC |	63842
               Number of splices: Non-canonical |	94770
                      Mismatch rate per base, % |	0.16%
                         Deletion rate per base |	0.01%
                        Deletion average length |	2.08
                        Insertion rate per base |	0.01%
                       Insertion average length |	1.74
                             MULTI-MAPPING READS:
        Number of reads mapped to multiple loci |	9247214
             % of reads mapped to multiple loci |	10.04%
        Number of reads mapped to too many loci |	86042
             % of reads mapped to too many loci |	0.09%
                                  UNMAPPED READS:
       % of reads unmapped: too many mismatches |	0.00%
                 % of reads unmapped: too short |	0.72%
                     % of reads unmapped: other |	0.06%
                                  CHIMERIC READS:
                       Number of chimeric reads |	0
                            % of chimeric reads |	0.00%
