           Time    Speed        Read     Read   Mapped   Mapped   Mapped   Mapped Unmapped Unmapped Unmapped Unmapped
                    M/hr      number   length   unique   length   MMrate    multi   multi+       MM    short    other
Mar 13 11:32:03     85.7     1428376      266    83.9%    269.1     0.1%    15.3%     0.1%     0.0%     0.6%     0.1%
Mar 13 11:33:09    108.7     3804035      266    83.9%    269.0     0.1%    15.3%     0.1%     0.0%     0.6%     0.1%
Mar 13 11:34:11    118.3     6179978      265    83.9%    269.0     0.1%    15.3%     0.1%     0.0%     0.6%     0.1%
Mar 13 11:35:11    124.2     8555968      265    83.9%    269.0     0.1%    15.3%     0.1%     0.0%     0.6%     0.1%
Mar 13 11:36:11    130.0    11118857      265    83.9%    268.9     0.1%    15.3%     0.1%     0.0%     0.6%     0.1%
Mar 13 11:37:13    129.4    13299919      265    83.9%    268.9     0.1%    15.4%     0.1%     0.0%     0.6%     0.1%
Mar 13 11:38:17    130.0    15668075      265    83.9%    268.9     0.1%    15.4%     0.1%     0.0%     0.6%     0.1%
Mar 13 11:39:21    131.1    18133688      265    83.8%    268.8     0.2%    15.4%     0.1%     0.0%     0.6%     0.1%
Mar 13 11:40:21    132.9    20597856      265    83.8%    268.8     0.2%    15.4%     0.1%     0.0%     0.6%     0.1%
Mar 13 11:41:21    133.8    22965756      265    83.8%    268.8     0.2%    15.4%     0.1%     0.0%     0.6%     0.1%
Mar 13 11:42:22    134.3    25335344      265    83.8%    268.8     0.2%    15.4%     0.1%     0.0%     0.6%     0.1%
Mar 13 11:43:22    133.6    27421104      265    83.8%    268.8     0.2%    15.4%     0.1%     0.0%     0.6%     0.1%
Mar 13 11:44:25    133.7    29791762      265    83.8%    268.8     0.2%    15.4%     0.1%     0.0%     0.6%     0.1%
Mar 13 11:45:27    134.0    32162165      265    83.8%    268.8     0.2%    15.4%     0.1%     0.0%     0.5%     0.1%
Mar 13 11:46:27    134.9    34627805      265    83.8%    268.8     0.2%    15.4%     0.1%     0.0%     0.6%     0.1%
Mar 13 11:47:28    134.5    36810014      265    83.8%    268.7     0.2%    15.4%     0.1%     0.0%     0.5%     0.1%
Mar 13 11:48:29    134.2    38992366      265    83.8%    268.7     0.2%    15.4%     0.1%     0.0%     0.5%     0.1%
Mar 13 11:49:29    134.6    41364574      265    83.8%    268.7     0.2%    15.4%     0.1%     0.0%     0.5%     0.1%
Mar 13 11:50:31    134.5    43639993      265    83.8%    268.7     0.2%    15.4%     0.1%     0.0%     0.5%     0.1%
Mar 13 11:51:33    134.7    46009309      265    83.8%    268.7     0.2%    15.4%     0.1%     0.0%     0.5%     0.1%
Mar 13 11:52:35    134.8    48378780      265    83.8%    268.7     0.2%    15.5%     0.1%     0.0%     0.6%     0.1%
Mar 13 11:53:42    135.2    51038912      265    83.8%    268.6     0.2%    15.5%     0.1%     0.0%     0.6%     0.1%
Mar 13 11:54:44    135.1    53321178      265    83.8%    268.6     0.2%    15.5%     0.1%     0.0%     0.5%     0.1%
Mar 13 11:55:45    135.5    55793370      265    83.8%    268.5     0.2%    15.5%     0.1%     0.0%     0.5%     0.1%
Mar 13 11:56:51    135.3    58160643      265    83.8%    268.6     0.2%    15.5%     0.1%     0.0%     0.5%     0.1%
Mar 13 11:57:51    135.5    60527047      265    83.8%    268.6     0.2%    15.5%     0.1%     0.0%     0.5%     0.1%
Mar 13 11:58:51    135.7    62894427      265    83.8%    268.6     0.2%    15.5%     0.1%     0.0%     0.5%     0.1%
Mar 13 11:59:52    135.9    65261213      265    83.8%    268.6     0.2%    15.4%     0.1%     0.0%     0.5%     0.1%
Mar 13 12:00:53    136.2    67721839      265    83.8%    268.6     0.2%    15.4%     0.1%     0.0%     0.5%     0.1%
Mar 13 12:01:55    136.4    70183163      265    83.8%    268.7     0.2%    15.4%     0.1%     0.0%     0.5%     0.1%
Mar 13 12:02:56    136.3    72454082      265    83.8%    268.7     0.2%    15.4%     0.1%     0.0%     0.5%     0.1%
Mar 13 12:03:59    136.3    74818765      265    83.8%    268.7     0.2%    15.4%     0.1%     0.0%     0.5%     0.1%
Mar 13 12:05:02    136.4    77282482      265    83.8%    268.7     0.2%    15.4%     0.1%     0.0%     0.5%     0.1%
Mar 13 12:06:02    136.8    79742518      265    83.8%    268.7     0.2%    15.4%     0.1%     0.0%     0.5%     0.1%
Mar 13 12:07:03    136.7    82012650      265    83.8%    268.7     0.2%    15.4%     0.1%     0.0%     0.5%     0.1%
Mar 13 12:08:03    137.0    84472958      265    83.8%    268.7     0.2%    15.4%     0.1%     0.0%     0.5%     0.1%
Mar 13 12:09:04    136.9    86747044      265    83.9%    268.7     0.2%    15.4%     0.1%     0.0%     0.5%     0.1%
Mar 13 12:10:07    136.7    89020540      265    83.9%    268.7     0.2%    15.4%     0.1%     0.0%     0.5%     0.1%
Mar 13 12:11:10    136.7    91388231      265    83.9%    268.7     0.2%    15.4%     0.1%     0.0%     0.5%     0.1%
Mar 13 12:12:10    136.5    93565893      265    83.9%    268.8     0.2%    15.4%     0.1%     0.0%     0.5%     0.1%
Mar 13 12:13:12    136.2    95649780      265    83.9%    268.8     0.2%    15.4%     0.1%     0.0%     0.5%     0.1%
Mar 13 12:14:13    135.8    97734848      265    83.9%    268.8     0.2%    15.4%     0.1%     0.0%     0.5%     0.1%
Mar 13 12:15:14    135.5    99817148      265    83.9%    268.8     0.2%    15.4%     0.1%     0.0%     0.5%     0.1%
Mar 13 12:16:17    135.9   102461058      265    83.9%    268.8     0.2%    15.4%     0.1%     0.0%     0.5%     0.1%
Mar 13 12:17:21    135.8   104821291      265    83.9%    268.8     0.2%    15.4%     0.1%     0.0%     0.5%     0.1%
Mar 13 12:18:22    135.4   106803287      265    83.9%    268.8     0.2%    15.4%     0.1%     0.0%     0.5%     0.1%
Mar 13 12:19:29    135.0   108974516      265    83.9%    268.8     0.2%    15.4%     0.1%     0.0%     0.5%     0.1%
Mar 13 12:20:31    134.7   111065993      265    83.9%    268.8     0.2%    15.4%     0.1%     0.0%     0.5%     0.1%
Mar 13 12:44:49     90.7   111538849      265    83.9%    268.8     0.2%    15.4%     0.1%     0.0%     0.5%     0.1%
ALL DONE!
