                                 Started job on |	Mar 13 11:29:19
                             Started mapping on |	Mar 13 11:31:03
                                    Finished on |	Mar 13 12:44:49
       Mapping speed, Million of reads per hour |	90.72

                          Number of input reads |	111538849
                      Average input read length |	265
                                    UNIQUE READS:
                   Uniquely mapped reads number |	93530364
                        Uniquely mapped reads % |	83.85%
                          Average mapped length |	268.77
                       Number of splices: Total |	65268562
            Number of splices: Annotated (sjdb) |	64446847
                       Number of splices: GT/AG |	64624995
                       Number of splices: GC/AG |	477361
                       Number of splices: AT/AC |	59042
               Number of splices: Non-canonical |	107164
                      Mismatch rate per base, % |	0.15%
                         Deletion rate per base |	0.01%
                        Deletion average length |	2.10
                        Insertion rate per base |	0.01%
                       Insertion average length |	1.76
                             MULTI-MAPPING READS:
        Number of reads mapped to multiple loci |	17182573
             % of reads mapped to multiple loci |	15.41%
        Number of reads mapped to too many loci |	134720
             % of reads mapped to too many loci |	0.12%
                                  UNMAPPED READS:
       % of reads unmapped: too many mismatches |	0.00%
                 % of reads unmapped: too short |	0.54%
                     % of reads unmapped: other |	0.08%
                                  CHIMERIC READS:
                       Number of chimeric reads |	0
                            % of chimeric reads |	0.00%
