           Time    Speed        Read     Read   Mapped   Mapped   Mapped   Mapped Unmapped Unmapped Unmapped Unmapped
                    M/hr      number   length   unique   length   MMrate    multi   multi+       MM    short    other
Mar 13 11:58:56    175.9     2931430      267    82.1%    272.1     0.2%    17.0%     0.1%     0.0%     0.6%     0.1%
Mar 13 11:59:56    204.1     6804757      267    82.1%    272.1     0.2%    17.1%     0.1%     0.0%     0.6%     0.1%
Mar 13 12:00:58    196.3     9923075      267    82.1%    272.0     0.2%    17.1%     0.1%     0.0%     0.6%     0.1%
Mar 13 12:02:00    203.4    13786586      267    82.0%    272.0     0.2%    17.1%     0.1%     0.0%     0.6%     0.1%
Mar 13 12:03:00    209.0    17648722      267    82.0%    271.9     0.2%    17.1%     0.1%     0.0%     0.6%     0.1%
Mar 13 12:04:05    211.7    21699472      267    82.0%    271.9     0.2%    17.2%     0.1%     0.0%     0.6%     0.1%
Mar 13 12:05:06    217.2    25940328      267    82.0%    271.9     0.2%    17.2%     0.1%     0.0%     0.6%     0.1%
Mar 13 12:06:07    217.9    29712488      267    82.0%    271.9     0.2%    17.2%     0.1%     0.0%     0.6%     0.1%
Mar 13 12:07:10    218.2    33578222      267    82.0%    271.8     0.2%    17.2%     0.1%     0.0%     0.6%     0.1%
Mar 13 12:08:10    220.6    37628397      267    82.0%    271.8     0.2%    17.2%     0.1%     0.0%     0.6%     0.1%
Mar 13 12:09:10    220.1    41216121      267    82.0%    271.8     0.2%    17.2%     0.1%     0.0%     0.6%     0.1%
Mar 13 12:10:12    219.1    44802686      267    82.0%    271.7     0.2%    17.2%     0.1%     0.0%     0.6%     0.1%
Mar 13 12:11:16    218.1    48472714      267    82.0%    271.8     0.2%    17.2%     0.1%     0.0%     0.6%     0.1%
Mar 13 12:12:16    216.7    51765247      267    82.0%    271.8     0.2%    17.2%     0.1%     0.0%     0.6%     0.1%
Mar 13 12:13:19    213.6    54775791      267    82.0%    271.8     0.2%    17.1%     0.1%     0.0%     0.6%     0.1%
Mar 13 12:14:19    214.0    58442327      267    82.1%    271.9     0.2%    17.1%     0.1%     0.0%     0.6%     0.1%
Mar 13 12:15:19    211.8    61359967      267    82.1%    271.9     0.2%    17.1%     0.1%     0.0%     0.6%     0.1%
Mar 13 12:16:22    212.6    65308584      267    82.1%    271.9     0.2%    17.1%     0.1%     0.0%     0.6%     0.1%
Mar 13 12:17:24    213.2    69168300      267    82.1%    271.9     0.2%    17.1%     0.1%     0.0%     0.6%     0.1%
Mar 13 12:18:28    213.1    72933270      267    82.1%    271.9     0.2%    17.1%     0.1%     0.0%     0.6%     0.1%
Mar 13 12:19:28    214.5    76983791      267    82.1%    271.9     0.2%    17.1%     0.1%     0.0%     0.6%     0.1%
Mar 13 12:20:33    214.5    80841051      267    82.1%    272.0     0.2%    17.1%     0.1%     0.0%     0.6%     0.1%
Mar 13 12:21:33    215.7    84887209      267    82.1%    272.0     0.2%    17.1%     0.1%     0.0%     0.6%     0.1%
Mar 13 12:22:46    212.0    87755976      267    82.1%    272.0     0.2%    17.1%     0.1%     0.0%     0.6%     0.1%
Mar 13 14:03:30     41.9    87755976      267    82.1%    272.0     0.2%    17.1%     0.1%     0.0%     0.6%     0.1%
ALL DONE!
