                                 Started job on |	Mar 13 12:07:37
                             Started mapping on |	Mar 13 12:11:42
                                    Finished on |	Mar 13 13:08:39
       Mapping speed, Million of reads per hour |	132.77

                          Number of input reads |	126023849
                      Average input read length |	268
                                    UNIQUE READS:
                   Uniquely mapped reads number |	104595756
                        Uniquely mapped reads % |	83.00%
                          Average mapped length |	270.30
                       Number of splices: Total |	77430257
            Number of splices: Annotated (sjdb) |	76572111
                       Number of splices: GT/AG |	76687883
                       Number of splices: GC/AG |	554060
                       Number of splices: AT/AC |	78832
               Number of splices: Non-canonical |	109482
                      Mismatch rate per base, % |	0.16%
                         Deletion rate per base |	0.01%
                        Deletion average length |	1.94
                        Insertion rate per base |	0.01%
                       Insertion average length |	1.65
                             MULTI-MAPPING READS:
        Number of reads mapped to multiple loci |	19591251
             % of reads mapped to multiple loci |	15.55%
        Number of reads mapped to too many loci |	178565
             % of reads mapped to too many loci |	0.14%
                                  UNMAPPED READS:
       % of reads unmapped: too many mismatches |	0.00%
                 % of reads unmapped: too short |	1.23%
                     % of reads unmapped: other |	0.08%
                                  CHIMERIC READS:
                       Number of chimeric reads |	0
                            % of chimeric reads |	0.00%
