           Time    Speed        Read     Read   Mapped   Mapped   Mapped   Mapped Unmapped Unmapped Unmapped Unmapped
                    M/hr      number   length   unique   length   MMrate    multi   multi+       MM    short    other
Mar 13 12:13:01     68.8     1509515      269    83.1%    270.6     0.2%    15.4%     0.1%     0.0%     1.2%     0.1%
Mar 13 12:14:09     87.7     3581285      269    83.1%    270.5     0.2%    15.5%     0.1%     0.0%     1.2%     0.1%
Mar 13 12:15:09    104.9     6029408      269    83.1%    270.5     0.2%    15.5%     0.1%     0.0%     1.2%     0.1%
Mar 13 12:16:09    125.7     9325167      268    83.0%    270.5     0.2%    15.5%     0.1%     0.0%     1.2%     0.1%
Mar 13 12:17:12    140.7    12896038      268    83.0%    270.4     0.2%    15.5%     0.1%     0.0%     1.2%     0.1%
Mar 13 12:18:13    138.6    15056780      268    83.0%    270.4     0.2%    15.5%     0.1%     0.0%     1.2%     0.1%
Mar 13 12:19:20    133.1    16935173      268    83.0%    270.4     0.2%    15.5%     0.1%     0.0%     1.2%     0.1%
Mar 13 12:20:20    128.1    18438015      268    83.0%    270.4     0.2%    15.5%     0.1%     0.0%     1.2%     0.1%
Mar 13 12:21:24    128.6    20786755      268    83.0%    270.3     0.2%    15.5%     0.1%     0.0%     1.2%     0.1%
Mar 13 12:22:31    128.3    23134782      268    83.0%    270.3     0.2%    15.5%     0.1%     0.0%     1.2%     0.1%
Mar 13 12:23:38    128.1    25481862      268    83.0%    270.3     0.2%    15.5%     0.1%     0.0%     1.2%     0.1%
Mar 13 12:24:39    127.2    27453238      268    83.0%    270.3     0.2%    15.6%     0.1%     0.0%     1.2%     0.1%
Mar 13 12:25:39    125.8    29237810      268    83.0%    270.3     0.2%    15.6%     0.1%     0.0%     1.2%     0.1%
Mar 13 12:26:42    123.7    30928060      268    83.0%    270.3     0.2%    15.6%     0.1%     0.0%     1.2%     0.1%
Mar 13 12:27:44    123.5    32994782      268    83.0%    270.3     0.2%    15.6%     0.1%     0.0%     1.2%     0.1%
Mar 13 12:28:48    122.7    34969036      268    83.0%    270.3     0.2%    15.6%     0.1%     0.0%     1.2%     0.1%
Mar 13 12:29:49    123.0    37129791      268    83.0%    270.3     0.2%    15.6%     0.1%     0.0%     1.2%     0.1%
Mar 13 12:30:49    121.8    38820825      268    83.0%    270.3     0.2%    15.6%     0.1%     0.0%     1.2%     0.1%
Mar 13 12:31:54    121.7    40983746      268    83.0%    270.3     0.2%    15.6%     0.1%     0.0%     1.2%     0.1%
Mar 13 12:32:57    121.0    42865246      268    83.0%    270.2     0.2%    15.6%     0.1%     0.0%     1.2%     0.1%
Mar 13 12:33:57    124.7    46251485      268    83.0%    270.2     0.2%    15.6%     0.1%     0.0%     1.2%     0.1%
Mar 13 12:34:57    130.0    50385802      268    83.0%    270.2     0.2%    15.6%     0.1%     0.0%     1.2%     0.1%
Mar 13 12:35:58    134.6    54423017      268    83.0%    270.2     0.2%    15.6%     0.1%     0.0%     1.2%     0.1%
Mar 13 12:36:59    139.2    58662099      268    83.0%    270.1     0.2%    15.6%     0.1%     0.0%     1.2%     0.1%
Mar 13 12:38:00    142.7    62529934      268    82.9%    270.0     0.2%    15.6%     0.1%     0.0%     1.2%     0.1%
Mar 13 12:39:01    146.2    66562892      268    83.0%    270.1     0.2%    15.6%     0.1%     0.0%     1.2%     0.1%
Mar 13 12:40:02    148.3    70033532      268    83.0%    270.1     0.2%    15.6%     0.1%     0.0%     1.2%     0.1%
Mar 13 12:41:03    149.1    72941937      268    83.0%    270.1     0.2%    15.6%     0.1%     0.0%     1.2%     0.1%
Mar 13 12:42:04    149.1    75474192      268    83.0%    270.1     0.2%    15.6%     0.1%     0.0%     1.2%     0.1%
Mar 13 12:43:05    149.9    78380127      268    83.0%    270.2     0.2%    15.6%     0.1%     0.0%     1.2%     0.1%
Mar 13 12:44:10    149.2    80723816      268    83.0%    270.2     0.2%    15.6%     0.1%     0.0%     1.2%     0.1%
Mar 13 12:45:13    148.7    83066046      268    83.0%    270.2     0.2%    15.6%     0.1%     0.0%     1.2%     0.1%
Mar 13 12:46:13    149.0    85694233      268    83.0%    270.2     0.2%    15.6%     0.1%     0.0%     1.2%     0.1%
Mar 13 12:47:14    150.2    88979057      268    83.0%    270.2     0.2%    15.6%     0.1%     0.0%     1.2%     0.1%
Mar 13 12:48:14    151.7    92352589      268    83.0%    270.2     0.2%    15.6%     0.1%     0.0%     1.2%     0.1%
Mar 13 12:49:15    152.4    95353192      268    83.0%    270.3     0.2%    15.6%     0.1%     0.0%     1.2%     0.1%
Mar 13 12:50:15    154.7    99388661      268    83.0%    270.3     0.2%    15.5%     0.1%     0.0%     1.2%     0.1%
Mar 13 12:51:19    156.6   103415408      268    83.0%    270.3     0.2%    15.5%     0.1%     0.0%     1.2%     0.1%
Mar 13 12:52:21    158.7   107529842      268    83.0%    270.3     0.2%    15.5%     0.1%     0.0%     1.2%     0.1%
Mar 13 12:53:21    161.2   111928931      268    83.0%    270.3     0.2%    15.5%     0.1%     0.0%     1.2%     0.1%
Mar 13 12:54:21    163.0   115856869      268    83.0%    270.3     0.2%    15.5%     0.1%     0.0%     1.2%     0.1%
Mar 13 12:55:21    164.7   119784441      268    83.0%    270.3     0.2%    15.5%     0.1%     0.0%     1.2%     0.1%
Mar 13 12:56:22    166.4   123902724      268    83.0%    270.3     0.2%    15.5%     0.1%     0.0%     1.2%     0.1%
Mar 13 13:08:39    132.8   126023849      268    83.0%    270.3     0.2%    15.5%     0.1%     0.0%     1.2%     0.1%
ALL DONE!
