           Time    Speed        Read     Read   Mapped   Mapped   Mapped   Mapped Unmapped Unmapped Unmapped Unmapped
                    M/hr      number   length   unique   length   MMrate    multi   multi+       MM    short    other
Mar 13 12:29:04     33.2      561960      271    78.7%    273.2     0.2%    19.7%     0.1%     0.0%     1.4%     0.1%
Mar 13 12:30:04     44.5     1495844      272    78.8%    273.4     0.2%    19.6%     0.1%     0.0%     1.4%     0.1%
Mar 13 12:31:04     39.0     1962009      272    78.7%    273.4     0.2%    19.6%     0.1%     0.0%     1.4%     0.1%
Mar 13 12:32:08     43.9     2988692      271    78.7%    273.3     0.2%    19.7%     0.1%     0.0%     1.4%     0.1%
Mar 13 12:33:21     46.5     4107680      272    78.7%    273.4     0.2%    19.7%     0.1%     0.0%     1.4%     0.1%
Mar 13 12:34:26     45.6     4853958      272    78.7%    273.3     0.2%    19.7%     0.1%     0.0%     1.4%     0.1%
Mar 13 12:35:35     48.3     6067034      272    78.7%    273.3     0.2%    19.7%     0.1%     0.0%     1.4%     0.1%
Mar 13 12:36:37     52.3     7466432      272    78.7%    273.3     0.2%    19.7%     0.1%     0.0%     1.4%     0.1%
Mar 13 12:37:38     53.2     8493100      271    78.7%    273.3     0.2%    19.7%     0.1%     0.0%     1.4%     0.1%
Mar 13 12:38:47     51.1     9146372      271    78.7%    273.3     0.2%    19.7%     0.1%     0.0%     1.4%     0.1%
Mar 13 12:39:51     51.7    10172025      271    78.7%    273.3     0.2%    19.7%     0.1%     0.0%     1.4%     0.1%
Mar 13 12:40:54     50.5    10823613      271    78.6%    273.3     0.2%    19.7%     0.1%     0.0%     1.4%     0.1%
Mar 13 12:41:57     48.7    11288602      271    78.6%    273.3     0.2%    19.7%     0.1%     0.0%     1.4%     0.1%
Mar 13 12:43:21     47.9    12218663      271    78.6%    273.3     0.2%    19.7%     0.1%     0.0%     1.4%     0.1%
Mar 13 12:44:26     46.1    12590873      271    78.6%    273.3     0.2%    19.7%     0.1%     0.0%     1.4%     0.1%
Mar 13 12:45:34     45.0    13149414      271    78.6%    273.3     0.2%    19.7%     0.1%     0.0%     1.4%     0.1%
Mar 13 12:46:41     45.3    14079991      271    78.6%    273.3     0.2%    19.7%     0.1%     0.0%     1.4%     0.1%
Mar 13 12:47:41     45.6    14918036      271    78.6%    273.2     0.2%    19.7%     0.1%     0.0%     1.4%     0.1%
Mar 13 12:48:43     45.2    15570224      271    78.6%    273.2     0.2%    19.7%     0.1%     0.0%     1.4%     0.1%
Mar 13 12:49:48     45.8    16593818      271    78.6%    273.2     0.2%    19.7%     0.1%     0.0%     1.4%     0.1%
Mar 13 12:50:55     45.7    17430545      271    78.6%    273.2     0.2%    19.7%     0.1%     0.0%     1.4%     0.1%
Mar 13 12:52:02     45.7    18269469      271    78.6%    273.2     0.2%    19.8%     0.1%     0.0%     1.4%     0.1%
Mar 13 12:53:04     46.3    19293575      271    78.6%    273.2     0.2%    19.8%     0.1%     0.0%     1.4%     0.1%
Mar 13 12:54:08     46.7    20318075      271    78.6%    273.2     0.2%    19.8%     0.1%     0.0%     1.4%     0.1%
Mar 13 12:55:19     46.3    21063311      271    78.6%    273.1     0.2%    19.8%     0.1%     0.0%     1.4%     0.1%
Mar 13 12:56:25     46.7    22086927      271    78.6%    273.1     0.2%    19.8%     0.1%     0.0%     1.4%     0.1%
Mar 13 12:57:31     47.4    23297506      271    78.6%    273.1     0.2%    19.8%     0.1%     0.0%     1.4%     0.1%
Mar 13 12:58:31     47.5    24134468      271    78.6%    273.1     0.2%    19.8%     0.1%     0.0%     1.4%     0.1%
Mar 13 12:59:32     47.6    24971669      271    78.6%    273.1     0.2%    19.8%     0.1%     0.0%     1.4%     0.1%
Mar 13 13:00:33     47.6    25809375      271    78.6%    273.1     0.2%    19.8%     0.1%     0.0%     1.4%     0.1%
Mar 13 13:01:39     47.6    26646577      271    78.6%    273.1     0.2%    19.8%     0.1%     0.0%     1.4%     0.1%
Mar 13 13:02:47     47.6    27576372      271    78.6%    273.1     0.2%    19.8%     0.1%     0.0%     1.4%     0.1%
Mar 13 13:03:48     47.7    28414798      271    78.6%    273.1     0.2%    19.8%     0.1%     0.0%     1.4%     0.1%
Mar 13 13:04:55     47.9    29437997      271    78.6%    273.1     0.2%    19.8%     0.1%     0.0%     1.4%     0.1%
Mar 13 13:05:58     48.2    30461706      271    78.6%    273.1     0.2%    19.8%     0.1%     0.0%     1.4%     0.1%
Mar 13 13:07:03     48.6    31579320      271    78.6%    273.1     0.2%    19.8%     0.1%     0.0%     1.4%     0.1%
Mar 13 13:08:07     49.0    32695840      271    78.6%    273.1     0.2%    19.8%     0.1%     0.0%     1.4%     0.1%
Mar 13 13:09:14     49.7    34092497      271    78.6%    273.1     0.2%    19.8%     0.1%     0.0%     1.4%     0.1%
Mar 13 13:10:14     49.9    35115584      271    78.6%    273.1     0.2%    19.8%     0.1%     0.0%     1.4%     0.1%
Mar 13 13:11:22     50.1    36140089      271    78.6%    273.1     0.2%    19.8%     0.1%     0.0%     1.4%     0.1%
Mar 13 13:12:22     50.7    37442938      271    78.6%    273.1     0.2%    19.8%     0.1%     0.0%     1.4%     0.1%
Mar 13 13:13:25     51.2    38746638      271    78.6%    273.1     0.2%    19.8%     0.1%     0.0%     1.4%     0.1%
Mar 13 13:14:36     51.6    40050559      271    78.6%    273.1     0.2%    19.8%     0.1%     0.0%     1.4%     0.1%
Mar 13 13:15:43     51.9    41261652      271    78.6%    273.1     0.2%    19.8%     0.1%     0.0%     1.4%     0.1%
Mar 13 13:16:43     52.4    42473253      271    78.6%    273.1     0.2%    19.8%     0.1%     0.0%     1.4%     0.1%
Mar 13 13:17:47     52.8    43778699      271    78.6%    273.1     0.2%    19.8%     0.1%     0.0%     1.4%     0.1%
Mar 13 13:18:48     52.9    44710441      271    78.6%    273.1     0.2%    19.8%     0.1%     0.0%     1.4%     0.1%
Mar 13 13:19:55     53.2    46014405      271    78.6%    273.0     0.2%    19.8%     0.1%     0.0%     1.4%     0.1%
Mar 13 13:21:00     53.9    47598067      271    78.6%    273.0     0.2%    19.8%     0.1%     0.0%     1.4%     0.1%
Mar 13 13:22:01     53.6    48249820      271    78.6%    273.0     0.2%    19.8%     0.1%     0.0%     1.4%     0.1%
Mar 13 13:23:09     53.9    49460394      271    78.6%    273.0     0.2%    19.8%     0.1%     0.0%     1.4%     0.1%
Mar 13 13:24:17     53.9    50483174      271    78.5%    273.0     0.2%    19.8%     0.1%     0.0%     1.4%     0.1%
Mar 13 13:25:17     53.9    51413842      271    78.5%    273.0     0.2%    19.8%     0.1%     0.0%     1.4%     0.1%
Mar 13 13:26:17     54.4    52810074      271    78.5%    273.0     0.2%    19.8%     0.1%     0.0%     1.4%     0.1%
Mar 13 13:27:21     54.0    53368658      271    78.5%    273.0     0.2%    19.8%     0.1%     0.0%     1.4%     0.1%
Mar 13 13:28:39     54.2    54767293      271    78.5%    273.0     0.2%    19.8%     0.1%     0.0%     1.4%     0.1%
Mar 13 13:29:39     54.3    55699338      271    78.5%    273.0     0.2%    19.8%     0.1%     0.0%     1.4%     0.1%
Mar 13 13:30:39     54.5    56913690      271    78.5%    273.0     0.2%    19.8%     0.1%     0.0%     1.4%     0.1%
Mar 13 13:31:44     54.4    57754047      271    78.5%    273.0     0.2%    19.8%     0.1%     0.0%     1.4%     0.1%
Mar 13 13:32:58     54.6    59062432      271    78.5%    272.9     0.2%    19.8%     0.1%     0.0%     1.4%     0.1%
Mar 13 13:34:06     54.8    60277303      271    78.5%    272.9     0.2%    19.9%     0.1%     0.0%     1.4%     0.1%
Mar 13 13:35:06     54.7    61117673      271    78.5%    272.9     0.2%    19.9%     0.1%     0.0%     1.4%     0.1%
Mar 13 13:36:08     54.7    62050331      271    78.5%    272.9     0.2%    19.9%     0.1%     0.0%     1.4%     0.1%
Mar 13 13:37:10     54.8    63165163      271    78.5%    272.9     0.2%    19.9%     0.1%     0.0%     1.4%     0.1%
Mar 13 13:38:19     55.0    64373845      271    78.5%    272.9     0.2%    19.9%     0.1%     0.0%     1.4%     0.1%
Mar 13 13:39:19     55.1    65395741      271    78.5%    272.9     0.2%    19.8%     0.1%     0.0%     1.4%     0.1%
Mar 13 13:40:20     55.1    66324353      271    78.5%    272.9     0.2%    19.8%     0.1%     0.0%     1.4%     0.1%
Mar 13 13:41:47     55.0    67626760      271    78.5%    272.9     0.2%    19.8%     0.1%     0.0%     1.4%     0.1%
Mar 13 13:42:49     55.3    68927356      271    78.5%    273.0     0.2%    19.8%     0.1%     0.0%     1.4%     0.1%
Mar 13 13:44:06     55.4    70229863      271    78.5%    273.0     0.2%    19.8%     0.1%     0.0%     1.4%     0.1%
Mar 13 13:45:09     55.6    71436705      271    78.5%    273.0     0.2%    19.8%     0.1%     0.0%     1.4%     0.1%
Mar 13 13:46:09     56.0    72924314      271    78.5%    273.0     0.2%    19.8%     0.1%     0.0%     1.4%     0.1%
Mar 13 13:47:10     56.2    74131057      271    78.5%    273.0     0.2%    19.8%     0.1%     0.0%     1.4%     0.1%
Mar 13 13:48:13     56.5    75525474      271    78.5%    273.0     0.2%    19.8%     0.1%     0.0%     1.4%     0.1%
Mar 13 13:49:20     56.6    76731708      271    78.5%    273.0     0.2%    19.8%     0.1%     0.0%     1.4%     0.1%
Mar 13 13:50:21     57.0    78127096      271    78.5%    273.0     0.2%    19.8%     0.1%     0.0%     1.4%     0.1%
Mar 13 13:51:21     57.3    79611624      271    78.6%    273.0     0.2%    19.8%     0.1%     0.0%     1.4%     0.1%
Mar 13 13:52:23     57.8    81284931      271    78.6%    273.1     0.2%    19.8%     0.1%     0.0%     1.4%     0.1%
Mar 13 13:53:34     58.3    83050443      271    78.6%    273.1     0.2%    19.8%     0.1%     0.0%     1.4%     0.1%
Mar 13 13:54:37     58.6    84536950      271    78.6%    273.1     0.2%    19.8%     0.1%     0.0%     1.4%     0.1%
Mar 13 13:55:38     58.9    86027212      271    78.6%    273.1     0.2%    19.8%     0.1%     0.0%     1.4%     0.1%
Mar 13 13:56:38     59.6    87977960      271    78.6%    273.1     0.2%    19.8%     0.1%     0.0%     1.4%     0.1%
Mar 13 13:57:43     60.1    89835499      271    78.6%    273.1     0.2%    19.8%     0.1%     0.0%     1.4%     0.1%
Mar 13 13:58:43     60.6    91507705      271    78.6%    273.1     0.2%    19.8%     0.1%     0.0%     1.4%     0.1%
Mar 13 13:59:47     61.2    93644224      271    78.6%    273.1     0.2%    19.8%     0.1%     0.0%     1.4%     0.1%
Mar 13 14:00:52     61.9    95690148      271    78.6%    273.1     0.2%    19.8%     0.1%     0.0%     1.4%     0.1%
Mar 13 14:01:56     62.5    97828929      271    78.6%    273.1     0.2%    19.8%     0.1%     0.0%     1.4%     0.1%
Mar 13 14:02:56     63.4   100338899      271    78.6%    273.1     0.2%    19.8%     0.1%     0.0%     1.4%     0.1%
Mar 13 14:03:56     64.4   102934709      271    78.6%    273.1     0.2%    19.8%     0.1%     0.0%     1.4%     0.1%
Mar 13 14:04:59     65.0   105067122      271    78.6%    273.1     0.2%    19.8%     0.1%     0.0%     1.4%     0.1%
Mar 13 14:06:00     66.1   107849945      271    78.6%    273.1     0.2%    19.8%     0.1%     0.0%     1.4%     0.1%
Mar 13 14:07:00     67.6   111467279      271    78.6%    273.1     0.2%    19.8%     0.1%     0.0%     1.4%     0.1%
Mar 13 14:08:02     68.9   114894905      271    78.6%    273.1     0.2%    19.8%     0.1%     0.0%     1.4%     0.1%
Mar 13 14:09:05     70.7   119065901      271    78.6%    273.2     0.2%    19.8%     0.1%     0.0%     1.4%     0.1%
Mar 13 14:10:05     72.1   122591566      271    78.6%    273.1     0.2%    19.8%     0.1%     0.0%     1.4%     0.1%
Mar 13 14:30:13     61.0   124280036      271    78.6%    273.1     0.2%    19.8%     0.1%     0.0%     1.4%     0.1%
ALL DONE!
