                                 Started job on |	Mar 13 12:14:00
                             Started mapping on |	Mar 13 12:28:03
                                    Finished on |	Mar 13 14:30:13
       Mapping speed, Million of reads per hour |	61.04

                          Number of input reads |	124280036
                      Average input read length |	271
                                    UNIQUE READS:
                   Uniquely mapped reads number |	97641520
                        Uniquely mapped reads % |	78.57%
                          Average mapped length |	273.14
                       Number of splices: Total |	70111862
            Number of splices: Annotated (sjdb) |	69301586
                       Number of splices: GT/AG |	69432936
                       Number of splices: GC/AG |	501698
                       Number of splices: AT/AC |	70253
               Number of splices: Non-canonical |	106975
                      Mismatch rate per base, % |	0.16%
                         Deletion rate per base |	0.01%
                        Deletion average length |	1.91
                        Insertion rate per base |	0.01%
                       Insertion average length |	1.66
                             MULTI-MAPPING READS:
        Number of reads mapped to multiple loci |	24592590
             % of reads mapped to multiple loci |	19.79%
        Number of reads mapped to too many loci |	157886
             % of reads mapped to too many loci |	0.13%
                                  UNMAPPED READS:
       % of reads unmapped: too many mismatches |	0.00%
                 % of reads unmapped: too short |	1.45%
                     % of reads unmapped: other |	0.07%
                                  CHIMERIC READS:
                       Number of chimeric reads |	0
                            % of chimeric reads |	0.00%
