                                 Started job on |	Mar 13 12:17:09
                             Started mapping on |	Mar 13 12:21:37
                                    Finished on |	Mar 13 14:34:51
       Mapping speed, Million of reads per hour |	58.86

                          Number of input reads |	130711162
                      Average input read length |	270
                                    UNIQUE READS:
                   Uniquely mapped reads number |	85172561
                        Uniquely mapped reads % |	65.16%
                          Average mapped length |	272.87
                       Number of splices: Total |	64060224
            Number of splices: Annotated (sjdb) |	63283218
                       Number of splices: GT/AG |	63445784
                       Number of splices: GC/AG |	452798
                       Number of splices: AT/AC |	66688
               Number of splices: Non-canonical |	94954
                      Mismatch rate per base, % |	0.16%
                         Deletion rate per base |	0.01%
                        Deletion average length |	1.87
                        Insertion rate per base |	0.01%
                       Insertion average length |	1.66
                             MULTI-MAPPING READS:
        Number of reads mapped to multiple loci |	44115049
             % of reads mapped to multiple loci |	33.75%
        Number of reads mapped to too many loci |	217163
             % of reads mapped to too many loci |	0.17%
                                  UNMAPPED READS:
       % of reads unmapped: too many mismatches |	0.00%
                 % of reads unmapped: too short |	0.86%
                     % of reads unmapped: other |	0.07%
                                  CHIMERIC READS:
                       Number of chimeric reads |	0
                            % of chimeric reads |	0.00%
