           Time    Speed        Read     Read   Mapped   Mapped   Mapped   Mapped Unmapped Unmapped Unmapped Unmapped
                    M/hr      number   length   unique   length   MMrate    multi   multi+       MM    short    other
Mar 13 12:43:14    150.2     2628025      270    79.4%    272.1     0.2%    19.5%     0.1%     0.0%     0.8%     0.1%
Mar 13 12:44:14    162.0     5533849      270    79.4%    272.1     0.2%    19.5%     0.1%     0.0%     0.8%     0.1%
Mar 13 12:45:14    175.3     8909528      270    79.4%    272.1     0.2%    19.5%     0.1%     0.0%     0.8%     0.1%
Mar 13 12:46:16    174.9    11904665      270    79.4%    272.0     0.2%    19.6%     0.1%     0.0%     0.8%     0.1%
Mar 13 12:47:18    186.8    15925705      270    79.4%    272.0     0.2%    19.6%     0.1%     0.0%     0.8%     0.1%
Mar 13 12:48:19    191.5    19573840      270    79.4%    271.9     0.2%    19.6%     0.1%     0.0%     0.8%     0.1%
Mar 13 12:49:20    195.7    23315895      270    79.4%    271.9     0.2%    19.6%     0.1%     0.0%     0.8%     0.1%
Mar 13 12:50:22    197.7    26960546      270    79.4%    271.9     0.2%    19.6%     0.1%     0.0%     0.8%     0.1%
Mar 13 12:51:22    200.6    30700734      270    79.3%    271.9     0.2%    19.6%     0.1%     0.0%     0.8%     0.1%
Mar 13 12:52:24    198.4    33787129      270    79.3%    271.9     0.2%    19.6%     0.1%     0.0%     0.8%     0.1%
Mar 13 12:53:24    200.7    37528723      270    79.3%    271.9     0.2%    19.6%     0.1%     0.0%     0.8%     0.1%
Mar 13 12:54:25    202.9    41363456      270    79.3%    271.9     0.2%    19.6%     0.1%     0.0%     0.8%     0.1%
Mar 13 12:55:25    205.4    45295511      270    79.3%    271.8     0.2%    19.7%     0.1%     0.0%     0.8%     0.1%
Mar 13 12:56:26    205.7    48853125      270    79.3%    271.8     0.2%    19.7%     0.1%     0.0%     0.8%     0.1%
Mar 13 12:57:27    206.3    52502983      270    79.3%    271.8     0.2%    19.7%     0.1%     0.0%     0.8%     0.1%
Mar 13 12:58:27    207.1    56150332      270    79.3%    271.8     0.2%    19.7%     0.1%     0.0%     0.8%     0.1%
Mar 13 12:59:27    207.5    59706151      270    79.3%    271.8     0.2%    19.7%     0.1%     0.0%     0.8%     0.1%
Mar 13 13:00:28    208.6    63554550      270    79.3%    271.7     0.2%    19.7%     0.1%     0.0%     0.8%     0.1%
Mar 13 13:01:30    209.1    67303999      270    79.3%    271.7     0.2%    19.7%     0.1%     0.0%     0.8%     0.1%
Mar 13 13:02:30    209.8    71039514      270    79.3%    271.7     0.2%    19.7%     0.1%     0.0%     0.8%     0.1%
Mar 13 13:03:30    210.2    74683823      270    79.3%    271.7     0.2%    19.7%     0.1%     0.0%     0.8%     0.1%
Mar 13 13:04:31    210.4    78326885      270    79.3%    271.7     0.2%    19.7%     0.1%     0.0%     0.8%     0.1%
Mar 13 13:05:31    210.5    81874286      270    79.3%    271.8     0.2%    19.7%     0.1%     0.0%     0.8%     0.1%
Mar 13 13:06:31    211.8    85889417      270    79.3%    271.8     0.2%    19.7%     0.1%     0.0%     0.8%     0.1%
Mar 13 13:07:31    211.8    89438464      270    79.3%    271.8     0.2%    19.7%     0.1%     0.0%     0.8%     0.1%
Mar 13 13:08:32    212.0    93083176      270    79.3%    271.8     0.2%    19.7%     0.1%     0.0%     0.8%     0.1%
Mar 13 13:09:32    212.6    96909661      270    79.3%    271.8     0.2%    19.7%     0.1%     0.0%     0.8%     0.1%
Mar 13 13:10:33    213.1   100736762      270    79.3%    271.9     0.2%    19.7%     0.1%     0.0%     0.8%     0.1%
Mar 13 13:11:33    213.2   104370589      270    79.3%    271.9     0.2%    19.7%     0.1%     0.0%     0.8%     0.1%
Mar 13 13:12:34    213.8   108284081      270    79.3%    271.9     0.2%    19.7%     0.1%     0.0%     0.8%     0.1%
Mar 13 13:13:44    213.4   112195942      270    79.3%    271.9     0.2%    19.7%     0.1%     0.0%     0.8%     0.1%
Mar 13 13:14:52    214.2   116669540      270    79.3%    271.9     0.2%    19.7%     0.1%     0.0%     0.8%     0.1%
Mar 13 13:15:52    215.0   120674625      270    79.3%    271.9     0.2%    19.7%     0.1%     0.0%     0.8%     0.1%
Mar 13 13:16:53    214.9   124304211      270    79.3%    271.9     0.2%    19.7%     0.1%     0.0%     0.8%     0.1%
Mar 13 13:17:53    214.9   127844579      270    79.3%    271.9     0.2%    19.7%     0.1%     0.0%     0.8%     0.1%
Mar 13 13:18:53    215.1   131572744      270    79.3%    271.9     0.2%    19.7%     0.1%     0.0%     0.8%     0.1%
Mar 13 13:35:01    151.5   133430906      270    79.3%    271.9     0.2%    19.7%     0.1%     0.0%     0.8%     0.1%
ALL DONE!
