                                 Started job on |	Mar 13 12:36:14
                             Started mapping on |	Mar 13 12:42:11
                                    Finished on |	Mar 13 13:46:24
       Mapping speed, Million of reads per hour |	121.57

                          Number of input reads |	130108887
                      Average input read length |	268
                                    UNIQUE READS:
                   Uniquely mapped reads number |	113614835
                        Uniquely mapped reads % |	87.32%
                          Average mapped length |	270.40
                       Number of splices: Total |	77945732
            Number of splices: Annotated (sjdb) |	77025317
                       Number of splices: GT/AG |	77178250
                       Number of splices: GC/AG |	565248
                       Number of splices: AT/AC |	75838
               Number of splices: Non-canonical |	126396
                      Mismatch rate per base, % |	0.16%
                         Deletion rate per base |	0.01%
                        Deletion average length |	1.98
                        Insertion rate per base |	0.01%
                       Insertion average length |	1.65
                             MULTI-MAPPING READS:
        Number of reads mapped to multiple loci |	15472981
             % of reads mapped to multiple loci |	11.89%
        Number of reads mapped to too many loci |	140219
             % of reads mapped to too many loci |	0.11%
                                  UNMAPPED READS:
       % of reads unmapped: too many mismatches |	0.00%
                 % of reads unmapped: too short |	0.60%
                     % of reads unmapped: other |	0.08%
                                  CHIMERIC READS:
                       Number of chimeric reads |	0
                            % of chimeric reads |	0.00%
