           Time    Speed        Read     Read   Mapped   Mapped   Mapped   Mapped Unmapped Unmapped Unmapped Unmapped
                    M/hr      number   length   unique   length   MMrate    multi   multi+       MM    short    other
Mar 13 12:43:11    118.9     1981720      268    87.3%    270.7     0.2%    11.9%     0.1%     0.0%     0.6%     0.1%
Mar 13 12:44:12    126.2     4243281      268    87.3%    270.6     0.2%    11.9%     0.1%     0.0%     0.6%     0.1%
Mar 13 12:45:12    131.2     6598757      268    87.3%    270.6     0.2%    11.9%     0.1%     0.0%     0.6%     0.1%
Mar 13 12:46:12    139.4     9331968      268    87.4%    270.6     0.2%    11.8%     0.1%     0.0%     0.6%     0.1%
Mar 13 12:47:15    150.6    12716782      268    87.3%    270.6     0.2%    11.9%     0.1%     0.0%     0.6%     0.1%
Mar 13 12:48:16    160.7    16291366      268    87.3%    270.5     0.1%    11.9%     0.1%     0.0%     0.6%     0.1%
Mar 13 12:49:18    165.1    19581857      268    87.3%    270.4     0.2%    11.9%     0.1%     0.0%     0.6%     0.1%
Mar 13 12:50:18    171.2    23155044      268    87.3%    270.4     0.2%    11.9%     0.1%     0.0%     0.6%     0.1%
Mar 13 12:51:21    174.9    26725707      268    87.3%    270.4     0.2%    11.9%     0.1%     0.0%     0.6%     0.1%
Mar 13 12:52:23    177.1    30109924      268    87.3%    270.4     0.2%    11.9%     0.1%     0.0%     0.6%     0.1%
Mar 13 12:53:23    179.4    33495104      268    87.3%    270.4     0.2%    11.9%     0.1%     0.0%     0.6%     0.1%
Mar 13 12:54:23    182.3    37067920      268    87.3%    270.4     0.2%    11.9%     0.1%     0.0%     0.6%     0.1%
Mar 13 12:55:23    183.0    40264689      268    87.3%    270.4     0.2%    11.9%     0.1%     0.0%     0.6%     0.1%
Mar 13 12:56:23    185.2    43841253      268    87.3%    270.3     0.2%    11.9%     0.1%     0.0%     0.6%     0.1%
Mar 13 12:57:23    186.4    47230451      268    87.3%    270.3     0.2%    11.9%     0.1%     0.0%     0.6%     0.1%
Mar 13 12:58:25    187.1    50617229      268    87.3%    270.3     0.2%    11.9%     0.1%     0.0%     0.6%     0.1%
Mar 13 12:59:25    189.0    54285074      268    87.3%    270.3     0.2%    11.9%     0.1%     0.0%     0.6%     0.1%
Mar 13 13:00:25    189.5    57576252      268    87.3%    270.3     0.2%    11.9%     0.1%     0.0%     0.6%     0.1%
Mar 13 13:01:25    190.8    61158840      268    87.3%    270.2     0.2%    11.9%     0.1%     0.0%     0.6%     0.1%
Mar 13 13:02:27    191.7    64745881      268    87.3%    270.1     0.2%    11.9%     0.1%     0.0%     0.6%     0.1%
Mar 13 13:03:28    192.6    68314068      268    87.3%    270.2     0.2%    11.9%     0.1%     0.0%     0.6%     0.1%
Mar 13 13:04:28    192.8    71599694      268    87.3%    270.2     0.2%    11.9%     0.1%     0.0%     0.6%     0.1%
Mar 13 13:05:28    193.9    75261936      268    87.3%    270.2     0.2%    11.9%     0.1%     0.0%     0.6%     0.1%
Mar 13 13:06:29    194.6    78829907      268    87.3%    270.3     0.2%    11.9%     0.1%     0.0%     0.6%     0.1%
Mar 13 13:07:30    195.3    82395911      268    87.3%    270.3     0.2%    11.9%     0.1%     0.0%     0.6%     0.1%
Mar 13 13:08:31    195.6    85865274      268    87.3%    270.3     0.2%    11.9%     0.1%     0.0%     0.6%     0.1%
Mar 13 13:09:33    196.5    89626737      268    87.3%    270.3     0.2%    11.9%     0.1%     0.0%     0.6%     0.1%
Mar 13 13:10:35    197.5    93473831      268    87.3%    270.3     0.2%    11.9%     0.1%     0.0%     0.6%     0.1%
Mar 13 13:11:38    197.5    96943722      268    87.3%    270.4     0.2%    11.9%     0.1%     0.0%     0.6%     0.1%
Mar 13 13:12:38    198.2   100608709      268    87.3%    270.4     0.2%    11.9%     0.1%     0.0%     0.6%     0.1%
Mar 13 13:13:39    198.6   104167218      268    87.3%    270.4     0.2%    11.9%     0.1%     0.0%     0.6%     0.1%
Mar 13 13:14:39    199.3   107818023      268    87.3%    270.4     0.2%    11.9%     0.1%     0.0%     0.6%     0.1%
Mar 13 13:15:40    199.6   111376266      268    87.3%    270.4     0.2%    11.9%     0.1%     0.0%     0.6%     0.1%
Mar 13 13:16:40    200.0   114937087      268    87.3%    270.4     0.2%    11.9%     0.1%     0.0%     0.6%     0.1%
Mar 13 13:17:43    199.9   118399516      268    87.3%    270.4     0.2%    11.9%     0.1%     0.0%     0.6%     0.1%
Mar 13 13:18:43    200.4   122051450      268    87.3%    270.4     0.2%    11.9%     0.1%     0.0%     0.6%     0.1%
Mar 13 13:19:46    200.5   125609671      268    87.3%    270.4     0.2%    11.9%     0.1%     0.0%     0.6%     0.1%
Mar 13 13:20:46    200.6   128982354      268    87.3%    270.4     0.2%    11.9%     0.1%     0.0%     0.6%     0.1%
Mar 13 13:46:24    121.6   130108887      268    87.3%    270.4     0.2%    11.9%     0.1%     0.0%     0.6%     0.1%
ALL DONE!
