           Time    Speed        Read     Read   Mapped   Mapped   Mapped   Mapped Unmapped Unmapped Unmapped Unmapped
                    M/hr      number   length   unique   length   MMrate    multi   multi+       MM    short    other
Mar 12 16:56:07     72.3     1304990      273    84.3%    274.8     0.2%    14.3%     0.1%     0.0%     1.2%     0.1%
Mar 12 16:57:08     90.4     3164920      273    84.3%    274.8     0.2%    14.3%     0.1%     0.0%     1.2%     0.1%
Mar 12 16:58:14     97.7     5210873      273    84.3%    274.8     0.2%    14.4%     0.1%     0.0%     1.2%     0.1%
Mar 12 16:59:16    104.2     7349868      273    84.3%    274.8     0.2%    14.4%     0.1%     0.0%     1.2%     0.1%
Mar 12 17:00:18    106.0     9303133      273    84.3%    274.8     0.2%    14.4%     0.1%     0.0%     1.2%     0.1%
Mar 12 17:01:18    107.7    11252840      273    84.2%    274.8     0.2%    14.4%     0.1%     0.0%     1.2%     0.1%
Mar 12 17:02:18    108.2    13108807      272    84.2%    274.7     0.2%    14.4%     0.1%     0.0%     1.2%     0.1%
Mar 12 17:03:18    110.0    15150497      272    84.2%    274.7     0.2%    14.4%     0.1%     0.0%     1.2%     0.1%
Mar 12 17:04:20    109.7    17006252      272    84.2%    274.7     0.2%    14.4%     0.1%     0.0%     1.2%     0.1%
Mar 12 17:05:21    110.2    18953731      272    84.2%    274.7     0.2%    14.4%     0.1%     0.0%     1.2%     0.1%
Mar 12 17:06:24    109.4    20716465      272    84.2%    274.6     0.2%    14.4%     0.1%     0.0%     1.2%     0.1%
Mar 12 17:07:28    109.4    22663458      272    84.2%    274.6     0.2%    14.4%     0.1%     0.0%     1.2%     0.1%
Mar 12 17:08:29    110.2    24703197      272    84.2%    274.6     0.2%    14.4%     0.1%     0.0%     1.2%     0.1%
Mar 12 17:09:29    110.7    26651959      272    84.2%    274.6     0.2%    14.5%     0.1%     0.0%     1.2%     0.1%
Mar 12 17:10:31    110.8    28600661      272    84.2%    274.6     0.2%    14.5%     0.1%     0.0%     1.2%     0.1%
Mar 12 17:11:31    111.2    30550491      272    84.2%    274.6     0.2%    14.5%     0.1%     0.0%     1.2%     0.1%
Mar 12 17:12:31    111.2    32405760      272    84.2%    274.6     0.2%    14.5%     0.1%     0.0%     1.2%     0.1%
Mar 12 17:13:32    111.4    34354248      272    84.2%    274.6     0.2%    14.5%     0.1%     0.0%     1.2%     0.1%
Mar 12 17:14:34    112.1    36489420      272    84.2%    274.6     0.2%    14.5%     0.1%     0.0%     1.2%     0.1%
Mar 12 17:15:36    112.4    38532535      272    84.2%    274.6     0.2%    14.5%     0.1%     0.0%     1.2%     0.1%
Mar 12 17:16:36    112.1    40297274      272    84.2%    274.6     0.2%    14.5%     0.1%     0.0%     1.2%     0.1%
Mar 12 17:17:36    112.3    42248262      272    84.2%    274.5     0.2%    14.5%     0.1%     0.0%     1.2%     0.1%
Mar 12 17:18:37    112.0    44011513      272    84.2%    274.5     0.2%    14.5%     0.1%     0.0%     1.2%     0.1%
Mar 12 17:19:39    112.2    46052645      272    84.2%    274.5     0.2%    14.5%     0.1%     0.0%     1.2%     0.1%
Mar 12 17:20:39    112.6    48093849      272    84.2%    274.5     0.2%    14.5%     0.1%     0.0%     1.2%     0.1%
Mar 12 17:21:40    112.5    49949973      272    84.2%    274.5     0.2%    14.5%     0.1%     0.0%     1.2%     0.1%
Mar 12 17:22:41    112.4    51809264      272    84.2%    274.5     0.2%    14.5%     0.1%     0.0%     1.2%     0.1%
Mar 12 17:23:41    112.4    53670486      272    84.1%    274.4     0.2%    14.5%     0.1%     0.0%     1.2%     0.1%
Mar 12 17:24:41    112.8    55717815      272    84.1%    274.4     0.2%    14.5%     0.1%     0.0%     1.2%     0.1%
Mar 12 17:25:44    113.4    58038628      272    84.1%    274.4     0.2%    14.5%     0.1%     0.0%     1.2%     0.1%
Mar 12 17:26:48    112.8    59706094      272    84.1%    274.4     0.2%    14.5%     0.1%     0.0%     1.2%     0.1%
Mar 12 17:27:48    112.7    61560139      272    84.2%    274.4     0.2%    14.5%     0.1%     0.0%     1.2%     0.1%
Mar 12 17:28:51    112.7    63507225      272    84.2%    274.4     0.2%    14.5%     0.1%     0.0%     1.2%     0.1%
Mar 12 17:29:56    113.2    65823275      272    84.2%    274.5     0.2%    14.5%     0.1%     0.0%     1.2%     0.1%
Mar 12 17:30:56    113.3    67768697      272    84.2%    274.5     0.2%    14.5%     0.1%     0.0%     1.2%     0.1%
Mar 12 17:31:56    113.2    69621708      272    84.2%    274.5     0.2%    14.5%     0.1%     0.0%     1.2%     0.1%
Mar 12 17:32:58    113.5    71753494      272    84.2%    274.5     0.2%    14.5%     0.1%     0.0%     1.2%     0.1%
Mar 12 17:34:01    113.1    73512695      272    84.2%    274.5     0.2%    14.5%     0.1%     0.0%     1.2%     0.1%
Mar 12 17:35:01    113.5    75641354      272    84.2%    274.5     0.2%    14.5%     0.1%     0.0%     1.2%     0.1%
Mar 12 17:36:01    113.5    77495463      272    84.2%    274.5     0.2%    14.5%     0.1%     0.0%     1.2%     0.1%
Mar 12 17:37:06    113.4    79535513      272    84.2%    274.5     0.2%    14.5%     0.1%     0.0%     1.2%     0.1%
Mar 12 17:38:08    113.4    81481509      272    84.2%    274.6     0.2%    14.5%     0.1%     0.0%     1.2%     0.1%
Mar 12 17:39:09    113.5    83425296      272    84.2%    274.6     0.2%    14.5%     0.1%     0.0%     1.2%     0.1%
Mar 12 17:40:14    113.8    85741242      272    84.2%    274.6     0.2%    14.5%     0.1%     0.0%     1.2%     0.1%
Mar 12 17:41:21    113.6    87688333      272    84.2%    274.6     0.2%    14.5%     0.1%     0.0%     1.2%     0.1%
Mar 12 17:42:21    113.9    89820323      272    84.2%    274.6     0.2%    14.5%     0.1%     0.0%     1.2%     0.1%
Mar 12 17:43:28    113.6    91674996      272    84.2%    274.6     0.2%    14.4%     0.1%     0.0%     1.2%     0.1%
Mar 12 17:44:29    113.8    93807330      272    84.2%    274.6     0.2%    14.4%     0.1%     0.0%     1.2%     0.1%
Mar 12 17:45:29    114.0    95845569      272    84.2%    274.6     0.2%    14.4%     0.1%     0.0%     1.2%     0.1%
Mar 12 17:46:34    113.6    97606234      272    84.2%    274.6     0.2%    14.4%     0.1%     0.0%     1.2%     0.1%
Mar 12 17:47:41    113.6    99647383      272    84.2%    274.6     0.2%    14.4%     0.1%     0.0%     1.2%     0.1%
Mar 12 17:48:42    113.6   101589502      272    84.2%    274.6     0.2%    14.4%     0.1%     0.0%     1.2%     0.1%
Mar 12 17:49:42    113.8   103713644      272    84.2%    274.6     0.2%    14.4%     0.1%     0.0%     1.2%     0.1%
Mar 12 17:50:46    113.8   105746024      272    84.2%    274.6     0.2%    14.4%     0.1%     0.0%     1.2%     0.1%
Mar 12 17:51:46    113.6   107409732      272    84.2%    274.6     0.2%    14.4%     0.1%     0.0%     1.2%     0.1%
Mar 12 17:52:46    113.7   109442411      272    84.2%    274.6     0.2%    14.4%     0.1%     0.0%     1.2%     0.1%
Mar 12 17:53:48    113.6   111290529      272    84.2%    274.6     0.2%    14.4%     0.1%     0.0%     1.2%     0.1%
Mar 12 17:54:48    113.4   112955181      272    84.2%    274.6     0.2%    14.4%     0.1%     0.0%     1.2%     0.1%
Mar 12 18:06:38     95.7   114175533      272    84.2%    274.6     0.2%    14.4%     0.1%     0.0%     1.2%     0.1%
ALL DONE!
