                                 Started job on |	Mar 12 16:53:00
                             Started mapping on |	Mar 12 16:55:02
                                    Finished on |	Mar 12 18:06:38
       Mapping speed, Million of reads per hour |	95.68

                          Number of input reads |	114175533
                      Average input read length |	272
                                    UNIQUE READS:
                   Uniquely mapped reads number |	96125710
                        Uniquely mapped reads % |	84.19%
                          Average mapped length |	274.62
                       Number of splices: Total |	62620698
            Number of splices: Annotated (sjdb) |	61837319
                       Number of splices: GT/AG |	61996577
                       Number of splices: GC/AG |	456105
                       Number of splices: AT/AC |	57877
               Number of splices: Non-canonical |	110139
                      Mismatch rate per base, % |	0.17%
                         Deletion rate per base |	0.01%
                        Deletion average length |	1.97
                        Insertion rate per base |	0.01%
                       Insertion average length |	1.66
                             MULTI-MAPPING READS:
        Number of reads mapped to multiple loci |	16490016
             % of reads mapped to multiple loci |	14.44%
        Number of reads mapped to too many loci |	110534
             % of reads mapped to too many loci |	0.10%
                                  UNMAPPED READS:
       % of reads unmapped: too many mismatches |	0.00%
                 % of reads unmapped: too short |	1.20%
                     % of reads unmapped: other |	0.07%
                                  CHIMERIC READS:
                       Number of chimeric reads |	0
                            % of chimeric reads |	0.00%
